[2023-01-16T08:47:52.802+0000] {taskinstance.py:1087} INFO - Dependencies all met for <TaskInstance: our_first_dag_v5.thrid_task scheduled__2021-09-07T00:00:00+00:00 [queued]>
[2023-01-16T08:47:52.940+0000] {taskinstance.py:1087} INFO - Dependencies all met for <TaskInstance: our_first_dag_v5.thrid_task scheduled__2021-09-07T00:00:00+00:00 [queued]>
[2023-01-16T08:47:52.940+0000] {taskinstance.py:1283} INFO - 
--------------------------------------------------------------------------------
[2023-01-16T08:47:52.941+0000] {taskinstance.py:1284} INFO - Starting attempt 1 of 6
[2023-01-16T08:47:52.941+0000] {taskinstance.py:1285} INFO - 
--------------------------------------------------------------------------------
[2023-01-16T08:47:53.413+0000] {taskinstance.py:1304} INFO - Executing <Task(BashOperator): thrid_task> on 2021-09-07 00:00:00+00:00
[2023-01-16T08:47:53.418+0000] {standard_task_runner.py:55} INFO - Started process 2359 to run task
[2023-01-16T08:47:53.424+0000] {standard_task_runner.py:82} INFO - Running: ['***', 'tasks', 'run', 'our_first_dag_v5', 'thrid_task', 'scheduled__2021-09-07T00:00:00+00:00', '--job-id', '124', '--raw', '--subdir', 'DAGS_FOLDER/our_first_dag.py', '--cfg-path', '/tmp/tmp1xf4nw60']
[2023-01-16T08:47:53.427+0000] {standard_task_runner.py:83} INFO - Job 124: Subtask thrid_task
[2023-01-16T08:47:53.797+0000] {task_command.py:389} INFO - Running <TaskInstance: our_first_dag_v5.thrid_task scheduled__2021-09-07T00:00:00+00:00 [running]> on host c7f1bfaaf748
[2023-01-16T08:47:54.380+0000] {taskinstance.py:1513} INFO - Exporting the following env vars:
AIRFLOW_CTX_DAG_OWNER=coder2j
AIRFLOW_CTX_DAG_ID=our_first_dag_v5
AIRFLOW_CTX_TASK_ID=thrid_task
AIRFLOW_CTX_EXECUTION_DATE=2021-09-07T00:00:00+00:00
AIRFLOW_CTX_TRY_NUMBER=1
AIRFLOW_CTX_DAG_RUN_ID=scheduled__2021-09-07T00:00:00+00:00
[2023-01-16T08:47:54.381+0000] {subprocess.py:63} INFO - Tmp dir root location: 
 /tmp
[2023-01-16T08:47:54.382+0000] {subprocess.py:75} INFO - Running command: ['/bin/bash', '-c', 'echo hey, I am task3 and will be running after task1 at the same time as task2!']
[2023-01-16T08:47:54.391+0000] {subprocess.py:86} INFO - Output:
[2023-01-16T08:47:54.392+0000] {subprocess.py:93} INFO - hey, I am task3 and will be running after task1 at the same time as task2!
[2023-01-16T08:47:54.393+0000] {subprocess.py:97} INFO - Command exited with return code 0
[2023-01-16T08:47:54.709+0000] {taskinstance.py:1327} INFO - Marking task as SUCCESS. dag_id=our_first_dag_v5, task_id=thrid_task, execution_date=20210907T000000, start_date=20230116T084752, end_date=20230116T084754
[2023-01-16T08:47:54.962+0000] {local_task_job.py:159} INFO - Task exited with return code 0
[2023-01-16T08:47:54.979+0000] {taskinstance.py:2582} INFO - 0 downstream tasks scheduled from follow-on schedule check
