[2023-01-16T07:38:25.680+0000] {taskinstance.py:1087} INFO - Dependencies all met for <TaskInstance: example_bash_operator.runme_2 scheduled__2023-01-15T00:00:00+00:00 [queued]>
[2023-01-16T07:38:25.728+0000] {taskinstance.py:1087} INFO - Dependencies all met for <TaskInstance: example_bash_operator.runme_2 scheduled__2023-01-15T00:00:00+00:00 [queued]>
[2023-01-16T07:38:25.730+0000] {taskinstance.py:1283} INFO - 
--------------------------------------------------------------------------------
[2023-01-16T07:38:25.744+0000] {taskinstance.py:1284} INFO - Starting attempt 1 of 1
[2023-01-16T07:38:25.744+0000] {taskinstance.py:1285} INFO - 
--------------------------------------------------------------------------------
[2023-01-16T07:38:30.712+0000] {taskinstance.py:1304} INFO - Executing <Task(BashOperator): runme_2> on 2023-01-15 00:00:00+00:00
[2023-01-16T07:38:32.149+0000] {standard_task_runner.py:82} INFO - Running: ['***', 'tasks', 'run', 'example_bash_operator', 'runme_2', 'scheduled__2023-01-15T00:00:00+00:00', '--job-id', '39', '--raw', '--subdir', '/home/***/.local/lib/python3.7/site-packages/***/example_dags/example_bash_operator.py', '--cfg-path', '/tmp/tmpw1vza2ze']
[2023-01-16T07:38:32.157+0000] {standard_task_runner.py:83} INFO - Job 39: Subtask runme_2
[2023-01-16T07:38:32.144+0000] {standard_task_runner.py:55} INFO - Started process 2934 to run task
[2023-01-16T07:38:36.455+0000] {task_command.py:389} INFO - Running <TaskInstance: example_bash_operator.runme_2 scheduled__2023-01-15T00:00:00+00:00 [running]> on host 900ee67ddf25
[2023-01-16T07:38:37.277+0000] {taskinstance.py:1513} INFO - Exporting the following env vars:
AIRFLOW_CTX_DAG_OWNER=***
AIRFLOW_CTX_DAG_ID=example_bash_operator
AIRFLOW_CTX_TASK_ID=runme_2
AIRFLOW_CTX_EXECUTION_DATE=2023-01-15T00:00:00+00:00
AIRFLOW_CTX_TRY_NUMBER=1
AIRFLOW_CTX_DAG_RUN_ID=scheduled__2023-01-15T00:00:00+00:00
[2023-01-16T07:38:37.397+0000] {subprocess.py:63} INFO - Tmp dir root location: 
 /tmp
[2023-01-16T07:38:37.402+0000] {subprocess.py:75} INFO - Running command: ['/bin/bash', '-c', 'echo "example_bash_operator__runme_2__20230115" && sleep 1']
[2023-01-16T07:38:37.443+0000] {subprocess.py:86} INFO - Output:
[2023-01-16T07:38:37.456+0000] {subprocess.py:93} INFO - example_bash_operator__runme_2__20230115
[2023-01-16T07:38:38.457+0000] {subprocess.py:97} INFO - Command exited with return code 0
[2023-01-16T07:38:38.898+0000] {taskinstance.py:1327} INFO - Marking task as SUCCESS. dag_id=example_bash_operator, task_id=runme_2, execution_date=20230115T000000, start_date=20230116T073825, end_date=20230116T073838
[2023-01-16T07:38:39.293+0000] {local_task_job.py:159} INFO - Task exited with return code 0
[2023-01-16T07:38:39.930+0000] {taskinstance.py:2582} INFO - 1 downstream tasks scheduled from follow-on schedule check
