[2023-01-16T08:49:52.619+0000] {taskinstance.py:1087} INFO - Dependencies all met for <TaskInstance: our_first_dag_v5.first_task scheduled__2021-10-07T00:00:00+00:00 [queued]>
[2023-01-16T08:49:52.628+0000] {taskinstance.py:1087} INFO - Dependencies all met for <TaskInstance: our_first_dag_v5.first_task scheduled__2021-10-07T00:00:00+00:00 [queued]>
[2023-01-16T08:49:52.629+0000] {taskinstance.py:1283} INFO - 
--------------------------------------------------------------------------------
[2023-01-16T08:49:52.629+0000] {taskinstance.py:1284} INFO - Starting attempt 1 of 6
[2023-01-16T08:49:52.630+0000] {taskinstance.py:1285} INFO - 
--------------------------------------------------------------------------------
[2023-01-16T08:49:52.949+0000] {taskinstance.py:1304} INFO - Executing <Task(BashOperator): first_task> on 2021-10-07 00:00:00+00:00
[2023-01-16T08:49:52.954+0000] {standard_task_runner.py:55} INFO - Started process 2745 to run task
[2023-01-16T08:49:52.958+0000] {standard_task_runner.py:82} INFO - Running: ['***', 'tasks', 'run', 'our_first_dag_v5', 'first_task', 'scheduled__2021-10-07T00:00:00+00:00', '--job-id', '208', '--raw', '--subdir', 'DAGS_FOLDER/our_first_dag.py', '--cfg-path', '/tmp/tmp3z1yko2q']
[2023-01-16T08:49:52.961+0000] {standard_task_runner.py:83} INFO - Job 208: Subtask first_task
[2023-01-16T08:49:53.336+0000] {task_command.py:389} INFO - Running <TaskInstance: our_first_dag_v5.first_task scheduled__2021-10-07T00:00:00+00:00 [running]> on host c7f1bfaaf748
[2023-01-16T08:49:54.287+0000] {taskinstance.py:1513} INFO - Exporting the following env vars:
AIRFLOW_CTX_DAG_OWNER=coder2j
AIRFLOW_CTX_DAG_ID=our_first_dag_v5
AIRFLOW_CTX_TASK_ID=first_task
AIRFLOW_CTX_EXECUTION_DATE=2021-10-07T00:00:00+00:00
AIRFLOW_CTX_TRY_NUMBER=1
AIRFLOW_CTX_DAG_RUN_ID=scheduled__2021-10-07T00:00:00+00:00
[2023-01-16T08:49:54.289+0000] {subprocess.py:63} INFO - Tmp dir root location: 
 /tmp
[2023-01-16T08:49:54.290+0000] {subprocess.py:75} INFO - Running command: ['/bin/bash', '-c', 'echo hello world, this is the first task!']
[2023-01-16T08:49:54.300+0000] {subprocess.py:86} INFO - Output:
[2023-01-16T08:49:54.301+0000] {subprocess.py:93} INFO - hello world, this is the first task!
[2023-01-16T08:49:54.302+0000] {subprocess.py:97} INFO - Command exited with return code 0
[2023-01-16T08:49:54.666+0000] {taskinstance.py:1327} INFO - Marking task as SUCCESS. dag_id=our_first_dag_v5, task_id=first_task, execution_date=20211007T000000, start_date=20230116T084952, end_date=20230116T084954
[2023-01-16T08:49:55.022+0000] {local_task_job.py:159} INFO - Task exited with return code 0
[2023-01-16T08:49:55.043+0000] {taskinstance.py:2582} INFO - 2 downstream tasks scheduled from follow-on schedule check
