[2023-01-16T08:49:58.824+0000] {taskinstance.py:1087} INFO - Dependencies all met for <TaskInstance: our_first_dag_v5.second_task scheduled__2021-10-08T00:00:00+00:00 [queued]>
[2023-01-16T08:49:58.917+0000] {taskinstance.py:1087} INFO - Dependencies all met for <TaskInstance: our_first_dag_v5.second_task scheduled__2021-10-08T00:00:00+00:00 [queued]>
[2023-01-16T08:49:58.917+0000] {taskinstance.py:1283} INFO - 
--------------------------------------------------------------------------------
[2023-01-16T08:49:58.917+0000] {taskinstance.py:1284} INFO - Starting attempt 1 of 6
[2023-01-16T08:49:58.918+0000] {taskinstance.py:1285} INFO - 
--------------------------------------------------------------------------------
[2023-01-16T08:49:59.498+0000] {taskinstance.py:1304} INFO - Executing <Task(BashOperator): second_task> on 2021-10-08 00:00:00+00:00
[2023-01-16T08:49:59.503+0000] {standard_task_runner.py:55} INFO - Started process 2787 to run task
[2023-01-16T08:49:59.506+0000] {standard_task_runner.py:82} INFO - Running: ['***', 'tasks', 'run', 'our_first_dag_v5', 'second_task', 'scheduled__2021-10-08T00:00:00+00:00', '--job-id', '217', '--raw', '--subdir', 'DAGS_FOLDER/our_first_dag.py', '--cfg-path', '/tmp/tmp5jer947n']
[2023-01-16T08:49:59.509+0000] {standard_task_runner.py:83} INFO - Job 217: Subtask second_task
[2023-01-16T08:50:00.150+0000] {task_command.py:389} INFO - Running <TaskInstance: our_first_dag_v5.second_task scheduled__2021-10-08T00:00:00+00:00 [running]> on host c7f1bfaaf748
[2023-01-16T08:50:01.862+0000] {taskinstance.py:1513} INFO - Exporting the following env vars:
AIRFLOW_CTX_DAG_OWNER=coder2j
AIRFLOW_CTX_DAG_ID=our_first_dag_v5
AIRFLOW_CTX_TASK_ID=second_task
AIRFLOW_CTX_EXECUTION_DATE=2021-10-08T00:00:00+00:00
AIRFLOW_CTX_TRY_NUMBER=1
AIRFLOW_CTX_DAG_RUN_ID=scheduled__2021-10-08T00:00:00+00:00
[2023-01-16T08:50:01.864+0000] {subprocess.py:63} INFO - Tmp dir root location: 
 /tmp
[2023-01-16T08:50:01.865+0000] {subprocess.py:75} INFO - Running command: ['/bin/bash', '-c', 'echo hey, I am task2 and will be running after task1!']
[2023-01-16T08:50:01.875+0000] {subprocess.py:86} INFO - Output:
[2023-01-16T08:50:01.877+0000] {subprocess.py:93} INFO - hey, I am task2 and will be running after task1!
[2023-01-16T08:50:01.877+0000] {subprocess.py:97} INFO - Command exited with return code 0
[2023-01-16T08:50:02.620+0000] {taskinstance.py:1327} INFO - Marking task as SUCCESS. dag_id=our_first_dag_v5, task_id=second_task, execution_date=20211008T000000, start_date=20230116T084958, end_date=20230116T085002
[2023-01-16T08:50:03.383+0000] {local_task_job.py:159} INFO - Task exited with return code 0
[2023-01-16T08:50:03.399+0000] {taskinstance.py:2582} INFO - 0 downstream tasks scheduled from follow-on schedule check
