[2023-01-16T08:47:32.772+0000] {taskinstance.py:1087} INFO - Dependencies all met for <TaskInstance: our_first_dag_v5.thrid_task scheduled__2021-09-02T00:00:00+00:00 [queued]>
[2023-01-16T08:47:32.784+0000] {taskinstance.py:1087} INFO - Dependencies all met for <TaskInstance: our_first_dag_v5.thrid_task scheduled__2021-09-02T00:00:00+00:00 [queued]>
[2023-01-16T08:47:32.785+0000] {taskinstance.py:1283} INFO - 
--------------------------------------------------------------------------------
[2023-01-16T08:47:32.785+0000] {taskinstance.py:1284} INFO - Starting attempt 1 of 6
[2023-01-16T08:47:32.786+0000] {taskinstance.py:1285} INFO - 
--------------------------------------------------------------------------------
[2023-01-16T08:47:33.393+0000] {taskinstance.py:1304} INFO - Executing <Task(BashOperator): thrid_task> on 2021-09-02 00:00:00+00:00
[2023-01-16T08:47:33.397+0000] {standard_task_runner.py:55} INFO - Started process 2289 to run task
[2023-01-16T08:47:33.399+0000] {standard_task_runner.py:82} INFO - Running: ['***', 'tasks', 'run', 'our_first_dag_v5', 'thrid_task', 'scheduled__2021-09-02T00:00:00+00:00', '--job-id', '107', '--raw', '--subdir', 'DAGS_FOLDER/our_first_dag.py', '--cfg-path', '/tmp/tmp8j9agjl9']
[2023-01-16T08:47:33.402+0000] {standard_task_runner.py:83} INFO - Job 107: Subtask thrid_task
[2023-01-16T08:47:33.641+0000] {task_command.py:389} INFO - Running <TaskInstance: our_first_dag_v5.thrid_task scheduled__2021-09-02T00:00:00+00:00 [running]> on host c7f1bfaaf748
[2023-01-16T08:47:34.267+0000] {taskinstance.py:1513} INFO - Exporting the following env vars:
AIRFLOW_CTX_DAG_OWNER=coder2j
AIRFLOW_CTX_DAG_ID=our_first_dag_v5
AIRFLOW_CTX_TASK_ID=thrid_task
AIRFLOW_CTX_EXECUTION_DATE=2021-09-02T00:00:00+00:00
AIRFLOW_CTX_TRY_NUMBER=1
AIRFLOW_CTX_DAG_RUN_ID=scheduled__2021-09-02T00:00:00+00:00
[2023-01-16T08:47:34.268+0000] {subprocess.py:63} INFO - Tmp dir root location: 
 /tmp
[2023-01-16T08:47:34.269+0000] {subprocess.py:75} INFO - Running command: ['/bin/bash', '-c', 'echo hey, I am task3 and will be running after task1 at the same time as task2!']
[2023-01-16T08:47:34.277+0000] {subprocess.py:86} INFO - Output:
[2023-01-16T08:47:34.279+0000] {subprocess.py:93} INFO - hey, I am task3 and will be running after task1 at the same time as task2!
[2023-01-16T08:47:34.279+0000] {subprocess.py:97} INFO - Command exited with return code 0
[2023-01-16T08:47:34.526+0000] {taskinstance.py:1327} INFO - Marking task as SUCCESS. dag_id=our_first_dag_v5, task_id=thrid_task, execution_date=20210902T000000, start_date=20230116T084732, end_date=20230116T084734
[2023-01-16T08:47:34.780+0000] {local_task_job.py:159} INFO - Task exited with return code 0
[2023-01-16T08:47:35.090+0000] {taskinstance.py:2582} INFO - 0 downstream tasks scheduled from follow-on schedule check
