[2023-01-16T08:51:10.439+0000] {taskinstance.py:1087} INFO - Dependencies all met for <TaskInstance: our_first_dag_v5.second_task scheduled__2021-10-24T00:00:00+00:00 [queued]>
[2023-01-16T08:51:10.451+0000] {taskinstance.py:1087} INFO - Dependencies all met for <TaskInstance: our_first_dag_v5.second_task scheduled__2021-10-24T00:00:00+00:00 [queued]>
[2023-01-16T08:51:10.452+0000] {taskinstance.py:1283} INFO - 
--------------------------------------------------------------------------------
[2023-01-16T08:51:10.452+0000] {taskinstance.py:1284} INFO - Starting attempt 1 of 6
[2023-01-16T08:51:10.453+0000] {taskinstance.py:1285} INFO - 
--------------------------------------------------------------------------------
[2023-01-16T08:51:10.797+0000] {taskinstance.py:1304} INFO - Executing <Task(BashOperator): second_task> on 2021-10-24 00:00:00+00:00
[2023-01-16T08:51:10.802+0000] {standard_task_runner.py:55} INFO - Started process 3031 to run task
[2023-01-16T08:51:10.806+0000] {standard_task_runner.py:82} INFO - Running: ['***', 'tasks', 'run', 'our_first_dag_v5', 'second_task', 'scheduled__2021-10-24T00:00:00+00:00', '--job-id', '265', '--raw', '--subdir', 'DAGS_FOLDER/our_first_dag.py', '--cfg-path', '/tmp/tmp2o8w6pme']
[2023-01-16T08:51:10.809+0000] {standard_task_runner.py:83} INFO - Job 265: Subtask second_task
[2023-01-16T08:51:11.155+0000] {task_command.py:389} INFO - Running <TaskInstance: our_first_dag_v5.second_task scheduled__2021-10-24T00:00:00+00:00 [running]> on host c7f1bfaaf748
[2023-01-16T08:51:12.033+0000] {taskinstance.py:1513} INFO - Exporting the following env vars:
AIRFLOW_CTX_DAG_OWNER=coder2j
AIRFLOW_CTX_DAG_ID=our_first_dag_v5
AIRFLOW_CTX_TASK_ID=second_task
AIRFLOW_CTX_EXECUTION_DATE=2021-10-24T00:00:00+00:00
AIRFLOW_CTX_TRY_NUMBER=1
AIRFLOW_CTX_DAG_RUN_ID=scheduled__2021-10-24T00:00:00+00:00
[2023-01-16T08:51:12.037+0000] {subprocess.py:63} INFO - Tmp dir root location: 
 /tmp
[2023-01-16T08:51:12.038+0000] {subprocess.py:75} INFO - Running command: ['/bin/bash', '-c', 'echo hey, I am task2 and will be running after task1!']
[2023-01-16T08:51:12.049+0000] {subprocess.py:86} INFO - Output:
[2023-01-16T08:51:12.051+0000] {subprocess.py:93} INFO - hey, I am task2 and will be running after task1!
[2023-01-16T08:51:12.052+0000] {subprocess.py:97} INFO - Command exited with return code 0
[2023-01-16T08:51:12.364+0000] {taskinstance.py:1327} INFO - Marking task as SUCCESS. dag_id=our_first_dag_v5, task_id=second_task, execution_date=20211024T000000, start_date=20230116T085110, end_date=20230116T085112
[2023-01-16T08:51:12.705+0000] {local_task_job.py:159} INFO - Task exited with return code 0
[2023-01-16T08:51:13.115+0000] {taskinstance.py:2582} INFO - 0 downstream tasks scheduled from follow-on schedule check
