[2023-01-16T08:45:42.988+0000] {taskinstance.py:1087} INFO - Dependencies all met for <TaskInstance: our_first_dag_v5.first_task scheduled__2021-08-01T00:00:00+00:00 [queued]>
[2023-01-16T08:45:42.999+0000] {taskinstance.py:1087} INFO - Dependencies all met for <TaskInstance: our_first_dag_v5.first_task scheduled__2021-08-01T00:00:00+00:00 [queued]>
[2023-01-16T08:45:42.999+0000] {taskinstance.py:1283} INFO - 
--------------------------------------------------------------------------------
[2023-01-16T08:45:43.000+0000] {taskinstance.py:1284} INFO - Starting attempt 1 of 6
[2023-01-16T08:45:43.000+0000] {taskinstance.py:1285} INFO - 
--------------------------------------------------------------------------------
[2023-01-16T08:45:43.171+0000] {taskinstance.py:1304} INFO - Executing <Task(BashOperator): first_task> on 2021-08-01 00:00:00+00:00
[2023-01-16T08:45:43.174+0000] {standard_task_runner.py:55} INFO - Started process 1867 to run task
[2023-01-16T08:45:43.178+0000] {standard_task_runner.py:82} INFO - Running: ['***', 'tasks', 'run', 'our_first_dag_v5', 'first_task', 'scheduled__2021-08-01T00:00:00+00:00', '--job-id', '5', '--raw', '--subdir', 'DAGS_FOLDER/our_first_dag.py', '--cfg-path', '/tmp/tmp783ooka8']
[2023-01-16T08:45:43.181+0000] {standard_task_runner.py:83} INFO - Job 5: Subtask first_task
[2023-01-16T08:45:43.338+0000] {task_command.py:389} INFO - Running <TaskInstance: our_first_dag_v5.first_task scheduled__2021-08-01T00:00:00+00:00 [running]> on host c7f1bfaaf748
[2023-01-16T08:45:43.575+0000] {taskinstance.py:1513} INFO - Exporting the following env vars:
AIRFLOW_CTX_DAG_OWNER=coder2j
AIRFLOW_CTX_DAG_ID=our_first_dag_v5
AIRFLOW_CTX_TASK_ID=first_task
AIRFLOW_CTX_EXECUTION_DATE=2021-08-01T00:00:00+00:00
AIRFLOW_CTX_TRY_NUMBER=1
AIRFLOW_CTX_DAG_RUN_ID=scheduled__2021-08-01T00:00:00+00:00
[2023-01-16T08:45:43.577+0000] {subprocess.py:63} INFO - Tmp dir root location: 
 /tmp
[2023-01-16T08:45:43.577+0000] {subprocess.py:75} INFO - Running command: ['/bin/bash', '-c', 'echo hello world, this is the first task!']
[2023-01-16T08:45:43.584+0000] {subprocess.py:86} INFO - Output:
[2023-01-16T08:45:43.585+0000] {subprocess.py:93} INFO - hello world, this is the first task!
[2023-01-16T08:45:43.586+0000] {subprocess.py:97} INFO - Command exited with return code 0
[2023-01-16T08:45:43.691+0000] {taskinstance.py:1327} INFO - Marking task as SUCCESS. dag_id=our_first_dag_v5, task_id=first_task, execution_date=20210801T000000, start_date=20230116T084542, end_date=20230116T084543
[2023-01-16T08:45:43.832+0000] {local_task_job.py:159} INFO - Task exited with return code 0
[2023-01-16T08:45:43.986+0000] {taskinstance.py:2582} INFO - 0 downstream tasks scheduled from follow-on schedule check
