[2023-01-16T08:52:21.500+0000] {taskinstance.py:1087} INFO - Dependencies all met for <TaskInstance: our_first_dag_v5.thrid_task scheduled__2021-11-19T00:00:00+00:00 [queued]>
[2023-01-16T08:52:21.525+0000] {taskinstance.py:1087} INFO - Dependencies all met for <TaskInstance: our_first_dag_v5.thrid_task scheduled__2021-11-19T00:00:00+00:00 [queued]>
[2023-01-16T08:52:21.526+0000] {taskinstance.py:1283} INFO - 
--------------------------------------------------------------------------------
[2023-01-16T08:52:21.527+0000] {taskinstance.py:1284} INFO - Starting attempt 1 of 6
[2023-01-16T08:52:21.527+0000] {taskinstance.py:1285} INFO - 
--------------------------------------------------------------------------------
[2023-01-16T08:52:21.719+0000] {taskinstance.py:1304} INFO - Executing <Task(BashOperator): thrid_task> on 2021-11-19 00:00:00+00:00
[2023-01-16T08:52:21.724+0000] {standard_task_runner.py:55} INFO - Started process 3358 to run task
[2023-01-16T08:52:21.728+0000] {standard_task_runner.py:82} INFO - Running: ['***', 'tasks', 'run', 'our_first_dag_v5', 'thrid_task', 'scheduled__2021-11-19T00:00:00+00:00', '--job-id', '343', '--raw', '--subdir', 'DAGS_FOLDER/our_first_dag.py', '--cfg-path', '/tmp/tmpx8mystkk']
[2023-01-16T08:52:21.730+0000] {standard_task_runner.py:83} INFO - Job 343: Subtask thrid_task
[2023-01-16T08:52:23.343+0000] {task_command.py:389} INFO - Running <TaskInstance: our_first_dag_v5.thrid_task scheduled__2021-11-19T00:00:00+00:00 [running]> on host c7f1bfaaf748
[2023-01-16T08:52:23.691+0000] {taskinstance.py:1513} INFO - Exporting the following env vars:
AIRFLOW_CTX_DAG_OWNER=coder2j
AIRFLOW_CTX_DAG_ID=our_first_dag_v5
AIRFLOW_CTX_TASK_ID=thrid_task
AIRFLOW_CTX_EXECUTION_DATE=2021-11-19T00:00:00+00:00
AIRFLOW_CTX_TRY_NUMBER=1
AIRFLOW_CTX_DAG_RUN_ID=scheduled__2021-11-19T00:00:00+00:00
[2023-01-16T08:52:23.707+0000] {subprocess.py:63} INFO - Tmp dir root location: 
 /tmp
[2023-01-16T08:52:23.710+0000] {subprocess.py:75} INFO - Running command: ['/bin/bash', '-c', 'echo hey, I am task3 and will be running after task1 at the same time as task2!']
[2023-01-16T08:52:23.764+0000] {subprocess.py:86} INFO - Output:
[2023-01-16T08:52:23.786+0000] {subprocess.py:93} INFO - hey, I am task3 and will be running after task1 at the same time as task2!
[2023-01-16T08:52:23.798+0000] {subprocess.py:97} INFO - Command exited with return code 0
[2023-01-16T08:52:24.070+0000] {taskinstance.py:1327} INFO - Marking task as SUCCESS. dag_id=our_first_dag_v5, task_id=thrid_task, execution_date=20211119T000000, start_date=20230116T085221, end_date=20230116T085224
[2023-01-16T08:52:24.314+0000] {local_task_job.py:159} INFO - Task exited with return code 0
[2023-01-16T08:52:24.333+0000] {taskinstance.py:2582} INFO - 0 downstream tasks scheduled from follow-on schedule check
