[2023-01-16T08:47:55.211+0000] {taskinstance.py:1087} INFO - Dependencies all met for <TaskInstance: our_first_dag_v5.thrid_task scheduled__2021-09-09T00:00:00+00:00 [queued]>
[2023-01-16T08:47:55.225+0000] {taskinstance.py:1087} INFO - Dependencies all met for <TaskInstance: our_first_dag_v5.thrid_task scheduled__2021-09-09T00:00:00+00:00 [queued]>
[2023-01-16T08:47:55.225+0000] {taskinstance.py:1283} INFO - 
--------------------------------------------------------------------------------
[2023-01-16T08:47:55.225+0000] {taskinstance.py:1284} INFO - Starting attempt 1 of 6
[2023-01-16T08:47:55.226+0000] {taskinstance.py:1285} INFO - 
--------------------------------------------------------------------------------
[2023-01-16T08:47:55.983+0000] {taskinstance.py:1304} INFO - Executing <Task(BashOperator): thrid_task> on 2021-09-09 00:00:00+00:00
[2023-01-16T08:47:55.987+0000] {standard_task_runner.py:55} INFO - Started process 2385 to run task
[2023-01-16T08:47:55.990+0000] {standard_task_runner.py:82} INFO - Running: ['***', 'tasks', 'run', 'our_first_dag_v5', 'thrid_task', 'scheduled__2021-09-09T00:00:00+00:00', '--job-id', '127', '--raw', '--subdir', 'DAGS_FOLDER/our_first_dag.py', '--cfg-path', '/tmp/tmpigqdo9oh']
[2023-01-16T08:47:55.993+0000] {standard_task_runner.py:83} INFO - Job 127: Subtask thrid_task
[2023-01-16T08:47:56.232+0000] {task_command.py:389} INFO - Running <TaskInstance: our_first_dag_v5.thrid_task scheduled__2021-09-09T00:00:00+00:00 [running]> on host c7f1bfaaf748
[2023-01-16T08:47:56.683+0000] {taskinstance.py:1513} INFO - Exporting the following env vars:
AIRFLOW_CTX_DAG_OWNER=coder2j
AIRFLOW_CTX_DAG_ID=our_first_dag_v5
AIRFLOW_CTX_TASK_ID=thrid_task
AIRFLOW_CTX_EXECUTION_DATE=2021-09-09T00:00:00+00:00
AIRFLOW_CTX_TRY_NUMBER=1
AIRFLOW_CTX_DAG_RUN_ID=scheduled__2021-09-09T00:00:00+00:00
[2023-01-16T08:47:56.684+0000] {subprocess.py:63} INFO - Tmp dir root location: 
 /tmp
[2023-01-16T08:47:56.685+0000] {subprocess.py:75} INFO - Running command: ['/bin/bash', '-c', 'echo hey, I am task3 and will be running after task1 at the same time as task2!']
[2023-01-16T08:47:56.695+0000] {subprocess.py:86} INFO - Output:
[2023-01-16T08:47:56.697+0000] {subprocess.py:93} INFO - hey, I am task3 and will be running after task1 at the same time as task2!
[2023-01-16T08:47:56.697+0000] {subprocess.py:97} INFO - Command exited with return code 0
[2023-01-16T08:47:57.265+0000] {taskinstance.py:1327} INFO - Marking task as SUCCESS. dag_id=our_first_dag_v5, task_id=thrid_task, execution_date=20210909T000000, start_date=20230116T084755, end_date=20230116T084757
[2023-01-16T08:47:58.414+0000] {local_task_job.py:159} INFO - Task exited with return code 0
[2023-01-16T08:47:58.539+0000] {taskinstance.py:2582} INFO - 0 downstream tasks scheduled from follow-on schedule check
