[2023-01-16T08:51:46.546+0000] {taskinstance.py:1087} INFO - Dependencies all met for <TaskInstance: our_first_dag_v5.second_task scheduled__2021-11-06T00:00:00+00:00 [queued]>
[2023-01-16T08:51:46.556+0000] {taskinstance.py:1087} INFO - Dependencies all met for <TaskInstance: our_first_dag_v5.second_task scheduled__2021-11-06T00:00:00+00:00 [queued]>
[2023-01-16T08:51:46.557+0000] {taskinstance.py:1283} INFO - 
--------------------------------------------------------------------------------
[2023-01-16T08:51:46.558+0000] {taskinstance.py:1284} INFO - Starting attempt 1 of 6
[2023-01-16T08:51:46.558+0000] {taskinstance.py:1285} INFO - 
--------------------------------------------------------------------------------
[2023-01-16T08:51:47.045+0000] {taskinstance.py:1304} INFO - Executing <Task(BashOperator): second_task> on 2021-11-06 00:00:00+00:00
[2023-01-16T08:51:47.050+0000] {standard_task_runner.py:55} INFO - Started process 3192 to run task
[2023-01-16T08:51:47.052+0000] {standard_task_runner.py:82} INFO - Running: ['***', 'tasks', 'run', 'our_first_dag_v5', 'second_task', 'scheduled__2021-11-06T00:00:00+00:00', '--job-id', '304', '--raw', '--subdir', 'DAGS_FOLDER/our_first_dag.py', '--cfg-path', '/tmp/tmpbhc_v0zc']
[2023-01-16T08:51:47.055+0000] {standard_task_runner.py:83} INFO - Job 304: Subtask second_task
[2023-01-16T08:51:47.293+0000] {task_command.py:389} INFO - Running <TaskInstance: our_first_dag_v5.second_task scheduled__2021-11-06T00:00:00+00:00 [running]> on host c7f1bfaaf748
[2023-01-16T08:51:47.796+0000] {taskinstance.py:1513} INFO - Exporting the following env vars:
AIRFLOW_CTX_DAG_OWNER=coder2j
AIRFLOW_CTX_DAG_ID=our_first_dag_v5
AIRFLOW_CTX_TASK_ID=second_task
AIRFLOW_CTX_EXECUTION_DATE=2021-11-06T00:00:00+00:00
AIRFLOW_CTX_TRY_NUMBER=1
AIRFLOW_CTX_DAG_RUN_ID=scheduled__2021-11-06T00:00:00+00:00
[2023-01-16T08:51:47.797+0000] {subprocess.py:63} INFO - Tmp dir root location: 
 /tmp
[2023-01-16T08:51:47.798+0000] {subprocess.py:75} INFO - Running command: ['/bin/bash', '-c', 'echo hey, I am task2 and will be running after task1!']
[2023-01-16T08:51:47.805+0000] {subprocess.py:86} INFO - Output:
[2023-01-16T08:51:47.806+0000] {subprocess.py:93} INFO - hey, I am task2 and will be running after task1!
[2023-01-16T08:51:47.807+0000] {subprocess.py:97} INFO - Command exited with return code 0
[2023-01-16T08:51:47.966+0000] {taskinstance.py:1327} INFO - Marking task as SUCCESS. dag_id=our_first_dag_v5, task_id=second_task, execution_date=20211106T000000, start_date=20230116T085146, end_date=20230116T085147
[2023-01-16T08:51:48.191+0000] {local_task_job.py:159} INFO - Task exited with return code 0
[2023-01-16T08:51:48.209+0000] {taskinstance.py:2582} INFO - 0 downstream tasks scheduled from follow-on schedule check
