[2023-01-16T08:50:50.626+0000] {taskinstance.py:1087} INFO - Dependencies all met for <TaskInstance: our_first_dag_v5.thrid_task scheduled__2021-10-20T00:00:00+00:00 [queued]>
[2023-01-16T08:50:50.636+0000] {taskinstance.py:1087} INFO - Dependencies all met for <TaskInstance: our_first_dag_v5.thrid_task scheduled__2021-10-20T00:00:00+00:00 [queued]>
[2023-01-16T08:50:50.636+0000] {taskinstance.py:1283} INFO - 
--------------------------------------------------------------------------------
[2023-01-16T08:50:50.637+0000] {taskinstance.py:1284} INFO - Starting attempt 1 of 6
[2023-01-16T08:50:50.637+0000] {taskinstance.py:1285} INFO - 
--------------------------------------------------------------------------------
[2023-01-16T08:50:50.934+0000] {taskinstance.py:1304} INFO - Executing <Task(BashOperator): thrid_task> on 2021-10-20 00:00:00+00:00
[2023-01-16T08:50:50.939+0000] {standard_task_runner.py:55} INFO - Started process 2947 to run task
[2023-01-16T08:50:50.941+0000] {standard_task_runner.py:82} INFO - Running: ['***', 'tasks', 'run', 'our_first_dag_v5', 'thrid_task', 'scheduled__2021-10-20T00:00:00+00:00', '--job-id', '250', '--raw', '--subdir', 'DAGS_FOLDER/our_first_dag.py', '--cfg-path', '/tmp/tmp59on7iwm']
[2023-01-16T08:50:50.944+0000] {standard_task_runner.py:83} INFO - Job 250: Subtask thrid_task
[2023-01-16T08:50:51.248+0000] {task_command.py:389} INFO - Running <TaskInstance: our_first_dag_v5.thrid_task scheduled__2021-10-20T00:00:00+00:00 [running]> on host c7f1bfaaf748
[2023-01-16T08:50:52.067+0000] {taskinstance.py:1513} INFO - Exporting the following env vars:
AIRFLOW_CTX_DAG_OWNER=coder2j
AIRFLOW_CTX_DAG_ID=our_first_dag_v5
AIRFLOW_CTX_TASK_ID=thrid_task
AIRFLOW_CTX_EXECUTION_DATE=2021-10-20T00:00:00+00:00
AIRFLOW_CTX_TRY_NUMBER=1
AIRFLOW_CTX_DAG_RUN_ID=scheduled__2021-10-20T00:00:00+00:00
[2023-01-16T08:50:52.069+0000] {subprocess.py:63} INFO - Tmp dir root location: 
 /tmp
[2023-01-16T08:50:52.070+0000] {subprocess.py:75} INFO - Running command: ['/bin/bash', '-c', 'echo hey, I am task3 and will be running after task1 at the same time as task2!']
[2023-01-16T08:50:52.080+0000] {subprocess.py:86} INFO - Output:
[2023-01-16T08:50:52.081+0000] {subprocess.py:93} INFO - hey, I am task3 and will be running after task1 at the same time as task2!
[2023-01-16T08:50:52.082+0000] {subprocess.py:97} INFO - Command exited with return code 0
[2023-01-16T08:50:52.351+0000] {taskinstance.py:1327} INFO - Marking task as SUCCESS. dag_id=our_first_dag_v5, task_id=thrid_task, execution_date=20211020T000000, start_date=20230116T085050, end_date=20230116T085052
[2023-01-16T08:50:52.802+0000] {local_task_job.py:159} INFO - Task exited with return code 0
[2023-01-16T08:50:52.957+0000] {taskinstance.py:2582} INFO - 0 downstream tasks scheduled from follow-on schedule check
