[2023-01-16T08:51:28.679+0000] {taskinstance.py:1087} INFO - Dependencies all met for <TaskInstance: our_first_dag_v5.second_task scheduled__2021-10-30T00:00:00+00:00 [queued]>
[2023-01-16T08:51:28.694+0000] {taskinstance.py:1087} INFO - Dependencies all met for <TaskInstance: our_first_dag_v5.second_task scheduled__2021-10-30T00:00:00+00:00 [queued]>
[2023-01-16T08:51:28.695+0000] {taskinstance.py:1283} INFO - 
--------------------------------------------------------------------------------
[2023-01-16T08:51:28.695+0000] {taskinstance.py:1284} INFO - Starting attempt 1 of 6
[2023-01-16T08:51:28.696+0000] {taskinstance.py:1285} INFO - 
--------------------------------------------------------------------------------
[2023-01-16T08:51:29.068+0000] {taskinstance.py:1304} INFO - Executing <Task(BashOperator): second_task> on 2021-10-30 00:00:00+00:00
[2023-01-16T08:51:29.072+0000] {standard_task_runner.py:55} INFO - Started process 3110 to run task
[2023-01-16T08:51:29.076+0000] {standard_task_runner.py:82} INFO - Running: ['***', 'tasks', 'run', 'our_first_dag_v5', 'second_task', 'scheduled__2021-10-30T00:00:00+00:00', '--job-id', '286', '--raw', '--subdir', 'DAGS_FOLDER/our_first_dag.py', '--cfg-path', '/tmp/tmpk3vokz0n']
[2023-01-16T08:51:29.078+0000] {standard_task_runner.py:83} INFO - Job 286: Subtask second_task
[2023-01-16T08:51:29.367+0000] {task_command.py:389} INFO - Running <TaskInstance: our_first_dag_v5.second_task scheduled__2021-10-30T00:00:00+00:00 [running]> on host c7f1bfaaf748
[2023-01-16T08:51:30.046+0000] {taskinstance.py:1513} INFO - Exporting the following env vars:
AIRFLOW_CTX_DAG_OWNER=coder2j
AIRFLOW_CTX_DAG_ID=our_first_dag_v5
AIRFLOW_CTX_TASK_ID=second_task
AIRFLOW_CTX_EXECUTION_DATE=2021-10-30T00:00:00+00:00
AIRFLOW_CTX_TRY_NUMBER=1
AIRFLOW_CTX_DAG_RUN_ID=scheduled__2021-10-30T00:00:00+00:00
[2023-01-16T08:51:30.050+0000] {subprocess.py:63} INFO - Tmp dir root location: 
 /tmp
[2023-01-16T08:51:30.057+0000] {subprocess.py:75} INFO - Running command: ['/bin/bash', '-c', 'echo hey, I am task2 and will be running after task1!']
[2023-01-16T08:51:30.074+0000] {subprocess.py:86} INFO - Output:
[2023-01-16T08:51:30.077+0000] {subprocess.py:93} INFO - hey, I am task2 and will be running after task1!
[2023-01-16T08:51:30.077+0000] {subprocess.py:97} INFO - Command exited with return code 0
[2023-01-16T08:51:30.322+0000] {taskinstance.py:1327} INFO - Marking task as SUCCESS. dag_id=our_first_dag_v5, task_id=second_task, execution_date=20211030T000000, start_date=20230116T085128, end_date=20230116T085130
[2023-01-16T08:51:30.936+0000] {local_task_job.py:159} INFO - Task exited with return code 0
[2023-01-16T08:51:31.200+0000] {taskinstance.py:2582} INFO - 0 downstream tasks scheduled from follow-on schedule check
