[2023-01-16T08:46:24.825+0000] {taskinstance.py:1087} INFO - Dependencies all met for <TaskInstance: our_first_dag_v5.first_task scheduled__2021-08-11T00:00:00+00:00 [queued]>
[2023-01-16T08:46:24.839+0000] {taskinstance.py:1087} INFO - Dependencies all met for <TaskInstance: our_first_dag_v5.first_task scheduled__2021-08-11T00:00:00+00:00 [queued]>
[2023-01-16T08:46:24.840+0000] {taskinstance.py:1283} INFO - 
--------------------------------------------------------------------------------
[2023-01-16T08:46:24.840+0000] {taskinstance.py:1284} INFO - Starting attempt 1 of 6
[2023-01-16T08:46:24.841+0000] {taskinstance.py:1285} INFO - 
--------------------------------------------------------------------------------
[2023-01-16T08:46:25.003+0000] {taskinstance.py:1304} INFO - Executing <Task(BashOperator): first_task> on 2021-08-11 00:00:00+00:00
[2023-01-16T08:46:25.013+0000] {standard_task_runner.py:55} INFO - Started process 1991 to run task
[2023-01-16T08:46:25.023+0000] {standard_task_runner.py:82} INFO - Running: ['***', 'tasks', 'run', 'our_first_dag_v5', 'first_task', 'scheduled__2021-08-11T00:00:00+00:00', '--job-id', '33', '--raw', '--subdir', 'DAGS_FOLDER/our_first_dag.py', '--cfg-path', '/tmp/tmpllvnis0j']
[2023-01-16T08:46:25.026+0000] {standard_task_runner.py:83} INFO - Job 33: Subtask first_task
[2023-01-16T08:46:25.301+0000] {task_command.py:389} INFO - Running <TaskInstance: our_first_dag_v5.first_task scheduled__2021-08-11T00:00:00+00:00 [running]> on host c7f1bfaaf748
[2023-01-16T08:46:25.683+0000] {taskinstance.py:1513} INFO - Exporting the following env vars:
AIRFLOW_CTX_DAG_OWNER=coder2j
AIRFLOW_CTX_DAG_ID=our_first_dag_v5
AIRFLOW_CTX_TASK_ID=first_task
AIRFLOW_CTX_EXECUTION_DATE=2021-08-11T00:00:00+00:00
AIRFLOW_CTX_TRY_NUMBER=1
AIRFLOW_CTX_DAG_RUN_ID=scheduled__2021-08-11T00:00:00+00:00
[2023-01-16T08:46:25.684+0000] {subprocess.py:63} INFO - Tmp dir root location: 
 /tmp
[2023-01-16T08:46:25.685+0000] {subprocess.py:75} INFO - Running command: ['/bin/bash', '-c', 'echo hello world, this is the first task!']
[2023-01-16T08:46:25.693+0000] {subprocess.py:86} INFO - Output:
[2023-01-16T08:46:25.695+0000] {subprocess.py:93} INFO - hello world, this is the first task!
[2023-01-16T08:46:25.696+0000] {subprocess.py:97} INFO - Command exited with return code 0
[2023-01-16T08:46:25.829+0000] {taskinstance.py:1327} INFO - Marking task as SUCCESS. dag_id=our_first_dag_v5, task_id=first_task, execution_date=20210811T000000, start_date=20230116T084624, end_date=20230116T084625
[2023-01-16T08:46:26.037+0000] {local_task_job.py:159} INFO - Task exited with return code 0
[2023-01-16T08:46:26.066+0000] {taskinstance.py:2582} INFO - 2 downstream tasks scheduled from follow-on schedule check
