[2023-01-16T08:49:30.869+0000] {taskinstance.py:1087} INFO - Dependencies all met for <TaskInstance: our_first_dag_v5.second_task scheduled__2021-09-30T00:00:00+00:00 [queued]>
[2023-01-16T08:49:30.881+0000] {taskinstance.py:1087} INFO - Dependencies all met for <TaskInstance: our_first_dag_v5.second_task scheduled__2021-09-30T00:00:00+00:00 [queued]>
[2023-01-16T08:49:30.882+0000] {taskinstance.py:1283} INFO - 
--------------------------------------------------------------------------------
[2023-01-16T08:49:30.882+0000] {taskinstance.py:1284} INFO - Starting attempt 1 of 6
[2023-01-16T08:49:30.882+0000] {taskinstance.py:1285} INFO - 
--------------------------------------------------------------------------------
[2023-01-16T08:49:31.305+0000] {taskinstance.py:1304} INFO - Executing <Task(BashOperator): second_task> on 2021-09-30 00:00:00+00:00
[2023-01-16T08:49:31.312+0000] {standard_task_runner.py:55} INFO - Started process 2677 to run task
[2023-01-16T08:49:31.316+0000] {standard_task_runner.py:82} INFO - Running: ['***', 'tasks', 'run', 'our_first_dag_v5', 'second_task', 'scheduled__2021-09-30T00:00:00+00:00', '--job-id', '193', '--raw', '--subdir', 'DAGS_FOLDER/our_first_dag.py', '--cfg-path', '/tmp/tmppkg5r3l6']
[2023-01-16T08:49:31.319+0000] {standard_task_runner.py:83} INFO - Job 193: Subtask second_task
[2023-01-16T08:49:31.862+0000] {task_command.py:389} INFO - Running <TaskInstance: our_first_dag_v5.second_task scheduled__2021-09-30T00:00:00+00:00 [running]> on host c7f1bfaaf748
[2023-01-16T08:49:32.572+0000] {taskinstance.py:1513} INFO - Exporting the following env vars:
AIRFLOW_CTX_DAG_OWNER=coder2j
AIRFLOW_CTX_DAG_ID=our_first_dag_v5
AIRFLOW_CTX_TASK_ID=second_task
AIRFLOW_CTX_EXECUTION_DATE=2021-09-30T00:00:00+00:00
AIRFLOW_CTX_TRY_NUMBER=1
AIRFLOW_CTX_DAG_RUN_ID=scheduled__2021-09-30T00:00:00+00:00
[2023-01-16T08:49:32.573+0000] {subprocess.py:63} INFO - Tmp dir root location: 
 /tmp
[2023-01-16T08:49:32.574+0000] {subprocess.py:75} INFO - Running command: ['/bin/bash', '-c', 'echo hey, I am task2 and will be running after task1!']
[2023-01-16T08:49:32.583+0000] {subprocess.py:86} INFO - Output:
[2023-01-16T08:49:32.584+0000] {subprocess.py:93} INFO - hey, I am task2 and will be running after task1!
[2023-01-16T08:49:32.585+0000] {subprocess.py:97} INFO - Command exited with return code 0
[2023-01-16T08:49:32.932+0000] {taskinstance.py:1327} INFO - Marking task as SUCCESS. dag_id=our_first_dag_v5, task_id=second_task, execution_date=20210930T000000, start_date=20230116T084930, end_date=20230116T084932
[2023-01-16T08:49:33.382+0000] {local_task_job.py:159} INFO - Task exited with return code 0
[2023-01-16T08:49:33.398+0000] {taskinstance.py:2582} INFO - 0 downstream tasks scheduled from follow-on schedule check
