[2023-01-16T08:49:24.637+0000] {taskinstance.py:1087} INFO - Dependencies all met for <TaskInstance: our_first_dag_v5.second_task scheduled__2021-09-28T00:00:00+00:00 [queued]>
[2023-01-16T08:49:24.647+0000] {taskinstance.py:1087} INFO - Dependencies all met for <TaskInstance: our_first_dag_v5.second_task scheduled__2021-09-28T00:00:00+00:00 [queued]>
[2023-01-16T08:49:24.648+0000] {taskinstance.py:1283} INFO - 
--------------------------------------------------------------------------------
[2023-01-16T08:49:24.648+0000] {taskinstance.py:1284} INFO - Starting attempt 1 of 6
[2023-01-16T08:49:24.648+0000] {taskinstance.py:1285} INFO - 
--------------------------------------------------------------------------------
[2023-01-16T08:49:24.820+0000] {taskinstance.py:1304} INFO - Executing <Task(BashOperator): second_task> on 2021-09-28 00:00:00+00:00
[2023-01-16T08:49:24.824+0000] {standard_task_runner.py:55} INFO - Started process 2635 to run task
[2023-01-16T08:49:24.827+0000] {standard_task_runner.py:82} INFO - Running: ['***', 'tasks', 'run', 'our_first_dag_v5', 'second_task', 'scheduled__2021-09-28T00:00:00+00:00', '--job-id', '184', '--raw', '--subdir', 'DAGS_FOLDER/our_first_dag.py', '--cfg-path', '/tmp/tmpq2ltkdbr']
[2023-01-16T08:49:24.829+0000] {standard_task_runner.py:83} INFO - Job 184: Subtask second_task
[2023-01-16T08:49:25.184+0000] {task_command.py:389} INFO - Running <TaskInstance: our_first_dag_v5.second_task scheduled__2021-09-28T00:00:00+00:00 [running]> on host c7f1bfaaf748
[2023-01-16T08:49:26.027+0000] {taskinstance.py:1513} INFO - Exporting the following env vars:
AIRFLOW_CTX_DAG_OWNER=coder2j
AIRFLOW_CTX_DAG_ID=our_first_dag_v5
AIRFLOW_CTX_TASK_ID=second_task
AIRFLOW_CTX_EXECUTION_DATE=2021-09-28T00:00:00+00:00
AIRFLOW_CTX_TRY_NUMBER=1
AIRFLOW_CTX_DAG_RUN_ID=scheduled__2021-09-28T00:00:00+00:00
[2023-01-16T08:49:26.029+0000] {subprocess.py:63} INFO - Tmp dir root location: 
 /tmp
[2023-01-16T08:49:26.030+0000] {subprocess.py:75} INFO - Running command: ['/bin/bash', '-c', 'echo hey, I am task2 and will be running after task1!']
[2023-01-16T08:49:26.039+0000] {subprocess.py:86} INFO - Output:
[2023-01-16T08:49:26.041+0000] {subprocess.py:93} INFO - hey, I am task2 and will be running after task1!
[2023-01-16T08:49:26.042+0000] {subprocess.py:97} INFO - Command exited with return code 0
[2023-01-16T08:49:26.325+0000] {taskinstance.py:1327} INFO - Marking task as SUCCESS. dag_id=our_first_dag_v5, task_id=second_task, execution_date=20210928T000000, start_date=20230116T084924, end_date=20230116T084926
[2023-01-16T08:49:26.727+0000] {local_task_job.py:159} INFO - Task exited with return code 0
[2023-01-16T08:49:26.754+0000] {taskinstance.py:2582} INFO - 0 downstream tasks scheduled from follow-on schedule check
