[2023-01-16T08:48:09.338+0000] {taskinstance.py:1087} INFO - Dependencies all met for <TaskInstance: our_first_dag_v5.second_task scheduled__2021-09-11T00:00:00+00:00 [queued]>
[2023-01-16T08:48:09.349+0000] {taskinstance.py:1087} INFO - Dependencies all met for <TaskInstance: our_first_dag_v5.second_task scheduled__2021-09-11T00:00:00+00:00 [queued]>
[2023-01-16T08:48:09.350+0000] {taskinstance.py:1283} INFO - 
--------------------------------------------------------------------------------
[2023-01-16T08:48:09.350+0000] {taskinstance.py:1284} INFO - Starting attempt 1 of 6
[2023-01-16T08:48:09.350+0000] {taskinstance.py:1285} INFO - 
--------------------------------------------------------------------------------
[2023-01-16T08:48:09.626+0000] {taskinstance.py:1304} INFO - Executing <Task(BashOperator): second_task> on 2021-09-11 00:00:00+00:00
[2023-01-16T08:48:09.632+0000] {standard_task_runner.py:55} INFO - Started process 2428 to run task
[2023-01-16T08:48:09.643+0000] {standard_task_runner.py:82} INFO - Running: ['***', 'tasks', 'run', 'our_first_dag_v5', 'second_task', 'scheduled__2021-09-11T00:00:00+00:00', '--job-id', '138', '--raw', '--subdir', 'DAGS_FOLDER/our_first_dag.py', '--cfg-path', '/tmp/tmpdz0grq59']
[2023-01-16T08:48:09.647+0000] {standard_task_runner.py:83} INFO - Job 138: Subtask second_task
[2023-01-16T08:48:24.406+0000] {task_command.py:389} INFO - Running <TaskInstance: our_first_dag_v5.second_task scheduled__2021-09-11T00:00:00+00:00 [running]> on host c7f1bfaaf748
[2023-01-16T08:48:31.163+0000] {taskinstance.py:1513} INFO - Exporting the following env vars:
AIRFLOW_CTX_DAG_OWNER=coder2j
AIRFLOW_CTX_DAG_ID=our_first_dag_v5
AIRFLOW_CTX_TASK_ID=second_task
AIRFLOW_CTX_EXECUTION_DATE=2021-09-11T00:00:00+00:00
AIRFLOW_CTX_TRY_NUMBER=1
AIRFLOW_CTX_DAG_RUN_ID=scheduled__2021-09-11T00:00:00+00:00
[2023-01-16T08:48:31.168+0000] {subprocess.py:63} INFO - Tmp dir root location: 
 /tmp
[2023-01-16T08:48:31.169+0000] {subprocess.py:75} INFO - Running command: ['/bin/bash', '-c', 'echo hey, I am task2 and will be running after task1!']
[2023-01-16T08:48:31.180+0000] {subprocess.py:86} INFO - Output:
[2023-01-16T08:48:31.182+0000] {subprocess.py:93} INFO - hey, I am task2 and will be running after task1!
[2023-01-16T08:48:31.183+0000] {subprocess.py:97} INFO - Command exited with return code 0
[2023-01-16T08:48:31.553+0000] {taskinstance.py:1327} INFO - Marking task as SUCCESS. dag_id=our_first_dag_v5, task_id=second_task, execution_date=20210911T000000, start_date=20230116T084809, end_date=20230116T084831
[2023-01-16T08:48:34.263+0000] {local_task_job.py:159} INFO - Task exited with return code 0
[2023-01-16T08:48:34.283+0000] {taskinstance.py:2582} INFO - 0 downstream tasks scheduled from follow-on schedule check
