[2023-01-16T08:46:16.373+0000] {taskinstance.py:1087} INFO - Dependencies all met for <TaskInstance: our_first_dag_v5.second_task scheduled__2021-08-05T00:00:00+00:00 [queued]>
[2023-01-16T08:46:16.385+0000] {taskinstance.py:1087} INFO - Dependencies all met for <TaskInstance: our_first_dag_v5.second_task scheduled__2021-08-05T00:00:00+00:00 [queued]>
[2023-01-16T08:46:16.386+0000] {taskinstance.py:1283} INFO - 
--------------------------------------------------------------------------------
[2023-01-16T08:46:16.386+0000] {taskinstance.py:1284} INFO - Starting attempt 1 of 6
[2023-01-16T08:46:16.386+0000] {taskinstance.py:1285} INFO - 
--------------------------------------------------------------------------------
[2023-01-16T08:46:16.840+0000] {taskinstance.py:1304} INFO - Executing <Task(BashOperator): second_task> on 2021-08-05 00:00:00+00:00
[2023-01-16T08:46:16.845+0000] {standard_task_runner.py:55} INFO - Started process 1948 to run task
[2023-01-16T08:46:16.848+0000] {standard_task_runner.py:82} INFO - Running: ['***', 'tasks', 'run', 'our_first_dag_v5', 'second_task', 'scheduled__2021-08-05T00:00:00+00:00', '--job-id', '23', '--raw', '--subdir', 'DAGS_FOLDER/our_first_dag.py', '--cfg-path', '/tmp/tmpe2gtn7zk']
[2023-01-16T08:46:16.851+0000] {standard_task_runner.py:83} INFO - Job 23: Subtask second_task
[2023-01-16T08:46:17.105+0000] {task_command.py:389} INFO - Running <TaskInstance: our_first_dag_v5.second_task scheduled__2021-08-05T00:00:00+00:00 [running]> on host c7f1bfaaf748
[2023-01-16T08:46:17.556+0000] {taskinstance.py:1513} INFO - Exporting the following env vars:
AIRFLOW_CTX_DAG_OWNER=coder2j
AIRFLOW_CTX_DAG_ID=our_first_dag_v5
AIRFLOW_CTX_TASK_ID=second_task
AIRFLOW_CTX_EXECUTION_DATE=2021-08-05T00:00:00+00:00
AIRFLOW_CTX_TRY_NUMBER=1
AIRFLOW_CTX_DAG_RUN_ID=scheduled__2021-08-05T00:00:00+00:00
[2023-01-16T08:46:17.557+0000] {subprocess.py:63} INFO - Tmp dir root location: 
 /tmp
[2023-01-16T08:46:17.558+0000] {subprocess.py:75} INFO - Running command: ['/bin/bash', '-c', 'echo hey, I am task2 and will be running after task1!']
[2023-01-16T08:46:17.567+0000] {subprocess.py:86} INFO - Output:
[2023-01-16T08:46:17.568+0000] {subprocess.py:93} INFO - hey, I am task2 and will be running after task1!
[2023-01-16T08:46:17.569+0000] {subprocess.py:97} INFO - Command exited with return code 0
[2023-01-16T08:46:17.711+0000] {taskinstance.py:1327} INFO - Marking task as SUCCESS. dag_id=our_first_dag_v5, task_id=second_task, execution_date=20210805T000000, start_date=20230116T084616, end_date=20230116T084617
[2023-01-16T08:46:18.699+0000] {local_task_job.py:159} INFO - Task exited with return code 0
[2023-01-16T08:46:19.053+0000] {taskinstance.py:2582} INFO - 0 downstream tasks scheduled from follow-on schedule check
