[2023-01-16T08:45:43.519+0000] {taskinstance.py:1087} INFO - Dependencies all met for <TaskInstance: our_first_dag_v5.first_task scheduled__2021-08-02T00:00:00+00:00 [queued]>
[2023-01-16T08:45:43.535+0000] {taskinstance.py:1087} INFO - Dependencies all met for <TaskInstance: our_first_dag_v5.first_task scheduled__2021-08-02T00:00:00+00:00 [queued]>
[2023-01-16T08:45:43.536+0000] {taskinstance.py:1283} INFO - 
--------------------------------------------------------------------------------
[2023-01-16T08:45:43.536+0000] {taskinstance.py:1284} INFO - Starting attempt 1 of 6
[2023-01-16T08:45:43.536+0000] {taskinstance.py:1285} INFO - 
--------------------------------------------------------------------------------
[2023-01-16T08:45:43.678+0000] {taskinstance.py:1304} INFO - Executing <Task(BashOperator): first_task> on 2021-08-02 00:00:00+00:00
[2023-01-16T08:45:43.682+0000] {standard_task_runner.py:55} INFO - Started process 1872 to run task
[2023-01-16T08:45:43.686+0000] {standard_task_runner.py:82} INFO - Running: ['***', 'tasks', 'run', 'our_first_dag_v5', 'first_task', 'scheduled__2021-08-02T00:00:00+00:00', '--job-id', '6', '--raw', '--subdir', 'DAGS_FOLDER/our_first_dag.py', '--cfg-path', '/tmp/tmpw84vhv8a']
[2023-01-16T08:45:43.688+0000] {standard_task_runner.py:83} INFO - Job 6: Subtask first_task
[2023-01-16T08:45:43.845+0000] {task_command.py:389} INFO - Running <TaskInstance: our_first_dag_v5.first_task scheduled__2021-08-02T00:00:00+00:00 [running]> on host c7f1bfaaf748
[2023-01-16T08:45:44.060+0000] {taskinstance.py:1513} INFO - Exporting the following env vars:
AIRFLOW_CTX_DAG_OWNER=coder2j
AIRFLOW_CTX_DAG_ID=our_first_dag_v5
AIRFLOW_CTX_TASK_ID=first_task
AIRFLOW_CTX_EXECUTION_DATE=2021-08-02T00:00:00+00:00
AIRFLOW_CTX_TRY_NUMBER=1
AIRFLOW_CTX_DAG_RUN_ID=scheduled__2021-08-02T00:00:00+00:00
[2023-01-16T08:45:44.061+0000] {subprocess.py:63} INFO - Tmp dir root location: 
 /tmp
[2023-01-16T08:45:44.062+0000] {subprocess.py:75} INFO - Running command: ['/bin/bash', '-c', 'echo hello world, this is the first task!']
[2023-01-16T08:45:44.069+0000] {subprocess.py:86} INFO - Output:
[2023-01-16T08:45:44.070+0000] {subprocess.py:93} INFO - hello world, this is the first task!
[2023-01-16T08:45:44.071+0000] {subprocess.py:97} INFO - Command exited with return code 0
[2023-01-16T08:45:44.156+0000] {taskinstance.py:1327} INFO - Marking task as SUCCESS. dag_id=our_first_dag_v5, task_id=first_task, execution_date=20210802T000000, start_date=20230116T084543, end_date=20230116T084544
[2023-01-16T08:45:44.260+0000] {local_task_job.py:159} INFO - Task exited with return code 0
[2023-01-16T08:45:44.295+0000] {taskinstance.py:2582} INFO - 2 downstream tasks scheduled from follow-on schedule check
