[2023-01-16T08:47:52.802+0000] {taskinstance.py:1087} INFO - Dependencies all met for <TaskInstance: our_first_dag_v5.second_task scheduled__2021-09-07T00:00:00+00:00 [queued]>
[2023-01-16T08:47:52.940+0000] {taskinstance.py:1087} INFO - Dependencies all met for <TaskInstance: our_first_dag_v5.second_task scheduled__2021-09-07T00:00:00+00:00 [queued]>
[2023-01-16T08:47:52.940+0000] {taskinstance.py:1283} INFO - 
--------------------------------------------------------------------------------
[2023-01-16T08:47:52.941+0000] {taskinstance.py:1284} INFO - Starting attempt 1 of 6
[2023-01-16T08:47:52.941+0000] {taskinstance.py:1285} INFO - 
--------------------------------------------------------------------------------
[2023-01-16T08:47:53.741+0000] {taskinstance.py:1304} INFO - Executing <Task(BashOperator): second_task> on 2021-09-07 00:00:00+00:00
[2023-01-16T08:47:53.745+0000] {standard_task_runner.py:55} INFO - Started process 2360 to run task
[2023-01-16T08:47:53.749+0000] {standard_task_runner.py:82} INFO - Running: ['***', 'tasks', 'run', 'our_first_dag_v5', 'second_task', 'scheduled__2021-09-07T00:00:00+00:00', '--job-id', '123', '--raw', '--subdir', 'DAGS_FOLDER/our_first_dag.py', '--cfg-path', '/tmp/tmp_zubsd8c']
[2023-01-16T08:47:53.752+0000] {standard_task_runner.py:83} INFO - Job 123: Subtask second_task
[2023-01-16T08:47:53.981+0000] {task_command.py:389} INFO - Running <TaskInstance: our_first_dag_v5.second_task scheduled__2021-09-07T00:00:00+00:00 [running]> on host c7f1bfaaf748
[2023-01-16T08:47:54.806+0000] {taskinstance.py:1513} INFO - Exporting the following env vars:
AIRFLOW_CTX_DAG_OWNER=coder2j
AIRFLOW_CTX_DAG_ID=our_first_dag_v5
AIRFLOW_CTX_TASK_ID=second_task
AIRFLOW_CTX_EXECUTION_DATE=2021-09-07T00:00:00+00:00
AIRFLOW_CTX_TRY_NUMBER=1
AIRFLOW_CTX_DAG_RUN_ID=scheduled__2021-09-07T00:00:00+00:00
[2023-01-16T08:47:54.810+0000] {subprocess.py:63} INFO - Tmp dir root location: 
 /tmp
[2023-01-16T08:47:54.814+0000] {subprocess.py:75} INFO - Running command: ['/bin/bash', '-c', 'echo hey, I am task2 and will be running after task1!']
[2023-01-16T08:47:54.828+0000] {subprocess.py:86} INFO - Output:
[2023-01-16T08:47:54.830+0000] {subprocess.py:93} INFO - hey, I am task2 and will be running after task1!
[2023-01-16T08:47:54.831+0000] {subprocess.py:97} INFO - Command exited with return code 0
[2023-01-16T08:47:55.143+0000] {taskinstance.py:1327} INFO - Marking task as SUCCESS. dag_id=our_first_dag_v5, task_id=second_task, execution_date=20210907T000000, start_date=20230116T084752, end_date=20230116T084755
[2023-01-16T08:47:55.368+0000] {local_task_job.py:159} INFO - Task exited with return code 0
[2023-01-16T08:47:55.395+0000] {taskinstance.py:2582} INFO - 0 downstream tasks scheduled from follow-on schedule check
