[2023-01-16T08:47:32.772+0000] {taskinstance.py:1087} INFO - Dependencies all met for <TaskInstance: our_first_dag_v5.first_task scheduled__2021-09-03T00:00:00+00:00 [queued]>
[2023-01-16T08:47:32.783+0000] {taskinstance.py:1087} INFO - Dependencies all met for <TaskInstance: our_first_dag_v5.first_task scheduled__2021-09-03T00:00:00+00:00 [queued]>
[2023-01-16T08:47:32.784+0000] {taskinstance.py:1283} INFO - 
--------------------------------------------------------------------------------
[2023-01-16T08:47:32.784+0000] {taskinstance.py:1284} INFO - Starting attempt 1 of 6
[2023-01-16T08:47:32.785+0000] {taskinstance.py:1285} INFO - 
--------------------------------------------------------------------------------
[2023-01-16T08:47:33.147+0000] {taskinstance.py:1304} INFO - Executing <Task(BashOperator): first_task> on 2021-09-03 00:00:00+00:00
[2023-01-16T08:47:33.151+0000] {standard_task_runner.py:55} INFO - Started process 2287 to run task
[2023-01-16T08:47:33.155+0000] {standard_task_runner.py:82} INFO - Running: ['***', 'tasks', 'run', 'our_first_dag_v5', 'first_task', 'scheduled__2021-09-03T00:00:00+00:00', '--job-id', '108', '--raw', '--subdir', 'DAGS_FOLDER/our_first_dag.py', '--cfg-path', '/tmp/tmp26b6k97f']
[2023-01-16T08:47:33.158+0000] {standard_task_runner.py:83} INFO - Job 108: Subtask first_task
[2023-01-16T08:47:33.515+0000] {task_command.py:389} INFO - Running <TaskInstance: our_first_dag_v5.first_task scheduled__2021-09-03T00:00:00+00:00 [running]> on host c7f1bfaaf748
[2023-01-16T08:47:34.138+0000] {taskinstance.py:1513} INFO - Exporting the following env vars:
AIRFLOW_CTX_DAG_OWNER=coder2j
AIRFLOW_CTX_DAG_ID=our_first_dag_v5
AIRFLOW_CTX_TASK_ID=first_task
AIRFLOW_CTX_EXECUTION_DATE=2021-09-03T00:00:00+00:00
AIRFLOW_CTX_TRY_NUMBER=1
AIRFLOW_CTX_DAG_RUN_ID=scheduled__2021-09-03T00:00:00+00:00
[2023-01-16T08:47:34.139+0000] {subprocess.py:63} INFO - Tmp dir root location: 
 /tmp
[2023-01-16T08:47:34.140+0000] {subprocess.py:75} INFO - Running command: ['/bin/bash', '-c', 'echo hello world, this is the first task!']
[2023-01-16T08:47:34.147+0000] {subprocess.py:86} INFO - Output:
[2023-01-16T08:47:34.149+0000] {subprocess.py:93} INFO - hello world, this is the first task!
[2023-01-16T08:47:34.149+0000] {subprocess.py:97} INFO - Command exited with return code 0
[2023-01-16T08:47:34.414+0000] {taskinstance.py:1327} INFO - Marking task as SUCCESS. dag_id=our_first_dag_v5, task_id=first_task, execution_date=20210903T000000, start_date=20230116T084732, end_date=20230116T084734
[2023-01-16T08:47:34.695+0000] {local_task_job.py:159} INFO - Task exited with return code 0
[2023-01-16T08:47:34.865+0000] {taskinstance.py:2582} INFO - 0 downstream tasks scheduled from follow-on schedule check
