[2023-01-18T07:57:48.163+0000] {processor.py:153} INFO - Started process (PID=244) to work on /opt/airflow/dags/our_first_dag.py
[2023-01-18T07:57:48.164+0000] {processor.py:743} INFO - Processing file /opt/airflow/dags/our_first_dag.py for tasks to queue
[2023-01-18T07:57:48.165+0000] {logging_mixin.py:137} INFO - [2023-01-18T07:57:48.165+0000] {dagbag.py:538} INFO - Filling up the DagBag from /opt/airflow/dags/our_first_dag.py
[2023-01-18T07:57:48.223+0000] {processor.py:753} INFO - DAG(s) dict_keys(['our_first_dag_v5']) retrieved from /opt/airflow/dags/our_first_dag.py
[2023-01-18T07:57:48.364+0000] {logging_mixin.py:137} INFO - [2023-01-18T07:57:48.364+0000] {dag.py:2676} INFO - Sync 1 DAGs
[2023-01-18T07:57:48.473+0000] {logging_mixin.py:137} INFO - [2023-01-18T07:57:48.472+0000] {dag.py:3427} INFO - Setting next_dagrun for our_first_dag_v5 to 2021-11-29T00:00:00+00:00, run_after=2021-11-30T00:00:00+00:00
[2023-01-18T07:57:48.586+0000] {processor.py:175} INFO - Processing /opt/airflow/dags/our_first_dag.py took 0.426 seconds
[2023-01-18T07:58:38.894+0000] {processor.py:153} INFO - Started process (PID=299) to work on /opt/airflow/dags/our_first_dag.py
[2023-01-18T07:58:38.896+0000] {processor.py:743} INFO - Processing file /opt/airflow/dags/our_first_dag.py for tasks to queue
[2023-01-18T07:58:38.897+0000] {logging_mixin.py:137} INFO - [2023-01-18T07:58:38.897+0000] {dagbag.py:538} INFO - Filling up the DagBag from /opt/airflow/dags/our_first_dag.py
[2023-01-18T07:58:38.946+0000] {processor.py:753} INFO - DAG(s) dict_keys(['our_first_dag_v5']) retrieved from /opt/airflow/dags/our_first_dag.py
[2023-01-18T07:58:39.645+0000] {logging_mixin.py:137} INFO - [2023-01-18T07:58:39.644+0000] {dag.py:2676} INFO - Sync 1 DAGs
[2023-01-18T07:58:42.787+0000] {logging_mixin.py:137} INFO - [2023-01-18T07:58:42.787+0000] {dag.py:3427} INFO - Setting next_dagrun for our_first_dag_v5 to 2021-11-29T00:00:00+00:00, run_after=2021-11-30T00:00:00+00:00
[2023-01-18T07:58:46.859+0000] {processor.py:175} INFO - Processing /opt/airflow/dags/our_first_dag.py took 7.968 seconds
[2023-01-18T07:59:17.208+0000] {processor.py:153} INFO - Started process (PID=342) to work on /opt/airflow/dags/our_first_dag.py
[2023-01-18T07:59:17.209+0000] {processor.py:743} INFO - Processing file /opt/airflow/dags/our_first_dag.py for tasks to queue
[2023-01-18T07:59:17.210+0000] {logging_mixin.py:137} INFO - [2023-01-18T07:59:17.210+0000] {dagbag.py:538} INFO - Filling up the DagBag from /opt/airflow/dags/our_first_dag.py
[2023-01-18T07:59:17.392+0000] {processor.py:753} INFO - DAG(s) dict_keys(['our_first_dag_v5']) retrieved from /opt/airflow/dags/our_first_dag.py
[2023-01-18T07:59:17.458+0000] {logging_mixin.py:137} INFO - [2023-01-18T07:59:17.458+0000] {dag.py:2676} INFO - Sync 1 DAGs
[2023-01-18T07:59:17.484+0000] {logging_mixin.py:137} INFO - [2023-01-18T07:59:17.484+0000] {dag.py:3427} INFO - Setting next_dagrun for our_first_dag_v5 to 2021-11-29T00:00:00+00:00, run_after=2021-11-30T00:00:00+00:00
[2023-01-18T07:59:17.863+0000] {processor.py:175} INFO - Processing /opt/airflow/dags/our_first_dag.py took 0.658 seconds
[2023-01-18T07:59:47.970+0000] {processor.py:153} INFO - Started process (PID=398) to work on /opt/airflow/dags/our_first_dag.py
[2023-01-18T07:59:47.971+0000] {processor.py:743} INFO - Processing file /opt/airflow/dags/our_first_dag.py for tasks to queue
[2023-01-18T07:59:47.972+0000] {logging_mixin.py:137} INFO - [2023-01-18T07:59:47.971+0000] {dagbag.py:538} INFO - Filling up the DagBag from /opt/airflow/dags/our_first_dag.py
[2023-01-18T07:59:48.002+0000] {processor.py:753} INFO - DAG(s) dict_keys(['our_first_dag_v5']) retrieved from /opt/airflow/dags/our_first_dag.py
[2023-01-18T07:59:48.041+0000] {logging_mixin.py:137} INFO - [2023-01-18T07:59:48.040+0000] {dag.py:2676} INFO - Sync 1 DAGs
[2023-01-18T07:59:48.067+0000] {logging_mixin.py:137} INFO - [2023-01-18T07:59:48.067+0000] {dag.py:3427} INFO - Setting next_dagrun for our_first_dag_v5 to 2021-11-29T00:00:00+00:00, run_after=2021-11-30T00:00:00+00:00
[2023-01-18T07:59:48.126+0000] {processor.py:175} INFO - Processing /opt/airflow/dags/our_first_dag.py took 0.160 seconds
[2023-01-18T08:00:18.533+0000] {processor.py:153} INFO - Started process (PID=447) to work on /opt/airflow/dags/our_first_dag.py
[2023-01-18T08:00:18.534+0000] {processor.py:743} INFO - Processing file /opt/airflow/dags/our_first_dag.py for tasks to queue
[2023-01-18T08:00:18.535+0000] {logging_mixin.py:137} INFO - [2023-01-18T08:00:18.535+0000] {dagbag.py:538} INFO - Filling up the DagBag from /opt/airflow/dags/our_first_dag.py
[2023-01-18T08:00:18.563+0000] {processor.py:753} INFO - DAG(s) dict_keys(['our_first_dag_v5']) retrieved from /opt/airflow/dags/our_first_dag.py
[2023-01-18T08:00:18.601+0000] {logging_mixin.py:137} INFO - [2023-01-18T08:00:18.601+0000] {dag.py:2676} INFO - Sync 1 DAGs
[2023-01-18T08:00:18.628+0000] {logging_mixin.py:137} INFO - [2023-01-18T08:00:18.628+0000] {dag.py:3427} INFO - Setting next_dagrun for our_first_dag_v5 to 2021-11-29T00:00:00+00:00, run_after=2021-11-30T00:00:00+00:00
[2023-01-18T08:00:18.830+0000] {processor.py:175} INFO - Processing /opt/airflow/dags/our_first_dag.py took 0.300 seconds
[2023-01-18T08:00:49.221+0000] {processor.py:153} INFO - Started process (PID=513) to work on /opt/airflow/dags/our_first_dag.py
[2023-01-18T08:00:49.222+0000] {processor.py:743} INFO - Processing file /opt/airflow/dags/our_first_dag.py for tasks to queue
[2023-01-18T08:00:49.222+0000] {logging_mixin.py:137} INFO - [2023-01-18T08:00:49.222+0000] {dagbag.py:538} INFO - Filling up the DagBag from /opt/airflow/dags/our_first_dag.py
[2023-01-18T08:00:49.246+0000] {processor.py:753} INFO - DAG(s) dict_keys(['our_first_dag_v5']) retrieved from /opt/airflow/dags/our_first_dag.py
[2023-01-18T08:00:49.279+0000] {logging_mixin.py:137} INFO - [2023-01-18T08:00:49.278+0000] {dag.py:2676} INFO - Sync 1 DAGs
[2023-01-18T08:00:49.307+0000] {logging_mixin.py:137} INFO - [2023-01-18T08:00:49.307+0000] {dag.py:3427} INFO - Setting next_dagrun for our_first_dag_v5 to 2021-11-29T00:00:00+00:00, run_after=2021-11-30T00:00:00+00:00
[2023-01-18T08:00:49.407+0000] {processor.py:175} INFO - Processing /opt/airflow/dags/our_first_dag.py took 0.188 seconds
[2023-01-18T08:01:19.652+0000] {processor.py:153} INFO - Started process (PID=562) to work on /opt/airflow/dags/our_first_dag.py
[2023-01-18T08:01:19.653+0000] {processor.py:743} INFO - Processing file /opt/airflow/dags/our_first_dag.py for tasks to queue
[2023-01-18T08:01:19.654+0000] {logging_mixin.py:137} INFO - [2023-01-18T08:01:19.654+0000] {dagbag.py:538} INFO - Filling up the DagBag from /opt/airflow/dags/our_first_dag.py
[2023-01-18T08:01:19.678+0000] {processor.py:753} INFO - DAG(s) dict_keys(['our_first_dag_v5']) retrieved from /opt/airflow/dags/our_first_dag.py
[2023-01-18T08:01:19.711+0000] {logging_mixin.py:137} INFO - [2023-01-18T08:01:19.711+0000] {dag.py:2676} INFO - Sync 1 DAGs
[2023-01-18T08:01:19.737+0000] {logging_mixin.py:137} INFO - [2023-01-18T08:01:19.737+0000] {dag.py:3427} INFO - Setting next_dagrun for our_first_dag_v5 to 2021-11-29T00:00:00+00:00, run_after=2021-11-30T00:00:00+00:00
[2023-01-18T08:01:20.064+0000] {processor.py:175} INFO - Processing /opt/airflow/dags/our_first_dag.py took 0.415 seconds
[2023-01-18T08:01:50.655+0000] {processor.py:153} INFO - Started process (PID=611) to work on /opt/airflow/dags/our_first_dag.py
[2023-01-18T08:01:50.656+0000] {processor.py:743} INFO - Processing file /opt/airflow/dags/our_first_dag.py for tasks to queue
[2023-01-18T08:01:50.657+0000] {logging_mixin.py:137} INFO - [2023-01-18T08:01:50.657+0000] {dagbag.py:538} INFO - Filling up the DagBag from /opt/airflow/dags/our_first_dag.py
[2023-01-18T08:01:50.681+0000] {processor.py:753} INFO - DAG(s) dict_keys(['our_first_dag_v5']) retrieved from /opt/airflow/dags/our_first_dag.py
[2023-01-18T08:01:50.719+0000] {logging_mixin.py:137} INFO - [2023-01-18T08:01:50.718+0000] {dag.py:2676} INFO - Sync 1 DAGs
[2023-01-18T08:01:50.751+0000] {logging_mixin.py:137} INFO - [2023-01-18T08:01:50.751+0000] {dag.py:3427} INFO - Setting next_dagrun for our_first_dag_v5 to 2021-11-29T00:00:00+00:00, run_after=2021-11-30T00:00:00+00:00
[2023-01-18T08:01:50.985+0000] {processor.py:175} INFO - Processing /opt/airflow/dags/our_first_dag.py took 0.334 seconds
[2023-01-18T08:02:21.395+0000] {processor.py:153} INFO - Started process (PID=668) to work on /opt/airflow/dags/our_first_dag.py
[2023-01-18T08:02:21.396+0000] {processor.py:743} INFO - Processing file /opt/airflow/dags/our_first_dag.py for tasks to queue
[2023-01-18T08:02:21.397+0000] {logging_mixin.py:137} INFO - [2023-01-18T08:02:21.397+0000] {dagbag.py:538} INFO - Filling up the DagBag from /opt/airflow/dags/our_first_dag.py
[2023-01-18T08:02:21.425+0000] {processor.py:753} INFO - DAG(s) dict_keys(['our_first_dag_v5']) retrieved from /opt/airflow/dags/our_first_dag.py
[2023-01-18T08:02:21.465+0000] {logging_mixin.py:137} INFO - [2023-01-18T08:02:21.464+0000] {dag.py:2676} INFO - Sync 1 DAGs
[2023-01-18T08:02:21.499+0000] {logging_mixin.py:137} INFO - [2023-01-18T08:02:21.499+0000] {dag.py:3427} INFO - Setting next_dagrun for our_first_dag_v5 to 2021-11-29T00:00:00+00:00, run_after=2021-11-30T00:00:00+00:00
[2023-01-18T08:02:21.638+0000] {processor.py:175} INFO - Processing /opt/airflow/dags/our_first_dag.py took 0.246 seconds
[2023-01-18T08:02:52.330+0000] {processor.py:153} INFO - Started process (PID=724) to work on /opt/airflow/dags/our_first_dag.py
[2023-01-18T08:02:52.331+0000] {processor.py:743} INFO - Processing file /opt/airflow/dags/our_first_dag.py for tasks to queue
[2023-01-18T08:02:52.332+0000] {logging_mixin.py:137} INFO - [2023-01-18T08:02:52.332+0000] {dagbag.py:538} INFO - Filling up the DagBag from /opt/airflow/dags/our_first_dag.py
[2023-01-18T08:02:52.363+0000] {processor.py:753} INFO - DAG(s) dict_keys(['our_first_dag_v5']) retrieved from /opt/airflow/dags/our_first_dag.py
[2023-01-18T08:02:52.399+0000] {logging_mixin.py:137} INFO - [2023-01-18T08:02:52.399+0000] {dag.py:2676} INFO - Sync 1 DAGs
[2023-01-18T08:02:52.429+0000] {logging_mixin.py:137} INFO - [2023-01-18T08:02:52.429+0000] {dag.py:3427} INFO - Setting next_dagrun for our_first_dag_v5 to 2021-11-29T00:00:00+00:00, run_after=2021-11-30T00:00:00+00:00
[2023-01-18T08:02:52.926+0000] {processor.py:175} INFO - Processing /opt/airflow/dags/our_first_dag.py took 0.598 seconds
[2023-01-18T08:03:23.470+0000] {processor.py:153} INFO - Started process (PID=772) to work on /opt/airflow/dags/our_first_dag.py
[2023-01-18T08:03:23.471+0000] {processor.py:743} INFO - Processing file /opt/airflow/dags/our_first_dag.py for tasks to queue
[2023-01-18T08:03:23.472+0000] {logging_mixin.py:137} INFO - [2023-01-18T08:03:23.472+0000] {dagbag.py:538} INFO - Filling up the DagBag from /opt/airflow/dags/our_first_dag.py
[2023-01-18T08:03:23.498+0000] {processor.py:753} INFO - DAG(s) dict_keys(['our_first_dag_v5']) retrieved from /opt/airflow/dags/our_first_dag.py
[2023-01-18T08:03:23.541+0000] {logging_mixin.py:137} INFO - [2023-01-18T08:03:23.541+0000] {dag.py:2676} INFO - Sync 1 DAGs
[2023-01-18T08:03:23.590+0000] {logging_mixin.py:137} INFO - [2023-01-18T08:03:23.590+0000] {dag.py:3427} INFO - Setting next_dagrun for our_first_dag_v5 to 2021-11-29T00:00:00+00:00, run_after=2021-11-30T00:00:00+00:00
[2023-01-18T08:03:23.782+0000] {processor.py:175} INFO - Processing /opt/airflow/dags/our_first_dag.py took 0.315 seconds
[2023-01-18T08:03:54.040+0000] {processor.py:153} INFO - Started process (PID=820) to work on /opt/airflow/dags/our_first_dag.py
[2023-01-18T08:03:54.041+0000] {processor.py:743} INFO - Processing file /opt/airflow/dags/our_first_dag.py for tasks to queue
[2023-01-18T08:03:54.042+0000] {logging_mixin.py:137} INFO - [2023-01-18T08:03:54.042+0000] {dagbag.py:538} INFO - Filling up the DagBag from /opt/airflow/dags/our_first_dag.py
[2023-01-18T08:03:54.066+0000] {processor.py:753} INFO - DAG(s) dict_keys(['our_first_dag_v5']) retrieved from /opt/airflow/dags/our_first_dag.py
[2023-01-18T08:03:54.100+0000] {logging_mixin.py:137} INFO - [2023-01-18T08:03:54.099+0000] {dag.py:2676} INFO - Sync 1 DAGs
[2023-01-18T08:03:54.126+0000] {logging_mixin.py:137} INFO - [2023-01-18T08:03:54.126+0000] {dag.py:3427} INFO - Setting next_dagrun for our_first_dag_v5 to 2021-11-29T00:00:00+00:00, run_after=2021-11-30T00:00:00+00:00
[2023-01-18T08:03:54.389+0000] {processor.py:175} INFO - Processing /opt/airflow/dags/our_first_dag.py took 0.351 seconds
[2023-01-18T08:05:27.129+0000] {processor.py:153} INFO - Started process (PID=890) to work on /opt/airflow/dags/our_first_dag.py
[2023-01-18T08:05:27.130+0000] {processor.py:743} INFO - Processing file /opt/airflow/dags/our_first_dag.py for tasks to queue
[2023-01-18T08:05:27.131+0000] {logging_mixin.py:137} INFO - [2023-01-18T08:05:27.131+0000] {dagbag.py:538} INFO - Filling up the DagBag from /opt/airflow/dags/our_first_dag.py
[2023-01-18T08:05:40.301+0000] {processor.py:753} INFO - DAG(s) dict_keys(['our_first_dag_v5']) retrieved from /opt/airflow/dags/our_first_dag.py
[2023-01-18T08:05:50.198+0000] {logging_mixin.py:137} INFO - [2023-01-18T08:05:50.197+0000] {dag.py:2676} INFO - Sync 1 DAGs
[2023-01-18T08:05:54.698+0000] {logging_mixin.py:137} INFO - [2023-01-18T08:05:54.698+0000] {dag.py:3427} INFO - Setting next_dagrun for our_first_dag_v5 to 2021-11-29T00:00:00+00:00, run_after=2021-11-30T00:00:00+00:00
[2023-01-18T08:06:03.987+0000] {processor.py:175} INFO - Processing /opt/airflow/dags/our_first_dag.py took 36.861 seconds
[2023-01-18T08:06:34.296+0000] {processor.py:153} INFO - Started process (PID=947) to work on /opt/airflow/dags/our_first_dag.py
[2023-01-18T08:06:34.297+0000] {processor.py:743} INFO - Processing file /opt/airflow/dags/our_first_dag.py for tasks to queue
[2023-01-18T08:06:34.297+0000] {logging_mixin.py:137} INFO - [2023-01-18T08:06:34.297+0000] {dagbag.py:538} INFO - Filling up the DagBag from /opt/airflow/dags/our_first_dag.py
[2023-01-18T08:06:34.973+0000] {processor.py:753} INFO - DAG(s) dict_keys(['our_first_dag_v5']) retrieved from /opt/airflow/dags/our_first_dag.py
[2023-01-18T08:06:35.031+0000] {logging_mixin.py:137} INFO - [2023-01-18T08:06:35.031+0000] {dag.py:2676} INFO - Sync 1 DAGs
[2023-01-18T08:06:35.077+0000] {logging_mixin.py:137} INFO - [2023-01-18T08:06:35.077+0000] {dag.py:3427} INFO - Setting next_dagrun for our_first_dag_v5 to 2021-11-29T00:00:00+00:00, run_after=2021-11-30T00:00:00+00:00
[2023-01-18T08:06:37.304+0000] {processor.py:175} INFO - Processing /opt/airflow/dags/our_first_dag.py took 3.011 seconds
[2023-01-18T08:07:07.572+0000] {processor.py:153} INFO - Started process (PID=998) to work on /opt/airflow/dags/our_first_dag.py
[2023-01-18T08:07:07.573+0000] {processor.py:743} INFO - Processing file /opt/airflow/dags/our_first_dag.py for tasks to queue
[2023-01-18T08:07:07.574+0000] {logging_mixin.py:137} INFO - [2023-01-18T08:07:07.574+0000] {dagbag.py:538} INFO - Filling up the DagBag from /opt/airflow/dags/our_first_dag.py
[2023-01-18T08:07:07.974+0000] {processor.py:753} INFO - DAG(s) dict_keys(['our_first_dag_v5']) retrieved from /opt/airflow/dags/our_first_dag.py
[2023-01-18T08:07:08.019+0000] {logging_mixin.py:137} INFO - [2023-01-18T08:07:08.019+0000] {dag.py:2676} INFO - Sync 1 DAGs
[2023-01-18T08:07:08.054+0000] {logging_mixin.py:137} INFO - [2023-01-18T08:07:08.054+0000] {dag.py:3427} INFO - Setting next_dagrun for our_first_dag_v5 to 2021-11-29T00:00:00+00:00, run_after=2021-11-30T00:00:00+00:00
[2023-01-18T08:07:09.385+0000] {processor.py:175} INFO - Processing /opt/airflow/dags/our_first_dag.py took 1.816 seconds
[2023-01-18T08:08:27.578+0000] {processor.py:153} INFO - Started process (PID=1070) to work on /opt/airflow/dags/our_first_dag.py
[2023-01-18T08:08:27.579+0000] {processor.py:743} INFO - Processing file /opt/airflow/dags/our_first_dag.py for tasks to queue
[2023-01-18T08:08:27.580+0000] {logging_mixin.py:137} INFO - [2023-01-18T08:08:27.580+0000] {dagbag.py:538} INFO - Filling up the DagBag from /opt/airflow/dags/our_first_dag.py
[2023-01-18T08:08:27.659+0000] {processor.py:753} INFO - DAG(s) dict_keys(['our_first_dag_v5']) retrieved from /opt/airflow/dags/our_first_dag.py
[2023-01-18T08:08:27.708+0000] {logging_mixin.py:137} INFO - [2023-01-18T08:08:27.708+0000] {dag.py:2676} INFO - Sync 1 DAGs
[2023-01-18T08:08:27.749+0000] {logging_mixin.py:137} INFO - [2023-01-18T08:08:27.748+0000] {dag.py:3427} INFO - Setting next_dagrun for our_first_dag_v5 to 2021-11-29T00:00:00+00:00, run_after=2021-11-30T00:00:00+00:00
[2023-01-18T08:08:28.591+0000] {processor.py:175} INFO - Processing /opt/airflow/dags/our_first_dag.py took 1.015 seconds
[2023-01-18T08:08:59.224+0000] {processor.py:153} INFO - Started process (PID=1130) to work on /opt/airflow/dags/our_first_dag.py
[2023-01-18T08:08:59.224+0000] {processor.py:743} INFO - Processing file /opt/airflow/dags/our_first_dag.py for tasks to queue
[2023-01-18T08:08:59.225+0000] {logging_mixin.py:137} INFO - [2023-01-18T08:08:59.225+0000] {dagbag.py:538} INFO - Filling up the DagBag from /opt/airflow/dags/our_first_dag.py
[2023-01-18T08:08:59.250+0000] {processor.py:753} INFO - DAG(s) dict_keys(['our_first_dag_v5']) retrieved from /opt/airflow/dags/our_first_dag.py
[2023-01-18T08:08:59.284+0000] {logging_mixin.py:137} INFO - [2023-01-18T08:08:59.284+0000] {dag.py:2676} INFO - Sync 1 DAGs
[2023-01-18T08:08:59.310+0000] {logging_mixin.py:137} INFO - [2023-01-18T08:08:59.310+0000] {dag.py:3427} INFO - Setting next_dagrun for our_first_dag_v5 to 2021-11-29T00:00:00+00:00, run_after=2021-11-30T00:00:00+00:00
[2023-01-18T08:08:59.959+0000] {processor.py:175} INFO - Processing /opt/airflow/dags/our_first_dag.py took 0.737 seconds
[2023-01-18T08:09:30.903+0000] {processor.py:153} INFO - Started process (PID=1177) to work on /opt/airflow/dags/our_first_dag.py
[2023-01-18T08:09:30.903+0000] {processor.py:743} INFO - Processing file /opt/airflow/dags/our_first_dag.py for tasks to queue
[2023-01-18T08:09:30.904+0000] {logging_mixin.py:137} INFO - [2023-01-18T08:09:30.904+0000] {dagbag.py:538} INFO - Filling up the DagBag from /opt/airflow/dags/our_first_dag.py
[2023-01-18T08:09:30.938+0000] {processor.py:753} INFO - DAG(s) dict_keys(['our_first_dag_v5']) retrieved from /opt/airflow/dags/our_first_dag.py
[2023-01-18T08:09:30.971+0000] {logging_mixin.py:137} INFO - [2023-01-18T08:09:30.971+0000] {dag.py:2676} INFO - Sync 1 DAGs
[2023-01-18T08:09:30.997+0000] {logging_mixin.py:137} INFO - [2023-01-18T08:09:30.997+0000] {dag.py:3427} INFO - Setting next_dagrun for our_first_dag_v5 to 2021-11-29T00:00:00+00:00, run_after=2021-11-30T00:00:00+00:00
[2023-01-18T08:09:32.300+0000] {processor.py:175} INFO - Processing /opt/airflow/dags/our_first_dag.py took 1.399 seconds
[2023-01-18T08:10:06.491+0000] {processor.py:153} INFO - Started process (PID=1245) to work on /opt/airflow/dags/our_first_dag.py
[2023-01-18T08:10:06.492+0000] {processor.py:743} INFO - Processing file /opt/airflow/dags/our_first_dag.py for tasks to queue
[2023-01-18T08:10:06.493+0000] {logging_mixin.py:137} INFO - [2023-01-18T08:10:06.493+0000] {dagbag.py:538} INFO - Filling up the DagBag from /opt/airflow/dags/our_first_dag.py
[2023-01-18T08:10:06.516+0000] {processor.py:753} INFO - DAG(s) dict_keys(['our_first_dag_v5']) retrieved from /opt/airflow/dags/our_first_dag.py
[2023-01-18T08:10:06.557+0000] {logging_mixin.py:137} INFO - [2023-01-18T08:10:06.557+0000] {dag.py:2676} INFO - Sync 1 DAGs
[2023-01-18T08:10:06.587+0000] {logging_mixin.py:137} INFO - [2023-01-18T08:10:06.587+0000] {dag.py:3427} INFO - Setting next_dagrun for our_first_dag_v5 to 2021-11-29T00:00:00+00:00, run_after=2021-11-30T00:00:00+00:00
[2023-01-18T08:10:07.240+0000] {processor.py:175} INFO - Processing /opt/airflow/dags/our_first_dag.py took 0.751 seconds
[2023-01-18T08:10:37.448+0000] {processor.py:153} INFO - Started process (PID=1293) to work on /opt/airflow/dags/our_first_dag.py
[2023-01-18T08:10:37.449+0000] {processor.py:743} INFO - Processing file /opt/airflow/dags/our_first_dag.py for tasks to queue
[2023-01-18T08:10:37.451+0000] {logging_mixin.py:137} INFO - [2023-01-18T08:10:37.450+0000] {dagbag.py:538} INFO - Filling up the DagBag from /opt/airflow/dags/our_first_dag.py
[2023-01-18T08:10:37.474+0000] {processor.py:753} INFO - DAG(s) dict_keys(['our_first_dag_v5']) retrieved from /opt/airflow/dags/our_first_dag.py
[2023-01-18T08:10:37.516+0000] {logging_mixin.py:137} INFO - [2023-01-18T08:10:37.515+0000] {dag.py:2676} INFO - Sync 1 DAGs
[2023-01-18T08:10:37.542+0000] {logging_mixin.py:137} INFO - [2023-01-18T08:10:37.542+0000] {dag.py:3427} INFO - Setting next_dagrun for our_first_dag_v5 to 2021-11-29T00:00:00+00:00, run_after=2021-11-30T00:00:00+00:00
[2023-01-18T08:10:38.029+0000] {processor.py:175} INFO - Processing /opt/airflow/dags/our_first_dag.py took 0.583 seconds
[2023-01-18T08:11:09.142+0000] {processor.py:153} INFO - Started process (PID=1343) to work on /opt/airflow/dags/our_first_dag.py
[2023-01-18T08:11:09.143+0000] {processor.py:743} INFO - Processing file /opt/airflow/dags/our_first_dag.py for tasks to queue
[2023-01-18T08:11:09.143+0000] {logging_mixin.py:137} INFO - [2023-01-18T08:11:09.143+0000] {dagbag.py:538} INFO - Filling up the DagBag from /opt/airflow/dags/our_first_dag.py
[2023-01-18T08:11:09.169+0000] {processor.py:753} INFO - DAG(s) dict_keys(['our_first_dag_v5']) retrieved from /opt/airflow/dags/our_first_dag.py
[2023-01-18T08:11:09.206+0000] {logging_mixin.py:137} INFO - [2023-01-18T08:11:09.206+0000] {dag.py:2676} INFO - Sync 1 DAGs
[2023-01-18T08:11:09.232+0000] {logging_mixin.py:137} INFO - [2023-01-18T08:11:09.232+0000] {dag.py:3427} INFO - Setting next_dagrun for our_first_dag_v5 to 2021-11-29T00:00:00+00:00, run_after=2021-11-30T00:00:00+00:00
[2023-01-18T08:11:09.631+0000] {processor.py:175} INFO - Processing /opt/airflow/dags/our_first_dag.py took 0.492 seconds
[2023-01-18T08:11:40.152+0000] {processor.py:153} INFO - Started process (PID=1391) to work on /opt/airflow/dags/our_first_dag.py
[2023-01-18T08:11:40.153+0000] {processor.py:743} INFO - Processing file /opt/airflow/dags/our_first_dag.py for tasks to queue
[2023-01-18T08:11:40.153+0000] {logging_mixin.py:137} INFO - [2023-01-18T08:11:40.153+0000] {dagbag.py:538} INFO - Filling up the DagBag from /opt/airflow/dags/our_first_dag.py
[2023-01-18T08:11:40.178+0000] {processor.py:753} INFO - DAG(s) dict_keys(['our_first_dag_v5']) retrieved from /opt/airflow/dags/our_first_dag.py
[2023-01-18T08:11:40.211+0000] {logging_mixin.py:137} INFO - [2023-01-18T08:11:40.211+0000] {dag.py:2676} INFO - Sync 1 DAGs
[2023-01-18T08:11:40.237+0000] {logging_mixin.py:137} INFO - [2023-01-18T08:11:40.237+0000] {dag.py:3427} INFO - Setting next_dagrun for our_first_dag_v5 to 2021-11-29T00:00:00+00:00, run_after=2021-11-30T00:00:00+00:00
[2023-01-18T08:11:40.718+0000] {processor.py:175} INFO - Processing /opt/airflow/dags/our_first_dag.py took 0.569 seconds
[2023-01-18T08:12:11.371+0000] {processor.py:153} INFO - Started process (PID=1455) to work on /opt/airflow/dags/our_first_dag.py
[2023-01-18T08:12:11.372+0000] {processor.py:743} INFO - Processing file /opt/airflow/dags/our_first_dag.py for tasks to queue
[2023-01-18T08:12:11.373+0000] {logging_mixin.py:137} INFO - [2023-01-18T08:12:11.373+0000] {dagbag.py:538} INFO - Filling up the DagBag from /opt/airflow/dags/our_first_dag.py
[2023-01-18T08:12:11.401+0000] {processor.py:753} INFO - DAG(s) dict_keys(['our_first_dag_v5']) retrieved from /opt/airflow/dags/our_first_dag.py
[2023-01-18T08:12:11.436+0000] {logging_mixin.py:137} INFO - [2023-01-18T08:12:11.436+0000] {dag.py:2676} INFO - Sync 1 DAGs
[2023-01-18T08:12:11.463+0000] {logging_mixin.py:137} INFO - [2023-01-18T08:12:11.463+0000] {dag.py:3427} INFO - Setting next_dagrun for our_first_dag_v5 to 2021-11-29T00:00:00+00:00, run_after=2021-11-30T00:00:00+00:00
[2023-01-18T08:12:12.274+0000] {processor.py:175} INFO - Processing /opt/airflow/dags/our_first_dag.py took 0.905 seconds
[2023-01-18T08:12:42.639+0000] {processor.py:153} INFO - Started process (PID=1503) to work on /opt/airflow/dags/our_first_dag.py
[2023-01-18T08:12:42.640+0000] {processor.py:743} INFO - Processing file /opt/airflow/dags/our_first_dag.py for tasks to queue
[2023-01-18T08:12:42.641+0000] {logging_mixin.py:137} INFO - [2023-01-18T08:12:42.641+0000] {dagbag.py:538} INFO - Filling up the DagBag from /opt/airflow/dags/our_first_dag.py
[2023-01-18T08:12:42.665+0000] {processor.py:753} INFO - DAG(s) dict_keys(['our_first_dag_v5']) retrieved from /opt/airflow/dags/our_first_dag.py
[2023-01-18T08:12:42.699+0000] {logging_mixin.py:137} INFO - [2023-01-18T08:12:42.699+0000] {dag.py:2676} INFO - Sync 1 DAGs
[2023-01-18T08:12:42.726+0000] {logging_mixin.py:137} INFO - [2023-01-18T08:12:42.726+0000] {dag.py:3427} INFO - Setting next_dagrun for our_first_dag_v5 to 2021-11-29T00:00:00+00:00, run_after=2021-11-30T00:00:00+00:00
[2023-01-18T08:12:42.922+0000] {processor.py:175} INFO - Processing /opt/airflow/dags/our_first_dag.py took 0.285 seconds
[2023-01-18T08:13:13.027+0000] {processor.py:153} INFO - Started process (PID=1553) to work on /opt/airflow/dags/our_first_dag.py
[2023-01-18T08:13:13.028+0000] {processor.py:743} INFO - Processing file /opt/airflow/dags/our_first_dag.py for tasks to queue
[2023-01-18T08:13:13.029+0000] {logging_mixin.py:137} INFO - [2023-01-18T08:13:13.029+0000] {dagbag.py:538} INFO - Filling up the DagBag from /opt/airflow/dags/our_first_dag.py
[2023-01-18T08:13:13.052+0000] {processor.py:753} INFO - DAG(s) dict_keys(['our_first_dag_v5']) retrieved from /opt/airflow/dags/our_first_dag.py
[2023-01-18T08:13:13.084+0000] {logging_mixin.py:137} INFO - [2023-01-18T08:13:13.084+0000] {dag.py:2676} INFO - Sync 1 DAGs
[2023-01-18T08:13:13.110+0000] {logging_mixin.py:137} INFO - [2023-01-18T08:13:13.110+0000] {dag.py:3427} INFO - Setting next_dagrun for our_first_dag_v5 to 2021-11-29T00:00:00+00:00, run_after=2021-11-30T00:00:00+00:00
[2023-01-18T08:13:13.710+0000] {processor.py:175} INFO - Processing /opt/airflow/dags/our_first_dag.py took 0.685 seconds
[2023-01-18T08:13:44.372+0000] {processor.py:153} INFO - Started process (PID=1619) to work on /opt/airflow/dags/our_first_dag.py
[2023-01-18T08:13:44.372+0000] {processor.py:743} INFO - Processing file /opt/airflow/dags/our_first_dag.py for tasks to queue
[2023-01-18T08:13:44.373+0000] {logging_mixin.py:137} INFO - [2023-01-18T08:13:44.373+0000] {dagbag.py:538} INFO - Filling up the DagBag from /opt/airflow/dags/our_first_dag.py
[2023-01-18T08:13:44.398+0000] {processor.py:753} INFO - DAG(s) dict_keys(['our_first_dag_v5']) retrieved from /opt/airflow/dags/our_first_dag.py
[2023-01-18T08:13:44.437+0000] {logging_mixin.py:137} INFO - [2023-01-18T08:13:44.436+0000] {dag.py:2676} INFO - Sync 1 DAGs
[2023-01-18T08:13:44.467+0000] {logging_mixin.py:137} INFO - [2023-01-18T08:13:44.466+0000] {dag.py:3427} INFO - Setting next_dagrun for our_first_dag_v5 to 2021-11-29T00:00:00+00:00, run_after=2021-11-30T00:00:00+00:00
[2023-01-18T08:13:45.767+0000] {processor.py:175} INFO - Processing /opt/airflow/dags/our_first_dag.py took 1.398 seconds
[2023-01-18T08:14:16.004+0000] {processor.py:153} INFO - Started process (PID=1668) to work on /opt/airflow/dags/our_first_dag.py
[2023-01-18T08:14:16.005+0000] {processor.py:743} INFO - Processing file /opt/airflow/dags/our_first_dag.py for tasks to queue
[2023-01-18T08:14:16.006+0000] {logging_mixin.py:137} INFO - [2023-01-18T08:14:16.006+0000] {dagbag.py:538} INFO - Filling up the DagBag from /opt/airflow/dags/our_first_dag.py
[2023-01-18T08:14:16.031+0000] {processor.py:753} INFO - DAG(s) dict_keys(['our_first_dag_v5']) retrieved from /opt/airflow/dags/our_first_dag.py
[2023-01-18T08:14:16.064+0000] {logging_mixin.py:137} INFO - [2023-01-18T08:14:16.064+0000] {dag.py:2676} INFO - Sync 1 DAGs
[2023-01-18T08:14:16.094+0000] {logging_mixin.py:137} INFO - [2023-01-18T08:14:16.094+0000] {dag.py:3427} INFO - Setting next_dagrun for our_first_dag_v5 to 2021-11-29T00:00:00+00:00, run_after=2021-11-30T00:00:00+00:00
[2023-01-18T08:14:16.431+0000] {processor.py:175} INFO - Processing /opt/airflow/dags/our_first_dag.py took 0.429 seconds
[2023-01-18T08:14:46.795+0000] {processor.py:153} INFO - Started process (PID=1717) to work on /opt/airflow/dags/our_first_dag.py
[2023-01-18T08:14:46.796+0000] {processor.py:743} INFO - Processing file /opt/airflow/dags/our_first_dag.py for tasks to queue
[2023-01-18T08:14:46.797+0000] {logging_mixin.py:137} INFO - [2023-01-18T08:14:46.797+0000] {dagbag.py:538} INFO - Filling up the DagBag from /opt/airflow/dags/our_first_dag.py
[2023-01-18T08:14:46.820+0000] {processor.py:753} INFO - DAG(s) dict_keys(['our_first_dag_v5']) retrieved from /opt/airflow/dags/our_first_dag.py
[2023-01-18T08:14:46.854+0000] {logging_mixin.py:137} INFO - [2023-01-18T08:14:46.854+0000] {dag.py:2676} INFO - Sync 1 DAGs
[2023-01-18T08:14:46.879+0000] {logging_mixin.py:137} INFO - [2023-01-18T08:14:46.879+0000] {dag.py:3427} INFO - Setting next_dagrun for our_first_dag_v5 to 2021-11-29T00:00:00+00:00, run_after=2021-11-30T00:00:00+00:00
[2023-01-18T08:14:47.086+0000] {processor.py:175} INFO - Processing /opt/airflow/dags/our_first_dag.py took 0.293 seconds
[2023-01-18T08:15:17.144+0000] {processor.py:153} INFO - Started process (PID=1768) to work on /opt/airflow/dags/our_first_dag.py
[2023-01-18T08:15:17.145+0000] {processor.py:743} INFO - Processing file /opt/airflow/dags/our_first_dag.py for tasks to queue
[2023-01-18T08:15:17.146+0000] {logging_mixin.py:137} INFO - [2023-01-18T08:15:17.146+0000] {dagbag.py:538} INFO - Filling up the DagBag from /opt/airflow/dags/our_first_dag.py
[2023-01-18T08:15:17.176+0000] {processor.py:753} INFO - DAG(s) dict_keys(['our_first_dag_v5']) retrieved from /opt/airflow/dags/our_first_dag.py
[2023-01-18T08:15:17.215+0000] {logging_mixin.py:137} INFO - [2023-01-18T08:15:17.214+0000] {dag.py:2676} INFO - Sync 1 DAGs
[2023-01-18T08:15:17.252+0000] {logging_mixin.py:137} INFO - [2023-01-18T08:15:17.251+0000] {dag.py:3427} INFO - Setting next_dagrun for our_first_dag_v5 to 2021-11-29T00:00:00+00:00, run_after=2021-11-30T00:00:00+00:00
[2023-01-18T08:15:17.327+0000] {processor.py:175} INFO - Processing /opt/airflow/dags/our_first_dag.py took 0.186 seconds
[2023-01-18T08:15:47.873+0000] {processor.py:153} INFO - Started process (PID=1831) to work on /opt/airflow/dags/our_first_dag.py
[2023-01-18T08:15:47.873+0000] {processor.py:743} INFO - Processing file /opt/airflow/dags/our_first_dag.py for tasks to queue
[2023-01-18T08:15:47.874+0000] {logging_mixin.py:137} INFO - [2023-01-18T08:15:47.874+0000] {dagbag.py:538} INFO - Filling up the DagBag from /opt/airflow/dags/our_first_dag.py
[2023-01-18T08:15:47.898+0000] {processor.py:753} INFO - DAG(s) dict_keys(['our_first_dag_v5']) retrieved from /opt/airflow/dags/our_first_dag.py
[2023-01-18T08:15:47.930+0000] {logging_mixin.py:137} INFO - [2023-01-18T08:15:47.930+0000] {dag.py:2676} INFO - Sync 1 DAGs
[2023-01-18T08:15:47.953+0000] {logging_mixin.py:137} INFO - [2023-01-18T08:15:47.953+0000] {dag.py:3427} INFO - Setting next_dagrun for our_first_dag_v5 to 2021-11-29T00:00:00+00:00, run_after=2021-11-30T00:00:00+00:00
[2023-01-18T08:15:48.004+0000] {processor.py:175} INFO - Processing /opt/airflow/dags/our_first_dag.py took 0.134 seconds
[2023-01-18T08:16:18.240+0000] {processor.py:153} INFO - Started process (PID=1880) to work on /opt/airflow/dags/our_first_dag.py
[2023-01-18T08:16:18.241+0000] {processor.py:743} INFO - Processing file /opt/airflow/dags/our_first_dag.py for tasks to queue
[2023-01-18T08:16:18.242+0000] {logging_mixin.py:137} INFO - [2023-01-18T08:16:18.242+0000] {dagbag.py:538} INFO - Filling up the DagBag from /opt/airflow/dags/our_first_dag.py
[2023-01-18T08:16:18.267+0000] {processor.py:753} INFO - DAG(s) dict_keys(['our_first_dag_v5']) retrieved from /opt/airflow/dags/our_first_dag.py
[2023-01-18T08:16:18.300+0000] {logging_mixin.py:137} INFO - [2023-01-18T08:16:18.299+0000] {dag.py:2676} INFO - Sync 1 DAGs
[2023-01-18T08:16:18.325+0000] {logging_mixin.py:137} INFO - [2023-01-18T08:16:18.325+0000] {dag.py:3427} INFO - Setting next_dagrun for our_first_dag_v5 to 2021-11-29T00:00:00+00:00, run_after=2021-11-30T00:00:00+00:00
[2023-01-18T08:16:18.392+0000] {processor.py:175} INFO - Processing /opt/airflow/dags/our_first_dag.py took 0.155 seconds
[2023-01-18T08:16:48.639+0000] {processor.py:153} INFO - Started process (PID=1946) to work on /opt/airflow/dags/our_first_dag.py
[2023-01-18T08:16:48.641+0000] {processor.py:743} INFO - Processing file /opt/airflow/dags/our_first_dag.py for tasks to queue
[2023-01-18T08:16:48.643+0000] {logging_mixin.py:137} INFO - [2023-01-18T08:16:48.643+0000] {dagbag.py:538} INFO - Filling up the DagBag from /opt/airflow/dags/our_first_dag.py
[2023-01-18T08:16:48.670+0000] {processor.py:753} INFO - DAG(s) dict_keys(['our_first_dag_v5']) retrieved from /opt/airflow/dags/our_first_dag.py
[2023-01-18T08:16:48.708+0000] {logging_mixin.py:137} INFO - [2023-01-18T08:16:48.708+0000] {dag.py:2676} INFO - Sync 1 DAGs
[2023-01-18T08:16:48.739+0000] {logging_mixin.py:137} INFO - [2023-01-18T08:16:48.739+0000] {dag.py:3427} INFO - Setting next_dagrun for our_first_dag_v5 to 2021-11-29T00:00:00+00:00, run_after=2021-11-30T00:00:00+00:00
[2023-01-18T08:16:49.330+0000] {processor.py:175} INFO - Processing /opt/airflow/dags/our_first_dag.py took 0.695 seconds
[2023-01-18T08:17:19.372+0000] {processor.py:153} INFO - Started process (PID=1994) to work on /opt/airflow/dags/our_first_dag.py
[2023-01-18T08:17:19.373+0000] {processor.py:743} INFO - Processing file /opt/airflow/dags/our_first_dag.py for tasks to queue
[2023-01-18T08:17:19.374+0000] {logging_mixin.py:137} INFO - [2023-01-18T08:17:19.373+0000] {dagbag.py:538} INFO - Filling up the DagBag from /opt/airflow/dags/our_first_dag.py
[2023-01-18T08:17:19.401+0000] {processor.py:753} INFO - DAG(s) dict_keys(['our_first_dag_v5']) retrieved from /opt/airflow/dags/our_first_dag.py
[2023-01-18T08:17:19.434+0000] {logging_mixin.py:137} INFO - [2023-01-18T08:17:19.434+0000] {dag.py:2676} INFO - Sync 1 DAGs
[2023-01-18T08:17:19.462+0000] {logging_mixin.py:137} INFO - [2023-01-18T08:17:19.461+0000] {dag.py:3427} INFO - Setting next_dagrun for our_first_dag_v5 to 2021-11-29T00:00:00+00:00, run_after=2021-11-30T00:00:00+00:00
[2023-01-18T08:17:19.523+0000] {processor.py:175} INFO - Processing /opt/airflow/dags/our_first_dag.py took 0.155 seconds
[2023-01-18T08:17:50.142+0000] {processor.py:153} INFO - Started process (PID=2043) to work on /opt/airflow/dags/our_first_dag.py
[2023-01-18T08:17:50.144+0000] {processor.py:743} INFO - Processing file /opt/airflow/dags/our_first_dag.py for tasks to queue
[2023-01-18T08:17:50.144+0000] {logging_mixin.py:137} INFO - [2023-01-18T08:17:50.144+0000] {dagbag.py:538} INFO - Filling up the DagBag from /opt/airflow/dags/our_first_dag.py
[2023-01-18T08:17:50.175+0000] {processor.py:753} INFO - DAG(s) dict_keys(['our_first_dag_v5']) retrieved from /opt/airflow/dags/our_first_dag.py
[2023-01-18T08:17:50.216+0000] {logging_mixin.py:137} INFO - [2023-01-18T08:17:50.216+0000] {dag.py:2676} INFO - Sync 1 DAGs
[2023-01-18T08:17:50.248+0000] {logging_mixin.py:137} INFO - [2023-01-18T08:17:50.248+0000] {dag.py:3427} INFO - Setting next_dagrun for our_first_dag_v5 to 2021-11-29T00:00:00+00:00, run_after=2021-11-30T00:00:00+00:00
[2023-01-18T08:17:50.544+0000] {processor.py:175} INFO - Processing /opt/airflow/dags/our_first_dag.py took 0.406 seconds
[2023-01-18T08:18:20.790+0000] {processor.py:153} INFO - Started process (PID=2108) to work on /opt/airflow/dags/our_first_dag.py
[2023-01-18T08:18:20.792+0000] {processor.py:743} INFO - Processing file /opt/airflow/dags/our_first_dag.py for tasks to queue
[2023-01-18T08:18:20.793+0000] {logging_mixin.py:137} INFO - [2023-01-18T08:18:20.793+0000] {dagbag.py:538} INFO - Filling up the DagBag from /opt/airflow/dags/our_first_dag.py
[2023-01-18T08:18:20.817+0000] {processor.py:753} INFO - DAG(s) dict_keys(['our_first_dag_v5']) retrieved from /opt/airflow/dags/our_first_dag.py
[2023-01-18T08:18:20.854+0000] {logging_mixin.py:137} INFO - [2023-01-18T08:18:20.854+0000] {dag.py:2676} INFO - Sync 1 DAGs
[2023-01-18T08:18:20.883+0000] {logging_mixin.py:137} INFO - [2023-01-18T08:18:20.883+0000] {dag.py:3427} INFO - Setting next_dagrun for our_first_dag_v5 to 2021-11-29T00:00:00+00:00, run_after=2021-11-30T00:00:00+00:00
[2023-01-18T08:18:21.107+0000] {processor.py:175} INFO - Processing /opt/airflow/dags/our_first_dag.py took 0.320 seconds
[2023-01-18T08:18:51.379+0000] {processor.py:153} INFO - Started process (PID=2156) to work on /opt/airflow/dags/our_first_dag.py
[2023-01-18T08:18:51.379+0000] {processor.py:743} INFO - Processing file /opt/airflow/dags/our_first_dag.py for tasks to queue
[2023-01-18T08:18:51.380+0000] {logging_mixin.py:137} INFO - [2023-01-18T08:18:51.380+0000] {dagbag.py:538} INFO - Filling up the DagBag from /opt/airflow/dags/our_first_dag.py
[2023-01-18T08:18:51.404+0000] {processor.py:753} INFO - DAG(s) dict_keys(['our_first_dag_v5']) retrieved from /opt/airflow/dags/our_first_dag.py
[2023-01-18T08:18:51.437+0000] {logging_mixin.py:137} INFO - [2023-01-18T08:18:51.437+0000] {dag.py:2676} INFO - Sync 1 DAGs
[2023-01-18T08:18:51.461+0000] {logging_mixin.py:137} INFO - [2023-01-18T08:18:51.461+0000] {dag.py:3427} INFO - Setting next_dagrun for our_first_dag_v5 to 2021-11-29T00:00:00+00:00, run_after=2021-11-30T00:00:00+00:00
[2023-01-18T08:18:51.557+0000] {processor.py:175} INFO - Processing /opt/airflow/dags/our_first_dag.py took 0.181 seconds
[2023-01-18T08:19:21.865+0000] {processor.py:153} INFO - Started process (PID=2221) to work on /opt/airflow/dags/our_first_dag.py
[2023-01-18T08:19:21.866+0000] {processor.py:743} INFO - Processing file /opt/airflow/dags/our_first_dag.py for tasks to queue
[2023-01-18T08:19:21.867+0000] {logging_mixin.py:137} INFO - [2023-01-18T08:19:21.867+0000] {dagbag.py:538} INFO - Filling up the DagBag from /opt/airflow/dags/our_first_dag.py
[2023-01-18T08:19:21.895+0000] {processor.py:753} INFO - DAG(s) dict_keys(['our_first_dag_v5']) retrieved from /opt/airflow/dags/our_first_dag.py
[2023-01-18T08:19:21.934+0000] {logging_mixin.py:137} INFO - [2023-01-18T08:19:21.934+0000] {dag.py:2676} INFO - Sync 1 DAGs
[2023-01-18T08:19:21.964+0000] {logging_mixin.py:137} INFO - [2023-01-18T08:19:21.964+0000] {dag.py:3427} INFO - Setting next_dagrun for our_first_dag_v5 to 2021-11-29T00:00:00+00:00, run_after=2021-11-30T00:00:00+00:00
[2023-01-18T08:19:22.045+0000] {processor.py:175} INFO - Processing /opt/airflow/dags/our_first_dag.py took 0.184 seconds
[2023-01-18T08:19:52.298+0000] {processor.py:153} INFO - Started process (PID=2269) to work on /opt/airflow/dags/our_first_dag.py
[2023-01-18T08:19:52.299+0000] {processor.py:743} INFO - Processing file /opt/airflow/dags/our_first_dag.py for tasks to queue
[2023-01-18T08:19:52.300+0000] {logging_mixin.py:137} INFO - [2023-01-18T08:19:52.300+0000] {dagbag.py:538} INFO - Filling up the DagBag from /opt/airflow/dags/our_first_dag.py
[2023-01-18T08:19:52.325+0000] {processor.py:753} INFO - DAG(s) dict_keys(['our_first_dag_v5']) retrieved from /opt/airflow/dags/our_first_dag.py
[2023-01-18T08:19:52.361+0000] {logging_mixin.py:137} INFO - [2023-01-18T08:19:52.361+0000] {dag.py:2676} INFO - Sync 1 DAGs
[2023-01-18T08:19:52.396+0000] {logging_mixin.py:137} INFO - [2023-01-18T08:19:52.396+0000] {dag.py:3427} INFO - Setting next_dagrun for our_first_dag_v5 to 2021-11-29T00:00:00+00:00, run_after=2021-11-30T00:00:00+00:00
[2023-01-18T08:19:52.464+0000] {processor.py:175} INFO - Processing /opt/airflow/dags/our_first_dag.py took 0.169 seconds
[2023-01-18T08:20:22.992+0000] {processor.py:153} INFO - Started process (PID=2317) to work on /opt/airflow/dags/our_first_dag.py
[2023-01-18T08:20:22.993+0000] {processor.py:743} INFO - Processing file /opt/airflow/dags/our_first_dag.py for tasks to queue
[2023-01-18T08:20:22.993+0000] {logging_mixin.py:137} INFO - [2023-01-18T08:20:22.993+0000] {dagbag.py:538} INFO - Filling up the DagBag from /opt/airflow/dags/our_first_dag.py
[2023-01-18T08:20:23.016+0000] {processor.py:753} INFO - DAG(s) dict_keys(['our_first_dag_v5']) retrieved from /opt/airflow/dags/our_first_dag.py
[2023-01-18T08:20:23.048+0000] {logging_mixin.py:137} INFO - [2023-01-18T08:20:23.048+0000] {dag.py:2676} INFO - Sync 1 DAGs
[2023-01-18T08:20:23.074+0000] {logging_mixin.py:137} INFO - [2023-01-18T08:20:23.074+0000] {dag.py:3427} INFO - Setting next_dagrun for our_first_dag_v5 to 2021-11-29T00:00:00+00:00, run_after=2021-11-30T00:00:00+00:00
[2023-01-18T08:20:23.128+0000] {processor.py:175} INFO - Processing /opt/airflow/dags/our_first_dag.py took 0.139 seconds
[2023-01-18T08:20:53.557+0000] {processor.py:153} INFO - Started process (PID=2383) to work on /opt/airflow/dags/our_first_dag.py
[2023-01-18T08:20:53.557+0000] {processor.py:743} INFO - Processing file /opt/airflow/dags/our_first_dag.py for tasks to queue
[2023-01-18T08:20:53.558+0000] {logging_mixin.py:137} INFO - [2023-01-18T08:20:53.558+0000] {dagbag.py:538} INFO - Filling up the DagBag from /opt/airflow/dags/our_first_dag.py
[2023-01-18T08:20:53.584+0000] {processor.py:753} INFO - DAG(s) dict_keys(['our_first_dag_v5']) retrieved from /opt/airflow/dags/our_first_dag.py
[2023-01-18T08:20:53.622+0000] {logging_mixin.py:137} INFO - [2023-01-18T08:20:53.621+0000] {dag.py:2676} INFO - Sync 1 DAGs
[2023-01-18T08:20:53.647+0000] {logging_mixin.py:137} INFO - [2023-01-18T08:20:53.646+0000] {dag.py:3427} INFO - Setting next_dagrun for our_first_dag_v5 to 2021-11-29T00:00:00+00:00, run_after=2021-11-30T00:00:00+00:00
[2023-01-18T08:20:53.864+0000] {processor.py:175} INFO - Processing /opt/airflow/dags/our_first_dag.py took 0.311 seconds
[2023-01-18T08:21:24.101+0000] {processor.py:153} INFO - Started process (PID=2433) to work on /opt/airflow/dags/our_first_dag.py
[2023-01-18T08:21:24.102+0000] {processor.py:743} INFO - Processing file /opt/airflow/dags/our_first_dag.py for tasks to queue
[2023-01-18T08:21:24.103+0000] {logging_mixin.py:137} INFO - [2023-01-18T08:21:24.103+0000] {dagbag.py:538} INFO - Filling up the DagBag from /opt/airflow/dags/our_first_dag.py
[2023-01-18T08:21:24.127+0000] {processor.py:753} INFO - DAG(s) dict_keys(['our_first_dag_v5']) retrieved from /opt/airflow/dags/our_first_dag.py
[2023-01-18T08:21:24.160+0000] {logging_mixin.py:137} INFO - [2023-01-18T08:21:24.160+0000] {dag.py:2676} INFO - Sync 1 DAGs
[2023-01-18T08:21:24.184+0000] {logging_mixin.py:137} INFO - [2023-01-18T08:21:24.183+0000] {dag.py:3427} INFO - Setting next_dagrun for our_first_dag_v5 to 2021-11-29T00:00:00+00:00, run_after=2021-11-30T00:00:00+00:00
[2023-01-18T08:21:25.627+0000] {processor.py:175} INFO - Processing /opt/airflow/dags/our_first_dag.py took 1.528 seconds
[2023-01-18T08:21:56.345+0000] {processor.py:153} INFO - Started process (PID=2481) to work on /opt/airflow/dags/our_first_dag.py
[2023-01-18T08:21:56.346+0000] {processor.py:743} INFO - Processing file /opt/airflow/dags/our_first_dag.py for tasks to queue
[2023-01-18T08:21:56.347+0000] {logging_mixin.py:137} INFO - [2023-01-18T08:21:56.347+0000] {dagbag.py:538} INFO - Filling up the DagBag from /opt/airflow/dags/our_first_dag.py
[2023-01-18T08:21:56.372+0000] {processor.py:753} INFO - DAG(s) dict_keys(['our_first_dag_v5']) retrieved from /opt/airflow/dags/our_first_dag.py
[2023-01-18T08:21:56.404+0000] {logging_mixin.py:137} INFO - [2023-01-18T08:21:56.404+0000] {dag.py:2676} INFO - Sync 1 DAGs
[2023-01-18T08:21:56.434+0000] {logging_mixin.py:137} INFO - [2023-01-18T08:21:56.434+0000] {dag.py:3427} INFO - Setting next_dagrun for our_first_dag_v5 to 2021-11-29T00:00:00+00:00, run_after=2021-11-30T00:00:00+00:00
[2023-01-18T08:21:57.997+0000] {processor.py:175} INFO - Processing /opt/airflow/dags/our_first_dag.py took 1.654 seconds
[2023-01-18T08:22:28.285+0000] {processor.py:153} INFO - Started process (PID=2547) to work on /opt/airflow/dags/our_first_dag.py
[2023-01-18T08:22:28.286+0000] {processor.py:743} INFO - Processing file /opt/airflow/dags/our_first_dag.py for tasks to queue
[2023-01-18T08:22:28.287+0000] {logging_mixin.py:137} INFO - [2023-01-18T08:22:28.287+0000] {dagbag.py:538} INFO - Filling up the DagBag from /opt/airflow/dags/our_first_dag.py
[2023-01-18T08:22:28.310+0000] {processor.py:753} INFO - DAG(s) dict_keys(['our_first_dag_v5']) retrieved from /opt/airflow/dags/our_first_dag.py
[2023-01-18T08:22:28.343+0000] {logging_mixin.py:137} INFO - [2023-01-18T08:22:28.342+0000] {dag.py:2676} INFO - Sync 1 DAGs
[2023-01-18T08:22:28.367+0000] {logging_mixin.py:137} INFO - [2023-01-18T08:22:28.366+0000] {dag.py:3427} INFO - Setting next_dagrun for our_first_dag_v5 to 2021-11-29T00:00:00+00:00, run_after=2021-11-30T00:00:00+00:00
[2023-01-18T08:22:28.422+0000] {processor.py:175} INFO - Processing /opt/airflow/dags/our_first_dag.py took 0.139 seconds
[2023-01-18T08:22:58.695+0000] {processor.py:153} INFO - Started process (PID=2596) to work on /opt/airflow/dags/our_first_dag.py
[2023-01-18T08:22:58.696+0000] {processor.py:743} INFO - Processing file /opt/airflow/dags/our_first_dag.py for tasks to queue
[2023-01-18T08:22:58.697+0000] {logging_mixin.py:137} INFO - [2023-01-18T08:22:58.696+0000] {dagbag.py:538} INFO - Filling up the DagBag from /opt/airflow/dags/our_first_dag.py
[2023-01-18T08:22:58.720+0000] {processor.py:753} INFO - DAG(s) dict_keys(['our_first_dag_v5']) retrieved from /opt/airflow/dags/our_first_dag.py
[2023-01-18T08:22:58.752+0000] {logging_mixin.py:137} INFO - [2023-01-18T08:22:58.752+0000] {dag.py:2676} INFO - Sync 1 DAGs
[2023-01-18T08:22:58.776+0000] {logging_mixin.py:137} INFO - [2023-01-18T08:22:58.776+0000] {dag.py:3427} INFO - Setting next_dagrun for our_first_dag_v5 to 2021-11-29T00:00:00+00:00, run_after=2021-11-30T00:00:00+00:00
[2023-01-18T08:22:58.836+0000] {processor.py:175} INFO - Processing /opt/airflow/dags/our_first_dag.py took 0.144 seconds
[2023-01-18T08:23:29.216+0000] {processor.py:153} INFO - Started process (PID=2653) to work on /opt/airflow/dags/our_first_dag.py
[2023-01-18T08:23:29.218+0000] {processor.py:743} INFO - Processing file /opt/airflow/dags/our_first_dag.py for tasks to queue
[2023-01-18T08:23:29.220+0000] {logging_mixin.py:137} INFO - [2023-01-18T08:23:29.219+0000] {dagbag.py:538} INFO - Filling up the DagBag from /opt/airflow/dags/our_first_dag.py
[2023-01-18T08:23:29.273+0000] {processor.py:753} INFO - DAG(s) dict_keys(['our_first_dag_v5']) retrieved from /opt/airflow/dags/our_first_dag.py
[2023-01-18T08:23:29.323+0000] {logging_mixin.py:137} INFO - [2023-01-18T08:23:29.323+0000] {dag.py:2676} INFO - Sync 1 DAGs
[2023-01-18T08:23:29.357+0000] {logging_mixin.py:137} INFO - [2023-01-18T08:23:29.357+0000] {dag.py:3427} INFO - Setting next_dagrun for our_first_dag_v5 to 2021-11-29T00:00:00+00:00, run_after=2021-11-30T00:00:00+00:00
[2023-01-18T08:23:29.473+0000] {processor.py:175} INFO - Processing /opt/airflow/dags/our_first_dag.py took 0.261 seconds
[2023-01-18T08:23:59.602+0000] {processor.py:153} INFO - Started process (PID=2709) to work on /opt/airflow/dags/our_first_dag.py
[2023-01-18T08:23:59.603+0000] {processor.py:743} INFO - Processing file /opt/airflow/dags/our_first_dag.py for tasks to queue
[2023-01-18T08:23:59.604+0000] {logging_mixin.py:137} INFO - [2023-01-18T08:23:59.604+0000] {dagbag.py:538} INFO - Filling up the DagBag from /opt/airflow/dags/our_first_dag.py
[2023-01-18T08:23:59.627+0000] {processor.py:753} INFO - DAG(s) dict_keys(['our_first_dag_v5']) retrieved from /opt/airflow/dags/our_first_dag.py
[2023-01-18T08:23:59.659+0000] {logging_mixin.py:137} INFO - [2023-01-18T08:23:59.659+0000] {dag.py:2676} INFO - Sync 1 DAGs
[2023-01-18T08:23:59.683+0000] {logging_mixin.py:137} INFO - [2023-01-18T08:23:59.683+0000] {dag.py:3427} INFO - Setting next_dagrun for our_first_dag_v5 to 2021-11-29T00:00:00+00:00, run_after=2021-11-30T00:00:00+00:00
[2023-01-18T08:23:59.768+0000] {processor.py:175} INFO - Processing /opt/airflow/dags/our_first_dag.py took 0.169 seconds
