[2023-01-13T11:56:23.290+0000] {processor.py:153} INFO - Started process (PID=210) to work on /home/airflow/.local/lib/python3.7/site-packages/airflow/example_dags/example_branch_labels.py
[2023-01-13T11:56:23.291+0000] {processor.py:743} INFO - Processing file /home/airflow/.local/lib/python3.7/site-packages/airflow/example_dags/example_branch_labels.py for tasks to queue
[2023-01-13T11:56:23.292+0000] {logging_mixin.py:137} INFO - [2023-01-13T11:56:23.292+0000] {dagbag.py:538} INFO - Filling up the DagBag from /home/airflow/.local/lib/python3.7/site-packages/airflow/example_dags/example_branch_labels.py
[2023-01-13T11:56:23.396+0000] {processor.py:753} INFO - DAG(s) dict_keys(['example_branch_labels']) retrieved from /home/airflow/.local/lib/python3.7/site-packages/airflow/example_dags/example_branch_labels.py
[2023-01-13T11:56:23.432+0000] {logging_mixin.py:137} INFO - [2023-01-13T11:56:23.431+0000] {dag.py:2676} INFO - Sync 1 DAGs
[2023-01-13T11:56:23.458+0000] {logging_mixin.py:137} INFO - [2023-01-13T11:56:23.457+0000] {dag.py:3427} INFO - Setting next_dagrun for example_branch_labels to 2023-01-12T00:00:00+00:00, run_after=2023-01-13T00:00:00+00:00
[2023-01-13T11:56:23.774+0000] {processor.py:175} INFO - Processing /home/airflow/.local/lib/python3.7/site-packages/airflow/example_dags/example_branch_labels.py took 0.486 seconds
[2023-01-13T11:56:53.809+0000] {processor.py:153} INFO - Started process (PID=416) to work on /home/airflow/.local/lib/python3.7/site-packages/airflow/example_dags/example_branch_labels.py
[2023-01-13T11:56:53.810+0000] {processor.py:743} INFO - Processing file /home/airflow/.local/lib/python3.7/site-packages/airflow/example_dags/example_branch_labels.py for tasks to queue
[2023-01-13T11:56:53.811+0000] {logging_mixin.py:137} INFO - [2023-01-13T11:56:53.811+0000] {dagbag.py:538} INFO - Filling up the DagBag from /home/airflow/.local/lib/python3.7/site-packages/airflow/example_dags/example_branch_labels.py
[2023-01-13T11:56:53.829+0000] {processor.py:753} INFO - DAG(s) dict_keys(['example_branch_labels']) retrieved from /home/airflow/.local/lib/python3.7/site-packages/airflow/example_dags/example_branch_labels.py
[2023-01-13T11:56:53.872+0000] {logging_mixin.py:137} INFO - [2023-01-13T11:56:53.872+0000] {dag.py:2676} INFO - Sync 1 DAGs
[2023-01-13T11:56:53.903+0000] {logging_mixin.py:137} INFO - [2023-01-13T11:56:53.903+0000] {dag.py:3427} INFO - Setting next_dagrun for example_branch_labels to 2023-01-12T00:00:00+00:00, run_after=2023-01-13T00:00:00+00:00
[2023-01-13T11:56:53.986+0000] {processor.py:175} INFO - Processing /home/airflow/.local/lib/python3.7/site-packages/airflow/example_dags/example_branch_labels.py took 0.181 seconds
[2023-01-13T11:57:24.981+0000] {processor.py:153} INFO - Started process (PID=656) to work on /home/airflow/.local/lib/python3.7/site-packages/airflow/example_dags/example_branch_labels.py
[2023-01-13T11:57:24.982+0000] {processor.py:743} INFO - Processing file /home/airflow/.local/lib/python3.7/site-packages/airflow/example_dags/example_branch_labels.py for tasks to queue
[2023-01-13T11:57:24.983+0000] {logging_mixin.py:137} INFO - [2023-01-13T11:57:24.983+0000] {dagbag.py:538} INFO - Filling up the DagBag from /home/airflow/.local/lib/python3.7/site-packages/airflow/example_dags/example_branch_labels.py
[2023-01-13T11:57:24.997+0000] {processor.py:753} INFO - DAG(s) dict_keys(['example_branch_labels']) retrieved from /home/airflow/.local/lib/python3.7/site-packages/airflow/example_dags/example_branch_labels.py
[2023-01-13T11:57:25.039+0000] {logging_mixin.py:137} INFO - [2023-01-13T11:57:25.039+0000] {dag.py:2676} INFO - Sync 1 DAGs
[2023-01-13T11:57:25.068+0000] {logging_mixin.py:137} INFO - [2023-01-13T11:57:25.068+0000] {dag.py:3427} INFO - Setting next_dagrun for example_branch_labels to 2023-01-12T00:00:00+00:00, run_after=2023-01-13T00:00:00+00:00
[2023-01-13T11:57:25.205+0000] {processor.py:175} INFO - Processing /home/airflow/.local/lib/python3.7/site-packages/airflow/example_dags/example_branch_labels.py took 0.227 seconds
[2023-01-13T11:57:55.603+0000] {processor.py:153} INFO - Started process (PID=880) to work on /home/airflow/.local/lib/python3.7/site-packages/airflow/example_dags/example_branch_labels.py
[2023-01-13T11:57:55.604+0000] {processor.py:743} INFO - Processing file /home/airflow/.local/lib/python3.7/site-packages/airflow/example_dags/example_branch_labels.py for tasks to queue
[2023-01-13T11:57:55.605+0000] {logging_mixin.py:137} INFO - [2023-01-13T11:57:55.605+0000] {dagbag.py:538} INFO - Filling up the DagBag from /home/airflow/.local/lib/python3.7/site-packages/airflow/example_dags/example_branch_labels.py
[2023-01-13T11:57:55.626+0000] {processor.py:753} INFO - DAG(s) dict_keys(['example_branch_labels']) retrieved from /home/airflow/.local/lib/python3.7/site-packages/airflow/example_dags/example_branch_labels.py
[2023-01-13T11:57:55.664+0000] {logging_mixin.py:137} INFO - [2023-01-13T11:57:55.664+0000] {dag.py:2676} INFO - Sync 1 DAGs
[2023-01-13T11:57:55.693+0000] {logging_mixin.py:137} INFO - [2023-01-13T11:57:55.693+0000] {dag.py:3427} INFO - Setting next_dagrun for example_branch_labels to 2023-01-12T00:00:00+00:00, run_after=2023-01-13T00:00:00+00:00
[2023-01-13T11:57:55.774+0000] {processor.py:175} INFO - Processing /home/airflow/.local/lib/python3.7/site-packages/airflow/example_dags/example_branch_labels.py took 0.173 seconds
[2023-01-13T11:58:26.549+0000] {processor.py:153} INFO - Started process (PID=1120) to work on /home/airflow/.local/lib/python3.7/site-packages/airflow/example_dags/example_branch_labels.py
[2023-01-13T11:58:26.550+0000] {processor.py:743} INFO - Processing file /home/airflow/.local/lib/python3.7/site-packages/airflow/example_dags/example_branch_labels.py for tasks to queue
[2023-01-13T11:58:26.550+0000] {logging_mixin.py:137} INFO - [2023-01-13T11:58:26.550+0000] {dagbag.py:538} INFO - Filling up the DagBag from /home/airflow/.local/lib/python3.7/site-packages/airflow/example_dags/example_branch_labels.py
[2023-01-13T11:58:26.566+0000] {processor.py:753} INFO - DAG(s) dict_keys(['example_branch_labels']) retrieved from /home/airflow/.local/lib/python3.7/site-packages/airflow/example_dags/example_branch_labels.py
[2023-01-13T11:58:26.606+0000] {logging_mixin.py:137} INFO - [2023-01-13T11:58:26.606+0000] {dag.py:2676} INFO - Sync 1 DAGs
[2023-01-13T11:58:26.632+0000] {logging_mixin.py:137} INFO - [2023-01-13T11:58:26.632+0000] {dag.py:3427} INFO - Setting next_dagrun for example_branch_labels to 2023-01-12T00:00:00+00:00, run_after=2023-01-13T00:00:00+00:00
[2023-01-13T11:58:26.746+0000] {processor.py:175} INFO - Processing /home/airflow/.local/lib/python3.7/site-packages/airflow/example_dags/example_branch_labels.py took 0.200 seconds
