[2023-01-13T11:56:35.485+0000] {processor.py:153} INFO - Started process (PID=361) to work on /home/airflow/.local/lib/python3.7/site-packages/airflow/example_dags/example_trigger_target_dag.py
[2023-01-13T11:56:35.486+0000] {processor.py:743} INFO - Processing file /home/airflow/.local/lib/python3.7/site-packages/airflow/example_dags/example_trigger_target_dag.py for tasks to queue
[2023-01-13T11:56:35.488+0000] {logging_mixin.py:137} INFO - [2023-01-13T11:56:35.487+0000] {dagbag.py:538} INFO - Filling up the DagBag from /home/airflow/.local/lib/python3.7/site-packages/airflow/example_dags/example_trigger_target_dag.py
[2023-01-13T11:56:35.631+0000] {processor.py:753} INFO - DAG(s) dict_keys(['example_trigger_target_dag']) retrieved from /home/airflow/.local/lib/python3.7/site-packages/airflow/example_dags/example_trigger_target_dag.py
[2023-01-13T11:56:35.682+0000] {logging_mixin.py:137} INFO - [2023-01-13T11:56:35.682+0000] {dag.py:2676} INFO - Sync 1 DAGs
[2023-01-13T11:56:35.708+0000] {logging_mixin.py:137} INFO - [2023-01-13T11:56:35.708+0000] {dag.py:3427} INFO - Setting next_dagrun for example_trigger_target_dag to None, run_after=None
[2023-01-13T11:56:35.902+0000] {processor.py:175} INFO - Processing /home/airflow/.local/lib/python3.7/site-packages/airflow/example_dags/example_trigger_target_dag.py took 0.420 seconds
[2023-01-13T11:57:06.468+0000] {processor.py:153} INFO - Started process (PID=567) to work on /home/airflow/.local/lib/python3.7/site-packages/airflow/example_dags/example_trigger_target_dag.py
[2023-01-13T11:57:06.469+0000] {processor.py:743} INFO - Processing file /home/airflow/.local/lib/python3.7/site-packages/airflow/example_dags/example_trigger_target_dag.py for tasks to queue
[2023-01-13T11:57:06.470+0000] {logging_mixin.py:137} INFO - [2023-01-13T11:57:06.470+0000] {dagbag.py:538} INFO - Filling up the DagBag from /home/airflow/.local/lib/python3.7/site-packages/airflow/example_dags/example_trigger_target_dag.py
[2023-01-13T11:57:06.490+0000] {processor.py:753} INFO - DAG(s) dict_keys(['example_trigger_target_dag']) retrieved from /home/airflow/.local/lib/python3.7/site-packages/airflow/example_dags/example_trigger_target_dag.py
[2023-01-13T11:57:06.527+0000] {logging_mixin.py:137} INFO - [2023-01-13T11:57:06.527+0000] {dag.py:2676} INFO - Sync 1 DAGs
[2023-01-13T11:57:06.552+0000] {logging_mixin.py:137} INFO - [2023-01-13T11:57:06.552+0000] {dag.py:3427} INFO - Setting next_dagrun for example_trigger_target_dag to None, run_after=None
[2023-01-13T11:57:06.689+0000] {processor.py:175} INFO - Processing /home/airflow/.local/lib/python3.7/site-packages/airflow/example_dags/example_trigger_target_dag.py took 0.225 seconds
[2023-01-13T11:57:36.731+0000] {processor.py:153} INFO - Started process (PID=809) to work on /home/airflow/.local/lib/python3.7/site-packages/airflow/example_dags/example_trigger_target_dag.py
[2023-01-13T11:57:36.732+0000] {processor.py:743} INFO - Processing file /home/airflow/.local/lib/python3.7/site-packages/airflow/example_dags/example_trigger_target_dag.py for tasks to queue
[2023-01-13T11:57:36.733+0000] {logging_mixin.py:137} INFO - [2023-01-13T11:57:36.733+0000] {dagbag.py:538} INFO - Filling up the DagBag from /home/airflow/.local/lib/python3.7/site-packages/airflow/example_dags/example_trigger_target_dag.py
[2023-01-13T11:57:36.752+0000] {processor.py:753} INFO - DAG(s) dict_keys(['example_trigger_target_dag']) retrieved from /home/airflow/.local/lib/python3.7/site-packages/airflow/example_dags/example_trigger_target_dag.py
[2023-01-13T11:57:36.793+0000] {logging_mixin.py:137} INFO - [2023-01-13T11:57:36.793+0000] {dag.py:2676} INFO - Sync 1 DAGs
[2023-01-13T11:57:36.819+0000] {logging_mixin.py:137} INFO - [2023-01-13T11:57:36.818+0000] {dag.py:3427} INFO - Setting next_dagrun for example_trigger_target_dag to None, run_after=None
[2023-01-13T11:57:36.872+0000] {processor.py:175} INFO - Processing /home/airflow/.local/lib/python3.7/site-packages/airflow/example_dags/example_trigger_target_dag.py took 0.144 seconds
[2023-01-13T11:58:07.606+0000] {processor.py:153} INFO - Started process (PID=1032) to work on /home/airflow/.local/lib/python3.7/site-packages/airflow/example_dags/example_trigger_target_dag.py
[2023-01-13T11:58:07.607+0000] {processor.py:743} INFO - Processing file /home/airflow/.local/lib/python3.7/site-packages/airflow/example_dags/example_trigger_target_dag.py for tasks to queue
[2023-01-13T11:58:07.608+0000] {logging_mixin.py:137} INFO - [2023-01-13T11:58:07.608+0000] {dagbag.py:538} INFO - Filling up the DagBag from /home/airflow/.local/lib/python3.7/site-packages/airflow/example_dags/example_trigger_target_dag.py
[2023-01-13T11:58:07.631+0000] {processor.py:753} INFO - DAG(s) dict_keys(['example_trigger_target_dag']) retrieved from /home/airflow/.local/lib/python3.7/site-packages/airflow/example_dags/example_trigger_target_dag.py
[2023-01-13T11:58:07.668+0000] {logging_mixin.py:137} INFO - [2023-01-13T11:58:07.668+0000] {dag.py:2676} INFO - Sync 1 DAGs
[2023-01-13T11:58:07.691+0000] {logging_mixin.py:137} INFO - [2023-01-13T11:58:07.691+0000] {dag.py:3427} INFO - Setting next_dagrun for example_trigger_target_dag to None, run_after=None
[2023-01-13T11:58:07.800+0000] {processor.py:175} INFO - Processing /home/airflow/.local/lib/python3.7/site-packages/airflow/example_dags/example_trigger_target_dag.py took 0.197 seconds
[2023-01-13T11:58:38.336+0000] {processor.py:153} INFO - Started process (PID=1266) to work on /home/airflow/.local/lib/python3.7/site-packages/airflow/example_dags/example_trigger_target_dag.py
[2023-01-13T11:58:38.337+0000] {processor.py:743} INFO - Processing file /home/airflow/.local/lib/python3.7/site-packages/airflow/example_dags/example_trigger_target_dag.py for tasks to queue
[2023-01-13T11:58:38.338+0000] {logging_mixin.py:137} INFO - [2023-01-13T11:58:38.338+0000] {dagbag.py:538} INFO - Filling up the DagBag from /home/airflow/.local/lib/python3.7/site-packages/airflow/example_dags/example_trigger_target_dag.py
[2023-01-13T11:58:38.360+0000] {processor.py:753} INFO - DAG(s) dict_keys(['example_trigger_target_dag']) retrieved from /home/airflow/.local/lib/python3.7/site-packages/airflow/example_dags/example_trigger_target_dag.py
[2023-01-13T11:58:38.399+0000] {logging_mixin.py:137} INFO - [2023-01-13T11:58:38.399+0000] {dag.py:2676} INFO - Sync 1 DAGs
[2023-01-13T11:58:38.427+0000] {logging_mixin.py:137} INFO - [2023-01-13T11:58:38.427+0000] {dag.py:3427} INFO - Setting next_dagrun for example_trigger_target_dag to None, run_after=None
[2023-01-13T11:58:38.492+0000] {processor.py:175} INFO - Processing /home/airflow/.local/lib/python3.7/site-packages/airflow/example_dags/example_trigger_target_dag.py took 0.159 seconds
