[2023-01-13T11:56:29.412+0000] {processor.py:153} INFO - Started process (PID=292) to work on /home/airflow/.local/lib/python3.7/site-packages/airflow/example_dags/example_sla_dag.py
[2023-01-13T11:56:29.413+0000] {processor.py:743} INFO - Processing file /home/airflow/.local/lib/python3.7/site-packages/airflow/example_dags/example_sla_dag.py for tasks to queue
[2023-01-13T11:56:29.414+0000] {logging_mixin.py:137} INFO - [2023-01-13T11:56:29.414+0000] {dagbag.py:538} INFO - Filling up the DagBag from /home/airflow/.local/lib/python3.7/site-packages/airflow/example_dags/example_sla_dag.py
[2023-01-13T11:56:29.555+0000] {processor.py:753} INFO - DAG(s) dict_keys(['example_sla_dag']) retrieved from /home/airflow/.local/lib/python3.7/site-packages/airflow/example_dags/example_sla_dag.py
[2023-01-13T11:56:29.648+0000] {logging_mixin.py:137} INFO - [2023-01-13T11:56:29.648+0000] {dag.py:2676} INFO - Sync 1 DAGs
[2023-01-13T11:56:29.731+0000] {logging_mixin.py:137} INFO - [2023-01-13T11:56:29.731+0000] {dag.py:3427} INFO - Setting next_dagrun for example_sla_dag to 2023-01-13T11:54:00+00:00, run_after=2023-01-13T11:56:00+00:00
[2023-01-13T11:56:30.577+0000] {processor.py:175} INFO - Processing /home/airflow/.local/lib/python3.7/site-packages/airflow/example_dags/example_sla_dag.py took 1.167 seconds
[2023-01-13T11:57:01.042+0000] {processor.py:153} INFO - Started process (PID=514) to work on /home/airflow/.local/lib/python3.7/site-packages/airflow/example_dags/example_sla_dag.py
[2023-01-13T11:57:01.043+0000] {processor.py:743} INFO - Processing file /home/airflow/.local/lib/python3.7/site-packages/airflow/example_dags/example_sla_dag.py for tasks to queue
[2023-01-13T11:57:01.044+0000] {logging_mixin.py:137} INFO - [2023-01-13T11:57:01.044+0000] {dagbag.py:538} INFO - Filling up the DagBag from /home/airflow/.local/lib/python3.7/site-packages/airflow/example_dags/example_sla_dag.py
[2023-01-13T11:57:01.067+0000] {processor.py:753} INFO - DAG(s) dict_keys(['example_sla_dag']) retrieved from /home/airflow/.local/lib/python3.7/site-packages/airflow/example_dags/example_sla_dag.py
[2023-01-13T11:57:01.104+0000] {logging_mixin.py:137} INFO - [2023-01-13T11:57:01.103+0000] {dag.py:2676} INFO - Sync 1 DAGs
[2023-01-13T11:57:01.133+0000] {logging_mixin.py:137} INFO - [2023-01-13T11:57:01.133+0000] {dag.py:3427} INFO - Setting next_dagrun for example_sla_dag to 2023-01-13T11:54:00+00:00, run_after=2023-01-13T11:56:00+00:00
[2023-01-13T11:57:01.418+0000] {processor.py:175} INFO - Processing /home/airflow/.local/lib/python3.7/site-packages/airflow/example_dags/example_sla_dag.py took 0.378 seconds
[2023-01-13T11:57:31.603+0000] {processor.py:153} INFO - Started process (PID=738) to work on /home/airflow/.local/lib/python3.7/site-packages/airflow/example_dags/example_sla_dag.py
[2023-01-13T11:57:31.604+0000] {processor.py:743} INFO - Processing file /home/airflow/.local/lib/python3.7/site-packages/airflow/example_dags/example_sla_dag.py for tasks to queue
[2023-01-13T11:57:31.605+0000] {logging_mixin.py:137} INFO - [2023-01-13T11:57:31.605+0000] {dagbag.py:538} INFO - Filling up the DagBag from /home/airflow/.local/lib/python3.7/site-packages/airflow/example_dags/example_sla_dag.py
[2023-01-13T11:57:31.633+0000] {processor.py:753} INFO - DAG(s) dict_keys(['example_sla_dag']) retrieved from /home/airflow/.local/lib/python3.7/site-packages/airflow/example_dags/example_sla_dag.py
[2023-01-13T11:57:31.674+0000] {logging_mixin.py:137} INFO - [2023-01-13T11:57:31.673+0000] {dag.py:2676} INFO - Sync 1 DAGs
[2023-01-13T11:57:31.704+0000] {logging_mixin.py:137} INFO - [2023-01-13T11:57:31.704+0000] {dag.py:3427} INFO - Setting next_dagrun for example_sla_dag to 2023-01-13T11:54:00+00:00, run_after=2023-01-13T11:56:00+00:00
[2023-01-13T11:57:31.854+0000] {processor.py:175} INFO - Processing /home/airflow/.local/lib/python3.7/site-packages/airflow/example_dags/example_sla_dag.py took 0.254 seconds
[2023-01-13T11:58:02.519+0000] {processor.py:153} INFO - Started process (PID=979) to work on /home/airflow/.local/lib/python3.7/site-packages/airflow/example_dags/example_sla_dag.py
[2023-01-13T11:58:02.520+0000] {processor.py:743} INFO - Processing file /home/airflow/.local/lib/python3.7/site-packages/airflow/example_dags/example_sla_dag.py for tasks to queue
[2023-01-13T11:58:02.521+0000] {logging_mixin.py:137} INFO - [2023-01-13T11:58:02.521+0000] {dagbag.py:538} INFO - Filling up the DagBag from /home/airflow/.local/lib/python3.7/site-packages/airflow/example_dags/example_sla_dag.py
[2023-01-13T11:58:02.544+0000] {processor.py:753} INFO - DAG(s) dict_keys(['example_sla_dag']) retrieved from /home/airflow/.local/lib/python3.7/site-packages/airflow/example_dags/example_sla_dag.py
[2023-01-13T11:58:02.587+0000] {logging_mixin.py:137} INFO - [2023-01-13T11:58:02.586+0000] {dag.py:2676} INFO - Sync 1 DAGs
[2023-01-13T11:58:02.617+0000] {logging_mixin.py:137} INFO - [2023-01-13T11:58:02.617+0000] {dag.py:3427} INFO - Setting next_dagrun for example_sla_dag to 2023-01-13T11:56:00+00:00, run_after=2023-01-13T11:58:00+00:00
[2023-01-13T11:58:02.683+0000] {processor.py:175} INFO - Processing /home/airflow/.local/lib/python3.7/site-packages/airflow/example_dags/example_sla_dag.py took 0.167 seconds
[2023-01-13T11:58:32.825+0000] {processor.py:153} INFO - Started process (PID=1200) to work on /home/airflow/.local/lib/python3.7/site-packages/airflow/example_dags/example_sla_dag.py
[2023-01-13T11:58:32.826+0000] {processor.py:743} INFO - Processing file /home/airflow/.local/lib/python3.7/site-packages/airflow/example_dags/example_sla_dag.py for tasks to queue
[2023-01-13T11:58:32.826+0000] {logging_mixin.py:137} INFO - [2023-01-13T11:58:32.826+0000] {dagbag.py:538} INFO - Filling up the DagBag from /home/airflow/.local/lib/python3.7/site-packages/airflow/example_dags/example_sla_dag.py
[2023-01-13T11:58:32.855+0000] {processor.py:753} INFO - DAG(s) dict_keys(['example_sla_dag']) retrieved from /home/airflow/.local/lib/python3.7/site-packages/airflow/example_dags/example_sla_dag.py
[2023-01-13T11:58:32.904+0000] {logging_mixin.py:137} INFO - [2023-01-13T11:58:32.903+0000] {dag.py:2676} INFO - Sync 1 DAGs
[2023-01-13T11:58:32.939+0000] {logging_mixin.py:137} INFO - [2023-01-13T11:58:32.938+0000] {dag.py:3427} INFO - Setting next_dagrun for example_sla_dag to 2023-01-13T11:56:00+00:00, run_after=2023-01-13T11:58:00+00:00
[2023-01-13T11:58:33.154+0000] {processor.py:175} INFO - Processing /home/airflow/.local/lib/python3.7/site-packages/airflow/example_dags/example_sla_dag.py took 0.332 seconds
