[2023-01-13T11:56:31.004+0000] {processor.py:153} INFO - Started process (PID=302) to work on /home/airflow/.local/lib/python3.7/site-packages/airflow/example_dags/example_nested_branch_dag.py
[2023-01-13T11:56:31.005+0000] {processor.py:743} INFO - Processing file /home/airflow/.local/lib/python3.7/site-packages/airflow/example_dags/example_nested_branch_dag.py for tasks to queue
[2023-01-13T11:56:31.006+0000] {logging_mixin.py:137} INFO - [2023-01-13T11:56:31.006+0000] {dagbag.py:538} INFO - Filling up the DagBag from /home/airflow/.local/lib/python3.7/site-packages/airflow/example_dags/example_nested_branch_dag.py
[2023-01-13T11:56:31.159+0000] {processor.py:753} INFO - DAG(s) dict_keys(['example_nested_branch_dag']) retrieved from /home/airflow/.local/lib/python3.7/site-packages/airflow/example_dags/example_nested_branch_dag.py
[2023-01-13T11:56:31.208+0000] {logging_mixin.py:137} INFO - [2023-01-13T11:56:31.208+0000] {dag.py:2676} INFO - Sync 1 DAGs
[2023-01-13T11:56:31.242+0000] {logging_mixin.py:137} INFO - [2023-01-13T11:56:31.241+0000] {dag.py:3427} INFO - Setting next_dagrun for example_nested_branch_dag to 2023-01-12T00:00:00+00:00, run_after=2023-01-13T00:00:00+00:00
[2023-01-13T11:56:31.710+0000] {processor.py:175} INFO - Processing /home/airflow/.local/lib/python3.7/site-packages/airflow/example_dags/example_nested_branch_dag.py took 0.710 seconds
[2023-01-13T11:57:02.328+0000] {processor.py:153} INFO - Started process (PID=524) to work on /home/airflow/.local/lib/python3.7/site-packages/airflow/example_dags/example_nested_branch_dag.py
[2023-01-13T11:57:02.330+0000] {processor.py:743} INFO - Processing file /home/airflow/.local/lib/python3.7/site-packages/airflow/example_dags/example_nested_branch_dag.py for tasks to queue
[2023-01-13T11:57:02.331+0000] {logging_mixin.py:137} INFO - [2023-01-13T11:57:02.331+0000] {dagbag.py:538} INFO - Filling up the DagBag from /home/airflow/.local/lib/python3.7/site-packages/airflow/example_dags/example_nested_branch_dag.py
[2023-01-13T11:57:02.364+0000] {processor.py:753} INFO - DAG(s) dict_keys(['example_nested_branch_dag']) retrieved from /home/airflow/.local/lib/python3.7/site-packages/airflow/example_dags/example_nested_branch_dag.py
[2023-01-13T11:57:02.420+0000] {logging_mixin.py:137} INFO - [2023-01-13T11:57:02.420+0000] {dag.py:2676} INFO - Sync 1 DAGs
[2023-01-13T11:57:02.468+0000] {logging_mixin.py:137} INFO - [2023-01-13T11:57:02.468+0000] {dag.py:3427} INFO - Setting next_dagrun for example_nested_branch_dag to 2023-01-12T00:00:00+00:00, run_after=2023-01-13T00:00:00+00:00
[2023-01-13T11:57:02.594+0000] {processor.py:175} INFO - Processing /home/airflow/.local/lib/python3.7/site-packages/airflow/example_dags/example_nested_branch_dag.py took 0.268 seconds
[2023-01-13T11:57:32.848+0000] {processor.py:153} INFO - Started process (PID=748) to work on /home/airflow/.local/lib/python3.7/site-packages/airflow/example_dags/example_nested_branch_dag.py
[2023-01-13T11:57:32.849+0000] {processor.py:743} INFO - Processing file /home/airflow/.local/lib/python3.7/site-packages/airflow/example_dags/example_nested_branch_dag.py for tasks to queue
[2023-01-13T11:57:32.850+0000] {logging_mixin.py:137} INFO - [2023-01-13T11:57:32.850+0000] {dagbag.py:538} INFO - Filling up the DagBag from /home/airflow/.local/lib/python3.7/site-packages/airflow/example_dags/example_nested_branch_dag.py
[2023-01-13T11:57:32.874+0000] {processor.py:753} INFO - DAG(s) dict_keys(['example_nested_branch_dag']) retrieved from /home/airflow/.local/lib/python3.7/site-packages/airflow/example_dags/example_nested_branch_dag.py
[2023-01-13T11:57:32.915+0000] {logging_mixin.py:137} INFO - [2023-01-13T11:57:32.914+0000] {dag.py:2676} INFO - Sync 1 DAGs
[2023-01-13T11:57:32.942+0000] {logging_mixin.py:137} INFO - [2023-01-13T11:57:32.942+0000] {dag.py:3427} INFO - Setting next_dagrun for example_nested_branch_dag to 2023-01-12T00:00:00+00:00, run_after=2023-01-13T00:00:00+00:00
[2023-01-13T11:57:33.115+0000] {processor.py:175} INFO - Processing /home/airflow/.local/lib/python3.7/site-packages/airflow/example_dags/example_nested_branch_dag.py took 0.269 seconds
[2023-01-13T11:58:03.686+0000] {processor.py:153} INFO - Started process (PID=989) to work on /home/airflow/.local/lib/python3.7/site-packages/airflow/example_dags/example_nested_branch_dag.py
[2023-01-13T11:58:03.687+0000] {processor.py:743} INFO - Processing file /home/airflow/.local/lib/python3.7/site-packages/airflow/example_dags/example_nested_branch_dag.py for tasks to queue
[2023-01-13T11:58:03.688+0000] {logging_mixin.py:137} INFO - [2023-01-13T11:58:03.687+0000] {dagbag.py:538} INFO - Filling up the DagBag from /home/airflow/.local/lib/python3.7/site-packages/airflow/example_dags/example_nested_branch_dag.py
[2023-01-13T11:58:03.713+0000] {processor.py:753} INFO - DAG(s) dict_keys(['example_nested_branch_dag']) retrieved from /home/airflow/.local/lib/python3.7/site-packages/airflow/example_dags/example_nested_branch_dag.py
[2023-01-13T11:58:03.755+0000] {logging_mixin.py:137} INFO - [2023-01-13T11:58:03.755+0000] {dag.py:2676} INFO - Sync 1 DAGs
[2023-01-13T11:58:03.784+0000] {logging_mixin.py:137} INFO - [2023-01-13T11:58:03.784+0000] {dag.py:3427} INFO - Setting next_dagrun for example_nested_branch_dag to 2023-01-12T00:00:00+00:00, run_after=2023-01-13T00:00:00+00:00
[2023-01-13T11:58:03.867+0000] {processor.py:175} INFO - Processing /home/airflow/.local/lib/python3.7/site-packages/airflow/example_dags/example_nested_branch_dag.py took 0.184 seconds
[2023-01-13T11:58:34.189+0000] {processor.py:153} INFO - Started process (PID=1212) to work on /home/airflow/.local/lib/python3.7/site-packages/airflow/example_dags/example_nested_branch_dag.py
[2023-01-13T11:58:34.190+0000] {processor.py:743} INFO - Processing file /home/airflow/.local/lib/python3.7/site-packages/airflow/example_dags/example_nested_branch_dag.py for tasks to queue
[2023-01-13T11:58:34.191+0000] {logging_mixin.py:137} INFO - [2023-01-13T11:58:34.191+0000] {dagbag.py:538} INFO - Filling up the DagBag from /home/airflow/.local/lib/python3.7/site-packages/airflow/example_dags/example_nested_branch_dag.py
[2023-01-13T11:58:34.216+0000] {processor.py:753} INFO - DAG(s) dict_keys(['example_nested_branch_dag']) retrieved from /home/airflow/.local/lib/python3.7/site-packages/airflow/example_dags/example_nested_branch_dag.py
[2023-01-13T11:58:34.254+0000] {logging_mixin.py:137} INFO - [2023-01-13T11:58:34.254+0000] {dag.py:2676} INFO - Sync 1 DAGs
[2023-01-13T11:58:34.281+0000] {logging_mixin.py:137} INFO - [2023-01-13T11:58:34.281+0000] {dag.py:3427} INFO - Setting next_dagrun for example_nested_branch_dag to 2023-01-12T00:00:00+00:00, run_after=2023-01-13T00:00:00+00:00
[2023-01-13T11:58:34.410+0000] {processor.py:175} INFO - Processing /home/airflow/.local/lib/python3.7/site-packages/airflow/example_dags/example_nested_branch_dag.py took 0.223 seconds
