[2023-01-13T11:56:35.937+0000] {processor.py:153} INFO - Started process (PID=371) to work on /home/airflow/.local/lib/python3.7/site-packages/airflow/example_dags/example_external_task_marker_dag.py
[2023-01-13T11:56:35.938+0000] {processor.py:743} INFO - Processing file /home/airflow/.local/lib/python3.7/site-packages/airflow/example_dags/example_external_task_marker_dag.py for tasks to queue
[2023-01-13T11:56:35.939+0000] {logging_mixin.py:137} INFO - [2023-01-13T11:56:35.939+0000] {dagbag.py:538} INFO - Filling up the DagBag from /home/airflow/.local/lib/python3.7/site-packages/airflow/example_dags/example_external_task_marker_dag.py
[2023-01-13T11:56:35.970+0000] {processor.py:753} INFO - DAG(s) dict_keys(['example_external_task_marker_parent', 'example_external_task_marker_child']) retrieved from /home/airflow/.local/lib/python3.7/site-packages/airflow/example_dags/example_external_task_marker_dag.py
[2023-01-13T11:56:36.015+0000] {logging_mixin.py:137} INFO - [2023-01-13T11:56:36.015+0000] {dag.py:2676} INFO - Sync 2 DAGs
[2023-01-13T11:56:36.044+0000] {logging_mixin.py:137} INFO - [2023-01-13T11:56:36.044+0000] {dag.py:3427} INFO - Setting next_dagrun for example_external_task_marker_child to None, run_after=None
[2023-01-13T11:56:36.049+0000] {logging_mixin.py:137} INFO - [2023-01-13T11:56:36.049+0000] {dag.py:3427} INFO - Setting next_dagrun for example_external_task_marker_parent to None, run_after=None
[2023-01-13T11:56:36.429+0000] {processor.py:175} INFO - Processing /home/airflow/.local/lib/python3.7/site-packages/airflow/example_dags/example_external_task_marker_dag.py took 0.496 seconds
[2023-01-13T11:57:06.717+0000] {processor.py:153} INFO - Started process (PID=577) to work on /home/airflow/.local/lib/python3.7/site-packages/airflow/example_dags/example_external_task_marker_dag.py
[2023-01-13T11:57:06.718+0000] {processor.py:743} INFO - Processing file /home/airflow/.local/lib/python3.7/site-packages/airflow/example_dags/example_external_task_marker_dag.py for tasks to queue
[2023-01-13T11:57:06.719+0000] {logging_mixin.py:137} INFO - [2023-01-13T11:57:06.719+0000] {dagbag.py:538} INFO - Filling up the DagBag from /home/airflow/.local/lib/python3.7/site-packages/airflow/example_dags/example_external_task_marker_dag.py
[2023-01-13T11:57:06.733+0000] {processor.py:753} INFO - DAG(s) dict_keys(['example_external_task_marker_child', 'example_external_task_marker_parent']) retrieved from /home/airflow/.local/lib/python3.7/site-packages/airflow/example_dags/example_external_task_marker_dag.py
[2023-01-13T11:57:06.774+0000] {logging_mixin.py:137} INFO - [2023-01-13T11:57:06.774+0000] {dag.py:2676} INFO - Sync 2 DAGs
[2023-01-13T11:57:06.800+0000] {logging_mixin.py:137} INFO - [2023-01-13T11:57:06.800+0000] {dag.py:3427} INFO - Setting next_dagrun for example_external_task_marker_child to None, run_after=None
[2023-01-13T11:57:06.805+0000] {logging_mixin.py:137} INFO - [2023-01-13T11:57:06.805+0000] {dag.py:3427} INFO - Setting next_dagrun for example_external_task_marker_parent to None, run_after=None
[2023-01-13T11:57:06.903+0000] {processor.py:175} INFO - Processing /home/airflow/.local/lib/python3.7/site-packages/airflow/example_dags/example_external_task_marker_dag.py took 0.189 seconds
[2023-01-13T11:57:37.061+0000] {processor.py:153} INFO - Started process (PID=821) to work on /home/airflow/.local/lib/python3.7/site-packages/airflow/example_dags/example_external_task_marker_dag.py
[2023-01-13T11:57:37.062+0000] {processor.py:743} INFO - Processing file /home/airflow/.local/lib/python3.7/site-packages/airflow/example_dags/example_external_task_marker_dag.py for tasks to queue
[2023-01-13T11:57:37.063+0000] {logging_mixin.py:137} INFO - [2023-01-13T11:57:37.063+0000] {dagbag.py:538} INFO - Filling up the DagBag from /home/airflow/.local/lib/python3.7/site-packages/airflow/example_dags/example_external_task_marker_dag.py
[2023-01-13T11:57:37.076+0000] {processor.py:753} INFO - DAG(s) dict_keys(['example_external_task_marker_parent', 'example_external_task_marker_child']) retrieved from /home/airflow/.local/lib/python3.7/site-packages/airflow/example_dags/example_external_task_marker_dag.py
[2023-01-13T11:57:37.115+0000] {logging_mixin.py:137} INFO - [2023-01-13T11:57:37.115+0000] {dag.py:2676} INFO - Sync 2 DAGs
[2023-01-13T11:57:37.138+0000] {logging_mixin.py:137} INFO - [2023-01-13T11:57:37.138+0000] {dag.py:3427} INFO - Setting next_dagrun for example_external_task_marker_child to None, run_after=None
[2023-01-13T11:57:37.142+0000] {logging_mixin.py:137} INFO - [2023-01-13T11:57:37.142+0000] {dag.py:3427} INFO - Setting next_dagrun for example_external_task_marker_parent to None, run_after=None
[2023-01-13T11:57:37.172+0000] {processor.py:175} INFO - Processing /home/airflow/.local/lib/python3.7/site-packages/airflow/example_dags/example_external_task_marker_dag.py took 0.113 seconds
[2023-01-13T11:58:07.867+0000] {processor.py:153} INFO - Started process (PID=1042) to work on /home/airflow/.local/lib/python3.7/site-packages/airflow/example_dags/example_external_task_marker_dag.py
[2023-01-13T11:58:07.868+0000] {processor.py:743} INFO - Processing file /home/airflow/.local/lib/python3.7/site-packages/airflow/example_dags/example_external_task_marker_dag.py for tasks to queue
[2023-01-13T11:58:07.868+0000] {logging_mixin.py:137} INFO - [2023-01-13T11:58:07.868+0000] {dagbag.py:538} INFO - Filling up the DagBag from /home/airflow/.local/lib/python3.7/site-packages/airflow/example_dags/example_external_task_marker_dag.py
[2023-01-13T11:58:07.881+0000] {processor.py:753} INFO - DAG(s) dict_keys(['example_external_task_marker_child', 'example_external_task_marker_parent']) retrieved from /home/airflow/.local/lib/python3.7/site-packages/airflow/example_dags/example_external_task_marker_dag.py
[2023-01-13T11:58:07.921+0000] {logging_mixin.py:137} INFO - [2023-01-13T11:58:07.921+0000] {dag.py:2676} INFO - Sync 2 DAGs
[2023-01-13T11:58:07.953+0000] {logging_mixin.py:137} INFO - [2023-01-13T11:58:07.953+0000] {dag.py:3427} INFO - Setting next_dagrun for example_external_task_marker_child to None, run_after=None
[2023-01-13T11:58:07.957+0000] {logging_mixin.py:137} INFO - [2023-01-13T11:58:07.957+0000] {dag.py:3427} INFO - Setting next_dagrun for example_external_task_marker_parent to None, run_after=None
[2023-01-13T11:58:08.057+0000] {processor.py:175} INFO - Processing /home/airflow/.local/lib/python3.7/site-packages/airflow/example_dags/example_external_task_marker_dag.py took 0.193 seconds
[2023-01-13T11:58:38.553+0000] {processor.py:153} INFO - Started process (PID=1283) to work on /home/airflow/.local/lib/python3.7/site-packages/airflow/example_dags/example_external_task_marker_dag.py
[2023-01-13T11:58:38.554+0000] {processor.py:743} INFO - Processing file /home/airflow/.local/lib/python3.7/site-packages/airflow/example_dags/example_external_task_marker_dag.py for tasks to queue
[2023-01-13T11:58:38.555+0000] {logging_mixin.py:137} INFO - [2023-01-13T11:58:38.555+0000] {dagbag.py:538} INFO - Filling up the DagBag from /home/airflow/.local/lib/python3.7/site-packages/airflow/example_dags/example_external_task_marker_dag.py
[2023-01-13T11:58:38.570+0000] {processor.py:753} INFO - DAG(s) dict_keys(['example_external_task_marker_child', 'example_external_task_marker_parent']) retrieved from /home/airflow/.local/lib/python3.7/site-packages/airflow/example_dags/example_external_task_marker_dag.py
[2023-01-13T11:58:38.615+0000] {logging_mixin.py:137} INFO - [2023-01-13T11:58:38.615+0000] {dag.py:2676} INFO - Sync 2 DAGs
[2023-01-13T11:58:38.640+0000] {logging_mixin.py:137} INFO - [2023-01-13T11:58:38.640+0000] {dag.py:3427} INFO - Setting next_dagrun for example_external_task_marker_child to None, run_after=None
[2023-01-13T11:58:38.645+0000] {logging_mixin.py:137} INFO - [2023-01-13T11:58:38.645+0000] {dag.py:3427} INFO - Setting next_dagrun for example_external_task_marker_parent to None, run_after=None
[2023-01-13T11:58:38.695+0000] {processor.py:175} INFO - Processing /home/airflow/.local/lib/python3.7/site-packages/airflow/example_dags/example_external_task_marker_dag.py took 0.144 seconds
