[2023-01-13T11:56:23.959+0000] {processor.py:153} INFO - Started process (PID=225) to work on /home/airflow/.local/lib/python3.7/site-packages/airflow/example_dags/example_task_group.py
[2023-01-13T11:56:23.960+0000] {processor.py:743} INFO - Processing file /home/airflow/.local/lib/python3.7/site-packages/airflow/example_dags/example_task_group.py for tasks to queue
[2023-01-13T11:56:23.961+0000] {logging_mixin.py:137} INFO - [2023-01-13T11:56:23.961+0000] {dagbag.py:538} INFO - Filling up the DagBag from /home/airflow/.local/lib/python3.7/site-packages/airflow/example_dags/example_task_group.py
[2023-01-13T11:56:24.054+0000] {processor.py:753} INFO - DAG(s) dict_keys(['example_task_group']) retrieved from /home/airflow/.local/lib/python3.7/site-packages/airflow/example_dags/example_task_group.py
[2023-01-13T11:56:24.092+0000] {logging_mixin.py:137} INFO - [2023-01-13T11:56:24.092+0000] {dag.py:2676} INFO - Sync 1 DAGs
[2023-01-13T11:56:24.117+0000] {logging_mixin.py:137} INFO - [2023-01-13T11:56:24.117+0000] {dag.py:3427} INFO - Setting next_dagrun for example_task_group to 2023-01-12T11:56:24.116925+00:00, run_after=2023-01-13T11:56:24.116925+00:00
[2023-01-13T11:56:24.341+0000] {processor.py:175} INFO - Processing /home/airflow/.local/lib/python3.7/site-packages/airflow/example_dags/example_task_group.py took 0.385 seconds
[2023-01-13T11:56:55.147+0000] {processor.py:153} INFO - Started process (PID=440) to work on /home/airflow/.local/lib/python3.7/site-packages/airflow/example_dags/example_task_group.py
[2023-01-13T11:56:55.148+0000] {processor.py:743} INFO - Processing file /home/airflow/.local/lib/python3.7/site-packages/airflow/example_dags/example_task_group.py for tasks to queue
[2023-01-13T11:56:55.149+0000] {logging_mixin.py:137} INFO - [2023-01-13T11:56:55.149+0000] {dagbag.py:538} INFO - Filling up the DagBag from /home/airflow/.local/lib/python3.7/site-packages/airflow/example_dags/example_task_group.py
[2023-01-13T11:56:55.164+0000] {processor.py:753} INFO - DAG(s) dict_keys(['example_task_group']) retrieved from /home/airflow/.local/lib/python3.7/site-packages/airflow/example_dags/example_task_group.py
[2023-01-13T11:56:55.211+0000] {logging_mixin.py:137} INFO - [2023-01-13T11:56:55.210+0000] {dag.py:2676} INFO - Sync 1 DAGs
[2023-01-13T11:56:55.237+0000] {logging_mixin.py:137} INFO - [2023-01-13T11:56:55.237+0000] {dag.py:3427} INFO - Setting next_dagrun for example_task_group to 2023-01-12T11:56:55.236979+00:00, run_after=2023-01-13T11:56:55.236979+00:00
[2023-01-13T11:56:55.347+0000] {processor.py:175} INFO - Processing /home/airflow/.local/lib/python3.7/site-packages/airflow/example_dags/example_task_group.py took 0.205 seconds
[2023-01-13T11:57:25.605+0000] {processor.py:153} INFO - Started process (PID=671) to work on /home/airflow/.local/lib/python3.7/site-packages/airflow/example_dags/example_task_group.py
[2023-01-13T11:57:25.606+0000] {processor.py:743} INFO - Processing file /home/airflow/.local/lib/python3.7/site-packages/airflow/example_dags/example_task_group.py for tasks to queue
[2023-01-13T11:57:25.607+0000] {logging_mixin.py:137} INFO - [2023-01-13T11:57:25.607+0000] {dagbag.py:538} INFO - Filling up the DagBag from /home/airflow/.local/lib/python3.7/site-packages/airflow/example_dags/example_task_group.py
[2023-01-13T11:57:25.623+0000] {processor.py:753} INFO - DAG(s) dict_keys(['example_task_group']) retrieved from /home/airflow/.local/lib/python3.7/site-packages/airflow/example_dags/example_task_group.py
[2023-01-13T11:57:25.661+0000] {logging_mixin.py:137} INFO - [2023-01-13T11:57:25.661+0000] {dag.py:2676} INFO - Sync 1 DAGs
[2023-01-13T11:57:25.686+0000] {logging_mixin.py:137} INFO - [2023-01-13T11:57:25.686+0000] {dag.py:3427} INFO - Setting next_dagrun for example_task_group to 2023-01-12T11:57:25.686505+00:00, run_after=2023-01-13T11:57:25.686505+00:00
[2023-01-13T11:57:25.847+0000] {processor.py:175} INFO - Processing /home/airflow/.local/lib/python3.7/site-packages/airflow/example_dags/example_task_group.py took 0.244 seconds
[2023-01-13T11:57:55.981+0000] {processor.py:153} INFO - Started process (PID=895) to work on /home/airflow/.local/lib/python3.7/site-packages/airflow/example_dags/example_task_group.py
[2023-01-13T11:57:55.982+0000] {processor.py:743} INFO - Processing file /home/airflow/.local/lib/python3.7/site-packages/airflow/example_dags/example_task_group.py for tasks to queue
[2023-01-13T11:57:55.983+0000] {logging_mixin.py:137} INFO - [2023-01-13T11:57:55.983+0000] {dagbag.py:538} INFO - Filling up the DagBag from /home/airflow/.local/lib/python3.7/site-packages/airflow/example_dags/example_task_group.py
[2023-01-13T11:57:55.998+0000] {processor.py:753} INFO - DAG(s) dict_keys(['example_task_group']) retrieved from /home/airflow/.local/lib/python3.7/site-packages/airflow/example_dags/example_task_group.py
[2023-01-13T11:57:56.035+0000] {logging_mixin.py:137} INFO - [2023-01-13T11:57:56.035+0000] {dag.py:2676} INFO - Sync 1 DAGs
[2023-01-13T11:57:56.060+0000] {logging_mixin.py:137} INFO - [2023-01-13T11:57:56.060+0000] {dag.py:3427} INFO - Setting next_dagrun for example_task_group to 2023-01-12T11:57:56.060484+00:00, run_after=2023-01-13T11:57:56.060484+00:00
[2023-01-13T11:57:56.114+0000] {processor.py:175} INFO - Processing /home/airflow/.local/lib/python3.7/site-packages/airflow/example_dags/example_task_group.py took 0.135 seconds
[2023-01-13T11:58:26.915+0000] {processor.py:153} INFO - Started process (PID=1135) to work on /home/airflow/.local/lib/python3.7/site-packages/airflow/example_dags/example_task_group.py
[2023-01-13T11:58:26.916+0000] {processor.py:743} INFO - Processing file /home/airflow/.local/lib/python3.7/site-packages/airflow/example_dags/example_task_group.py for tasks to queue
[2023-01-13T11:58:26.917+0000] {logging_mixin.py:137} INFO - [2023-01-13T11:58:26.917+0000] {dagbag.py:538} INFO - Filling up the DagBag from /home/airflow/.local/lib/python3.7/site-packages/airflow/example_dags/example_task_group.py
[2023-01-13T11:58:26.932+0000] {processor.py:753} INFO - DAG(s) dict_keys(['example_task_group']) retrieved from /home/airflow/.local/lib/python3.7/site-packages/airflow/example_dags/example_task_group.py
[2023-01-13T11:58:26.975+0000] {logging_mixin.py:137} INFO - [2023-01-13T11:58:26.975+0000] {dag.py:2676} INFO - Sync 1 DAGs
[2023-01-13T11:58:26.998+0000] {logging_mixin.py:137} INFO - [2023-01-13T11:58:26.998+0000] {dag.py:3427} INFO - Setting next_dagrun for example_task_group to 2023-01-12T11:58:26.998069+00:00, run_after=2023-01-13T11:58:26.998069+00:00
[2023-01-13T11:58:27.264+0000] {processor.py:175} INFO - Processing /home/airflow/.local/lib/python3.7/site-packages/airflow/example_dags/example_task_group.py took 0.353 seconds
