[2023-01-13T11:56:35.808+0000] {processor.py:153} INFO - Started process (PID=366) to work on /home/airflow/.local/lib/python3.7/site-packages/airflow/example_dags/example_subdag_operator.py
[2023-01-13T11:56:35.809+0000] {processor.py:743} INFO - Processing file /home/airflow/.local/lib/python3.7/site-packages/airflow/example_dags/example_subdag_operator.py for tasks to queue
[2023-01-13T11:56:35.810+0000] {logging_mixin.py:137} INFO - [2023-01-13T11:56:35.810+0000] {dagbag.py:538} INFO - Filling up the DagBag from /home/airflow/.local/lib/python3.7/site-packages/airflow/example_dags/example_subdag_operator.py
[2023-01-13T11:56:35.936+0000] {processor.py:753} INFO - DAG(s) dict_keys(['example_subdag_operator.section-1', 'example_subdag_operator.section-2', 'example_subdag_operator']) retrieved from /home/airflow/.local/lib/python3.7/site-packages/airflow/example_dags/example_subdag_operator.py
[2023-01-13T11:56:35.969+0000] {logging_mixin.py:137} INFO - [2023-01-13T11:56:35.969+0000] {dag.py:2676} INFO - Sync 3 DAGs
[2023-01-13T11:56:36.000+0000] {logging_mixin.py:137} INFO - [2023-01-13T11:56:36.000+0000] {dag.py:3427} INFO - Setting next_dagrun for example_subdag_operator to 2022-01-01T00:00:00+00:00, run_after=2022-01-01T00:00:00+00:00
[2023-01-13T11:56:36.004+0000] {logging_mixin.py:137} INFO - [2023-01-13T11:56:36.004+0000] {dag.py:3427} INFO - Setting next_dagrun for example_subdag_operator.section-1 to None, run_after=None
[2023-01-13T11:56:36.006+0000] {logging_mixin.py:137} INFO - [2023-01-13T11:56:36.006+0000] {dag.py:3427} INFO - Setting next_dagrun for example_subdag_operator.section-2 to None, run_after=None
[2023-01-13T11:56:36.015+0000] {logging_mixin.py:137} INFO - [2023-01-13T11:56:36.015+0000] {dag.py:2676} INFO - Sync 2 DAGs
[2023-01-13T11:56:36.022+0000] {logging_mixin.py:137} INFO - [2023-01-13T11:56:36.022+0000] {dag.py:3427} INFO - Setting next_dagrun for example_subdag_operator.section-1 to None, run_after=None
[2023-01-13T11:56:36.023+0000] {logging_mixin.py:137} INFO - [2023-01-13T11:56:36.023+0000] {dag.py:3427} INFO - Setting next_dagrun for example_subdag_operator.section-2 to None, run_after=None
[2023-01-13T11:56:36.299+0000] {processor.py:175} INFO - Processing /home/airflow/.local/lib/python3.7/site-packages/airflow/example_dags/example_subdag_operator.py took 0.495 seconds
[2023-01-13T11:57:06.574+0000] {processor.py:153} INFO - Started process (PID=572) to work on /home/airflow/.local/lib/python3.7/site-packages/airflow/example_dags/example_subdag_operator.py
[2023-01-13T11:57:06.575+0000] {processor.py:743} INFO - Processing file /home/airflow/.local/lib/python3.7/site-packages/airflow/example_dags/example_subdag_operator.py for tasks to queue
[2023-01-13T11:57:06.576+0000] {logging_mixin.py:137} INFO - [2023-01-13T11:57:06.576+0000] {dagbag.py:538} INFO - Filling up the DagBag from /home/airflow/.local/lib/python3.7/site-packages/airflow/example_dags/example_subdag_operator.py
[2023-01-13T11:57:06.607+0000] {processor.py:753} INFO - DAG(s) dict_keys(['example_subdag_operator.section-1', 'example_subdag_operator.section-2', 'example_subdag_operator']) retrieved from /home/airflow/.local/lib/python3.7/site-packages/airflow/example_dags/example_subdag_operator.py
[2023-01-13T11:57:06.644+0000] {logging_mixin.py:137} INFO - [2023-01-13T11:57:06.644+0000] {dag.py:2676} INFO - Sync 3 DAGs
[2023-01-13T11:57:06.675+0000] {logging_mixin.py:137} INFO - [2023-01-13T11:57:06.675+0000] {dag.py:3427} INFO - Setting next_dagrun for example_subdag_operator to 2022-01-01T00:00:00+00:00, run_after=2022-01-01T00:00:00+00:00
[2023-01-13T11:57:06.679+0000] {logging_mixin.py:137} INFO - [2023-01-13T11:57:06.679+0000] {dag.py:3427} INFO - Setting next_dagrun for example_subdag_operator.section-1 to None, run_after=None
[2023-01-13T11:57:06.684+0000] {logging_mixin.py:137} INFO - [2023-01-13T11:57:06.683+0000] {dag.py:3427} INFO - Setting next_dagrun for example_subdag_operator.section-2 to None, run_after=None
[2023-01-13T11:57:06.694+0000] {logging_mixin.py:137} INFO - [2023-01-13T11:57:06.693+0000] {dag.py:2676} INFO - Sync 2 DAGs
[2023-01-13T11:57:06.701+0000] {logging_mixin.py:137} INFO - [2023-01-13T11:57:06.701+0000] {dag.py:3427} INFO - Setting next_dagrun for example_subdag_operator.section-1 to None, run_after=None
[2023-01-13T11:57:06.701+0000] {logging_mixin.py:137} INFO - [2023-01-13T11:57:06.701+0000] {dag.py:3427} INFO - Setting next_dagrun for example_subdag_operator.section-2 to None, run_after=None
[2023-01-13T11:57:06.803+0000] {processor.py:175} INFO - Processing /home/airflow/.local/lib/python3.7/site-packages/airflow/example_dags/example_subdag_operator.py took 0.232 seconds
[2023-01-13T11:57:36.882+0000] {processor.py:153} INFO - Started process (PID=814) to work on /home/airflow/.local/lib/python3.7/site-packages/airflow/example_dags/example_subdag_operator.py
[2023-01-13T11:57:36.883+0000] {processor.py:743} INFO - Processing file /home/airflow/.local/lib/python3.7/site-packages/airflow/example_dags/example_subdag_operator.py for tasks to queue
[2023-01-13T11:57:36.884+0000] {logging_mixin.py:137} INFO - [2023-01-13T11:57:36.884+0000] {dagbag.py:538} INFO - Filling up the DagBag from /home/airflow/.local/lib/python3.7/site-packages/airflow/example_dags/example_subdag_operator.py
[2023-01-13T11:57:36.913+0000] {processor.py:753} INFO - DAG(s) dict_keys(['example_subdag_operator.section-1', 'example_subdag_operator.section-2', 'example_subdag_operator']) retrieved from /home/airflow/.local/lib/python3.7/site-packages/airflow/example_dags/example_subdag_operator.py
[2023-01-13T11:57:36.953+0000] {logging_mixin.py:137} INFO - [2023-01-13T11:57:36.953+0000] {dag.py:2676} INFO - Sync 3 DAGs
[2023-01-13T11:57:36.976+0000] {logging_mixin.py:137} INFO - [2023-01-13T11:57:36.976+0000] {dag.py:3427} INFO - Setting next_dagrun for example_subdag_operator to 2022-01-01T00:00:00+00:00, run_after=2022-01-01T00:00:00+00:00
[2023-01-13T11:57:36.979+0000] {logging_mixin.py:137} INFO - [2023-01-13T11:57:36.979+0000] {dag.py:3427} INFO - Setting next_dagrun for example_subdag_operator.section-1 to None, run_after=None
[2023-01-13T11:57:36.981+0000] {logging_mixin.py:137} INFO - [2023-01-13T11:57:36.981+0000] {dag.py:3427} INFO - Setting next_dagrun for example_subdag_operator.section-2 to None, run_after=None
[2023-01-13T11:57:36.987+0000] {logging_mixin.py:137} INFO - [2023-01-13T11:57:36.987+0000] {dag.py:2676} INFO - Sync 2 DAGs
[2023-01-13T11:57:36.993+0000] {logging_mixin.py:137} INFO - [2023-01-13T11:57:36.993+0000] {dag.py:3427} INFO - Setting next_dagrun for example_subdag_operator.section-1 to None, run_after=None
[2023-01-13T11:57:36.993+0000] {logging_mixin.py:137} INFO - [2023-01-13T11:57:36.993+0000] {dag.py:3427} INFO - Setting next_dagrun for example_subdag_operator.section-2 to None, run_after=None
[2023-01-13T11:57:37.029+0000] {processor.py:175} INFO - Processing /home/airflow/.local/lib/python3.7/site-packages/airflow/example_dags/example_subdag_operator.py took 0.150 seconds
[2023-01-13T11:58:07.726+0000] {processor.py:153} INFO - Started process (PID=1037) to work on /home/airflow/.local/lib/python3.7/site-packages/airflow/example_dags/example_subdag_operator.py
[2023-01-13T11:58:07.727+0000] {processor.py:743} INFO - Processing file /home/airflow/.local/lib/python3.7/site-packages/airflow/example_dags/example_subdag_operator.py for tasks to queue
[2023-01-13T11:58:07.728+0000] {logging_mixin.py:137} INFO - [2023-01-13T11:58:07.728+0000] {dagbag.py:538} INFO - Filling up the DagBag from /home/airflow/.local/lib/python3.7/site-packages/airflow/example_dags/example_subdag_operator.py
[2023-01-13T11:58:07.759+0000] {processor.py:753} INFO - DAG(s) dict_keys(['example_subdag_operator.section-1', 'example_subdag_operator.section-2', 'example_subdag_operator']) retrieved from /home/airflow/.local/lib/python3.7/site-packages/airflow/example_dags/example_subdag_operator.py
[2023-01-13T11:58:07.789+0000] {logging_mixin.py:137} INFO - [2023-01-13T11:58:07.789+0000] {dag.py:2676} INFO - Sync 3 DAGs
[2023-01-13T11:58:07.816+0000] {logging_mixin.py:137} INFO - [2023-01-13T11:58:07.816+0000] {dag.py:3427} INFO - Setting next_dagrun for example_subdag_operator to 2022-01-01T00:00:00+00:00, run_after=2022-01-01T00:00:00+00:00
[2023-01-13T11:58:07.849+0000] {logging_mixin.py:137} INFO - [2023-01-13T11:58:07.849+0000] {dag.py:3427} INFO - Setting next_dagrun for example_subdag_operator.section-1 to None, run_after=None
[2023-01-13T11:58:07.851+0000] {logging_mixin.py:137} INFO - [2023-01-13T11:58:07.851+0000] {dag.py:3427} INFO - Setting next_dagrun for example_subdag_operator.section-2 to None, run_after=None
[2023-01-13T11:58:07.860+0000] {logging_mixin.py:137} INFO - [2023-01-13T11:58:07.859+0000] {dag.py:2676} INFO - Sync 2 DAGs
[2023-01-13T11:58:07.866+0000] {logging_mixin.py:137} INFO - [2023-01-13T11:58:07.866+0000] {dag.py:3427} INFO - Setting next_dagrun for example_subdag_operator.section-1 to None, run_after=None
[2023-01-13T11:58:07.867+0000] {logging_mixin.py:137} INFO - [2023-01-13T11:58:07.866+0000] {dag.py:3427} INFO - Setting next_dagrun for example_subdag_operator.section-2 to None, run_after=None
[2023-01-13T11:58:07.924+0000] {processor.py:175} INFO - Processing /home/airflow/.local/lib/python3.7/site-packages/airflow/example_dags/example_subdag_operator.py took 0.201 seconds
[2023-01-13T11:58:38.336+0000] {processor.py:153} INFO - Started process (PID=1269) to work on /home/airflow/.local/lib/python3.7/site-packages/airflow/example_dags/example_subdag_operator.py
[2023-01-13T11:58:38.337+0000] {processor.py:743} INFO - Processing file /home/airflow/.local/lib/python3.7/site-packages/airflow/example_dags/example_subdag_operator.py for tasks to queue
[2023-01-13T11:58:38.338+0000] {logging_mixin.py:137} INFO - [2023-01-13T11:58:38.338+0000] {dagbag.py:538} INFO - Filling up the DagBag from /home/airflow/.local/lib/python3.7/site-packages/airflow/example_dags/example_subdag_operator.py
[2023-01-13T11:58:38.372+0000] {processor.py:753} INFO - DAG(s) dict_keys(['example_subdag_operator.section-1', 'example_subdag_operator.section-2', 'example_subdag_operator']) retrieved from /home/airflow/.local/lib/python3.7/site-packages/airflow/example_dags/example_subdag_operator.py
[2023-01-13T11:58:38.404+0000] {logging_mixin.py:137} INFO - [2023-01-13T11:58:38.404+0000] {dag.py:2676} INFO - Sync 3 DAGs
[2023-01-13T11:58:38.430+0000] {logging_mixin.py:137} INFO - [2023-01-13T11:58:38.430+0000] {dag.py:3427} INFO - Setting next_dagrun for example_subdag_operator to 2022-01-01T00:00:00+00:00, run_after=2022-01-01T00:00:00+00:00
[2023-01-13T11:58:38.433+0000] {logging_mixin.py:137} INFO - [2023-01-13T11:58:38.433+0000] {dag.py:3427} INFO - Setting next_dagrun for example_subdag_operator.section-1 to None, run_after=None
[2023-01-13T11:58:38.435+0000] {logging_mixin.py:137} INFO - [2023-01-13T11:58:38.435+0000] {dag.py:3427} INFO - Setting next_dagrun for example_subdag_operator.section-2 to None, run_after=None
[2023-01-13T11:58:38.443+0000] {logging_mixin.py:137} INFO - [2023-01-13T11:58:38.443+0000] {dag.py:2676} INFO - Sync 2 DAGs
[2023-01-13T11:58:38.449+0000] {logging_mixin.py:137} INFO - [2023-01-13T11:58:38.449+0000] {dag.py:3427} INFO - Setting next_dagrun for example_subdag_operator.section-1 to None, run_after=None
[2023-01-13T11:58:38.450+0000] {logging_mixin.py:137} INFO - [2023-01-13T11:58:38.450+0000] {dag.py:3427} INFO - Setting next_dagrun for example_subdag_operator.section-2 to None, run_after=None
[2023-01-13T11:58:38.520+0000] {processor.py:175} INFO - Processing /home/airflow/.local/lib/python3.7/site-packages/airflow/example_dags/example_subdag_operator.py took 0.187 seconds
