[2023-01-13T11:56:32.632+0000] {processor.py:153} INFO - Started process (PID=315) to work on /home/airflow/.local/lib/python3.7/site-packages/airflow/example_dags/example_branch_datetime_operator.py
[2023-01-13T11:56:32.634+0000] {processor.py:743} INFO - Processing file /home/airflow/.local/lib/python3.7/site-packages/airflow/example_dags/example_branch_datetime_operator.py for tasks to queue
[2023-01-13T11:56:32.635+0000] {logging_mixin.py:137} INFO - [2023-01-13T11:56:32.635+0000] {dagbag.py:538} INFO - Filling up the DagBag from /home/airflow/.local/lib/python3.7/site-packages/airflow/example_dags/example_branch_datetime_operator.py
[2023-01-13T11:56:32.829+0000] {processor.py:753} INFO - DAG(s) dict_keys(['example_branch_datetime_operator_3', 'example_branch_datetime_operator', 'example_branch_datetime_operator_2']) retrieved from /home/airflow/.local/lib/python3.7/site-packages/airflow/example_dags/example_branch_datetime_operator.py
[2023-01-13T11:56:32.891+0000] {logging_mixin.py:137} INFO - [2023-01-13T11:56:32.890+0000] {dag.py:2676} INFO - Sync 3 DAGs
[2023-01-13T11:56:32.933+0000] {logging_mixin.py:137} INFO - [2023-01-13T11:56:32.933+0000] {dag.py:3427} INFO - Setting next_dagrun for example_branch_datetime_operator to 2023-01-12T00:00:00+00:00, run_after=2023-01-13T00:00:00+00:00
[2023-01-13T11:56:32.940+0000] {logging_mixin.py:137} INFO - [2023-01-13T11:56:32.940+0000] {dag.py:3427} INFO - Setting next_dagrun for example_branch_datetime_operator_2 to 2023-01-12T00:00:00+00:00, run_after=2023-01-13T00:00:00+00:00
[2023-01-13T11:56:32.943+0000] {logging_mixin.py:137} INFO - [2023-01-13T11:56:32.943+0000] {dag.py:3427} INFO - Setting next_dagrun for example_branch_datetime_operator_3 to 2023-01-12T00:00:00+00:00, run_after=2023-01-13T00:00:00+00:00
[2023-01-13T11:56:33.102+0000] {processor.py:175} INFO - Processing /home/airflow/.local/lib/python3.7/site-packages/airflow/example_dags/example_branch_datetime_operator.py took 0.473 seconds
[2023-01-13T11:57:03.587+0000] {processor.py:153} INFO - Started process (PID=537) to work on /home/airflow/.local/lib/python3.7/site-packages/airflow/example_dags/example_branch_datetime_operator.py
[2023-01-13T11:57:03.588+0000] {processor.py:743} INFO - Processing file /home/airflow/.local/lib/python3.7/site-packages/airflow/example_dags/example_branch_datetime_operator.py for tasks to queue
[2023-01-13T11:57:03.589+0000] {logging_mixin.py:137} INFO - [2023-01-13T11:57:03.589+0000] {dagbag.py:538} INFO - Filling up the DagBag from /home/airflow/.local/lib/python3.7/site-packages/airflow/example_dags/example_branch_datetime_operator.py
[2023-01-13T11:57:03.614+0000] {processor.py:753} INFO - DAG(s) dict_keys(['example_branch_datetime_operator', 'example_branch_datetime_operator_3', 'example_branch_datetime_operator_2']) retrieved from /home/airflow/.local/lib/python3.7/site-packages/airflow/example_dags/example_branch_datetime_operator.py
[2023-01-13T11:57:03.671+0000] {logging_mixin.py:137} INFO - [2023-01-13T11:57:03.671+0000] {dag.py:2676} INFO - Sync 3 DAGs
[2023-01-13T11:57:03.700+0000] {logging_mixin.py:137} INFO - [2023-01-13T11:57:03.700+0000] {dag.py:3427} INFO - Setting next_dagrun for example_branch_datetime_operator to 2023-01-12T00:00:00+00:00, run_after=2023-01-13T00:00:00+00:00
[2023-01-13T11:57:03.705+0000] {logging_mixin.py:137} INFO - [2023-01-13T11:57:03.705+0000] {dag.py:3427} INFO - Setting next_dagrun for example_branch_datetime_operator_2 to 2023-01-12T00:00:00+00:00, run_after=2023-01-13T00:00:00+00:00
[2023-01-13T11:57:03.708+0000] {logging_mixin.py:137} INFO - [2023-01-13T11:57:03.708+0000] {dag.py:3427} INFO - Setting next_dagrun for example_branch_datetime_operator_3 to 2023-01-12T00:00:00+00:00, run_after=2023-01-13T00:00:00+00:00
[2023-01-13T11:57:03.785+0000] {processor.py:175} INFO - Processing /home/airflow/.local/lib/python3.7/site-packages/airflow/example_dags/example_branch_datetime_operator.py took 0.201 seconds
[2023-01-13T11:57:34.111+0000] {processor.py:153} INFO - Started process (PID=770) to work on /home/airflow/.local/lib/python3.7/site-packages/airflow/example_dags/example_branch_datetime_operator.py
[2023-01-13T11:57:34.112+0000] {processor.py:743} INFO - Processing file /home/airflow/.local/lib/python3.7/site-packages/airflow/example_dags/example_branch_datetime_operator.py for tasks to queue
[2023-01-13T11:57:34.113+0000] {logging_mixin.py:137} INFO - [2023-01-13T11:57:34.113+0000] {dagbag.py:538} INFO - Filling up the DagBag from /home/airflow/.local/lib/python3.7/site-packages/airflow/example_dags/example_branch_datetime_operator.py
[2023-01-13T11:57:34.131+0000] {processor.py:753} INFO - DAG(s) dict_keys(['example_branch_datetime_operator', 'example_branch_datetime_operator_2', 'example_branch_datetime_operator_3']) retrieved from /home/airflow/.local/lib/python3.7/site-packages/airflow/example_dags/example_branch_datetime_operator.py
[2023-01-13T11:57:34.178+0000] {logging_mixin.py:137} INFO - [2023-01-13T11:57:34.178+0000] {dag.py:2676} INFO - Sync 3 DAGs
[2023-01-13T11:57:34.205+0000] {logging_mixin.py:137} INFO - [2023-01-13T11:57:34.205+0000] {dag.py:3427} INFO - Setting next_dagrun for example_branch_datetime_operator to 2023-01-12T00:00:00+00:00, run_after=2023-01-13T00:00:00+00:00
[2023-01-13T11:57:34.210+0000] {logging_mixin.py:137} INFO - [2023-01-13T11:57:34.210+0000] {dag.py:3427} INFO - Setting next_dagrun for example_branch_datetime_operator_2 to 2023-01-12T00:00:00+00:00, run_after=2023-01-13T00:00:00+00:00
[2023-01-13T11:57:34.214+0000] {logging_mixin.py:137} INFO - [2023-01-13T11:57:34.214+0000] {dag.py:3427} INFO - Setting next_dagrun for example_branch_datetime_operator_3 to 2023-01-12T00:00:00+00:00, run_after=2023-01-13T00:00:00+00:00
[2023-01-13T11:57:34.255+0000] {processor.py:175} INFO - Processing /home/airflow/.local/lib/python3.7/site-packages/airflow/example_dags/example_branch_datetime_operator.py took 0.147 seconds
[2023-01-13T11:58:04.863+0000] {processor.py:153} INFO - Started process (PID=1002) to work on /home/airflow/.local/lib/python3.7/site-packages/airflow/example_dags/example_branch_datetime_operator.py
[2023-01-13T11:58:04.864+0000] {processor.py:743} INFO - Processing file /home/airflow/.local/lib/python3.7/site-packages/airflow/example_dags/example_branch_datetime_operator.py for tasks to queue
[2023-01-13T11:58:04.865+0000] {logging_mixin.py:137} INFO - [2023-01-13T11:58:04.865+0000] {dagbag.py:538} INFO - Filling up the DagBag from /home/airflow/.local/lib/python3.7/site-packages/airflow/example_dags/example_branch_datetime_operator.py
[2023-01-13T11:58:04.885+0000] {processor.py:753} INFO - DAG(s) dict_keys(['example_branch_datetime_operator_2', 'example_branch_datetime_operator', 'example_branch_datetime_operator_3']) retrieved from /home/airflow/.local/lib/python3.7/site-packages/airflow/example_dags/example_branch_datetime_operator.py
[2023-01-13T11:58:04.934+0000] {logging_mixin.py:137} INFO - [2023-01-13T11:58:04.934+0000] {dag.py:2676} INFO - Sync 3 DAGs
[2023-01-13T11:58:04.962+0000] {logging_mixin.py:137} INFO - [2023-01-13T11:58:04.962+0000] {dag.py:3427} INFO - Setting next_dagrun for example_branch_datetime_operator to 2023-01-12T00:00:00+00:00, run_after=2023-01-13T00:00:00+00:00
[2023-01-13T11:58:04.967+0000] {logging_mixin.py:137} INFO - [2023-01-13T11:58:04.967+0000] {dag.py:3427} INFO - Setting next_dagrun for example_branch_datetime_operator_2 to 2023-01-12T00:00:00+00:00, run_after=2023-01-13T00:00:00+00:00
[2023-01-13T11:58:04.970+0000] {logging_mixin.py:137} INFO - [2023-01-13T11:58:04.970+0000] {dag.py:3427} INFO - Setting next_dagrun for example_branch_datetime_operator_3 to 2023-01-12T00:00:00+00:00, run_after=2023-01-13T00:00:00+00:00
[2023-01-13T11:58:05.023+0000] {processor.py:175} INFO - Processing /home/airflow/.local/lib/python3.7/site-packages/airflow/example_dags/example_branch_datetime_operator.py took 0.163 seconds
[2023-01-13T11:58:35.396+0000] {processor.py:153} INFO - Started process (PID=1225) to work on /home/airflow/.local/lib/python3.7/site-packages/airflow/example_dags/example_branch_datetime_operator.py
[2023-01-13T11:58:35.397+0000] {processor.py:743} INFO - Processing file /home/airflow/.local/lib/python3.7/site-packages/airflow/example_dags/example_branch_datetime_operator.py for tasks to queue
[2023-01-13T11:58:35.398+0000] {logging_mixin.py:137} INFO - [2023-01-13T11:58:35.398+0000] {dagbag.py:538} INFO - Filling up the DagBag from /home/airflow/.local/lib/python3.7/site-packages/airflow/example_dags/example_branch_datetime_operator.py
[2023-01-13T11:58:35.416+0000] {processor.py:753} INFO - DAG(s) dict_keys(['example_branch_datetime_operator_2', 'example_branch_datetime_operator', 'example_branch_datetime_operator_3']) retrieved from /home/airflow/.local/lib/python3.7/site-packages/airflow/example_dags/example_branch_datetime_operator.py
[2023-01-13T11:58:35.460+0000] {logging_mixin.py:137} INFO - [2023-01-13T11:58:35.460+0000] {dag.py:2676} INFO - Sync 3 DAGs
[2023-01-13T11:58:35.486+0000] {logging_mixin.py:137} INFO - [2023-01-13T11:58:35.486+0000] {dag.py:3427} INFO - Setting next_dagrun for example_branch_datetime_operator to 2023-01-12T00:00:00+00:00, run_after=2023-01-13T00:00:00+00:00
[2023-01-13T11:58:35.493+0000] {logging_mixin.py:137} INFO - [2023-01-13T11:58:35.492+0000] {dag.py:3427} INFO - Setting next_dagrun for example_branch_datetime_operator_2 to 2023-01-12T00:00:00+00:00, run_after=2023-01-13T00:00:00+00:00
[2023-01-13T11:58:35.496+0000] {logging_mixin.py:137} INFO - [2023-01-13T11:58:35.496+0000] {dag.py:3427} INFO - Setting next_dagrun for example_branch_datetime_operator_3 to 2023-01-12T00:00:00+00:00, run_after=2023-01-13T00:00:00+00:00
[2023-01-13T11:58:35.543+0000] {processor.py:175} INFO - Processing /home/airflow/.local/lib/python3.7/site-packages/airflow/example_dags/example_branch_datetime_operator.py took 0.150 seconds
