[2023-01-13T11:56:33.565+0000] {processor.py:153} INFO - Started process (PID=325) to work on /home/airflow/.local/lib/python3.7/site-packages/airflow/example_dags/example_branch_python_dop_operator_3.py
[2023-01-13T11:56:33.566+0000] {processor.py:743} INFO - Processing file /home/airflow/.local/lib/python3.7/site-packages/airflow/example_dags/example_branch_python_dop_operator_3.py for tasks to queue
[2023-01-13T11:56:33.567+0000] {logging_mixin.py:137} INFO - [2023-01-13T11:56:33.567+0000] {dagbag.py:538} INFO - Filling up the DagBag from /home/airflow/.local/lib/python3.7/site-packages/airflow/example_dags/example_branch_python_dop_operator_3.py
[2023-01-13T11:56:33.615+0000] {processor.py:753} INFO - DAG(s) dict_keys(['example_branch_dop_operator_v3']) retrieved from /home/airflow/.local/lib/python3.7/site-packages/airflow/example_dags/example_branch_python_dop_operator_3.py
[2023-01-13T11:56:33.744+0000] {logging_mixin.py:137} INFO - [2023-01-13T11:56:33.744+0000] {dag.py:2676} INFO - Sync 1 DAGs
[2023-01-13T11:56:33.775+0000] {logging_mixin.py:137} INFO - [2023-01-13T11:56:33.775+0000] {dag.py:3427} INFO - Setting next_dagrun for example_branch_dop_operator_v3 to 2023-01-13T11:55:00+00:00, run_after=2023-01-13T11:56:00+00:00
[2023-01-13T11:56:34.748+0000] {processor.py:175} INFO - Processing /home/airflow/.local/lib/python3.7/site-packages/airflow/example_dags/example_branch_python_dop_operator_3.py took 1.186 seconds
[2023-01-13T11:57:04.819+0000] {processor.py:153} INFO - Started process (PID=547) to work on /home/airflow/.local/lib/python3.7/site-packages/airflow/example_dags/example_branch_python_dop_operator_3.py
[2023-01-13T11:57:04.821+0000] {processor.py:743} INFO - Processing file /home/airflow/.local/lib/python3.7/site-packages/airflow/example_dags/example_branch_python_dop_operator_3.py for tasks to queue
[2023-01-13T11:57:04.822+0000] {logging_mixin.py:137} INFO - [2023-01-13T11:57:04.822+0000] {dagbag.py:538} INFO - Filling up the DagBag from /home/airflow/.local/lib/python3.7/site-packages/airflow/example_dags/example_branch_python_dop_operator_3.py
[2023-01-13T11:57:04.851+0000] {processor.py:753} INFO - DAG(s) dict_keys(['example_branch_dop_operator_v3']) retrieved from /home/airflow/.local/lib/python3.7/site-packages/airflow/example_dags/example_branch_python_dop_operator_3.py
[2023-01-13T11:57:04.890+0000] {logging_mixin.py:137} INFO - [2023-01-13T11:57:04.889+0000] {dag.py:2676} INFO - Sync 1 DAGs
[2023-01-13T11:57:04.927+0000] {logging_mixin.py:137} INFO - [2023-01-13T11:57:04.927+0000] {dag.py:3427} INFO - Setting next_dagrun for example_branch_dop_operator_v3 to 2023-01-13T11:56:00+00:00, run_after=2023-01-13T11:57:00+00:00
[2023-01-13T11:57:05.191+0000] {processor.py:175} INFO - Processing /home/airflow/.local/lib/python3.7/site-packages/airflow/example_dags/example_branch_python_dop_operator_3.py took 0.375 seconds
[2023-01-13T11:57:35.290+0000] {processor.py:153} INFO - Started process (PID=789) to work on /home/airflow/.local/lib/python3.7/site-packages/airflow/example_dags/example_branch_python_dop_operator_3.py
[2023-01-13T11:57:35.291+0000] {processor.py:743} INFO - Processing file /home/airflow/.local/lib/python3.7/site-packages/airflow/example_dags/example_branch_python_dop_operator_3.py for tasks to queue
[2023-01-13T11:57:35.292+0000] {logging_mixin.py:137} INFO - [2023-01-13T11:57:35.292+0000] {dagbag.py:538} INFO - Filling up the DagBag from /home/airflow/.local/lib/python3.7/site-packages/airflow/example_dags/example_branch_python_dop_operator_3.py
[2023-01-13T11:57:35.316+0000] {processor.py:753} INFO - DAG(s) dict_keys(['example_branch_dop_operator_v3']) retrieved from /home/airflow/.local/lib/python3.7/site-packages/airflow/example_dags/example_branch_python_dop_operator_3.py
[2023-01-13T11:57:35.355+0000] {logging_mixin.py:137} INFO - [2023-01-13T11:57:35.354+0000] {dag.py:2676} INFO - Sync 1 DAGs
[2023-01-13T11:57:35.386+0000] {logging_mixin.py:137} INFO - [2023-01-13T11:57:35.385+0000] {dag.py:3427} INFO - Setting next_dagrun for example_branch_dop_operator_v3 to 2023-01-13T11:56:00+00:00, run_after=2023-01-13T11:57:00+00:00
[2023-01-13T11:57:35.441+0000] {processor.py:175} INFO - Processing /home/airflow/.local/lib/python3.7/site-packages/airflow/example_dags/example_branch_python_dop_operator_3.py took 0.154 seconds
[2023-01-13T11:58:06.059+0000] {processor.py:153} INFO - Started process (PID=1012) to work on /home/airflow/.local/lib/python3.7/site-packages/airflow/example_dags/example_branch_python_dop_operator_3.py
[2023-01-13T11:58:06.060+0000] {processor.py:743} INFO - Processing file /home/airflow/.local/lib/python3.7/site-packages/airflow/example_dags/example_branch_python_dop_operator_3.py for tasks to queue
[2023-01-13T11:58:06.060+0000] {logging_mixin.py:137} INFO - [2023-01-13T11:58:06.060+0000] {dagbag.py:538} INFO - Filling up the DagBag from /home/airflow/.local/lib/python3.7/site-packages/airflow/example_dags/example_branch_python_dop_operator_3.py
[2023-01-13T11:58:06.084+0000] {processor.py:753} INFO - DAG(s) dict_keys(['example_branch_dop_operator_v3']) retrieved from /home/airflow/.local/lib/python3.7/site-packages/airflow/example_dags/example_branch_python_dop_operator_3.py
[2023-01-13T11:58:06.123+0000] {logging_mixin.py:137} INFO - [2023-01-13T11:58:06.123+0000] {dag.py:2676} INFO - Sync 1 DAGs
[2023-01-13T11:58:06.154+0000] {logging_mixin.py:137} INFO - [2023-01-13T11:58:06.154+0000] {dag.py:3427} INFO - Setting next_dagrun for example_branch_dop_operator_v3 to 2023-01-13T11:57:00+00:00, run_after=2023-01-13T11:58:00+00:00
[2023-01-13T11:58:06.234+0000] {processor.py:175} INFO - Processing /home/airflow/.local/lib/python3.7/site-packages/airflow/example_dags/example_branch_python_dop_operator_3.py took 0.178 seconds
[2023-01-13T11:58:36.579+0000] {processor.py:153} INFO - Started process (PID=1235) to work on /home/airflow/.local/lib/python3.7/site-packages/airflow/example_dags/example_branch_python_dop_operator_3.py
[2023-01-13T11:58:36.580+0000] {processor.py:743} INFO - Processing file /home/airflow/.local/lib/python3.7/site-packages/airflow/example_dags/example_branch_python_dop_operator_3.py for tasks to queue
[2023-01-13T11:58:36.580+0000] {logging_mixin.py:137} INFO - [2023-01-13T11:58:36.580+0000] {dagbag.py:538} INFO - Filling up the DagBag from /home/airflow/.local/lib/python3.7/site-packages/airflow/example_dags/example_branch_python_dop_operator_3.py
[2023-01-13T11:58:36.604+0000] {processor.py:753} INFO - DAG(s) dict_keys(['example_branch_dop_operator_v3']) retrieved from /home/airflow/.local/lib/python3.7/site-packages/airflow/example_dags/example_branch_python_dop_operator_3.py
[2023-01-13T11:58:36.639+0000] {logging_mixin.py:137} INFO - [2023-01-13T11:58:36.639+0000] {dag.py:2676} INFO - Sync 1 DAGs
[2023-01-13T11:58:36.670+0000] {logging_mixin.py:137} INFO - [2023-01-13T11:58:36.670+0000] {dag.py:3427} INFO - Setting next_dagrun for example_branch_dop_operator_v3 to 2023-01-13T11:57:00+00:00, run_after=2023-01-13T11:58:00+00:00
[2023-01-13T11:58:36.792+0000] {processor.py:175} INFO - Processing /home/airflow/.local/lib/python3.7/site-packages/airflow/example_dags/example_branch_python_dop_operator_3.py took 0.217 seconds
