[2023-01-13T11:56:28.953+0000] {processor.py:153} INFO - Started process (PID=287) to work on /home/airflow/.local/lib/python3.7/site-packages/airflow/example_dags/example_python_operator.py
[2023-01-13T11:56:28.954+0000] {processor.py:743} INFO - Processing file /home/airflow/.local/lib/python3.7/site-packages/airflow/example_dags/example_python_operator.py for tasks to queue
[2023-01-13T11:56:28.955+0000] {logging_mixin.py:137} INFO - [2023-01-13T11:56:28.954+0000] {dagbag.py:538} INFO - Filling up the DagBag from /home/airflow/.local/lib/python3.7/site-packages/airflow/example_dags/example_python_operator.py
[2023-01-13T11:56:28.984+0000] {logging_mixin.py:137} INFO - [2023-01-13T11:56:28.984+0000] {taskmixin.py:205} WARNING - Dependency <Task(_PythonDecoratedOperator): print_the_context>, log_sql_query already registered for DAG: example_python_operator
[2023-01-13T11:56:28.985+0000] {logging_mixin.py:137} INFO - [2023-01-13T11:56:28.985+0000] {taskmixin.py:205} WARNING - Dependency <Task(_PythonDecoratedOperator): log_sql_query>, print_the_context already registered for DAG: example_python_operator
[2023-01-13T11:56:28.986+0000] {logging_mixin.py:137} INFO - [2023-01-13T11:56:28.986+0000] {taskmixin.py:205} WARNING - Dependency <Task(_PythonDecoratedOperator): print_the_context>, log_sql_query already registered for DAG: example_python_operator
[2023-01-13T11:56:28.986+0000] {logging_mixin.py:137} INFO - [2023-01-13T11:56:28.986+0000] {taskmixin.py:205} WARNING - Dependency <Task(_PythonDecoratedOperator): log_sql_query>, print_the_context already registered for DAG: example_python_operator
[2023-01-13T11:56:28.987+0000] {logging_mixin.py:137} INFO - [2023-01-13T11:56:28.987+0000] {taskmixin.py:205} WARNING - Dependency <Task(_PythonDecoratedOperator): print_the_context>, log_sql_query already registered for DAG: example_python_operator
[2023-01-13T11:56:28.987+0000] {logging_mixin.py:137} INFO - [2023-01-13T11:56:28.987+0000] {taskmixin.py:205} WARNING - Dependency <Task(_PythonDecoratedOperator): log_sql_query>, print_the_context already registered for DAG: example_python_operator
[2023-01-13T11:56:28.988+0000] {logging_mixin.py:137} INFO - [2023-01-13T11:56:28.988+0000] {taskmixin.py:205} WARNING - Dependency <Task(_PythonDecoratedOperator): print_the_context>, log_sql_query already registered for DAG: example_python_operator
[2023-01-13T11:56:28.988+0000] {logging_mixin.py:137} INFO - [2023-01-13T11:56:28.988+0000] {taskmixin.py:205} WARNING - Dependency <Task(_PythonDecoratedOperator): log_sql_query>, print_the_context already registered for DAG: example_python_operator
[2023-01-13T11:56:28.996+0000] {processor.py:753} INFO - DAG(s) dict_keys(['example_python_operator']) retrieved from /home/airflow/.local/lib/python3.7/site-packages/airflow/example_dags/example_python_operator.py
[2023-01-13T11:56:29.075+0000] {logging_mixin.py:137} INFO - [2023-01-13T11:56:29.075+0000] {dag.py:2676} INFO - Sync 1 DAGs
[2023-01-13T11:56:29.098+0000] {logging_mixin.py:137} INFO - [2023-01-13T11:56:29.098+0000] {dag.py:3427} INFO - Setting next_dagrun for example_python_operator to None, run_after=None
[2023-01-13T11:56:29.378+0000] {processor.py:175} INFO - Processing /home/airflow/.local/lib/python3.7/site-packages/airflow/example_dags/example_python_operator.py took 0.428 seconds
[2023-01-13T11:56:59.942+0000] {processor.py:153} INFO - Started process (PID=507) to work on /home/airflow/.local/lib/python3.7/site-packages/airflow/example_dags/example_python_operator.py
[2023-01-13T11:56:59.943+0000] {processor.py:743} INFO - Processing file /home/airflow/.local/lib/python3.7/site-packages/airflow/example_dags/example_python_operator.py for tasks to queue
[2023-01-13T11:56:59.944+0000] {logging_mixin.py:137} INFO - [2023-01-13T11:56:59.944+0000] {dagbag.py:538} INFO - Filling up the DagBag from /home/airflow/.local/lib/python3.7/site-packages/airflow/example_dags/example_python_operator.py
[2023-01-13T11:56:59.963+0000] {logging_mixin.py:137} INFO - [2023-01-13T11:56:59.963+0000] {taskmixin.py:205} WARNING - Dependency <Task(_PythonDecoratedOperator): print_the_context>, log_sql_query already registered for DAG: example_python_operator
[2023-01-13T11:56:59.964+0000] {logging_mixin.py:137} INFO - [2023-01-13T11:56:59.964+0000] {taskmixin.py:205} WARNING - Dependency <Task(_PythonDecoratedOperator): log_sql_query>, print_the_context already registered for DAG: example_python_operator
[2023-01-13T11:56:59.965+0000] {logging_mixin.py:137} INFO - [2023-01-13T11:56:59.965+0000] {taskmixin.py:205} WARNING - Dependency <Task(_PythonDecoratedOperator): print_the_context>, log_sql_query already registered for DAG: example_python_operator
[2023-01-13T11:56:59.966+0000] {logging_mixin.py:137} INFO - [2023-01-13T11:56:59.966+0000] {taskmixin.py:205} WARNING - Dependency <Task(_PythonDecoratedOperator): log_sql_query>, print_the_context already registered for DAG: example_python_operator
[2023-01-13T11:56:59.967+0000] {logging_mixin.py:137} INFO - [2023-01-13T11:56:59.967+0000] {taskmixin.py:205} WARNING - Dependency <Task(_PythonDecoratedOperator): print_the_context>, log_sql_query already registered for DAG: example_python_operator
[2023-01-13T11:56:59.967+0000] {logging_mixin.py:137} INFO - [2023-01-13T11:56:59.967+0000] {taskmixin.py:205} WARNING - Dependency <Task(_PythonDecoratedOperator): log_sql_query>, print_the_context already registered for DAG: example_python_operator
[2023-01-13T11:56:59.968+0000] {logging_mixin.py:137} INFO - [2023-01-13T11:56:59.968+0000] {taskmixin.py:205} WARNING - Dependency <Task(_PythonDecoratedOperator): print_the_context>, log_sql_query already registered for DAG: example_python_operator
[2023-01-13T11:56:59.969+0000] {logging_mixin.py:137} INFO - [2023-01-13T11:56:59.969+0000] {taskmixin.py:205} WARNING - Dependency <Task(_PythonDecoratedOperator): log_sql_query>, print_the_context already registered for DAG: example_python_operator
[2023-01-13T11:56:59.976+0000] {processor.py:753} INFO - DAG(s) dict_keys(['example_python_operator']) retrieved from /home/airflow/.local/lib/python3.7/site-packages/airflow/example_dags/example_python_operator.py
[2023-01-13T11:57:00.022+0000] {logging_mixin.py:137} INFO - [2023-01-13T11:57:00.022+0000] {dag.py:2676} INFO - Sync 1 DAGs
[2023-01-13T11:57:00.048+0000] {logging_mixin.py:137} INFO - [2023-01-13T11:57:00.047+0000] {dag.py:3427} INFO - Setting next_dagrun for example_python_operator to None, run_after=None
[2023-01-13T11:57:00.426+0000] {processor.py:175} INFO - Processing /home/airflow/.local/lib/python3.7/site-packages/airflow/example_dags/example_python_operator.py took 0.487 seconds
[2023-01-13T11:57:30.596+0000] {processor.py:153} INFO - Started process (PID=733) to work on /home/airflow/.local/lib/python3.7/site-packages/airflow/example_dags/example_python_operator.py
[2023-01-13T11:57:30.597+0000] {processor.py:743} INFO - Processing file /home/airflow/.local/lib/python3.7/site-packages/airflow/example_dags/example_python_operator.py for tasks to queue
[2023-01-13T11:57:30.598+0000] {logging_mixin.py:137} INFO - [2023-01-13T11:57:30.598+0000] {dagbag.py:538} INFO - Filling up the DagBag from /home/airflow/.local/lib/python3.7/site-packages/airflow/example_dags/example_python_operator.py
[2023-01-13T11:57:30.616+0000] {logging_mixin.py:137} INFO - [2023-01-13T11:57:30.615+0000] {taskmixin.py:205} WARNING - Dependency <Task(_PythonDecoratedOperator): print_the_context>, log_sql_query already registered for DAG: example_python_operator
[2023-01-13T11:57:30.616+0000] {logging_mixin.py:137} INFO - [2023-01-13T11:57:30.616+0000] {taskmixin.py:205} WARNING - Dependency <Task(_PythonDecoratedOperator): log_sql_query>, print_the_context already registered for DAG: example_python_operator
[2023-01-13T11:57:30.617+0000] {logging_mixin.py:137} INFO - [2023-01-13T11:57:30.617+0000] {taskmixin.py:205} WARNING - Dependency <Task(_PythonDecoratedOperator): print_the_context>, log_sql_query already registered for DAG: example_python_operator
[2023-01-13T11:57:30.618+0000] {logging_mixin.py:137} INFO - [2023-01-13T11:57:30.618+0000] {taskmixin.py:205} WARNING - Dependency <Task(_PythonDecoratedOperator): log_sql_query>, print_the_context already registered for DAG: example_python_operator
[2023-01-13T11:57:30.619+0000] {logging_mixin.py:137} INFO - [2023-01-13T11:57:30.619+0000] {taskmixin.py:205} WARNING - Dependency <Task(_PythonDecoratedOperator): print_the_context>, log_sql_query already registered for DAG: example_python_operator
[2023-01-13T11:57:30.619+0000] {logging_mixin.py:137} INFO - [2023-01-13T11:57:30.619+0000] {taskmixin.py:205} WARNING - Dependency <Task(_PythonDecoratedOperator): log_sql_query>, print_the_context already registered for DAG: example_python_operator
[2023-01-13T11:57:30.620+0000] {logging_mixin.py:137} INFO - [2023-01-13T11:57:30.620+0000] {taskmixin.py:205} WARNING - Dependency <Task(_PythonDecoratedOperator): print_the_context>, log_sql_query already registered for DAG: example_python_operator
[2023-01-13T11:57:30.621+0000] {logging_mixin.py:137} INFO - [2023-01-13T11:57:30.621+0000] {taskmixin.py:205} WARNING - Dependency <Task(_PythonDecoratedOperator): log_sql_query>, print_the_context already registered for DAG: example_python_operator
[2023-01-13T11:57:30.628+0000] {processor.py:753} INFO - DAG(s) dict_keys(['example_python_operator']) retrieved from /home/airflow/.local/lib/python3.7/site-packages/airflow/example_dags/example_python_operator.py
[2023-01-13T11:57:30.667+0000] {logging_mixin.py:137} INFO - [2023-01-13T11:57:30.667+0000] {dag.py:2676} INFO - Sync 1 DAGs
[2023-01-13T11:57:30.690+0000] {logging_mixin.py:137} INFO - [2023-01-13T11:57:30.690+0000] {dag.py:3427} INFO - Setting next_dagrun for example_python_operator to None, run_after=None
[2023-01-13T11:57:30.755+0000] {processor.py:175} INFO - Processing /home/airflow/.local/lib/python3.7/site-packages/airflow/example_dags/example_python_operator.py took 0.161 seconds
[2023-01-13T11:58:01.370+0000] {processor.py:153} INFO - Started process (PID=972) to work on /home/airflow/.local/lib/python3.7/site-packages/airflow/example_dags/example_python_operator.py
[2023-01-13T11:58:01.371+0000] {processor.py:743} INFO - Processing file /home/airflow/.local/lib/python3.7/site-packages/airflow/example_dags/example_python_operator.py for tasks to queue
[2023-01-13T11:58:01.372+0000] {logging_mixin.py:137} INFO - [2023-01-13T11:58:01.371+0000] {dagbag.py:538} INFO - Filling up the DagBag from /home/airflow/.local/lib/python3.7/site-packages/airflow/example_dags/example_python_operator.py
[2023-01-13T11:58:01.388+0000] {logging_mixin.py:137} INFO - [2023-01-13T11:58:01.388+0000] {taskmixin.py:205} WARNING - Dependency <Task(_PythonDecoratedOperator): print_the_context>, log_sql_query already registered for DAG: example_python_operator
[2023-01-13T11:58:01.389+0000] {logging_mixin.py:137} INFO - [2023-01-13T11:58:01.389+0000] {taskmixin.py:205} WARNING - Dependency <Task(_PythonDecoratedOperator): log_sql_query>, print_the_context already registered for DAG: example_python_operator
[2023-01-13T11:58:01.390+0000] {logging_mixin.py:137} INFO - [2023-01-13T11:58:01.390+0000] {taskmixin.py:205} WARNING - Dependency <Task(_PythonDecoratedOperator): print_the_context>, log_sql_query already registered for DAG: example_python_operator
[2023-01-13T11:58:01.390+0000] {logging_mixin.py:137} INFO - [2023-01-13T11:58:01.390+0000] {taskmixin.py:205} WARNING - Dependency <Task(_PythonDecoratedOperator): log_sql_query>, print_the_context already registered for DAG: example_python_operator
[2023-01-13T11:58:01.391+0000] {logging_mixin.py:137} INFO - [2023-01-13T11:58:01.391+0000] {taskmixin.py:205} WARNING - Dependency <Task(_PythonDecoratedOperator): print_the_context>, log_sql_query already registered for DAG: example_python_operator
[2023-01-13T11:58:01.392+0000] {logging_mixin.py:137} INFO - [2023-01-13T11:58:01.392+0000] {taskmixin.py:205} WARNING - Dependency <Task(_PythonDecoratedOperator): log_sql_query>, print_the_context already registered for DAG: example_python_operator
[2023-01-13T11:58:01.393+0000] {logging_mixin.py:137} INFO - [2023-01-13T11:58:01.393+0000] {taskmixin.py:205} WARNING - Dependency <Task(_PythonDecoratedOperator): print_the_context>, log_sql_query already registered for DAG: example_python_operator
[2023-01-13T11:58:01.393+0000] {logging_mixin.py:137} INFO - [2023-01-13T11:58:01.393+0000] {taskmixin.py:205} WARNING - Dependency <Task(_PythonDecoratedOperator): log_sql_query>, print_the_context already registered for DAG: example_python_operator
[2023-01-13T11:58:01.401+0000] {processor.py:753} INFO - DAG(s) dict_keys(['example_python_operator']) retrieved from /home/airflow/.local/lib/python3.7/site-packages/airflow/example_dags/example_python_operator.py
[2023-01-13T11:58:01.509+0000] {logging_mixin.py:137} INFO - [2023-01-13T11:58:01.509+0000] {dag.py:2676} INFO - Sync 1 DAGs
[2023-01-13T11:58:01.537+0000] {logging_mixin.py:137} INFO - [2023-01-13T11:58:01.537+0000] {dag.py:3427} INFO - Setting next_dagrun for example_python_operator to None, run_after=None
[2023-01-13T11:58:01.609+0000] {processor.py:175} INFO - Processing /home/airflow/.local/lib/python3.7/site-packages/airflow/example_dags/example_python_operator.py took 0.242 seconds
[2023-01-13T11:58:32.756+0000] {processor.py:153} INFO - Started process (PID=1197) to work on /home/airflow/.local/lib/python3.7/site-packages/airflow/example_dags/example_python_operator.py
[2023-01-13T11:58:32.757+0000] {processor.py:743} INFO - Processing file /home/airflow/.local/lib/python3.7/site-packages/airflow/example_dags/example_python_operator.py for tasks to queue
[2023-01-13T11:58:32.757+0000] {logging_mixin.py:137} INFO - [2023-01-13T11:58:32.757+0000] {dagbag.py:538} INFO - Filling up the DagBag from /home/airflow/.local/lib/python3.7/site-packages/airflow/example_dags/example_python_operator.py
[2023-01-13T11:58:32.774+0000] {logging_mixin.py:137} INFO - [2023-01-13T11:58:32.774+0000] {taskmixin.py:205} WARNING - Dependency <Task(_PythonDecoratedOperator): print_the_context>, log_sql_query already registered for DAG: example_python_operator
[2023-01-13T11:58:32.775+0000] {logging_mixin.py:137} INFO - [2023-01-13T11:58:32.775+0000] {taskmixin.py:205} WARNING - Dependency <Task(_PythonDecoratedOperator): log_sql_query>, print_the_context already registered for DAG: example_python_operator
[2023-01-13T11:58:32.776+0000] {logging_mixin.py:137} INFO - [2023-01-13T11:58:32.776+0000] {taskmixin.py:205} WARNING - Dependency <Task(_PythonDecoratedOperator): print_the_context>, log_sql_query already registered for DAG: example_python_operator
[2023-01-13T11:58:32.776+0000] {logging_mixin.py:137} INFO - [2023-01-13T11:58:32.776+0000] {taskmixin.py:205} WARNING - Dependency <Task(_PythonDecoratedOperator): log_sql_query>, print_the_context already registered for DAG: example_python_operator
[2023-01-13T11:58:32.777+0000] {logging_mixin.py:137} INFO - [2023-01-13T11:58:32.777+0000] {taskmixin.py:205} WARNING - Dependency <Task(_PythonDecoratedOperator): print_the_context>, log_sql_query already registered for DAG: example_python_operator
[2023-01-13T11:58:32.778+0000] {logging_mixin.py:137} INFO - [2023-01-13T11:58:32.778+0000] {taskmixin.py:205} WARNING - Dependency <Task(_PythonDecoratedOperator): log_sql_query>, print_the_context already registered for DAG: example_python_operator
[2023-01-13T11:58:32.779+0000] {logging_mixin.py:137} INFO - [2023-01-13T11:58:32.779+0000] {taskmixin.py:205} WARNING - Dependency <Task(_PythonDecoratedOperator): print_the_context>, log_sql_query already registered for DAG: example_python_operator
[2023-01-13T11:58:32.779+0000] {logging_mixin.py:137} INFO - [2023-01-13T11:58:32.779+0000] {taskmixin.py:205} WARNING - Dependency <Task(_PythonDecoratedOperator): log_sql_query>, print_the_context already registered for DAG: example_python_operator
[2023-01-13T11:58:32.786+0000] {processor.py:753} INFO - DAG(s) dict_keys(['example_python_operator']) retrieved from /home/airflow/.local/lib/python3.7/site-packages/airflow/example_dags/example_python_operator.py
[2023-01-13T11:58:32.855+0000] {logging_mixin.py:137} INFO - [2023-01-13T11:58:32.854+0000] {dag.py:2676} INFO - Sync 1 DAGs
[2023-01-13T11:58:32.887+0000] {logging_mixin.py:137} INFO - [2023-01-13T11:58:32.887+0000] {dag.py:3427} INFO - Setting next_dagrun for example_python_operator to None, run_after=None
[2023-01-13T11:58:33.003+0000] {processor.py:175} INFO - Processing /home/airflow/.local/lib/python3.7/site-packages/airflow/example_dags/example_python_operator.py took 0.250 seconds
