[2023-01-13T11:56:36.429+0000] {processor.py:153} INFO - Started process (PID=376) to work on /home/airflow/.local/lib/python3.7/site-packages/airflow/example_dags/example_xcomargs.py
[2023-01-13T11:56:36.464+0000] {processor.py:743} INFO - Processing file /home/airflow/.local/lib/python3.7/site-packages/airflow/example_dags/example_xcomargs.py for tasks to queue
[2023-01-13T11:56:36.465+0000] {logging_mixin.py:137} INFO - [2023-01-13T11:56:36.465+0000] {dagbag.py:538} INFO - Filling up the DagBag from /home/airflow/.local/lib/python3.7/site-packages/airflow/example_dags/example_xcomargs.py
[2023-01-13T11:56:36.708+0000] {processor.py:753} INFO - DAG(s) dict_keys(['example_xcom_args', 'example_xcom_args_with_operators']) retrieved from /home/airflow/.local/lib/python3.7/site-packages/airflow/example_dags/example_xcomargs.py
[2023-01-13T11:56:36.749+0000] {logging_mixin.py:137} INFO - [2023-01-13T11:56:36.749+0000] {dag.py:2676} INFO - Sync 2 DAGs
[2023-01-13T11:56:36.774+0000] {logging_mixin.py:137} INFO - [2023-01-13T11:56:36.773+0000] {dag.py:3427} INFO - Setting next_dagrun for example_xcom_args to None, run_after=None
[2023-01-13T11:56:36.777+0000] {logging_mixin.py:137} INFO - [2023-01-13T11:56:36.777+0000] {dag.py:3427} INFO - Setting next_dagrun for example_xcom_args_with_operators to None, run_after=None
[2023-01-13T11:56:37.367+0000] {processor.py:175} INFO - Processing /home/airflow/.local/lib/python3.7/site-packages/airflow/example_dags/example_xcomargs.py took 0.941 seconds
[2023-01-13T11:57:07.944+0000] {processor.py:153} INFO - Started process (PID=597) to work on /home/airflow/.local/lib/python3.7/site-packages/airflow/example_dags/example_xcomargs.py
[2023-01-13T11:57:07.945+0000] {processor.py:743} INFO - Processing file /home/airflow/.local/lib/python3.7/site-packages/airflow/example_dags/example_xcomargs.py for tasks to queue
[2023-01-13T11:57:07.946+0000] {logging_mixin.py:137} INFO - [2023-01-13T11:57:07.946+0000] {dagbag.py:538} INFO - Filling up the DagBag from /home/airflow/.local/lib/python3.7/site-packages/airflow/example_dags/example_xcomargs.py
[2023-01-13T11:57:07.973+0000] {processor.py:753} INFO - DAG(s) dict_keys(['example_xcom_args', 'example_xcom_args_with_operators']) retrieved from /home/airflow/.local/lib/python3.7/site-packages/airflow/example_dags/example_xcomargs.py
[2023-01-13T11:57:08.017+0000] {logging_mixin.py:137} INFO - [2023-01-13T11:57:08.017+0000] {dag.py:2676} INFO - Sync 2 DAGs
[2023-01-13T11:57:08.042+0000] {logging_mixin.py:137} INFO - [2023-01-13T11:57:08.042+0000] {dag.py:3427} INFO - Setting next_dagrun for example_xcom_args to None, run_after=None
[2023-01-13T11:57:08.046+0000] {logging_mixin.py:137} INFO - [2023-01-13T11:57:08.046+0000] {dag.py:3427} INFO - Setting next_dagrun for example_xcom_args_with_operators to None, run_after=None
[2023-01-13T11:57:08.187+0000] {processor.py:175} INFO - Processing /home/airflow/.local/lib/python3.7/site-packages/airflow/example_dags/example_xcomargs.py took 0.246 seconds
[2023-01-13T11:57:39.127+0000] {processor.py:153} INFO - Started process (PID=836) to work on /home/airflow/.local/lib/python3.7/site-packages/airflow/example_dags/example_xcomargs.py
[2023-01-13T11:57:39.127+0000] {processor.py:743} INFO - Processing file /home/airflow/.local/lib/python3.7/site-packages/airflow/example_dags/example_xcomargs.py for tasks to queue
[2023-01-13T11:57:39.128+0000] {logging_mixin.py:137} INFO - [2023-01-13T11:57:39.128+0000] {dagbag.py:538} INFO - Filling up the DagBag from /home/airflow/.local/lib/python3.7/site-packages/airflow/example_dags/example_xcomargs.py
[2023-01-13T11:57:39.153+0000] {processor.py:753} INFO - DAG(s) dict_keys(['example_xcom_args_with_operators', 'example_xcom_args']) retrieved from /home/airflow/.local/lib/python3.7/site-packages/airflow/example_dags/example_xcomargs.py
[2023-01-13T11:57:39.192+0000] {logging_mixin.py:137} INFO - [2023-01-13T11:57:39.192+0000] {dag.py:2676} INFO - Sync 2 DAGs
[2023-01-13T11:57:39.217+0000] {logging_mixin.py:137} INFO - [2023-01-13T11:57:39.217+0000] {dag.py:3427} INFO - Setting next_dagrun for example_xcom_args to None, run_after=None
[2023-01-13T11:57:39.221+0000] {logging_mixin.py:137} INFO - [2023-01-13T11:57:39.220+0000] {dag.py:3427} INFO - Setting next_dagrun for example_xcom_args_with_operators to None, run_after=None
[2023-01-13T11:57:39.255+0000] {processor.py:175} INFO - Processing /home/airflow/.local/lib/python3.7/site-packages/airflow/example_dags/example_xcomargs.py took 0.132 seconds
[2023-01-13T11:58:10.023+0000] {processor.py:153} INFO - Started process (PID=1059) to work on /home/airflow/.local/lib/python3.7/site-packages/airflow/example_dags/example_xcomargs.py
[2023-01-13T11:58:10.024+0000] {processor.py:743} INFO - Processing file /home/airflow/.local/lib/python3.7/site-packages/airflow/example_dags/example_xcomargs.py for tasks to queue
[2023-01-13T11:58:10.025+0000] {logging_mixin.py:137} INFO - [2023-01-13T11:58:10.025+0000] {dagbag.py:538} INFO - Filling up the DagBag from /home/airflow/.local/lib/python3.7/site-packages/airflow/example_dags/example_xcomargs.py
[2023-01-13T11:58:10.048+0000] {processor.py:753} INFO - DAG(s) dict_keys(['example_xcom_args_with_operators', 'example_xcom_args']) retrieved from /home/airflow/.local/lib/python3.7/site-packages/airflow/example_dags/example_xcomargs.py
[2023-01-13T11:58:10.086+0000] {logging_mixin.py:137} INFO - [2023-01-13T11:58:10.086+0000] {dag.py:2676} INFO - Sync 2 DAGs
[2023-01-13T11:58:10.111+0000] {logging_mixin.py:137} INFO - [2023-01-13T11:58:10.111+0000] {dag.py:3427} INFO - Setting next_dagrun for example_xcom_args to None, run_after=None
[2023-01-13T11:58:10.114+0000] {logging_mixin.py:137} INFO - [2023-01-13T11:58:10.114+0000] {dag.py:3427} INFO - Setting next_dagrun for example_xcom_args_with_operators to None, run_after=None
[2023-01-13T11:58:10.190+0000] {processor.py:175} INFO - Processing /home/airflow/.local/lib/python3.7/site-packages/airflow/example_dags/example_xcomargs.py took 0.171 seconds
