[2023-01-13T11:56:20.357+0000] {processor.py:153} INFO - Started process (PID=190) to work on /home/airflow/.local/lib/python3.7/site-packages/airflow/example_dags/example_short_circuit_operator.py
[2023-01-13T11:56:20.358+0000] {processor.py:743} INFO - Processing file /home/airflow/.local/lib/python3.7/site-packages/airflow/example_dags/example_short_circuit_operator.py for tasks to queue
[2023-01-13T11:56:20.358+0000] {logging_mixin.py:137} INFO - [2023-01-13T11:56:20.358+0000] {dagbag.py:538} INFO - Filling up the DagBag from /home/airflow/.local/lib/python3.7/site-packages/airflow/example_dags/example_short_circuit_operator.py
[2023-01-13T11:56:20.452+0000] {processor.py:753} INFO - DAG(s) dict_keys(['example_short_circuit_operator']) retrieved from /home/airflow/.local/lib/python3.7/site-packages/airflow/example_dags/example_short_circuit_operator.py
[2023-01-13T11:56:20.501+0000] {logging_mixin.py:137} INFO - [2023-01-13T11:56:20.500+0000] {dag.py:2676} INFO - Sync 1 DAGs
[2023-01-13T11:56:20.533+0000] {logging_mixin.py:137} INFO - [2023-01-13T11:56:20.533+0000] {dag.py:3427} INFO - Setting next_dagrun for example_short_circuit_operator to 2023-01-12T11:56:20.533292+00:00, run_after=2023-01-13T11:56:20.533292+00:00
[2023-01-13T11:56:21.049+0000] {processor.py:175} INFO - Processing /home/airflow/.local/lib/python3.7/site-packages/airflow/example_dags/example_short_circuit_operator.py took 0.696 seconds
[2023-01-13T11:56:51.365+0000] {processor.py:153} INFO - Started process (PID=396) to work on /home/airflow/.local/lib/python3.7/site-packages/airflow/example_dags/example_short_circuit_operator.py
[2023-01-13T11:56:51.366+0000] {processor.py:743} INFO - Processing file /home/airflow/.local/lib/python3.7/site-packages/airflow/example_dags/example_short_circuit_operator.py for tasks to queue
[2023-01-13T11:56:51.368+0000] {logging_mixin.py:137} INFO - [2023-01-13T11:56:51.368+0000] {dagbag.py:538} INFO - Filling up the DagBag from /home/airflow/.local/lib/python3.7/site-packages/airflow/example_dags/example_short_circuit_operator.py
[2023-01-13T11:56:51.387+0000] {processor.py:753} INFO - DAG(s) dict_keys(['example_short_circuit_operator']) retrieved from /home/airflow/.local/lib/python3.7/site-packages/airflow/example_dags/example_short_circuit_operator.py
[2023-01-13T11:56:51.429+0000] {logging_mixin.py:137} INFO - [2023-01-13T11:56:51.429+0000] {dag.py:2676} INFO - Sync 1 DAGs
[2023-01-13T11:56:51.455+0000] {logging_mixin.py:137} INFO - [2023-01-13T11:56:51.455+0000] {dag.py:3427} INFO - Setting next_dagrun for example_short_circuit_operator to 2023-01-12T11:56:51.455308+00:00, run_after=2023-01-13T11:56:51.455308+00:00
[2023-01-13T11:56:51.527+0000] {processor.py:175} INFO - Processing /home/airflow/.local/lib/python3.7/site-packages/airflow/example_dags/example_short_circuit_operator.py took 0.165 seconds
[2023-01-13T11:57:22.363+0000] {processor.py:153} INFO - Started process (PID=636) to work on /home/airflow/.local/lib/python3.7/site-packages/airflow/example_dags/example_short_circuit_operator.py
[2023-01-13T11:57:22.365+0000] {processor.py:743} INFO - Processing file /home/airflow/.local/lib/python3.7/site-packages/airflow/example_dags/example_short_circuit_operator.py for tasks to queue
[2023-01-13T11:57:22.366+0000] {logging_mixin.py:137} INFO - [2023-01-13T11:57:22.365+0000] {dagbag.py:538} INFO - Filling up the DagBag from /home/airflow/.local/lib/python3.7/site-packages/airflow/example_dags/example_short_circuit_operator.py
[2023-01-13T11:57:22.384+0000] {processor.py:753} INFO - DAG(s) dict_keys(['example_short_circuit_operator']) retrieved from /home/airflow/.local/lib/python3.7/site-packages/airflow/example_dags/example_short_circuit_operator.py
[2023-01-13T11:57:22.432+0000] {logging_mixin.py:137} INFO - [2023-01-13T11:57:22.432+0000] {dag.py:2676} INFO - Sync 1 DAGs
[2023-01-13T11:57:22.459+0000] {logging_mixin.py:137} INFO - [2023-01-13T11:57:22.459+0000] {dag.py:3427} INFO - Setting next_dagrun for example_short_circuit_operator to 2023-01-12T11:57:22.458836+00:00, run_after=2023-01-13T11:57:22.458836+00:00
[2023-01-13T11:57:22.573+0000] {processor.py:175} INFO - Processing /home/airflow/.local/lib/python3.7/site-packages/airflow/example_dags/example_short_circuit_operator.py took 0.213 seconds
[2023-01-13T11:57:53.247+0000] {processor.py:153} INFO - Started process (PID=860) to work on /home/airflow/.local/lib/python3.7/site-packages/airflow/example_dags/example_short_circuit_operator.py
[2023-01-13T11:57:53.248+0000] {processor.py:743} INFO - Processing file /home/airflow/.local/lib/python3.7/site-packages/airflow/example_dags/example_short_circuit_operator.py for tasks to queue
[2023-01-13T11:57:53.249+0000] {logging_mixin.py:137} INFO - [2023-01-13T11:57:53.249+0000] {dagbag.py:538} INFO - Filling up the DagBag from /home/airflow/.local/lib/python3.7/site-packages/airflow/example_dags/example_short_circuit_operator.py
[2023-01-13T11:57:53.265+0000] {processor.py:753} INFO - DAG(s) dict_keys(['example_short_circuit_operator']) retrieved from /home/airflow/.local/lib/python3.7/site-packages/airflow/example_dags/example_short_circuit_operator.py
[2023-01-13T11:57:53.303+0000] {logging_mixin.py:137} INFO - [2023-01-13T11:57:53.303+0000] {dag.py:2676} INFO - Sync 1 DAGs
[2023-01-13T11:57:53.328+0000] {logging_mixin.py:137} INFO - [2023-01-13T11:57:53.328+0000] {dag.py:3427} INFO - Setting next_dagrun for example_short_circuit_operator to 2023-01-12T11:57:53.328603+00:00, run_after=2023-01-13T11:57:53.328603+00:00
[2023-01-13T11:57:53.365+0000] {processor.py:175} INFO - Processing /home/airflow/.local/lib/python3.7/site-packages/airflow/example_dags/example_short_circuit_operator.py took 0.121 seconds
[2023-01-13T11:58:24.374+0000] {processor.py:153} INFO - Started process (PID=1091) to work on /home/airflow/.local/lib/python3.7/site-packages/airflow/example_dags/example_short_circuit_operator.py
[2023-01-13T11:58:24.375+0000] {processor.py:743} INFO - Processing file /home/airflow/.local/lib/python3.7/site-packages/airflow/example_dags/example_short_circuit_operator.py for tasks to queue
[2023-01-13T11:58:24.376+0000] {logging_mixin.py:137} INFO - [2023-01-13T11:58:24.376+0000] {dagbag.py:538} INFO - Filling up the DagBag from /home/airflow/.local/lib/python3.7/site-packages/airflow/example_dags/example_short_circuit_operator.py
[2023-01-13T11:58:24.394+0000] {processor.py:753} INFO - DAG(s) dict_keys(['example_short_circuit_operator']) retrieved from /home/airflow/.local/lib/python3.7/site-packages/airflow/example_dags/example_short_circuit_operator.py
[2023-01-13T11:58:24.655+0000] {logging_mixin.py:137} INFO - [2023-01-13T11:58:24.655+0000] {dag.py:2676} INFO - Sync 1 DAGs
[2023-01-13T11:58:24.733+0000] {logging_mixin.py:137} INFO - [2023-01-13T11:58:24.733+0000] {dag.py:3427} INFO - Setting next_dagrun for example_short_circuit_operator to 2023-01-12T11:58:24.733178+00:00, run_after=2023-01-13T11:58:24.733178+00:00
[2023-01-13T11:58:24.970+0000] {processor.py:175} INFO - Processing /home/airflow/.local/lib/python3.7/site-packages/airflow/example_dags/example_short_circuit_operator.py took 0.600 seconds
