[2023-01-13T11:56:35.380+0000] {processor.py:153} INFO - Started process (PID=356) to work on /home/airflow/.local/lib/python3.7/site-packages/airflow/example_dags/example_latest_only_with_trigger.py
[2023-01-13T11:56:35.381+0000] {processor.py:743} INFO - Processing file /home/airflow/.local/lib/python3.7/site-packages/airflow/example_dags/example_latest_only_with_trigger.py for tasks to queue
[2023-01-13T11:56:35.382+0000] {logging_mixin.py:137} INFO - [2023-01-13T11:56:35.382+0000] {dagbag.py:538} INFO - Filling up the DagBag from /home/airflow/.local/lib/python3.7/site-packages/airflow/example_dags/example_latest_only_with_trigger.py
[2023-01-13T11:56:35.462+0000] {processor.py:753} INFO - DAG(s) dict_keys(['latest_only_with_trigger']) retrieved from /home/airflow/.local/lib/python3.7/site-packages/airflow/example_dags/example_latest_only_with_trigger.py
[2023-01-13T11:56:35.503+0000] {logging_mixin.py:137} INFO - [2023-01-13T11:56:35.503+0000] {dag.py:2676} INFO - Sync 1 DAGs
[2023-01-13T11:56:35.530+0000] {logging_mixin.py:137} INFO - [2023-01-13T11:56:35.530+0000] {dag.py:3427} INFO - Setting next_dagrun for latest_only_with_trigger to 2023-01-13T07:56:35.530155+00:00, run_after=2023-01-13T11:56:35.530155+00:00
[2023-01-13T11:56:35.777+0000] {processor.py:175} INFO - Processing /home/airflow/.local/lib/python3.7/site-packages/airflow/example_dags/example_latest_only_with_trigger.py took 0.400 seconds
[2023-01-13T11:57:06.326+0000] {processor.py:153} INFO - Started process (PID=562) to work on /home/airflow/.local/lib/python3.7/site-packages/airflow/example_dags/example_latest_only_with_trigger.py
[2023-01-13T11:57:06.327+0000] {processor.py:743} INFO - Processing file /home/airflow/.local/lib/python3.7/site-packages/airflow/example_dags/example_latest_only_with_trigger.py for tasks to queue
[2023-01-13T11:57:06.328+0000] {logging_mixin.py:137} INFO - [2023-01-13T11:57:06.328+0000] {dagbag.py:538} INFO - Filling up the DagBag from /home/airflow/.local/lib/python3.7/site-packages/airflow/example_dags/example_latest_only_with_trigger.py
[2023-01-13T11:57:06.341+0000] {processor.py:753} INFO - DAG(s) dict_keys(['latest_only_with_trigger']) retrieved from /home/airflow/.local/lib/python3.7/site-packages/airflow/example_dags/example_latest_only_with_trigger.py
[2023-01-13T11:57:06.376+0000] {logging_mixin.py:137} INFO - [2023-01-13T11:57:06.376+0000] {dag.py:2676} INFO - Sync 1 DAGs
[2023-01-13T11:57:06.400+0000] {logging_mixin.py:137} INFO - [2023-01-13T11:57:06.400+0000] {dag.py:3427} INFO - Setting next_dagrun for latest_only_with_trigger to 2023-01-13T07:57:06.400591+00:00, run_after=2023-01-13T11:57:06.400591+00:00
[2023-01-13T11:57:06.544+0000] {processor.py:175} INFO - Processing /home/airflow/.local/lib/python3.7/site-packages/airflow/example_dags/example_latest_only_with_trigger.py took 0.221 seconds
[2023-01-13T11:57:36.731+0000] {processor.py:153} INFO - Started process (PID=806) to work on /home/airflow/.local/lib/python3.7/site-packages/airflow/example_dags/example_latest_only_with_trigger.py
[2023-01-13T11:57:36.732+0000] {processor.py:743} INFO - Processing file /home/airflow/.local/lib/python3.7/site-packages/airflow/example_dags/example_latest_only_with_trigger.py for tasks to queue
[2023-01-13T11:57:36.733+0000] {logging_mixin.py:137} INFO - [2023-01-13T11:57:36.733+0000] {dagbag.py:538} INFO - Filling up the DagBag from /home/airflow/.local/lib/python3.7/site-packages/airflow/example_dags/example_latest_only_with_trigger.py
[2023-01-13T11:57:36.746+0000] {processor.py:753} INFO - DAG(s) dict_keys(['latest_only_with_trigger']) retrieved from /home/airflow/.local/lib/python3.7/site-packages/airflow/example_dags/example_latest_only_with_trigger.py
[2023-01-13T11:57:36.783+0000] {logging_mixin.py:137} INFO - [2023-01-13T11:57:36.783+0000] {dag.py:2676} INFO - Sync 1 DAGs
[2023-01-13T11:57:36.811+0000] {logging_mixin.py:137} INFO - [2023-01-13T11:57:36.810+0000] {dag.py:3427} INFO - Setting next_dagrun for latest_only_with_trigger to 2023-01-13T07:57:36.810773+00:00, run_after=2023-01-13T11:57:36.810773+00:00
[2023-01-13T11:57:36.854+0000] {processor.py:175} INFO - Processing /home/airflow/.local/lib/python3.7/site-packages/airflow/example_dags/example_latest_only_with_trigger.py took 0.126 seconds
[2023-01-13T11:58:07.548+0000] {processor.py:153} INFO - Started process (PID=1027) to work on /home/airflow/.local/lib/python3.7/site-packages/airflow/example_dags/example_latest_only_with_trigger.py
[2023-01-13T11:58:07.549+0000] {processor.py:743} INFO - Processing file /home/airflow/.local/lib/python3.7/site-packages/airflow/example_dags/example_latest_only_with_trigger.py for tasks to queue
[2023-01-13T11:58:07.550+0000] {logging_mixin.py:137} INFO - [2023-01-13T11:58:07.550+0000] {dagbag.py:538} INFO - Filling up the DagBag from /home/airflow/.local/lib/python3.7/site-packages/airflow/example_dags/example_latest_only_with_trigger.py
[2023-01-13T11:58:07.565+0000] {processor.py:753} INFO - DAG(s) dict_keys(['latest_only_with_trigger']) retrieved from /home/airflow/.local/lib/python3.7/site-packages/airflow/example_dags/example_latest_only_with_trigger.py
[2023-01-13T11:58:07.608+0000] {logging_mixin.py:137} INFO - [2023-01-13T11:58:07.608+0000] {dag.py:2676} INFO - Sync 1 DAGs
[2023-01-13T11:58:07.637+0000] {logging_mixin.py:137} INFO - [2023-01-13T11:58:07.637+0000] {dag.py:3427} INFO - Setting next_dagrun for latest_only_with_trigger to 2023-01-13T07:58:07.637154+00:00, run_after=2023-01-13T11:58:07.637154+00:00
[2023-01-13T11:58:07.701+0000] {processor.py:175} INFO - Processing /home/airflow/.local/lib/python3.7/site-packages/airflow/example_dags/example_latest_only_with_trigger.py took 0.156 seconds
[2023-01-13T11:58:38.145+0000] {processor.py:153} INFO - Started process (PID=1261) to work on /home/airflow/.local/lib/python3.7/site-packages/airflow/example_dags/example_latest_only_with_trigger.py
[2023-01-13T11:58:38.145+0000] {processor.py:743} INFO - Processing file /home/airflow/.local/lib/python3.7/site-packages/airflow/example_dags/example_latest_only_with_trigger.py for tasks to queue
[2023-01-13T11:58:38.146+0000] {logging_mixin.py:137} INFO - [2023-01-13T11:58:38.146+0000] {dagbag.py:538} INFO - Filling up the DagBag from /home/airflow/.local/lib/python3.7/site-packages/airflow/example_dags/example_latest_only_with_trigger.py
[2023-01-13T11:58:38.159+0000] {processor.py:753} INFO - DAG(s) dict_keys(['latest_only_with_trigger']) retrieved from /home/airflow/.local/lib/python3.7/site-packages/airflow/example_dags/example_latest_only_with_trigger.py
[2023-01-13T11:58:38.195+0000] {logging_mixin.py:137} INFO - [2023-01-13T11:58:38.195+0000] {dag.py:2676} INFO - Sync 1 DAGs
[2023-01-13T11:58:38.221+0000] {logging_mixin.py:137} INFO - [2023-01-13T11:58:38.221+0000] {dag.py:3427} INFO - Setting next_dagrun for latest_only_with_trigger to 2023-01-13T07:58:38.219775+00:00, run_after=2023-01-13T11:58:38.219775+00:00
[2023-01-13T11:58:38.303+0000] {processor.py:175} INFO - Processing /home/airflow/.local/lib/python3.7/site-packages/airflow/example_dags/example_latest_only_with_trigger.py took 0.161 seconds
