[2023-01-13T11:56:31.781+0000] {processor.py:153} INFO - Started process (PID=312) to work on /home/airflow/.local/lib/python3.7/site-packages/airflow/example_dags/example_bash_operator.py
[2023-01-13T11:56:31.783+0000] {processor.py:743} INFO - Processing file /home/airflow/.local/lib/python3.7/site-packages/airflow/example_dags/example_bash_operator.py for tasks to queue
[2023-01-13T11:56:31.784+0000] {logging_mixin.py:137} INFO - [2023-01-13T11:56:31.784+0000] {dagbag.py:538} INFO - Filling up the DagBag from /home/airflow/.local/lib/python3.7/site-packages/airflow/example_dags/example_bash_operator.py
[2023-01-13T11:56:32.480+0000] {processor.py:753} INFO - DAG(s) dict_keys(['example_bash_operator']) retrieved from /home/airflow/.local/lib/python3.7/site-packages/airflow/example_dags/example_bash_operator.py
[2023-01-13T11:56:32.536+0000] {logging_mixin.py:137} INFO - [2023-01-13T11:56:32.536+0000] {dag.py:2676} INFO - Sync 1 DAGs
[2023-01-13T11:56:32.564+0000] {logging_mixin.py:137} INFO - [2023-01-13T11:56:32.563+0000] {dag.py:3427} INFO - Setting next_dagrun for example_bash_operator to 2023-01-12T00:00:00+00:00, run_after=2023-01-13T00:00:00+00:00
[2023-01-13T11:56:32.997+0000] {processor.py:175} INFO - Processing /home/airflow/.local/lib/python3.7/site-packages/airflow/example_dags/example_bash_operator.py took 1.223 seconds
[2023-01-13T11:57:03.587+0000] {processor.py:153} INFO - Started process (PID=534) to work on /home/airflow/.local/lib/python3.7/site-packages/airflow/example_dags/example_bash_operator.py
[2023-01-13T11:57:03.588+0000] {processor.py:743} INFO - Processing file /home/airflow/.local/lib/python3.7/site-packages/airflow/example_dags/example_bash_operator.py for tasks to queue
[2023-01-13T11:57:03.590+0000] {logging_mixin.py:137} INFO - [2023-01-13T11:57:03.589+0000] {dagbag.py:538} INFO - Filling up the DagBag from /home/airflow/.local/lib/python3.7/site-packages/airflow/example_dags/example_bash_operator.py
[2023-01-13T11:57:03.623+0000] {processor.py:753} INFO - DAG(s) dict_keys(['example_bash_operator']) retrieved from /home/airflow/.local/lib/python3.7/site-packages/airflow/example_dags/example_bash_operator.py
[2023-01-13T11:57:03.683+0000] {logging_mixin.py:137} INFO - [2023-01-13T11:57:03.682+0000] {dag.py:2676} INFO - Sync 1 DAGs
[2023-01-13T11:57:03.710+0000] {logging_mixin.py:137} INFO - [2023-01-13T11:57:03.710+0000] {dag.py:3427} INFO - Setting next_dagrun for example_bash_operator to 2023-01-12T00:00:00+00:00, run_after=2023-01-13T00:00:00+00:00
[2023-01-13T11:57:03.845+0000] {processor.py:175} INFO - Processing /home/airflow/.local/lib/python3.7/site-packages/airflow/example_dags/example_bash_operator.py took 0.261 seconds
[2023-01-13T11:57:34.112+0000] {processor.py:153} INFO - Started process (PID=767) to work on /home/airflow/.local/lib/python3.7/site-packages/airflow/example_dags/example_bash_operator.py
[2023-01-13T11:57:34.113+0000] {processor.py:743} INFO - Processing file /home/airflow/.local/lib/python3.7/site-packages/airflow/example_dags/example_bash_operator.py for tasks to queue
[2023-01-13T11:57:34.114+0000] {logging_mixin.py:137} INFO - [2023-01-13T11:57:34.114+0000] {dagbag.py:538} INFO - Filling up the DagBag from /home/airflow/.local/lib/python3.7/site-packages/airflow/example_dags/example_bash_operator.py
[2023-01-13T11:57:34.140+0000] {processor.py:753} INFO - DAG(s) dict_keys(['example_bash_operator']) retrieved from /home/airflow/.local/lib/python3.7/site-packages/airflow/example_dags/example_bash_operator.py
[2023-01-13T11:57:34.194+0000] {logging_mixin.py:137} INFO - [2023-01-13T11:57:34.194+0000] {dag.py:2676} INFO - Sync 1 DAGs
[2023-01-13T11:57:34.221+0000] {logging_mixin.py:137} INFO - [2023-01-13T11:57:34.221+0000] {dag.py:3427} INFO - Setting next_dagrun for example_bash_operator to 2023-01-12T00:00:00+00:00, run_after=2023-01-13T00:00:00+00:00
[2023-01-13T11:57:34.295+0000] {processor.py:175} INFO - Processing /home/airflow/.local/lib/python3.7/site-packages/airflow/example_dags/example_bash_operator.py took 0.187 seconds
[2023-01-13T11:58:04.862+0000] {processor.py:153} INFO - Started process (PID=999) to work on /home/airflow/.local/lib/python3.7/site-packages/airflow/example_dags/example_bash_operator.py
[2023-01-13T11:58:04.863+0000] {processor.py:743} INFO - Processing file /home/airflow/.local/lib/python3.7/site-packages/airflow/example_dags/example_bash_operator.py for tasks to queue
[2023-01-13T11:58:04.864+0000] {logging_mixin.py:137} INFO - [2023-01-13T11:58:04.864+0000] {dagbag.py:538} INFO - Filling up the DagBag from /home/airflow/.local/lib/python3.7/site-packages/airflow/example_dags/example_bash_operator.py
[2023-01-13T11:58:04.888+0000] {processor.py:753} INFO - DAG(s) dict_keys(['example_bash_operator']) retrieved from /home/airflow/.local/lib/python3.7/site-packages/airflow/example_dags/example_bash_operator.py
[2023-01-13T11:58:04.945+0000] {logging_mixin.py:137} INFO - [2023-01-13T11:58:04.945+0000] {dag.py:2676} INFO - Sync 1 DAGs
[2023-01-13T11:58:04.975+0000] {logging_mixin.py:137} INFO - [2023-01-13T11:58:04.975+0000] {dag.py:3427} INFO - Setting next_dagrun for example_bash_operator to 2023-01-12T00:00:00+00:00, run_after=2023-01-13T00:00:00+00:00
[2023-01-13T11:58:05.064+0000] {processor.py:175} INFO - Processing /home/airflow/.local/lib/python3.7/site-packages/airflow/example_dags/example_bash_operator.py took 0.205 seconds
[2023-01-13T11:58:35.396+0000] {processor.py:153} INFO - Started process (PID=1222) to work on /home/airflow/.local/lib/python3.7/site-packages/airflow/example_dags/example_bash_operator.py
[2023-01-13T11:58:35.397+0000] {processor.py:743} INFO - Processing file /home/airflow/.local/lib/python3.7/site-packages/airflow/example_dags/example_bash_operator.py for tasks to queue
[2023-01-13T11:58:35.398+0000] {logging_mixin.py:137} INFO - [2023-01-13T11:58:35.398+0000] {dagbag.py:538} INFO - Filling up the DagBag from /home/airflow/.local/lib/python3.7/site-packages/airflow/example_dags/example_bash_operator.py
[2023-01-13T11:58:35.419+0000] {processor.py:753} INFO - DAG(s) dict_keys(['example_bash_operator']) retrieved from /home/airflow/.local/lib/python3.7/site-packages/airflow/example_dags/example_bash_operator.py
[2023-01-13T11:58:35.472+0000] {logging_mixin.py:137} INFO - [2023-01-13T11:58:35.472+0000] {dag.py:2676} INFO - Sync 1 DAGs
[2023-01-13T11:58:35.500+0000] {logging_mixin.py:137} INFO - [2023-01-13T11:58:35.499+0000] {dag.py:3427} INFO - Setting next_dagrun for example_bash_operator to 2023-01-12T00:00:00+00:00, run_after=2023-01-13T00:00:00+00:00
[2023-01-13T11:58:35.576+0000] {processor.py:175} INFO - Processing /home/airflow/.local/lib/python3.7/site-packages/airflow/example_dags/example_bash_operator.py took 0.183 seconds
