[2023-01-13T11:56:28.489+0000] {processor.py:153} INFO - Started process (PID=280) to work on /home/airflow/.local/lib/python3.7/site-packages/airflow/example_dags/example_latest_only.py
[2023-01-13T11:56:28.490+0000] {processor.py:743} INFO - Processing file /home/airflow/.local/lib/python3.7/site-packages/airflow/example_dags/example_latest_only.py for tasks to queue
[2023-01-13T11:56:28.491+0000] {logging_mixin.py:137} INFO - [2023-01-13T11:56:28.490+0000] {dagbag.py:538} INFO - Filling up the DagBag from /home/airflow/.local/lib/python3.7/site-packages/airflow/example_dags/example_latest_only.py
[2023-01-13T11:56:28.662+0000] {processor.py:753} INFO - DAG(s) dict_keys(['latest_only']) retrieved from /home/airflow/.local/lib/python3.7/site-packages/airflow/example_dags/example_latest_only.py
[2023-01-13T11:56:28.705+0000] {logging_mixin.py:137} INFO - [2023-01-13T11:56:28.705+0000] {dag.py:2676} INFO - Sync 1 DAGs
[2023-01-13T11:56:28.731+0000] {logging_mixin.py:137} INFO - [2023-01-13T11:56:28.731+0000] {dag.py:3427} INFO - Setting next_dagrun for latest_only to 2023-01-13T07:56:28.731500+00:00, run_after=2023-01-13T11:56:28.731500+00:00
[2023-01-13T11:56:28.917+0000] {processor.py:175} INFO - Processing /home/airflow/.local/lib/python3.7/site-packages/airflow/example_dags/example_latest_only.py took 0.433 seconds
[2023-01-13T11:56:59.717+0000] {processor.py:153} INFO - Started process (PID=502) to work on /home/airflow/.local/lib/python3.7/site-packages/airflow/example_dags/example_latest_only.py
[2023-01-13T11:56:59.718+0000] {processor.py:743} INFO - Processing file /home/airflow/.local/lib/python3.7/site-packages/airflow/example_dags/example_latest_only.py for tasks to queue
[2023-01-13T11:56:59.719+0000] {logging_mixin.py:137} INFO - [2023-01-13T11:56:59.719+0000] {dagbag.py:538} INFO - Filling up the DagBag from /home/airflow/.local/lib/python3.7/site-packages/airflow/example_dags/example_latest_only.py
[2023-01-13T11:56:59.732+0000] {processor.py:753} INFO - DAG(s) dict_keys(['latest_only']) retrieved from /home/airflow/.local/lib/python3.7/site-packages/airflow/example_dags/example_latest_only.py
[2023-01-13T11:56:59.770+0000] {logging_mixin.py:137} INFO - [2023-01-13T11:56:59.770+0000] {dag.py:2676} INFO - Sync 1 DAGs
[2023-01-13T11:56:59.798+0000] {logging_mixin.py:137} INFO - [2023-01-13T11:56:59.798+0000] {dag.py:3427} INFO - Setting next_dagrun for latest_only to 2023-01-13T07:56:59.798073+00:00, run_after=2023-01-13T11:56:59.798073+00:00
[2023-01-13T11:56:59.915+0000] {processor.py:175} INFO - Processing /home/airflow/.local/lib/python3.7/site-packages/airflow/example_dags/example_latest_only.py took 0.201 seconds
[2023-01-13T11:57:30.179+0000] {processor.py:153} INFO - Started process (PID=726) to work on /home/airflow/.local/lib/python3.7/site-packages/airflow/example_dags/example_latest_only.py
[2023-01-13T11:57:30.180+0000] {processor.py:743} INFO - Processing file /home/airflow/.local/lib/python3.7/site-packages/airflow/example_dags/example_latest_only.py for tasks to queue
[2023-01-13T11:57:30.181+0000] {logging_mixin.py:137} INFO - [2023-01-13T11:57:30.181+0000] {dagbag.py:538} INFO - Filling up the DagBag from /home/airflow/.local/lib/python3.7/site-packages/airflow/example_dags/example_latest_only.py
[2023-01-13T11:57:30.194+0000] {processor.py:753} INFO - DAG(s) dict_keys(['latest_only']) retrieved from /home/airflow/.local/lib/python3.7/site-packages/airflow/example_dags/example_latest_only.py
[2023-01-13T11:57:30.231+0000] {logging_mixin.py:137} INFO - [2023-01-13T11:57:30.231+0000] {dag.py:2676} INFO - Sync 1 DAGs
[2023-01-13T11:57:30.256+0000] {logging_mixin.py:137} INFO - [2023-01-13T11:57:30.256+0000] {dag.py:3427} INFO - Setting next_dagrun for latest_only to 2023-01-13T07:57:30.256320+00:00, run_after=2023-01-13T11:57:30.256320+00:00
[2023-01-13T11:57:30.389+0000] {processor.py:175} INFO - Processing /home/airflow/.local/lib/python3.7/site-packages/airflow/example_dags/example_latest_only.py took 0.212 seconds
[2023-01-13T11:58:01.132+0000] {processor.py:153} INFO - Started process (PID=967) to work on /home/airflow/.local/lib/python3.7/site-packages/airflow/example_dags/example_latest_only.py
[2023-01-13T11:58:01.133+0000] {processor.py:743} INFO - Processing file /home/airflow/.local/lib/python3.7/site-packages/airflow/example_dags/example_latest_only.py for tasks to queue
[2023-01-13T11:58:01.134+0000] {logging_mixin.py:137} INFO - [2023-01-13T11:58:01.134+0000] {dagbag.py:538} INFO - Filling up the DagBag from /home/airflow/.local/lib/python3.7/site-packages/airflow/example_dags/example_latest_only.py
[2023-01-13T11:58:01.147+0000] {processor.py:753} INFO - DAG(s) dict_keys(['latest_only']) retrieved from /home/airflow/.local/lib/python3.7/site-packages/airflow/example_dags/example_latest_only.py
[2023-01-13T11:58:01.185+0000] {logging_mixin.py:137} INFO - [2023-01-13T11:58:01.185+0000] {dag.py:2676} INFO - Sync 1 DAGs
[2023-01-13T11:58:01.211+0000] {logging_mixin.py:137} INFO - [2023-01-13T11:58:01.211+0000] {dag.py:3427} INFO - Setting next_dagrun for latest_only to 2023-01-13T07:58:01.210820+00:00, run_after=2023-01-13T11:58:01.210820+00:00
[2023-01-13T11:58:01.345+0000] {processor.py:175} INFO - Processing /home/airflow/.local/lib/python3.7/site-packages/airflow/example_dags/example_latest_only.py took 0.216 seconds
[2023-01-13T11:58:32.200+0000] {processor.py:153} INFO - Started process (PID=1189) to work on /home/airflow/.local/lib/python3.7/site-packages/airflow/example_dags/example_latest_only.py
[2023-01-13T11:58:32.272+0000] {processor.py:743} INFO - Processing file /home/airflow/.local/lib/python3.7/site-packages/airflow/example_dags/example_latest_only.py for tasks to queue
[2023-01-13T11:58:32.416+0000] {logging_mixin.py:137} INFO - [2023-01-13T11:58:32.416+0000] {dagbag.py:538} INFO - Filling up the DagBag from /home/airflow/.local/lib/python3.7/site-packages/airflow/example_dags/example_latest_only.py
[2023-01-13T11:58:32.539+0000] {processor.py:753} INFO - DAG(s) dict_keys(['latest_only']) retrieved from /home/airflow/.local/lib/python3.7/site-packages/airflow/example_dags/example_latest_only.py
[2023-01-13T11:58:32.629+0000] {logging_mixin.py:137} INFO - [2023-01-13T11:58:32.629+0000] {dag.py:2676} INFO - Sync 1 DAGs
[2023-01-13T11:58:32.652+0000] {logging_mixin.py:137} INFO - [2023-01-13T11:58:32.652+0000] {dag.py:3427} INFO - Setting next_dagrun for latest_only to 2023-01-13T07:58:32.652279+00:00, run_after=2023-01-13T11:58:32.652279+00:00
[2023-01-13T11:58:32.726+0000] {processor.py:175} INFO - Processing /home/airflow/.local/lib/python3.7/site-packages/airflow/example_dags/example_latest_only.py took 0.591 seconds
