[2023-01-13T11:56:21.510+0000] {processor.py:153} INFO - Started process (PID=197) to work on /home/airflow/.local/lib/python3.7/site-packages/airflow/example_dags/example_xcom.py
[2023-01-13T11:56:21.511+0000] {processor.py:743} INFO - Processing file /home/airflow/.local/lib/python3.7/site-packages/airflow/example_dags/example_xcom.py for tasks to queue
[2023-01-13T11:56:21.512+0000] {logging_mixin.py:137} INFO - [2023-01-13T11:56:21.512+0000] {dagbag.py:538} INFO - Filling up the DagBag from /home/airflow/.local/lib/python3.7/site-packages/airflow/example_dags/example_xcom.py
[2023-01-13T11:56:22.904+0000] {processor.py:753} INFO - DAG(s) dict_keys(['example_xcom']) retrieved from /home/airflow/.local/lib/python3.7/site-packages/airflow/example_dags/example_xcom.py
[2023-01-13T11:56:23.041+0000] {logging_mixin.py:137} INFO - [2023-01-13T11:56:23.041+0000] {dag.py:2676} INFO - Sync 1 DAGs
[2023-01-13T11:56:23.065+0000] {logging_mixin.py:137} INFO - [2023-01-13T11:56:23.065+0000] {dag.py:3427} INFO - Setting next_dagrun for example_xcom to 2021-01-01T00:00:00+00:00, run_after=2021-01-01T00:00:00+00:00
[2023-01-13T11:56:23.261+0000] {processor.py:175} INFO - Processing /home/airflow/.local/lib/python3.7/site-packages/airflow/example_dags/example_xcom.py took 1.754 seconds
[2023-01-13T11:56:53.573+0000] {processor.py:153} INFO - Started process (PID=403) to work on /home/airflow/.local/lib/python3.7/site-packages/airflow/example_dags/example_xcom.py
[2023-01-13T11:56:53.574+0000] {processor.py:743} INFO - Processing file /home/airflow/.local/lib/python3.7/site-packages/airflow/example_dags/example_xcom.py for tasks to queue
[2023-01-13T11:56:53.575+0000] {logging_mixin.py:137} INFO - [2023-01-13T11:56:53.575+0000] {dagbag.py:538} INFO - Filling up the DagBag from /home/airflow/.local/lib/python3.7/site-packages/airflow/example_dags/example_xcom.py
[2023-01-13T11:56:53.601+0000] {processor.py:753} INFO - DAG(s) dict_keys(['example_xcom']) retrieved from /home/airflow/.local/lib/python3.7/site-packages/airflow/example_dags/example_xcom.py
[2023-01-13T11:56:53.646+0000] {logging_mixin.py:137} INFO - [2023-01-13T11:56:53.646+0000] {dag.py:2676} INFO - Sync 1 DAGs
[2023-01-13T11:56:53.674+0000] {logging_mixin.py:137} INFO - [2023-01-13T11:56:53.674+0000] {dag.py:3427} INFO - Setting next_dagrun for example_xcom to 2021-01-01T00:00:00+00:00, run_after=2021-01-01T00:00:00+00:00
[2023-01-13T11:56:53.739+0000] {processor.py:175} INFO - Processing /home/airflow/.local/lib/python3.7/site-packages/airflow/example_dags/example_xcom.py took 0.171 seconds
[2023-01-13T11:57:24.746+0000] {processor.py:153} INFO - Started process (PID=643) to work on /home/airflow/.local/lib/python3.7/site-packages/airflow/example_dags/example_xcom.py
[2023-01-13T11:57:24.747+0000] {processor.py:743} INFO - Processing file /home/airflow/.local/lib/python3.7/site-packages/airflow/example_dags/example_xcom.py for tasks to queue
[2023-01-13T11:57:24.748+0000] {logging_mixin.py:137} INFO - [2023-01-13T11:57:24.747+0000] {dagbag.py:538} INFO - Filling up the DagBag from /home/airflow/.local/lib/python3.7/site-packages/airflow/example_dags/example_xcom.py
[2023-01-13T11:57:24.770+0000] {processor.py:753} INFO - DAG(s) dict_keys(['example_xcom']) retrieved from /home/airflow/.local/lib/python3.7/site-packages/airflow/example_dags/example_xcom.py
[2023-01-13T11:57:24.809+0000] {logging_mixin.py:137} INFO - [2023-01-13T11:57:24.809+0000] {dag.py:2676} INFO - Sync 1 DAGs
[2023-01-13T11:57:24.835+0000] {logging_mixin.py:137} INFO - [2023-01-13T11:57:24.835+0000] {dag.py:3427} INFO - Setting next_dagrun for example_xcom to 2021-01-01T00:00:00+00:00, run_after=2021-01-01T00:00:00+00:00
[2023-01-13T11:57:24.946+0000] {processor.py:175} INFO - Processing /home/airflow/.local/lib/python3.7/site-packages/airflow/example_dags/example_xcom.py took 0.203 seconds
[2023-01-13T11:57:55.405+0000] {processor.py:153} INFO - Started process (PID=867) to work on /home/airflow/.local/lib/python3.7/site-packages/airflow/example_dags/example_xcom.py
[2023-01-13T11:57:55.406+0000] {processor.py:743} INFO - Processing file /home/airflow/.local/lib/python3.7/site-packages/airflow/example_dags/example_xcom.py for tasks to queue
[2023-01-13T11:57:55.407+0000] {logging_mixin.py:137} INFO - [2023-01-13T11:57:55.407+0000] {dagbag.py:538} INFO - Filling up the DagBag from /home/airflow/.local/lib/python3.7/site-packages/airflow/example_dags/example_xcom.py
[2023-01-13T11:57:55.430+0000] {processor.py:753} INFO - DAG(s) dict_keys(['example_xcom']) retrieved from /home/airflow/.local/lib/python3.7/site-packages/airflow/example_dags/example_xcom.py
[2023-01-13T11:57:55.468+0000] {logging_mixin.py:137} INFO - [2023-01-13T11:57:55.468+0000] {dag.py:2676} INFO - Sync 1 DAGs
[2023-01-13T11:57:55.495+0000] {logging_mixin.py:137} INFO - [2023-01-13T11:57:55.494+0000] {dag.py:3427} INFO - Setting next_dagrun for example_xcom to 2021-01-01T00:00:00+00:00, run_after=2021-01-01T00:00:00+00:00
[2023-01-13T11:57:55.549+0000] {processor.py:175} INFO - Processing /home/airflow/.local/lib/python3.7/site-packages/airflow/example_dags/example_xcom.py took 0.147 seconds
[2023-01-13T11:58:26.037+0000] {processor.py:153} INFO - Started process (PID=1107) to work on /home/airflow/.local/lib/python3.7/site-packages/airflow/example_dags/example_xcom.py
[2023-01-13T11:58:26.038+0000] {processor.py:743} INFO - Processing file /home/airflow/.local/lib/python3.7/site-packages/airflow/example_dags/example_xcom.py for tasks to queue
[2023-01-13T11:58:26.040+0000] {logging_mixin.py:137} INFO - [2023-01-13T11:58:26.039+0000] {dagbag.py:538} INFO - Filling up the DagBag from /home/airflow/.local/lib/python3.7/site-packages/airflow/example_dags/example_xcom.py
[2023-01-13T11:58:26.062+0000] {processor.py:753} INFO - DAG(s) dict_keys(['example_xcom']) retrieved from /home/airflow/.local/lib/python3.7/site-packages/airflow/example_dags/example_xcom.py
[2023-01-13T11:58:26.105+0000] {logging_mixin.py:137} INFO - [2023-01-13T11:58:26.105+0000] {dag.py:2676} INFO - Sync 1 DAGs
[2023-01-13T11:58:26.132+0000] {logging_mixin.py:137} INFO - [2023-01-13T11:58:26.131+0000] {dag.py:3427} INFO - Setting next_dagrun for example_xcom to 2021-01-01T00:00:00+00:00, run_after=2021-01-01T00:00:00+00:00
[2023-01-13T11:58:26.456+0000] {processor.py:175} INFO - Processing /home/airflow/.local/lib/python3.7/site-packages/airflow/example_dags/example_xcom.py took 0.423 seconds
