[2023-01-13T11:56:26.867+0000] {processor.py:153} INFO - Started process (PID=265) to work on /home/airflow/.local/lib/python3.7/site-packages/airflow/example_dags/example_short_circuit_decorator.py
[2023-01-13T11:56:26.868+0000] {processor.py:743} INFO - Processing file /home/airflow/.local/lib/python3.7/site-packages/airflow/example_dags/example_short_circuit_decorator.py for tasks to queue
[2023-01-13T11:56:26.869+0000] {logging_mixin.py:137} INFO - [2023-01-13T11:56:26.869+0000] {dagbag.py:538} INFO - Filling up the DagBag from /home/airflow/.local/lib/python3.7/site-packages/airflow/example_dags/example_short_circuit_decorator.py
[2023-01-13T11:56:27.262+0000] {processor.py:753} INFO - DAG(s) dict_keys(['example_short_circuit_decorator']) retrieved from /home/airflow/.local/lib/python3.7/site-packages/airflow/example_dags/example_short_circuit_decorator.py
[2023-01-13T11:56:27.302+0000] {logging_mixin.py:137} INFO - [2023-01-13T11:56:27.302+0000] {dag.py:2676} INFO - Sync 1 DAGs
[2023-01-13T11:56:27.330+0000] {logging_mixin.py:137} INFO - [2023-01-13T11:56:27.330+0000] {dag.py:3427} INFO - Setting next_dagrun for example_short_circuit_decorator to 2023-01-12T11:56:27.330465+00:00, run_after=2023-01-13T11:56:27.330465+00:00
[2023-01-13T11:56:27.576+0000] {processor.py:175} INFO - Processing /home/airflow/.local/lib/python3.7/site-packages/airflow/example_dags/example_short_circuit_decorator.py took 0.711 seconds
[2023-01-13T11:56:58.303+0000] {processor.py:153} INFO - Started process (PID=487) to work on /home/airflow/.local/lib/python3.7/site-packages/airflow/example_dags/example_short_circuit_decorator.py
[2023-01-13T11:56:58.304+0000] {processor.py:743} INFO - Processing file /home/airflow/.local/lib/python3.7/site-packages/airflow/example_dags/example_short_circuit_decorator.py for tasks to queue
[2023-01-13T11:56:58.305+0000] {logging_mixin.py:137} INFO - [2023-01-13T11:56:58.305+0000] {dagbag.py:538} INFO - Filling up the DagBag from /home/airflow/.local/lib/python3.7/site-packages/airflow/example_dags/example_short_circuit_decorator.py
[2023-01-13T11:56:58.343+0000] {processor.py:753} INFO - DAG(s) dict_keys(['example_short_circuit_decorator']) retrieved from /home/airflow/.local/lib/python3.7/site-packages/airflow/example_dags/example_short_circuit_decorator.py
[2023-01-13T11:56:58.384+0000] {logging_mixin.py:137} INFO - [2023-01-13T11:56:58.384+0000] {dag.py:2676} INFO - Sync 1 DAGs
[2023-01-13T11:56:58.411+0000] {logging_mixin.py:137} INFO - [2023-01-13T11:56:58.411+0000] {dag.py:3427} INFO - Setting next_dagrun for example_short_circuit_decorator to 2023-01-12T11:56:58.411520+00:00, run_after=2023-01-13T11:56:58.411520+00:00
[2023-01-13T11:56:58.628+0000] {processor.py:175} INFO - Processing /home/airflow/.local/lib/python3.7/site-packages/airflow/example_dags/example_short_circuit_decorator.py took 0.327 seconds
[2023-01-13T11:57:28.896+0000] {processor.py:153} INFO - Started process (PID=713) to work on /home/airflow/.local/lib/python3.7/site-packages/airflow/example_dags/example_short_circuit_decorator.py
[2023-01-13T11:57:28.897+0000] {processor.py:743} INFO - Processing file /home/airflow/.local/lib/python3.7/site-packages/airflow/example_dags/example_short_circuit_decorator.py for tasks to queue
[2023-01-13T11:57:28.897+0000] {logging_mixin.py:137} INFO - [2023-01-13T11:57:28.897+0000] {dagbag.py:538} INFO - Filling up the DagBag from /home/airflow/.local/lib/python3.7/site-packages/airflow/example_dags/example_short_circuit_decorator.py
[2023-01-13T11:57:28.922+0000] {processor.py:753} INFO - DAG(s) dict_keys(['example_short_circuit_decorator']) retrieved from /home/airflow/.local/lib/python3.7/site-packages/airflow/example_dags/example_short_circuit_decorator.py
[2023-01-13T11:57:28.965+0000] {logging_mixin.py:137} INFO - [2023-01-13T11:57:28.965+0000] {dag.py:2676} INFO - Sync 1 DAGs
[2023-01-13T11:57:28.990+0000] {logging_mixin.py:137} INFO - [2023-01-13T11:57:28.990+0000] {dag.py:3427} INFO - Setting next_dagrun for example_short_circuit_decorator to 2023-01-12T11:57:28.990108+00:00, run_after=2023-01-13T11:57:28.990108+00:00
[2023-01-13T11:57:29.071+0000] {processor.py:175} INFO - Processing /home/airflow/.local/lib/python3.7/site-packages/airflow/example_dags/example_short_circuit_decorator.py took 0.178 seconds
[2023-01-13T11:57:59.835+0000] {processor.py:153} INFO - Started process (PID=952) to work on /home/airflow/.local/lib/python3.7/site-packages/airflow/example_dags/example_short_circuit_decorator.py
[2023-01-13T11:57:59.836+0000] {processor.py:743} INFO - Processing file /home/airflow/.local/lib/python3.7/site-packages/airflow/example_dags/example_short_circuit_decorator.py for tasks to queue
[2023-01-13T11:57:59.837+0000] {logging_mixin.py:137} INFO - [2023-01-13T11:57:59.837+0000] {dagbag.py:538} INFO - Filling up the DagBag from /home/airflow/.local/lib/python3.7/site-packages/airflow/example_dags/example_short_circuit_decorator.py
[2023-01-13T11:57:59.862+0000] {processor.py:753} INFO - DAG(s) dict_keys(['example_short_circuit_decorator']) retrieved from /home/airflow/.local/lib/python3.7/site-packages/airflow/example_dags/example_short_circuit_decorator.py
[2023-01-13T11:57:59.905+0000] {logging_mixin.py:137} INFO - [2023-01-13T11:57:59.905+0000] {dag.py:2676} INFO - Sync 1 DAGs
[2023-01-13T11:57:59.936+0000] {logging_mixin.py:137} INFO - [2023-01-13T11:57:59.936+0000] {dag.py:3427} INFO - Setting next_dagrun for example_short_circuit_decorator to 2023-01-12T11:57:59.936607+00:00, run_after=2023-01-13T11:57:59.936607+00:00
[2023-01-13T11:58:00.094+0000] {processor.py:175} INFO - Processing /home/airflow/.local/lib/python3.7/site-packages/airflow/example_dags/example_short_circuit_decorator.py took 0.262 seconds
[2023-01-13T11:58:30.728+0000] {processor.py:153} INFO - Started process (PID=1175) to work on /home/airflow/.local/lib/python3.7/site-packages/airflow/example_dags/example_short_circuit_decorator.py
[2023-01-13T11:58:30.729+0000] {processor.py:743} INFO - Processing file /home/airflow/.local/lib/python3.7/site-packages/airflow/example_dags/example_short_circuit_decorator.py for tasks to queue
[2023-01-13T11:58:30.730+0000] {logging_mixin.py:137} INFO - [2023-01-13T11:58:30.729+0000] {dagbag.py:538} INFO - Filling up the DagBag from /home/airflow/.local/lib/python3.7/site-packages/airflow/example_dags/example_short_circuit_decorator.py
[2023-01-13T11:58:30.761+0000] {processor.py:753} INFO - DAG(s) dict_keys(['example_short_circuit_decorator']) retrieved from /home/airflow/.local/lib/python3.7/site-packages/airflow/example_dags/example_short_circuit_decorator.py
[2023-01-13T11:58:30.800+0000] {logging_mixin.py:137} INFO - [2023-01-13T11:58:30.800+0000] {dag.py:2676} INFO - Sync 1 DAGs
[2023-01-13T11:58:30.827+0000] {logging_mixin.py:137} INFO - [2023-01-13T11:58:30.827+0000] {dag.py:3427} INFO - Setting next_dagrun for example_short_circuit_decorator to 2023-01-12T11:58:30.826853+00:00, run_after=2023-01-13T11:58:30.826853+00:00
[2023-01-13T11:58:30.912+0000] {processor.py:175} INFO - Processing /home/airflow/.local/lib/python3.7/site-packages/airflow/example_dags/example_short_circuit_decorator.py took 0.187 seconds
