[2023-01-13T11:56:25.420+0000] {processor.py:153} INFO - Started process (PID=240) to work on /home/airflow/.local/lib/python3.7/site-packages/airflow/example_dags/example_skip_dag.py
[2023-01-13T11:56:25.421+0000] {processor.py:743} INFO - Processing file /home/airflow/.local/lib/python3.7/site-packages/airflow/example_dags/example_skip_dag.py for tasks to queue
[2023-01-13T11:56:25.422+0000] {logging_mixin.py:137} INFO - [2023-01-13T11:56:25.422+0000] {dagbag.py:538} INFO - Filling up the DagBag from /home/airflow/.local/lib/python3.7/site-packages/airflow/example_dags/example_skip_dag.py
[2023-01-13T11:56:25.568+0000] {processor.py:753} INFO - DAG(s) dict_keys(['example_skip_dag']) retrieved from /home/airflow/.local/lib/python3.7/site-packages/airflow/example_dags/example_skip_dag.py
[2023-01-13T11:56:25.606+0000] {logging_mixin.py:137} INFO - [2023-01-13T11:56:25.605+0000] {dag.py:2676} INFO - Sync 1 DAGs
[2023-01-13T11:56:25.631+0000] {logging_mixin.py:137} INFO - [2023-01-13T11:56:25.630+0000] {dag.py:3427} INFO - Setting next_dagrun for example_skip_dag to 2023-01-12T11:56:25.630678+00:00, run_after=2023-01-13T11:56:25.630678+00:00
[2023-01-13T11:56:25.790+0000] {processor.py:175} INFO - Processing /home/airflow/.local/lib/python3.7/site-packages/airflow/example_dags/example_skip_dag.py took 0.373 seconds
[2023-01-13T11:56:55.909+0000] {processor.py:153} INFO - Started process (PID=464) to work on /home/airflow/.local/lib/python3.7/site-packages/airflow/example_dags/example_skip_dag.py
[2023-01-13T11:56:55.910+0000] {processor.py:743} INFO - Processing file /home/airflow/.local/lib/python3.7/site-packages/airflow/example_dags/example_skip_dag.py for tasks to queue
[2023-01-13T11:56:55.911+0000] {logging_mixin.py:137} INFO - [2023-01-13T11:56:55.911+0000] {dagbag.py:538} INFO - Filling up the DagBag from /home/airflow/.local/lib/python3.7/site-packages/airflow/example_dags/example_skip_dag.py
[2023-01-13T11:56:55.931+0000] {processor.py:753} INFO - DAG(s) dict_keys(['example_skip_dag']) retrieved from /home/airflow/.local/lib/python3.7/site-packages/airflow/example_dags/example_skip_dag.py
[2023-01-13T11:56:55.974+0000] {logging_mixin.py:137} INFO - [2023-01-13T11:56:55.974+0000] {dag.py:2676} INFO - Sync 1 DAGs
[2023-01-13T11:56:56.003+0000] {logging_mixin.py:137} INFO - [2023-01-13T11:56:56.003+0000] {dag.py:3427} INFO - Setting next_dagrun for example_skip_dag to 2023-01-12T11:56:56.002954+00:00, run_after=2023-01-13T11:56:56.002954+00:00
[2023-01-13T11:56:56.121+0000] {processor.py:175} INFO - Processing /home/airflow/.local/lib/python3.7/site-packages/airflow/example_dags/example_skip_dag.py took 0.216 seconds
[2023-01-13T11:57:26.205+0000] {processor.py:153} INFO - Started process (PID=686) to work on /home/airflow/.local/lib/python3.7/site-packages/airflow/example_dags/example_skip_dag.py
[2023-01-13T11:57:26.206+0000] {processor.py:743} INFO - Processing file /home/airflow/.local/lib/python3.7/site-packages/airflow/example_dags/example_skip_dag.py for tasks to queue
[2023-01-13T11:57:26.207+0000] {logging_mixin.py:137} INFO - [2023-01-13T11:57:26.207+0000] {dagbag.py:538} INFO - Filling up the DagBag from /home/airflow/.local/lib/python3.7/site-packages/airflow/example_dags/example_skip_dag.py
[2023-01-13T11:57:26.220+0000] {processor.py:753} INFO - DAG(s) dict_keys(['example_skip_dag']) retrieved from /home/airflow/.local/lib/python3.7/site-packages/airflow/example_dags/example_skip_dag.py
[2023-01-13T11:57:26.260+0000] {logging_mixin.py:137} INFO - [2023-01-13T11:57:26.260+0000] {dag.py:2676} INFO - Sync 1 DAGs
[2023-01-13T11:57:26.285+0000] {logging_mixin.py:137} INFO - [2023-01-13T11:57:26.285+0000] {dag.py:3427} INFO - Setting next_dagrun for example_skip_dag to 2023-01-12T11:57:26.285268+00:00, run_after=2023-01-13T11:57:26.285268+00:00
[2023-01-13T11:57:26.388+0000] {processor.py:175} INFO - Processing /home/airflow/.local/lib/python3.7/site-packages/airflow/example_dags/example_skip_dag.py took 0.186 seconds
[2023-01-13T11:57:57.348+0000] {processor.py:153} INFO - Started process (PID=910) to work on /home/airflow/.local/lib/python3.7/site-packages/airflow/example_dags/example_skip_dag.py
[2023-01-13T11:57:57.349+0000] {processor.py:743} INFO - Processing file /home/airflow/.local/lib/python3.7/site-packages/airflow/example_dags/example_skip_dag.py for tasks to queue
[2023-01-13T11:57:57.350+0000] {logging_mixin.py:137} INFO - [2023-01-13T11:57:57.350+0000] {dagbag.py:538} INFO - Filling up the DagBag from /home/airflow/.local/lib/python3.7/site-packages/airflow/example_dags/example_skip_dag.py
[2023-01-13T11:57:57.365+0000] {processor.py:753} INFO - DAG(s) dict_keys(['example_skip_dag']) retrieved from /home/airflow/.local/lib/python3.7/site-packages/airflow/example_dags/example_skip_dag.py
[2023-01-13T11:57:57.401+0000] {logging_mixin.py:137} INFO - [2023-01-13T11:57:57.401+0000] {dag.py:2676} INFO - Sync 1 DAGs
[2023-01-13T11:57:57.424+0000] {logging_mixin.py:137} INFO - [2023-01-13T11:57:57.423+0000] {dag.py:3427} INFO - Setting next_dagrun for example_skip_dag to 2023-01-12T11:57:57.423793+00:00, run_after=2023-01-13T11:57:57.423793+00:00
[2023-01-13T11:57:57.481+0000] {processor.py:175} INFO - Processing /home/airflow/.local/lib/python3.7/site-packages/airflow/example_dags/example_skip_dag.py took 0.136 seconds
[2023-01-13T11:58:28.384+0000] {processor.py:153} INFO - Started process (PID=1150) to work on /home/airflow/.local/lib/python3.7/site-packages/airflow/example_dags/example_skip_dag.py
[2023-01-13T11:58:28.385+0000] {processor.py:743} INFO - Processing file /home/airflow/.local/lib/python3.7/site-packages/airflow/example_dags/example_skip_dag.py for tasks to queue
[2023-01-13T11:58:28.387+0000] {logging_mixin.py:137} INFO - [2023-01-13T11:58:28.386+0000] {dagbag.py:538} INFO - Filling up the DagBag from /home/airflow/.local/lib/python3.7/site-packages/airflow/example_dags/example_skip_dag.py
[2023-01-13T11:58:28.400+0000] {processor.py:753} INFO - DAG(s) dict_keys(['example_skip_dag']) retrieved from /home/airflow/.local/lib/python3.7/site-packages/airflow/example_dags/example_skip_dag.py
[2023-01-13T11:58:28.441+0000] {logging_mixin.py:137} INFO - [2023-01-13T11:58:28.441+0000] {dag.py:2676} INFO - Sync 1 DAGs
[2023-01-13T11:58:28.467+0000] {logging_mixin.py:137} INFO - [2023-01-13T11:58:28.467+0000] {dag.py:3427} INFO - Setting next_dagrun for example_skip_dag to 2023-01-12T11:58:28.467304+00:00, run_after=2023-01-13T11:58:28.467304+00:00
[2023-01-13T11:58:28.519+0000] {processor.py:175} INFO - Processing /home/airflow/.local/lib/python3.7/site-packages/airflow/example_dags/example_skip_dag.py took 0.137 seconds
