[2023-01-13T11:56:24.970+0000] {processor.py:153} INFO - Started process (PID=235) to work on /home/airflow/.local/lib/python3.7/site-packages/airflow/example_dags/example_complex.py
[2023-01-13T11:56:24.971+0000] {processor.py:743} INFO - Processing file /home/airflow/.local/lib/python3.7/site-packages/airflow/example_dags/example_complex.py for tasks to queue
[2023-01-13T11:56:24.972+0000] {logging_mixin.py:137} INFO - [2023-01-13T11:56:24.972+0000] {dagbag.py:538} INFO - Filling up the DagBag from /home/airflow/.local/lib/python3.7/site-packages/airflow/example_dags/example_complex.py
[2023-01-13T11:56:25.077+0000] {logging_mixin.py:137} INFO - [2023-01-13T11:56:25.077+0000] {taskmixin.py:205} WARNING - Dependency <Task(BashOperator): create_entry_group>, delete_entry_group already registered for DAG: example_complex
[2023-01-13T11:56:25.078+0000] {logging_mixin.py:137} INFO - [2023-01-13T11:56:25.078+0000] {taskmixin.py:205} WARNING - Dependency <Task(BashOperator): delete_entry_group>, create_entry_group already registered for DAG: example_complex
[2023-01-13T11:56:25.079+0000] {logging_mixin.py:137} INFO - [2023-01-13T11:56:25.079+0000] {taskmixin.py:205} WARNING - Dependency <Task(BashOperator): create_entry_gcs>, delete_entry already registered for DAG: example_complex
[2023-01-13T11:56:25.079+0000] {logging_mixin.py:137} INFO - [2023-01-13T11:56:25.079+0000] {taskmixin.py:205} WARNING - Dependency <Task(BashOperator): delete_entry>, create_entry_gcs already registered for DAG: example_complex
[2023-01-13T11:56:25.080+0000] {logging_mixin.py:137} INFO - [2023-01-13T11:56:25.080+0000] {taskmixin.py:205} WARNING - Dependency <Task(BashOperator): create_tag>, delete_tag already registered for DAG: example_complex
[2023-01-13T11:56:25.080+0000] {logging_mixin.py:137} INFO - [2023-01-13T11:56:25.080+0000] {taskmixin.py:205} WARNING - Dependency <Task(BashOperator): delete_tag>, create_tag already registered for DAG: example_complex
[2023-01-13T11:56:25.092+0000] {processor.py:753} INFO - DAG(s) dict_keys(['example_complex']) retrieved from /home/airflow/.local/lib/python3.7/site-packages/airflow/example_dags/example_complex.py
[2023-01-13T11:56:25.139+0000] {logging_mixin.py:137} INFO - [2023-01-13T11:56:25.139+0000] {dag.py:2676} INFO - Sync 1 DAGs
[2023-01-13T11:56:25.166+0000] {logging_mixin.py:137} INFO - [2023-01-13T11:56:25.166+0000] {dag.py:3427} INFO - Setting next_dagrun for example_complex to None, run_after=None
[2023-01-13T11:56:25.558+0000] {processor.py:175} INFO - Processing /home/airflow/.local/lib/python3.7/site-packages/airflow/example_dags/example_complex.py took 0.592 seconds
[2023-01-13T11:56:55.615+0000] {processor.py:153} INFO - Started process (PID=452) to work on /home/airflow/.local/lib/python3.7/site-packages/airflow/example_dags/example_complex.py
[2023-01-13T11:56:55.617+0000] {processor.py:743} INFO - Processing file /home/airflow/.local/lib/python3.7/site-packages/airflow/example_dags/example_complex.py for tasks to queue
[2023-01-13T11:56:55.618+0000] {logging_mixin.py:137} INFO - [2023-01-13T11:56:55.618+0000] {dagbag.py:538} INFO - Filling up the DagBag from /home/airflow/.local/lib/python3.7/site-packages/airflow/example_dags/example_complex.py
[2023-01-13T11:56:55.630+0000] {logging_mixin.py:137} INFO - [2023-01-13T11:56:55.630+0000] {taskmixin.py:205} WARNING - Dependency <Task(BashOperator): create_entry_group>, delete_entry_group already registered for DAG: example_complex
[2023-01-13T11:56:55.631+0000] {logging_mixin.py:137} INFO - [2023-01-13T11:56:55.631+0000] {taskmixin.py:205} WARNING - Dependency <Task(BashOperator): delete_entry_group>, create_entry_group already registered for DAG: example_complex
[2023-01-13T11:56:55.631+0000] {logging_mixin.py:137} INFO - [2023-01-13T11:56:55.631+0000] {taskmixin.py:205} WARNING - Dependency <Task(BashOperator): create_entry_gcs>, delete_entry already registered for DAG: example_complex
[2023-01-13T11:56:55.632+0000] {logging_mixin.py:137} INFO - [2023-01-13T11:56:55.632+0000] {taskmixin.py:205} WARNING - Dependency <Task(BashOperator): delete_entry>, create_entry_gcs already registered for DAG: example_complex
[2023-01-13T11:56:55.633+0000] {logging_mixin.py:137} INFO - [2023-01-13T11:56:55.633+0000] {taskmixin.py:205} WARNING - Dependency <Task(BashOperator): create_tag>, delete_tag already registered for DAG: example_complex
[2023-01-13T11:56:55.634+0000] {logging_mixin.py:137} INFO - [2023-01-13T11:56:55.633+0000] {taskmixin.py:205} WARNING - Dependency <Task(BashOperator): delete_tag>, create_tag already registered for DAG: example_complex
[2023-01-13T11:56:55.643+0000] {processor.py:753} INFO - DAG(s) dict_keys(['example_complex']) retrieved from /home/airflow/.local/lib/python3.7/site-packages/airflow/example_dags/example_complex.py
[2023-01-13T11:56:55.718+0000] {logging_mixin.py:137} INFO - [2023-01-13T11:56:55.718+0000] {dag.py:2676} INFO - Sync 1 DAGs
[2023-01-13T11:56:55.745+0000] {logging_mixin.py:137} INFO - [2023-01-13T11:56:55.745+0000] {dag.py:3427} INFO - Setting next_dagrun for example_complex to None, run_after=None
[2023-01-13T11:56:55.858+0000] {processor.py:175} INFO - Processing /home/airflow/.local/lib/python3.7/site-packages/airflow/example_dags/example_complex.py took 0.246 seconds
[2023-01-13T11:57:25.953+0000] {processor.py:153} INFO - Started process (PID=681) to work on /home/airflow/.local/lib/python3.7/site-packages/airflow/example_dags/example_complex.py
[2023-01-13T11:57:25.954+0000] {processor.py:743} INFO - Processing file /home/airflow/.local/lib/python3.7/site-packages/airflow/example_dags/example_complex.py for tasks to queue
[2023-01-13T11:57:25.955+0000] {logging_mixin.py:137} INFO - [2023-01-13T11:57:25.955+0000] {dagbag.py:538} INFO - Filling up the DagBag from /home/airflow/.local/lib/python3.7/site-packages/airflow/example_dags/example_complex.py
[2023-01-13T11:57:25.967+0000] {logging_mixin.py:137} INFO - [2023-01-13T11:57:25.967+0000] {taskmixin.py:205} WARNING - Dependency <Task(BashOperator): create_entry_group>, delete_entry_group already registered for DAG: example_complex
[2023-01-13T11:57:25.968+0000] {logging_mixin.py:137} INFO - [2023-01-13T11:57:25.968+0000] {taskmixin.py:205} WARNING - Dependency <Task(BashOperator): delete_entry_group>, create_entry_group already registered for DAG: example_complex
[2023-01-13T11:57:25.968+0000] {logging_mixin.py:137} INFO - [2023-01-13T11:57:25.968+0000] {taskmixin.py:205} WARNING - Dependency <Task(BashOperator): create_entry_gcs>, delete_entry already registered for DAG: example_complex
[2023-01-13T11:57:25.969+0000] {logging_mixin.py:137} INFO - [2023-01-13T11:57:25.969+0000] {taskmixin.py:205} WARNING - Dependency <Task(BashOperator): delete_entry>, create_entry_gcs already registered for DAG: example_complex
[2023-01-13T11:57:25.970+0000] {logging_mixin.py:137} INFO - [2023-01-13T11:57:25.970+0000] {taskmixin.py:205} WARNING - Dependency <Task(BashOperator): create_tag>, delete_tag already registered for DAG: example_complex
[2023-01-13T11:57:25.970+0000] {logging_mixin.py:137} INFO - [2023-01-13T11:57:25.970+0000] {taskmixin.py:205} WARNING - Dependency <Task(BashOperator): delete_tag>, create_tag already registered for DAG: example_complex
[2023-01-13T11:57:25.978+0000] {processor.py:753} INFO - DAG(s) dict_keys(['example_complex']) retrieved from /home/airflow/.local/lib/python3.7/site-packages/airflow/example_dags/example_complex.py
[2023-01-13T11:57:26.027+0000] {logging_mixin.py:137} INFO - [2023-01-13T11:57:26.027+0000] {dag.py:2676} INFO - Sync 1 DAGs
[2023-01-13T11:57:26.053+0000] {logging_mixin.py:137} INFO - [2023-01-13T11:57:26.053+0000] {dag.py:3427} INFO - Setting next_dagrun for example_complex to None, run_after=None
[2023-01-13T11:57:26.191+0000] {processor.py:175} INFO - Processing /home/airflow/.local/lib/python3.7/site-packages/airflow/example_dags/example_complex.py took 0.241 seconds
[2023-01-13T11:57:57.150+0000] {processor.py:153} INFO - Started process (PID=905) to work on /home/airflow/.local/lib/python3.7/site-packages/airflow/example_dags/example_complex.py
[2023-01-13T11:57:57.151+0000] {processor.py:743} INFO - Processing file /home/airflow/.local/lib/python3.7/site-packages/airflow/example_dags/example_complex.py for tasks to queue
[2023-01-13T11:57:57.152+0000] {logging_mixin.py:137} INFO - [2023-01-13T11:57:57.152+0000] {dagbag.py:538} INFO - Filling up the DagBag from /home/airflow/.local/lib/python3.7/site-packages/airflow/example_dags/example_complex.py
[2023-01-13T11:57:57.164+0000] {logging_mixin.py:137} INFO - [2023-01-13T11:57:57.164+0000] {taskmixin.py:205} WARNING - Dependency <Task(BashOperator): create_entry_group>, delete_entry_group already registered for DAG: example_complex
[2023-01-13T11:57:57.165+0000] {logging_mixin.py:137} INFO - [2023-01-13T11:57:57.165+0000] {taskmixin.py:205} WARNING - Dependency <Task(BashOperator): delete_entry_group>, create_entry_group already registered for DAG: example_complex
[2023-01-13T11:57:57.165+0000] {logging_mixin.py:137} INFO - [2023-01-13T11:57:57.165+0000] {taskmixin.py:205} WARNING - Dependency <Task(BashOperator): create_entry_gcs>, delete_entry already registered for DAG: example_complex
[2023-01-13T11:57:57.166+0000] {logging_mixin.py:137} INFO - [2023-01-13T11:57:57.166+0000] {taskmixin.py:205} WARNING - Dependency <Task(BashOperator): delete_entry>, create_entry_gcs already registered for DAG: example_complex
[2023-01-13T11:57:57.166+0000] {logging_mixin.py:137} INFO - [2023-01-13T11:57:57.166+0000] {taskmixin.py:205} WARNING - Dependency <Task(BashOperator): create_tag>, delete_tag already registered for DAG: example_complex
[2023-01-13T11:57:57.167+0000] {logging_mixin.py:137} INFO - [2023-01-13T11:57:57.167+0000] {taskmixin.py:205} WARNING - Dependency <Task(BashOperator): delete_tag>, create_tag already registered for DAG: example_complex
[2023-01-13T11:57:57.175+0000] {processor.py:753} INFO - DAG(s) dict_keys(['example_complex']) retrieved from /home/airflow/.local/lib/python3.7/site-packages/airflow/example_dags/example_complex.py
[2023-01-13T11:57:57.218+0000] {logging_mixin.py:137} INFO - [2023-01-13T11:57:57.218+0000] {dag.py:2676} INFO - Sync 1 DAGs
[2023-01-13T11:57:57.244+0000] {logging_mixin.py:137} INFO - [2023-01-13T11:57:57.244+0000] {dag.py:3427} INFO - Setting next_dagrun for example_complex to None, run_after=None
[2023-01-13T11:57:57.323+0000] {processor.py:175} INFO - Processing /home/airflow/.local/lib/python3.7/site-packages/airflow/example_dags/example_complex.py took 0.175 seconds
[2023-01-13T11:58:28.230+0000] {processor.py:153} INFO - Started process (PID=1145) to work on /home/airflow/.local/lib/python3.7/site-packages/airflow/example_dags/example_complex.py
[2023-01-13T11:58:28.231+0000] {processor.py:743} INFO - Processing file /home/airflow/.local/lib/python3.7/site-packages/airflow/example_dags/example_complex.py for tasks to queue
[2023-01-13T11:58:28.232+0000] {logging_mixin.py:137} INFO - [2023-01-13T11:58:28.232+0000] {dagbag.py:538} INFO - Filling up the DagBag from /home/airflow/.local/lib/python3.7/site-packages/airflow/example_dags/example_complex.py
[2023-01-13T11:58:28.244+0000] {logging_mixin.py:137} INFO - [2023-01-13T11:58:28.243+0000] {taskmixin.py:205} WARNING - Dependency <Task(BashOperator): create_entry_group>, delete_entry_group already registered for DAG: example_complex
[2023-01-13T11:58:28.244+0000] {logging_mixin.py:137} INFO - [2023-01-13T11:58:28.244+0000] {taskmixin.py:205} WARNING - Dependency <Task(BashOperator): delete_entry_group>, create_entry_group already registered for DAG: example_complex
[2023-01-13T11:58:28.245+0000] {logging_mixin.py:137} INFO - [2023-01-13T11:58:28.245+0000] {taskmixin.py:205} WARNING - Dependency <Task(BashOperator): create_entry_gcs>, delete_entry already registered for DAG: example_complex
[2023-01-13T11:58:28.245+0000] {logging_mixin.py:137} INFO - [2023-01-13T11:58:28.245+0000] {taskmixin.py:205} WARNING - Dependency <Task(BashOperator): delete_entry>, create_entry_gcs already registered for DAG: example_complex
[2023-01-13T11:58:28.246+0000] {logging_mixin.py:137} INFO - [2023-01-13T11:58:28.246+0000] {taskmixin.py:205} WARNING - Dependency <Task(BashOperator): create_tag>, delete_tag already registered for DAG: example_complex
[2023-01-13T11:58:28.246+0000] {logging_mixin.py:137} INFO - [2023-01-13T11:58:28.246+0000] {taskmixin.py:205} WARNING - Dependency <Task(BashOperator): delete_tag>, create_tag already registered for DAG: example_complex
[2023-01-13T11:58:28.254+0000] {processor.py:753} INFO - DAG(s) dict_keys(['example_complex']) retrieved from /home/airflow/.local/lib/python3.7/site-packages/airflow/example_dags/example_complex.py
[2023-01-13T11:58:28.297+0000] {logging_mixin.py:137} INFO - [2023-01-13T11:58:28.297+0000] {dag.py:2676} INFO - Sync 1 DAGs
[2023-01-13T11:58:28.322+0000] {logging_mixin.py:137} INFO - [2023-01-13T11:58:28.321+0000] {dag.py:3427} INFO - Setting next_dagrun for example_complex to None, run_after=None
[2023-01-13T11:58:28.360+0000] {processor.py:175} INFO - Processing /home/airflow/.local/lib/python3.7/site-packages/airflow/example_dags/example_complex.py took 0.133 seconds
