[2023-01-13T11:56:27.611+0000] {processor.py:153} INFO - Started process (PID=272) to work on /home/airflow/.local/lib/python3.7/site-packages/airflow/example_dags/example_branch_day_of_week_operator.py
[2023-01-13T11:56:27.612+0000] {processor.py:743} INFO - Processing file /home/airflow/.local/lib/python3.7/site-packages/airflow/example_dags/example_branch_day_of_week_operator.py for tasks to queue
[2023-01-13T11:56:27.613+0000] {logging_mixin.py:137} INFO - [2023-01-13T11:56:27.613+0000] {dagbag.py:538} INFO - Filling up the DagBag from /home/airflow/.local/lib/python3.7/site-packages/airflow/example_dags/example_branch_day_of_week_operator.py
[2023-01-13T11:56:27.639+0000] {processor.py:753} INFO - DAG(s) dict_keys(['example_weekday_branch_operator']) retrieved from /home/airflow/.local/lib/python3.7/site-packages/airflow/example_dags/example_branch_day_of_week_operator.py
[2023-01-13T11:56:27.682+0000] {logging_mixin.py:137} INFO - [2023-01-13T11:56:27.682+0000] {dag.py:2676} INFO - Sync 1 DAGs
[2023-01-13T11:56:27.719+0000] {logging_mixin.py:137} INFO - [2023-01-13T11:56:27.718+0000] {dag.py:3427} INFO - Setting next_dagrun for example_weekday_branch_operator to 2023-01-12T00:00:00+00:00, run_after=2023-01-13T00:00:00+00:00
[2023-01-13T11:56:27.896+0000] {processor.py:175} INFO - Processing /home/airflow/.local/lib/python3.7/site-packages/airflow/example_dags/example_branch_day_of_week_operator.py took 0.289 seconds
[2023-01-13T11:56:58.529+0000] {processor.py:153} INFO - Started process (PID=492) to work on /home/airflow/.local/lib/python3.7/site-packages/airflow/example_dags/example_branch_day_of_week_operator.py
[2023-01-13T11:56:58.530+0000] {processor.py:743} INFO - Processing file /home/airflow/.local/lib/python3.7/site-packages/airflow/example_dags/example_branch_day_of_week_operator.py for tasks to queue
[2023-01-13T11:56:58.531+0000] {logging_mixin.py:137} INFO - [2023-01-13T11:56:58.531+0000] {dagbag.py:538} INFO - Filling up the DagBag from /home/airflow/.local/lib/python3.7/site-packages/airflow/example_dags/example_branch_day_of_week_operator.py
[2023-01-13T11:56:58.546+0000] {processor.py:753} INFO - DAG(s) dict_keys(['example_weekday_branch_operator']) retrieved from /home/airflow/.local/lib/python3.7/site-packages/airflow/example_dags/example_branch_day_of_week_operator.py
[2023-01-13T11:56:58.584+0000] {logging_mixin.py:137} INFO - [2023-01-13T11:56:58.584+0000] {dag.py:2676} INFO - Sync 1 DAGs
[2023-01-13T11:56:58.611+0000] {logging_mixin.py:137} INFO - [2023-01-13T11:56:58.611+0000] {dag.py:3427} INFO - Setting next_dagrun for example_weekday_branch_operator to 2023-01-12T00:00:00+00:00, run_after=2023-01-13T00:00:00+00:00
[2023-01-13T11:56:58.809+0000] {processor.py:175} INFO - Processing /home/airflow/.local/lib/python3.7/site-packages/airflow/example_dags/example_branch_day_of_week_operator.py took 0.285 seconds
[2023-01-13T11:57:28.896+0000] {processor.py:153} INFO - Started process (PID=716) to work on /home/airflow/.local/lib/python3.7/site-packages/airflow/example_dags/example_branch_day_of_week_operator.py
[2023-01-13T11:57:28.897+0000] {processor.py:743} INFO - Processing file /home/airflow/.local/lib/python3.7/site-packages/airflow/example_dags/example_branch_day_of_week_operator.py for tasks to queue
[2023-01-13T11:57:28.897+0000] {logging_mixin.py:137} INFO - [2023-01-13T11:57:28.897+0000] {dagbag.py:538} INFO - Filling up the DagBag from /home/airflow/.local/lib/python3.7/site-packages/airflow/example_dags/example_branch_day_of_week_operator.py
[2023-01-13T11:57:28.913+0000] {processor.py:753} INFO - DAG(s) dict_keys(['example_weekday_branch_operator']) retrieved from /home/airflow/.local/lib/python3.7/site-packages/airflow/example_dags/example_branch_day_of_week_operator.py
[2023-01-13T11:57:28.954+0000] {logging_mixin.py:137} INFO - [2023-01-13T11:57:28.954+0000] {dag.py:2676} INFO - Sync 1 DAGs
[2023-01-13T11:57:28.980+0000] {logging_mixin.py:137} INFO - [2023-01-13T11:57:28.980+0000] {dag.py:3427} INFO - Setting next_dagrun for example_weekday_branch_operator to 2023-01-12T00:00:00+00:00, run_after=2023-01-13T00:00:00+00:00
[2023-01-13T11:57:29.037+0000] {processor.py:175} INFO - Processing /home/airflow/.local/lib/python3.7/site-packages/airflow/example_dags/example_branch_day_of_week_operator.py took 0.144 seconds
[2023-01-13T11:58:00.087+0000] {processor.py:153} INFO - Started process (PID=957) to work on /home/airflow/.local/lib/python3.7/site-packages/airflow/example_dags/example_branch_day_of_week_operator.py
[2023-01-13T11:58:00.089+0000] {processor.py:743} INFO - Processing file /home/airflow/.local/lib/python3.7/site-packages/airflow/example_dags/example_branch_day_of_week_operator.py for tasks to queue
[2023-01-13T11:58:00.090+0000] {logging_mixin.py:137} INFO - [2023-01-13T11:58:00.090+0000] {dagbag.py:538} INFO - Filling up the DagBag from /home/airflow/.local/lib/python3.7/site-packages/airflow/example_dags/example_branch_day_of_week_operator.py
[2023-01-13T11:58:00.107+0000] {processor.py:753} INFO - DAG(s) dict_keys(['example_weekday_branch_operator']) retrieved from /home/airflow/.local/lib/python3.7/site-packages/airflow/example_dags/example_branch_day_of_week_operator.py
[2023-01-13T11:58:00.145+0000] {logging_mixin.py:137} INFO - [2023-01-13T11:58:00.145+0000] {dag.py:2676} INFO - Sync 1 DAGs
[2023-01-13T11:58:00.176+0000] {logging_mixin.py:137} INFO - [2023-01-13T11:58:00.176+0000] {dag.py:3427} INFO - Setting next_dagrun for example_weekday_branch_operator to 2023-01-12T00:00:00+00:00, run_after=2023-01-13T00:00:00+00:00
[2023-01-13T11:58:00.233+0000] {processor.py:175} INFO - Processing /home/airflow/.local/lib/python3.7/site-packages/airflow/example_dags/example_branch_day_of_week_operator.py took 0.149 seconds
[2023-01-13T11:58:30.911+0000] {processor.py:153} INFO - Started process (PID=1180) to work on /home/airflow/.local/lib/python3.7/site-packages/airflow/example_dags/example_branch_day_of_week_operator.py
[2023-01-13T11:58:30.912+0000] {processor.py:743} INFO - Processing file /home/airflow/.local/lib/python3.7/site-packages/airflow/example_dags/example_branch_day_of_week_operator.py for tasks to queue
[2023-01-13T11:58:30.913+0000] {logging_mixin.py:137} INFO - [2023-01-13T11:58:30.912+0000] {dagbag.py:538} INFO - Filling up the DagBag from /home/airflow/.local/lib/python3.7/site-packages/airflow/example_dags/example_branch_day_of_week_operator.py
[2023-01-13T11:58:30.930+0000] {processor.py:753} INFO - DAG(s) dict_keys(['example_weekday_branch_operator']) retrieved from /home/airflow/.local/lib/python3.7/site-packages/airflow/example_dags/example_branch_day_of_week_operator.py
[2023-01-13T11:58:30.965+0000] {logging_mixin.py:137} INFO - [2023-01-13T11:58:30.965+0000] {dag.py:2676} INFO - Sync 1 DAGs
[2023-01-13T11:58:30.995+0000] {logging_mixin.py:137} INFO - [2023-01-13T11:58:30.995+0000] {dag.py:3427} INFO - Setting next_dagrun for example_weekday_branch_operator to 2023-01-12T00:00:00+00:00, run_after=2023-01-13T00:00:00+00:00
[2023-01-13T11:58:31.051+0000] {processor.py:175} INFO - Processing /home/airflow/.local/lib/python3.7/site-packages/airflow/example_dags/example_branch_day_of_week_operator.py took 0.144 seconds
