[2023-01-13T11:56:25.588+0000] {processor.py:153} INFO - Started process (PID=245) to work on /home/airflow/.local/lib/python3.7/site-packages/airflow/example_dags/example_sensors.py
[2023-01-13T11:56:25.589+0000] {processor.py:743} INFO - Processing file /home/airflow/.local/lib/python3.7/site-packages/airflow/example_dags/example_sensors.py for tasks to queue
[2023-01-13T11:56:25.590+0000] {logging_mixin.py:137} INFO - [2023-01-13T11:56:25.590+0000] {dagbag.py:538} INFO - Filling up the DagBag from /home/airflow/.local/lib/python3.7/site-packages/airflow/example_dags/example_sensors.py
[2023-01-13T11:56:25.679+0000] {processor.py:753} INFO - DAG(s) dict_keys(['example_sensors']) retrieved from /home/airflow/.local/lib/python3.7/site-packages/airflow/example_dags/example_sensors.py
[2023-01-13T11:56:25.719+0000] {logging_mixin.py:137} INFO - [2023-01-13T11:56:25.719+0000] {dag.py:2676} INFO - Sync 1 DAGs
[2023-01-13T11:56:25.743+0000] {logging_mixin.py:137} INFO - [2023-01-13T11:56:25.743+0000] {dag.py:3427} INFO - Setting next_dagrun for example_sensors to None, run_after=None
[2023-01-13T11:56:25.901+0000] {processor.py:175} INFO - Processing /home/airflow/.local/lib/python3.7/site-packages/airflow/example_dags/example_sensors.py took 0.316 seconds
[2023-01-13T11:56:56.158+0000] {processor.py:153} INFO - Started process (PID=469) to work on /home/airflow/.local/lib/python3.7/site-packages/airflow/example_dags/example_sensors.py
[2023-01-13T11:56:56.159+0000] {processor.py:743} INFO - Processing file /home/airflow/.local/lib/python3.7/site-packages/airflow/example_dags/example_sensors.py for tasks to queue
[2023-01-13T11:56:56.159+0000] {logging_mixin.py:137} INFO - [2023-01-13T11:56:56.159+0000] {dagbag.py:538} INFO - Filling up the DagBag from /home/airflow/.local/lib/python3.7/site-packages/airflow/example_dags/example_sensors.py
[2023-01-13T11:56:56.179+0000] {processor.py:753} INFO - DAG(s) dict_keys(['example_sensors']) retrieved from /home/airflow/.local/lib/python3.7/site-packages/airflow/example_dags/example_sensors.py
[2023-01-13T11:56:56.222+0000] {logging_mixin.py:137} INFO - [2023-01-13T11:56:56.221+0000] {dag.py:2676} INFO - Sync 1 DAGs
[2023-01-13T11:56:56.252+0000] {logging_mixin.py:137} INFO - [2023-01-13T11:56:56.251+0000] {dag.py:3427} INFO - Setting next_dagrun for example_sensors to None, run_after=None
[2023-01-13T11:56:56.636+0000] {processor.py:175} INFO - Processing /home/airflow/.local/lib/python3.7/site-packages/airflow/example_dags/example_sensors.py took 0.481 seconds
[2023-01-13T11:57:27.231+0000] {processor.py:153} INFO - Started process (PID=693) to work on /home/airflow/.local/lib/python3.7/site-packages/airflow/example_dags/example_sensors.py
[2023-01-13T11:57:27.232+0000] {processor.py:743} INFO - Processing file /home/airflow/.local/lib/python3.7/site-packages/airflow/example_dags/example_sensors.py for tasks to queue
[2023-01-13T11:57:27.233+0000] {logging_mixin.py:137} INFO - [2023-01-13T11:57:27.233+0000] {dagbag.py:538} INFO - Filling up the DagBag from /home/airflow/.local/lib/python3.7/site-packages/airflow/example_dags/example_sensors.py
[2023-01-13T11:57:27.252+0000] {processor.py:753} INFO - DAG(s) dict_keys(['example_sensors']) retrieved from /home/airflow/.local/lib/python3.7/site-packages/airflow/example_dags/example_sensors.py
[2023-01-13T11:57:27.294+0000] {logging_mixin.py:137} INFO - [2023-01-13T11:57:27.294+0000] {dag.py:2676} INFO - Sync 1 DAGs
[2023-01-13T11:57:27.318+0000] {logging_mixin.py:137} INFO - [2023-01-13T11:57:27.318+0000] {dag.py:3427} INFO - Setting next_dagrun for example_sensors to None, run_after=None
[2023-01-13T11:57:27.499+0000] {processor.py:175} INFO - Processing /home/airflow/.local/lib/python3.7/site-packages/airflow/example_dags/example_sensors.py took 0.271 seconds
[2023-01-13T11:57:57.664+0000] {processor.py:153} INFO - Started process (PID=922) to work on /home/airflow/.local/lib/python3.7/site-packages/airflow/example_dags/example_sensors.py
[2023-01-13T11:57:57.666+0000] {processor.py:743} INFO - Processing file /home/airflow/.local/lib/python3.7/site-packages/airflow/example_dags/example_sensors.py for tasks to queue
[2023-01-13T11:57:57.667+0000] {logging_mixin.py:137} INFO - [2023-01-13T11:57:57.666+0000] {dagbag.py:538} INFO - Filling up the DagBag from /home/airflow/.local/lib/python3.7/site-packages/airflow/example_dags/example_sensors.py
[2023-01-13T11:57:57.686+0000] {processor.py:753} INFO - DAG(s) dict_keys(['example_sensors']) retrieved from /home/airflow/.local/lib/python3.7/site-packages/airflow/example_dags/example_sensors.py
[2023-01-13T11:57:57.725+0000] {logging_mixin.py:137} INFO - [2023-01-13T11:57:57.725+0000] {dag.py:2676} INFO - Sync 1 DAGs
[2023-01-13T11:57:57.750+0000] {logging_mixin.py:137} INFO - [2023-01-13T11:57:57.750+0000] {dag.py:3427} INFO - Setting next_dagrun for example_sensors to None, run_after=None
[2023-01-13T11:57:57.790+0000] {processor.py:175} INFO - Processing /home/airflow/.local/lib/python3.7/site-packages/airflow/example_dags/example_sensors.py took 0.129 seconds
[2023-01-13T11:58:28.423+0000] {processor.py:153} INFO - Started process (PID=1155) to work on /home/airflow/.local/lib/python3.7/site-packages/airflow/example_dags/example_sensors.py
[2023-01-13T11:58:28.424+0000] {processor.py:743} INFO - Processing file /home/airflow/.local/lib/python3.7/site-packages/airflow/example_dags/example_sensors.py for tasks to queue
[2023-01-13T11:58:28.425+0000] {logging_mixin.py:137} INFO - [2023-01-13T11:58:28.425+0000] {dagbag.py:538} INFO - Filling up the DagBag from /home/airflow/.local/lib/python3.7/site-packages/airflow/example_dags/example_sensors.py
[2023-01-13T11:58:28.448+0000] {processor.py:753} INFO - DAG(s) dict_keys(['example_sensors']) retrieved from /home/airflow/.local/lib/python3.7/site-packages/airflow/example_dags/example_sensors.py
[2023-01-13T11:58:28.490+0000] {logging_mixin.py:137} INFO - [2023-01-13T11:58:28.489+0000] {dag.py:2676} INFO - Sync 1 DAGs
[2023-01-13T11:58:28.513+0000] {logging_mixin.py:137} INFO - [2023-01-13T11:58:28.513+0000] {dag.py:3427} INFO - Setting next_dagrun for example_sensors to None, run_after=None
[2023-01-13T11:58:28.567+0000] {processor.py:175} INFO - Processing /home/airflow/.local/lib/python3.7/site-packages/airflow/example_dags/example_sensors.py took 0.147 seconds
