[2023-01-13T11:56:31.004+0000] {processor.py:153} INFO - Started process (PID=305) to work on /home/airflow/.local/lib/python3.7/site-packages/airflow/example_dags/example_time_delta_sensor_async.py
[2023-01-13T11:56:31.005+0000] {processor.py:743} INFO - Processing file /home/airflow/.local/lib/python3.7/site-packages/airflow/example_dags/example_time_delta_sensor_async.py for tasks to queue
[2023-01-13T11:56:31.006+0000] {logging_mixin.py:137} INFO - [2023-01-13T11:56:31.006+0000] {dagbag.py:538} INFO - Filling up the DagBag from /home/airflow/.local/lib/python3.7/site-packages/airflow/example_dags/example_time_delta_sensor_async.py
[2023-01-13T11:56:31.149+0000] {processor.py:753} INFO - DAG(s) dict_keys(['example_time_delta_sensor_async']) retrieved from /home/airflow/.local/lib/python3.7/site-packages/airflow/example_dags/example_time_delta_sensor_async.py
[2023-01-13T11:56:31.198+0000] {logging_mixin.py:137} INFO - [2023-01-13T11:56:31.198+0000] {dag.py:2676} INFO - Sync 1 DAGs
[2023-01-13T11:56:31.230+0000] {logging_mixin.py:137} INFO - [2023-01-13T11:56:31.229+0000] {dag.py:3427} INFO - Setting next_dagrun for example_time_delta_sensor_async to None, run_after=None
[2023-01-13T11:56:31.710+0000] {processor.py:175} INFO - Processing /home/airflow/.local/lib/python3.7/site-packages/airflow/example_dags/example_time_delta_sensor_async.py took 0.709 seconds
[2023-01-13T11:57:02.328+0000] {processor.py:153} INFO - Started process (PID=527) to work on /home/airflow/.local/lib/python3.7/site-packages/airflow/example_dags/example_time_delta_sensor_async.py
[2023-01-13T11:57:02.330+0000] {processor.py:743} INFO - Processing file /home/airflow/.local/lib/python3.7/site-packages/airflow/example_dags/example_time_delta_sensor_async.py for tasks to queue
[2023-01-13T11:57:02.331+0000] {logging_mixin.py:137} INFO - [2023-01-13T11:57:02.331+0000] {dagbag.py:538} INFO - Filling up the DagBag from /home/airflow/.local/lib/python3.7/site-packages/airflow/example_dags/example_time_delta_sensor_async.py
[2023-01-13T11:57:02.348+0000] {processor.py:753} INFO - DAG(s) dict_keys(['example_time_delta_sensor_async']) retrieved from /home/airflow/.local/lib/python3.7/site-packages/airflow/example_dags/example_time_delta_sensor_async.py
[2023-01-13T11:57:02.400+0000] {logging_mixin.py:137} INFO - [2023-01-13T11:57:02.399+0000] {dag.py:2676} INFO - Sync 1 DAGs
[2023-01-13T11:57:02.440+0000] {logging_mixin.py:137} INFO - [2023-01-13T11:57:02.440+0000] {dag.py:3427} INFO - Setting next_dagrun for example_time_delta_sensor_async to None, run_after=None
[2023-01-13T11:57:02.551+0000] {processor.py:175} INFO - Processing /home/airflow/.local/lib/python3.7/site-packages/airflow/example_dags/example_time_delta_sensor_async.py took 0.225 seconds
[2023-01-13T11:57:32.848+0000] {processor.py:153} INFO - Started process (PID=751) to work on /home/airflow/.local/lib/python3.7/site-packages/airflow/example_dags/example_time_delta_sensor_async.py
[2023-01-13T11:57:32.849+0000] {processor.py:743} INFO - Processing file /home/airflow/.local/lib/python3.7/site-packages/airflow/example_dags/example_time_delta_sensor_async.py for tasks to queue
[2023-01-13T11:57:32.850+0000] {logging_mixin.py:137} INFO - [2023-01-13T11:57:32.850+0000] {dagbag.py:538} INFO - Filling up the DagBag from /home/airflow/.local/lib/python3.7/site-packages/airflow/example_dags/example_time_delta_sensor_async.py
[2023-01-13T11:57:32.862+0000] {processor.py:753} INFO - DAG(s) dict_keys(['example_time_delta_sensor_async']) retrieved from /home/airflow/.local/lib/python3.7/site-packages/airflow/example_dags/example_time_delta_sensor_async.py
[2023-01-13T11:57:32.900+0000] {logging_mixin.py:137} INFO - [2023-01-13T11:57:32.900+0000] {dag.py:2676} INFO - Sync 1 DAGs
[2023-01-13T11:57:32.927+0000] {logging_mixin.py:137} INFO - [2023-01-13T11:57:32.927+0000] {dag.py:3427} INFO - Setting next_dagrun for example_time_delta_sensor_async to None, run_after=None
[2023-01-13T11:57:33.073+0000] {processor.py:175} INFO - Processing /home/airflow/.local/lib/python3.7/site-packages/airflow/example_dags/example_time_delta_sensor_async.py took 0.228 seconds
[2023-01-13T11:58:03.686+0000] {processor.py:153} INFO - Started process (PID=992) to work on /home/airflow/.local/lib/python3.7/site-packages/airflow/example_dags/example_time_delta_sensor_async.py
[2023-01-13T11:58:03.687+0000] {processor.py:743} INFO - Processing file /home/airflow/.local/lib/python3.7/site-packages/airflow/example_dags/example_time_delta_sensor_async.py for tasks to queue
[2023-01-13T11:58:03.688+0000] {logging_mixin.py:137} INFO - [2023-01-13T11:58:03.687+0000] {dagbag.py:538} INFO - Filling up the DagBag from /home/airflow/.local/lib/python3.7/site-packages/airflow/example_dags/example_time_delta_sensor_async.py
[2023-01-13T11:58:03.700+0000] {processor.py:753} INFO - DAG(s) dict_keys(['example_time_delta_sensor_async']) retrieved from /home/airflow/.local/lib/python3.7/site-packages/airflow/example_dags/example_time_delta_sensor_async.py
[2023-01-13T11:58:03.739+0000] {logging_mixin.py:137} INFO - [2023-01-13T11:58:03.739+0000] {dag.py:2676} INFO - Sync 1 DAGs
[2023-01-13T11:58:03.767+0000] {logging_mixin.py:137} INFO - [2023-01-13T11:58:03.767+0000] {dag.py:3427} INFO - Setting next_dagrun for example_time_delta_sensor_async to None, run_after=None
[2023-01-13T11:58:03.824+0000] {processor.py:175} INFO - Processing /home/airflow/.local/lib/python3.7/site-packages/airflow/example_dags/example_time_delta_sensor_async.py took 0.141 seconds
[2023-01-13T11:58:34.189+0000] {processor.py:153} INFO - Started process (PID=1215) to work on /home/airflow/.local/lib/python3.7/site-packages/airflow/example_dags/example_time_delta_sensor_async.py
[2023-01-13T11:58:34.190+0000] {processor.py:743} INFO - Processing file /home/airflow/.local/lib/python3.7/site-packages/airflow/example_dags/example_time_delta_sensor_async.py for tasks to queue
[2023-01-13T11:58:34.191+0000] {logging_mixin.py:137} INFO - [2023-01-13T11:58:34.191+0000] {dagbag.py:538} INFO - Filling up the DagBag from /home/airflow/.local/lib/python3.7/site-packages/airflow/example_dags/example_time_delta_sensor_async.py
[2023-01-13T11:58:34.203+0000] {processor.py:753} INFO - DAG(s) dict_keys(['example_time_delta_sensor_async']) retrieved from /home/airflow/.local/lib/python3.7/site-packages/airflow/example_dags/example_time_delta_sensor_async.py
[2023-01-13T11:58:34.241+0000] {logging_mixin.py:137} INFO - [2023-01-13T11:58:34.241+0000] {dag.py:2676} INFO - Sync 1 DAGs
[2023-01-13T11:58:34.265+0000] {logging_mixin.py:137} INFO - [2023-01-13T11:58:34.265+0000] {dag.py:3427} INFO - Setting next_dagrun for example_time_delta_sensor_async to None, run_after=None
[2023-01-13T11:58:34.361+0000] {processor.py:175} INFO - Processing /home/airflow/.local/lib/python3.7/site-packages/airflow/example_dags/example_time_delta_sensor_async.py took 0.175 seconds
