[2023-01-13T11:56:33.551+0000] {processor.py:153} INFO - Started process (PID=320) to work on /home/airflow/.local/lib/python3.7/site-packages/airflow/example_dags/example_task_group_decorator.py
[2023-01-13T11:56:33.552+0000] {processor.py:743} INFO - Processing file /home/airflow/.local/lib/python3.7/site-packages/airflow/example_dags/example_task_group_decorator.py for tasks to queue
[2023-01-13T11:56:33.554+0000] {logging_mixin.py:137} INFO - [2023-01-13T11:56:33.554+0000] {dagbag.py:538} INFO - Filling up the DagBag from /home/airflow/.local/lib/python3.7/site-packages/airflow/example_dags/example_task_group_decorator.py
[2023-01-13T11:56:33.593+0000] {processor.py:753} INFO - DAG(s) dict_keys(['example_task_group_decorator']) retrieved from /home/airflow/.local/lib/python3.7/site-packages/airflow/example_dags/example_task_group_decorator.py
[2023-01-13T11:56:33.635+0000] {logging_mixin.py:137} INFO - [2023-01-13T11:56:33.635+0000] {dag.py:2676} INFO - Sync 1 DAGs
[2023-01-13T11:56:33.660+0000] {logging_mixin.py:137} INFO - [2023-01-13T11:56:33.660+0000] {dag.py:3427} INFO - Setting next_dagrun for example_task_group_decorator to 2023-01-12T11:56:33.660531+00:00, run_after=2023-01-13T11:56:33.660531+00:00
[2023-01-13T11:56:34.473+0000] {processor.py:175} INFO - Processing /home/airflow/.local/lib/python3.7/site-packages/airflow/example_dags/example_task_group_decorator.py took 0.925 seconds
[2023-01-13T11:57:04.820+0000] {processor.py:153} INFO - Started process (PID=544) to work on /home/airflow/.local/lib/python3.7/site-packages/airflow/example_dags/example_task_group_decorator.py
[2023-01-13T11:57:04.821+0000] {processor.py:743} INFO - Processing file /home/airflow/.local/lib/python3.7/site-packages/airflow/example_dags/example_task_group_decorator.py for tasks to queue
[2023-01-13T11:57:04.822+0000] {logging_mixin.py:137} INFO - [2023-01-13T11:57:04.822+0000] {dagbag.py:538} INFO - Filling up the DagBag from /home/airflow/.local/lib/python3.7/site-packages/airflow/example_dags/example_task_group_decorator.py
[2023-01-13T11:57:04.854+0000] {processor.py:753} INFO - DAG(s) dict_keys(['example_task_group_decorator']) retrieved from /home/airflow/.local/lib/python3.7/site-packages/airflow/example_dags/example_task_group_decorator.py
[2023-01-13T11:57:04.894+0000] {logging_mixin.py:137} INFO - [2023-01-13T11:57:04.894+0000] {dag.py:2676} INFO - Sync 1 DAGs
[2023-01-13T11:57:04.925+0000] {logging_mixin.py:137} INFO - [2023-01-13T11:57:04.925+0000] {dag.py:3427} INFO - Setting next_dagrun for example_task_group_decorator to 2023-01-12T11:57:04.925288+00:00, run_after=2023-01-13T11:57:04.925288+00:00
[2023-01-13T11:57:05.018+0000] {processor.py:175} INFO - Processing /home/airflow/.local/lib/python3.7/site-packages/airflow/example_dags/example_task_group_decorator.py took 0.202 seconds
[2023-01-13T11:57:35.290+0000] {processor.py:153} INFO - Started process (PID=786) to work on /home/airflow/.local/lib/python3.7/site-packages/airflow/example_dags/example_task_group_decorator.py
[2023-01-13T11:57:35.291+0000] {processor.py:743} INFO - Processing file /home/airflow/.local/lib/python3.7/site-packages/airflow/example_dags/example_task_group_decorator.py for tasks to queue
[2023-01-13T11:57:35.292+0000] {logging_mixin.py:137} INFO - [2023-01-13T11:57:35.292+0000] {dagbag.py:538} INFO - Filling up the DagBag from /home/airflow/.local/lib/python3.7/site-packages/airflow/example_dags/example_task_group_decorator.py
[2023-01-13T11:57:35.321+0000] {processor.py:753} INFO - DAG(s) dict_keys(['example_task_group_decorator']) retrieved from /home/airflow/.local/lib/python3.7/site-packages/airflow/example_dags/example_task_group_decorator.py
[2023-01-13T11:57:35.362+0000] {logging_mixin.py:137} INFO - [2023-01-13T11:57:35.362+0000] {dag.py:2676} INFO - Sync 1 DAGs
[2023-01-13T11:57:35.387+0000] {logging_mixin.py:137} INFO - [2023-01-13T11:57:35.387+0000] {dag.py:3427} INFO - Setting next_dagrun for example_task_group_decorator to 2023-01-12T11:57:35.387262+00:00, run_after=2023-01-13T11:57:35.387262+00:00
[2023-01-13T11:57:35.463+0000] {processor.py:175} INFO - Processing /home/airflow/.local/lib/python3.7/site-packages/airflow/example_dags/example_task_group_decorator.py took 0.176 seconds
[2023-01-13T11:58:06.059+0000] {processor.py:153} INFO - Started process (PID=1009) to work on /home/airflow/.local/lib/python3.7/site-packages/airflow/example_dags/example_task_group_decorator.py
[2023-01-13T11:58:06.060+0000] {processor.py:743} INFO - Processing file /home/airflow/.local/lib/python3.7/site-packages/airflow/example_dags/example_task_group_decorator.py for tasks to queue
[2023-01-13T11:58:06.060+0000] {logging_mixin.py:137} INFO - [2023-01-13T11:58:06.060+0000] {dagbag.py:538} INFO - Filling up the DagBag from /home/airflow/.local/lib/python3.7/site-packages/airflow/example_dags/example_task_group_decorator.py
[2023-01-13T11:58:06.089+0000] {processor.py:753} INFO - DAG(s) dict_keys(['example_task_group_decorator']) retrieved from /home/airflow/.local/lib/python3.7/site-packages/airflow/example_dags/example_task_group_decorator.py
[2023-01-13T11:58:06.130+0000] {logging_mixin.py:137} INFO - [2023-01-13T11:58:06.129+0000] {dag.py:2676} INFO - Sync 1 DAGs
[2023-01-13T11:58:06.155+0000] {logging_mixin.py:137} INFO - [2023-01-13T11:58:06.155+0000] {dag.py:3427} INFO - Setting next_dagrun for example_task_group_decorator to 2023-01-12T11:58:06.155270+00:00, run_after=2023-01-13T11:58:06.155270+00:00
[2023-01-13T11:58:06.316+0000] {processor.py:175} INFO - Processing /home/airflow/.local/lib/python3.7/site-packages/airflow/example_dags/example_task_group_decorator.py took 0.260 seconds
[2023-01-13T11:58:36.578+0000] {processor.py:153} INFO - Started process (PID=1232) to work on /home/airflow/.local/lib/python3.7/site-packages/airflow/example_dags/example_task_group_decorator.py
[2023-01-13T11:58:36.579+0000] {processor.py:743} INFO - Processing file /home/airflow/.local/lib/python3.7/site-packages/airflow/example_dags/example_task_group_decorator.py for tasks to queue
[2023-01-13T11:58:36.580+0000] {logging_mixin.py:137} INFO - [2023-01-13T11:58:36.580+0000] {dagbag.py:538} INFO - Filling up the DagBag from /home/airflow/.local/lib/python3.7/site-packages/airflow/example_dags/example_task_group_decorator.py
[2023-01-13T11:58:36.608+0000] {processor.py:753} INFO - DAG(s) dict_keys(['example_task_group_decorator']) retrieved from /home/airflow/.local/lib/python3.7/site-packages/airflow/example_dags/example_task_group_decorator.py
[2023-01-13T11:58:36.646+0000] {logging_mixin.py:137} INFO - [2023-01-13T11:58:36.646+0000] {dag.py:2676} INFO - Sync 1 DAGs
[2023-01-13T11:58:36.672+0000] {logging_mixin.py:137} INFO - [2023-01-13T11:58:36.672+0000] {dag.py:3427} INFO - Setting next_dagrun for example_task_group_decorator to 2023-01-12T11:58:36.671950+00:00, run_after=2023-01-13T11:58:36.671950+00:00
[2023-01-13T11:58:36.812+0000] {processor.py:175} INFO - Processing /home/airflow/.local/lib/python3.7/site-packages/airflow/example_dags/example_task_group_decorator.py took 0.237 seconds
