[2023-01-13T11:56:24.375+0000] {processor.py:153} INFO - Started process (PID=232) to work on /home/airflow/.local/lib/python3.7/site-packages/airflow/example_dags/example_datasets.py
[2023-01-13T11:56:24.376+0000] {processor.py:743} INFO - Processing file /home/airflow/.local/lib/python3.7/site-packages/airflow/example_dags/example_datasets.py for tasks to queue
[2023-01-13T11:56:24.377+0000] {logging_mixin.py:137} INFO - [2023-01-13T11:56:24.377+0000] {dagbag.py:538} INFO - Filling up the DagBag from /home/airflow/.local/lib/python3.7/site-packages/airflow/example_dags/example_datasets.py
[2023-01-13T11:56:24.527+0000] {processor.py:753} INFO - DAG(s) dict_keys(['dataset_produces_2', 'dataset_consumes_unknown_never_scheduled', 'dataset_consumes_1_never_scheduled', 'dataset_consumes_1_and_2', 'dataset_consumes_1', 'dataset_produces_1']) retrieved from /home/airflow/.local/lib/python3.7/site-packages/airflow/example_dags/example_datasets.py
[2023-01-13T11:56:24.626+0000] {logging_mixin.py:137} INFO - [2023-01-13T11:56:24.626+0000] {dag.py:2676} INFO - Sync 6 DAGs
[2023-01-13T11:56:24.651+0000] {logging_mixin.py:137} INFO - [2023-01-13T11:56:24.651+0000] {dag.py:3427} INFO - Setting next_dagrun for dataset_consumes_1 to None, run_after=None
[2023-01-13T11:56:24.655+0000] {logging_mixin.py:137} INFO - [2023-01-13T11:56:24.655+0000] {dag.py:3427} INFO - Setting next_dagrun for dataset_consumes_1_and_2 to None, run_after=None
[2023-01-13T11:56:24.656+0000] {logging_mixin.py:137} INFO - [2023-01-13T11:56:24.656+0000] {dag.py:3427} INFO - Setting next_dagrun for dataset_consumes_1_never_scheduled to None, run_after=None
[2023-01-13T11:56:24.658+0000] {logging_mixin.py:137} INFO - [2023-01-13T11:56:24.658+0000] {dag.py:3427} INFO - Setting next_dagrun for dataset_consumes_unknown_never_scheduled to None, run_after=None
[2023-01-13T11:56:24.661+0000] {logging_mixin.py:137} INFO - [2023-01-13T11:56:24.661+0000] {dag.py:3427} INFO - Setting next_dagrun for dataset_produces_1 to 2023-01-12T00:00:00+00:00, run_after=2023-01-13T00:00:00+00:00
[2023-01-13T11:56:24.663+0000] {logging_mixin.py:137} INFO - [2023-01-13T11:56:24.663+0000] {dag.py:3427} INFO - Setting next_dagrun for dataset_produces_2 to None, run_after=None
[2023-01-13T11:56:24.976+0000] {processor.py:175} INFO - Processing /home/airflow/.local/lib/python3.7/site-packages/airflow/example_dags/example_datasets.py took 0.603 seconds
[2023-01-13T11:56:55.372+0000] {processor.py:153} INFO - Started process (PID=445) to work on /home/airflow/.local/lib/python3.7/site-packages/airflow/example_dags/example_datasets.py
[2023-01-13T11:56:55.373+0000] {processor.py:743} INFO - Processing file /home/airflow/.local/lib/python3.7/site-packages/airflow/example_dags/example_datasets.py for tasks to queue
[2023-01-13T11:56:55.374+0000] {logging_mixin.py:137} INFO - [2023-01-13T11:56:55.374+0000] {dagbag.py:538} INFO - Filling up the DagBag from /home/airflow/.local/lib/python3.7/site-packages/airflow/example_dags/example_datasets.py
[2023-01-13T11:56:55.390+0000] {processor.py:753} INFO - DAG(s) dict_keys(['dataset_consumes_1_never_scheduled', 'dataset_consumes_1', 'dataset_consumes_1_and_2', 'dataset_produces_1', 'dataset_produces_2', 'dataset_consumes_unknown_never_scheduled']) retrieved from /home/airflow/.local/lib/python3.7/site-packages/airflow/example_dags/example_datasets.py
[2023-01-13T11:56:55.450+0000] {logging_mixin.py:137} INFO - [2023-01-13T11:56:55.450+0000] {dag.py:2676} INFO - Sync 6 DAGs
[2023-01-13T11:56:55.479+0000] {logging_mixin.py:137} INFO - [2023-01-13T11:56:55.479+0000] {dag.py:3427} INFO - Setting next_dagrun for dataset_consumes_1 to None, run_after=None
[2023-01-13T11:56:55.483+0000] {logging_mixin.py:137} INFO - [2023-01-13T11:56:55.483+0000] {dag.py:3427} INFO - Setting next_dagrun for dataset_consumes_1_and_2 to None, run_after=None
[2023-01-13T11:56:55.484+0000] {logging_mixin.py:137} INFO - [2023-01-13T11:56:55.484+0000] {dag.py:3427} INFO - Setting next_dagrun for dataset_consumes_1_never_scheduled to None, run_after=None
[2023-01-13T11:56:55.486+0000] {logging_mixin.py:137} INFO - [2023-01-13T11:56:55.486+0000] {dag.py:3427} INFO - Setting next_dagrun for dataset_consumes_unknown_never_scheduled to None, run_after=None
[2023-01-13T11:56:55.489+0000] {logging_mixin.py:137} INFO - [2023-01-13T11:56:55.489+0000] {dag.py:3427} INFO - Setting next_dagrun for dataset_produces_1 to 2023-01-12T00:00:00+00:00, run_after=2023-01-13T00:00:00+00:00
[2023-01-13T11:56:55.491+0000] {logging_mixin.py:137} INFO - [2023-01-13T11:56:55.491+0000] {dag.py:3427} INFO - Setting next_dagrun for dataset_produces_2 to None, run_after=None
[2023-01-13T11:56:55.567+0000] {processor.py:175} INFO - Processing /home/airflow/.local/lib/python3.7/site-packages/airflow/example_dags/example_datasets.py took 0.198 seconds
[2023-01-13T11:57:25.874+0000] {processor.py:153} INFO - Started process (PID=676) to work on /home/airflow/.local/lib/python3.7/site-packages/airflow/example_dags/example_datasets.py
[2023-01-13T11:57:25.875+0000] {processor.py:743} INFO - Processing file /home/airflow/.local/lib/python3.7/site-packages/airflow/example_dags/example_datasets.py for tasks to queue
[2023-01-13T11:57:25.876+0000] {logging_mixin.py:137} INFO - [2023-01-13T11:57:25.876+0000] {dagbag.py:538} INFO - Filling up the DagBag from /home/airflow/.local/lib/python3.7/site-packages/airflow/example_dags/example_datasets.py
[2023-01-13T11:57:25.895+0000] {processor.py:753} INFO - DAG(s) dict_keys(['dataset_consumes_1_and_2', 'dataset_consumes_unknown_never_scheduled', 'dataset_produces_2', 'dataset_produces_1', 'dataset_consumes_1', 'dataset_consumes_1_never_scheduled']) retrieved from /home/airflow/.local/lib/python3.7/site-packages/airflow/example_dags/example_datasets.py
[2023-01-13T11:57:25.958+0000] {logging_mixin.py:137} INFO - [2023-01-13T11:57:25.958+0000] {dag.py:2676} INFO - Sync 6 DAGs
[2023-01-13T11:57:25.985+0000] {logging_mixin.py:137} INFO - [2023-01-13T11:57:25.985+0000] {dag.py:3427} INFO - Setting next_dagrun for dataset_consumes_1 to None, run_after=None
[2023-01-13T11:57:25.990+0000] {logging_mixin.py:137} INFO - [2023-01-13T11:57:25.990+0000] {dag.py:3427} INFO - Setting next_dagrun for dataset_consumes_1_and_2 to None, run_after=None
[2023-01-13T11:57:25.992+0000] {logging_mixin.py:137} INFO - [2023-01-13T11:57:25.992+0000] {dag.py:3427} INFO - Setting next_dagrun for dataset_consumes_1_never_scheduled to None, run_after=None
[2023-01-13T11:57:25.993+0000] {logging_mixin.py:137} INFO - [2023-01-13T11:57:25.993+0000] {dag.py:3427} INFO - Setting next_dagrun for dataset_consumes_unknown_never_scheduled to None, run_after=None
[2023-01-13T11:57:25.997+0000] {logging_mixin.py:137} INFO - [2023-01-13T11:57:25.996+0000] {dag.py:3427} INFO - Setting next_dagrun for dataset_produces_1 to 2023-01-12T00:00:00+00:00, run_after=2023-01-13T00:00:00+00:00
[2023-01-13T11:57:25.999+0000] {logging_mixin.py:137} INFO - [2023-01-13T11:57:25.999+0000] {dag.py:3427} INFO - Setting next_dagrun for dataset_produces_2 to None, run_after=None
[2023-01-13T11:57:26.131+0000] {processor.py:175} INFO - Processing /home/airflow/.local/lib/python3.7/site-packages/airflow/example_dags/example_datasets.py took 0.259 seconds
[2023-01-13T11:57:57.150+0000] {processor.py:153} INFO - Started process (PID=902) to work on /home/airflow/.local/lib/python3.7/site-packages/airflow/example_dags/example_datasets.py
[2023-01-13T11:57:57.151+0000] {processor.py:743} INFO - Processing file /home/airflow/.local/lib/python3.7/site-packages/airflow/example_dags/example_datasets.py for tasks to queue
[2023-01-13T11:57:57.152+0000] {logging_mixin.py:137} INFO - [2023-01-13T11:57:57.152+0000] {dagbag.py:538} INFO - Filling up the DagBag from /home/airflow/.local/lib/python3.7/site-packages/airflow/example_dags/example_datasets.py
[2023-01-13T11:57:57.167+0000] {processor.py:753} INFO - DAG(s) dict_keys(['dataset_produces_1', 'dataset_consumes_1', 'dataset_produces_2', 'dataset_consumes_1_and_2', 'dataset_consumes_1_never_scheduled', 'dataset_consumes_unknown_never_scheduled']) retrieved from /home/airflow/.local/lib/python3.7/site-packages/airflow/example_dags/example_datasets.py
[2023-01-13T11:57:57.220+0000] {logging_mixin.py:137} INFO - [2023-01-13T11:57:57.220+0000] {dag.py:2676} INFO - Sync 6 DAGs
[2023-01-13T11:57:57.249+0000] {logging_mixin.py:137} INFO - [2023-01-13T11:57:57.249+0000] {dag.py:3427} INFO - Setting next_dagrun for dataset_consumes_1 to None, run_after=None
[2023-01-13T11:57:57.253+0000] {logging_mixin.py:137} INFO - [2023-01-13T11:57:57.252+0000] {dag.py:3427} INFO - Setting next_dagrun for dataset_consumes_1_and_2 to None, run_after=None
[2023-01-13T11:57:57.254+0000] {logging_mixin.py:137} INFO - [2023-01-13T11:57:57.254+0000] {dag.py:3427} INFO - Setting next_dagrun for dataset_consumes_1_never_scheduled to None, run_after=None
[2023-01-13T11:57:57.255+0000] {logging_mixin.py:137} INFO - [2023-01-13T11:57:57.255+0000] {dag.py:3427} INFO - Setting next_dagrun for dataset_consumes_unknown_never_scheduled to None, run_after=None
[2023-01-13T11:57:57.258+0000] {logging_mixin.py:137} INFO - [2023-01-13T11:57:57.258+0000] {dag.py:3427} INFO - Setting next_dagrun for dataset_produces_1 to 2023-01-12T00:00:00+00:00, run_after=2023-01-13T00:00:00+00:00
[2023-01-13T11:57:57.259+0000] {logging_mixin.py:137} INFO - [2023-01-13T11:57:57.259+0000] {dag.py:3427} INFO - Setting next_dagrun for dataset_produces_2 to None, run_after=None
[2023-01-13T11:57:57.358+0000] {processor.py:175} INFO - Processing /home/airflow/.local/lib/python3.7/site-packages/airflow/example_dags/example_datasets.py took 0.211 seconds
[2023-01-13T11:58:28.230+0000] {processor.py:153} INFO - Started process (PID=1142) to work on /home/airflow/.local/lib/python3.7/site-packages/airflow/example_dags/example_datasets.py
[2023-01-13T11:58:28.231+0000] {processor.py:743} INFO - Processing file /home/airflow/.local/lib/python3.7/site-packages/airflow/example_dags/example_datasets.py for tasks to queue
[2023-01-13T11:58:28.232+0000] {logging_mixin.py:137} INFO - [2023-01-13T11:58:28.232+0000] {dagbag.py:538} INFO - Filling up the DagBag from /home/airflow/.local/lib/python3.7/site-packages/airflow/example_dags/example_datasets.py
[2023-01-13T11:58:28.247+0000] {processor.py:753} INFO - DAG(s) dict_keys(['dataset_consumes_1', 'dataset_consumes_1_and_2', 'dataset_produces_2', 'dataset_produces_1', 'dataset_consumes_unknown_never_scheduled', 'dataset_consumes_1_never_scheduled']) retrieved from /home/airflow/.local/lib/python3.7/site-packages/airflow/example_dags/example_datasets.py
[2023-01-13T11:58:28.299+0000] {logging_mixin.py:137} INFO - [2023-01-13T11:58:28.299+0000] {dag.py:2676} INFO - Sync 6 DAGs
[2023-01-13T11:58:28.324+0000] {logging_mixin.py:137} INFO - [2023-01-13T11:58:28.324+0000] {dag.py:3427} INFO - Setting next_dagrun for dataset_consumes_1 to None, run_after=None
[2023-01-13T11:58:28.328+0000] {logging_mixin.py:137} INFO - [2023-01-13T11:58:28.328+0000] {dag.py:3427} INFO - Setting next_dagrun for dataset_consumes_1_and_2 to None, run_after=None
[2023-01-13T11:58:28.329+0000] {logging_mixin.py:137} INFO - [2023-01-13T11:58:28.329+0000] {dag.py:3427} INFO - Setting next_dagrun for dataset_consumes_1_never_scheduled to None, run_after=None
[2023-01-13T11:58:28.331+0000] {logging_mixin.py:137} INFO - [2023-01-13T11:58:28.331+0000] {dag.py:3427} INFO - Setting next_dagrun for dataset_consumes_unknown_never_scheduled to None, run_after=None
[2023-01-13T11:58:28.334+0000] {logging_mixin.py:137} INFO - [2023-01-13T11:58:28.334+0000] {dag.py:3427} INFO - Setting next_dagrun for dataset_produces_1 to 2023-01-12T00:00:00+00:00, run_after=2023-01-13T00:00:00+00:00
[2023-01-13T11:58:28.337+0000] {logging_mixin.py:137} INFO - [2023-01-13T11:58:28.336+0000] {dag.py:3427} INFO - Setting next_dagrun for dataset_produces_2 to None, run_after=None
[2023-01-13T11:58:28.393+0000] {processor.py:175} INFO - Processing /home/airflow/.local/lib/python3.7/site-packages/airflow/example_dags/example_datasets.py took 0.166 seconds
