[2023-01-13T11:56:29.412+0000] {processor.py:153} INFO - Started process (PID=295) to work on /home/airflow/.local/lib/python3.7/site-packages/airflow/example_dags/example_branch_operator.py
[2023-01-13T11:56:29.413+0000] {processor.py:743} INFO - Processing file /home/airflow/.local/lib/python3.7/site-packages/airflow/example_dags/example_branch_operator.py for tasks to queue
[2023-01-13T11:56:29.414+0000] {logging_mixin.py:137} INFO - [2023-01-13T11:56:29.414+0000] {dagbag.py:538} INFO - Filling up the DagBag from /home/airflow/.local/lib/python3.7/site-packages/airflow/example_dags/example_branch_operator.py
[2023-01-13T11:56:29.548+0000] {processor.py:753} INFO - DAG(s) dict_keys(['example_branch_operator']) retrieved from /home/airflow/.local/lib/python3.7/site-packages/airflow/example_dags/example_branch_operator.py
[2023-01-13T11:56:29.638+0000] {logging_mixin.py:137} INFO - [2023-01-13T11:56:29.637+0000] {dag.py:2676} INFO - Sync 1 DAGs
[2023-01-13T11:56:29.712+0000] {logging_mixin.py:137} INFO - [2023-01-13T11:56:29.712+0000] {dag.py:3427} INFO - Setting next_dagrun for example_branch_operator to 2023-01-12T00:00:00+00:00, run_after=2023-01-13T00:00:00+00:00
[2023-01-13T11:56:30.577+0000] {processor.py:175} INFO - Processing /home/airflow/.local/lib/python3.7/site-packages/airflow/example_dags/example_branch_operator.py took 1.167 seconds
[2023-01-13T11:57:01.042+0000] {processor.py:153} INFO - Started process (PID=517) to work on /home/airflow/.local/lib/python3.7/site-packages/airflow/example_dags/example_branch_operator.py
[2023-01-13T11:57:01.043+0000] {processor.py:743} INFO - Processing file /home/airflow/.local/lib/python3.7/site-packages/airflow/example_dags/example_branch_operator.py for tasks to queue
[2023-01-13T11:57:01.044+0000] {logging_mixin.py:137} INFO - [2023-01-13T11:57:01.044+0000] {dagbag.py:538} INFO - Filling up the DagBag from /home/airflow/.local/lib/python3.7/site-packages/airflow/example_dags/example_branch_operator.py
[2023-01-13T11:57:01.061+0000] {processor.py:753} INFO - DAG(s) dict_keys(['example_branch_operator']) retrieved from /home/airflow/.local/lib/python3.7/site-packages/airflow/example_dags/example_branch_operator.py
[2023-01-13T11:57:01.099+0000] {logging_mixin.py:137} INFO - [2023-01-13T11:57:01.099+0000] {dag.py:2676} INFO - Sync 1 DAGs
[2023-01-13T11:57:01.127+0000] {logging_mixin.py:137} INFO - [2023-01-13T11:57:01.127+0000] {dag.py:3427} INFO - Setting next_dagrun for example_branch_operator to 2023-01-12T00:00:00+00:00, run_after=2023-01-13T00:00:00+00:00
[2023-01-13T11:57:01.267+0000] {processor.py:175} INFO - Processing /home/airflow/.local/lib/python3.7/site-packages/airflow/example_dags/example_branch_operator.py took 0.228 seconds
[2023-01-13T11:57:31.603+0000] {processor.py:153} INFO - Started process (PID=741) to work on /home/airflow/.local/lib/python3.7/site-packages/airflow/example_dags/example_branch_operator.py
[2023-01-13T11:57:31.604+0000] {processor.py:743} INFO - Processing file /home/airflow/.local/lib/python3.7/site-packages/airflow/example_dags/example_branch_operator.py for tasks to queue
[2023-01-13T11:57:31.604+0000] {logging_mixin.py:137} INFO - [2023-01-13T11:57:31.604+0000] {dagbag.py:538} INFO - Filling up the DagBag from /home/airflow/.local/lib/python3.7/site-packages/airflow/example_dags/example_branch_operator.py
[2023-01-13T11:57:31.622+0000] {processor.py:753} INFO - DAG(s) dict_keys(['example_branch_operator']) retrieved from /home/airflow/.local/lib/python3.7/site-packages/airflow/example_dags/example_branch_operator.py
[2023-01-13T11:57:31.663+0000] {logging_mixin.py:137} INFO - [2023-01-13T11:57:31.663+0000] {dag.py:2676} INFO - Sync 1 DAGs
[2023-01-13T11:57:31.692+0000] {logging_mixin.py:137} INFO - [2023-01-13T11:57:31.692+0000] {dag.py:3427} INFO - Setting next_dagrun for example_branch_operator to 2023-01-12T00:00:00+00:00, run_after=2023-01-13T00:00:00+00:00
[2023-01-13T11:57:31.813+0000] {processor.py:175} INFO - Processing /home/airflow/.local/lib/python3.7/site-packages/airflow/example_dags/example_branch_operator.py took 0.213 seconds
[2023-01-13T11:58:02.519+0000] {processor.py:153} INFO - Started process (PID=982) to work on /home/airflow/.local/lib/python3.7/site-packages/airflow/example_dags/example_branch_operator.py
[2023-01-13T11:58:02.520+0000] {processor.py:743} INFO - Processing file /home/airflow/.local/lib/python3.7/site-packages/airflow/example_dags/example_branch_operator.py for tasks to queue
[2023-01-13T11:58:02.521+0000] {logging_mixin.py:137} INFO - [2023-01-13T11:58:02.521+0000] {dagbag.py:538} INFO - Filling up the DagBag from /home/airflow/.local/lib/python3.7/site-packages/airflow/example_dags/example_branch_operator.py
[2023-01-13T11:58:02.538+0000] {processor.py:753} INFO - DAG(s) dict_keys(['example_branch_operator']) retrieved from /home/airflow/.local/lib/python3.7/site-packages/airflow/example_dags/example_branch_operator.py
[2023-01-13T11:58:02.579+0000] {logging_mixin.py:137} INFO - [2023-01-13T11:58:02.579+0000] {dag.py:2676} INFO - Sync 1 DAGs
[2023-01-13T11:58:02.606+0000] {logging_mixin.py:137} INFO - [2023-01-13T11:58:02.606+0000] {dag.py:3427} INFO - Setting next_dagrun for example_branch_operator to 2023-01-12T00:00:00+00:00, run_after=2023-01-13T00:00:00+00:00
[2023-01-13T11:58:02.649+0000] {processor.py:175} INFO - Processing /home/airflow/.local/lib/python3.7/site-packages/airflow/example_dags/example_branch_operator.py took 0.132 seconds
[2023-01-13T11:58:33.030+0000] {processor.py:153} INFO - Started process (PID=1205) to work on /home/airflow/.local/lib/python3.7/site-packages/airflow/example_dags/example_branch_operator.py
[2023-01-13T11:58:33.031+0000] {processor.py:743} INFO - Processing file /home/airflow/.local/lib/python3.7/site-packages/airflow/example_dags/example_branch_operator.py for tasks to queue
[2023-01-13T11:58:33.032+0000] {logging_mixin.py:137} INFO - [2023-01-13T11:58:33.032+0000] {dagbag.py:538} INFO - Filling up the DagBag from /home/airflow/.local/lib/python3.7/site-packages/airflow/example_dags/example_branch_operator.py
[2023-01-13T11:58:33.048+0000] {processor.py:753} INFO - DAG(s) dict_keys(['example_branch_operator']) retrieved from /home/airflow/.local/lib/python3.7/site-packages/airflow/example_dags/example_branch_operator.py
[2023-01-13T11:58:33.085+0000] {logging_mixin.py:137} INFO - [2023-01-13T11:58:33.085+0000] {dag.py:2676} INFO - Sync 1 DAGs
[2023-01-13T11:58:33.109+0000] {logging_mixin.py:137} INFO - [2023-01-13T11:58:33.109+0000] {dag.py:3427} INFO - Setting next_dagrun for example_branch_operator to 2023-01-12T00:00:00+00:00, run_after=2023-01-13T00:00:00+00:00
[2023-01-13T11:58:33.221+0000] {processor.py:175} INFO - Processing /home/airflow/.local/lib/python3.7/site-packages/airflow/example_dags/example_branch_operator.py took 0.193 seconds
