[2023-01-13T11:56:23.870+0000] {processor.py:153} INFO - Started process (PID=220) to work on /home/airflow/.local/lib/python3.7/site-packages/airflow/example_dags/example_dag_decorator.py
[2023-01-13T11:56:23.871+0000] {processor.py:743} INFO - Processing file /home/airflow/.local/lib/python3.7/site-packages/airflow/example_dags/example_dag_decorator.py for tasks to queue
[2023-01-13T11:56:23.872+0000] {logging_mixin.py:137} INFO - [2023-01-13T11:56:23.871+0000] {dagbag.py:538} INFO - Filling up the DagBag from /home/airflow/.local/lib/python3.7/site-packages/airflow/example_dags/example_dag_decorator.py
[2023-01-13T11:56:23.947+0000] {logging_mixin.py:137} INFO - [2023-01-13T11:56:23.947+0000] {taskmixin.py:205} WARNING - Dependency <Task(_PythonDecoratedOperator): prepare_email>, send_email already registered for DAG: example_dag_decorator
[2023-01-13T11:56:23.948+0000] {logging_mixin.py:137} INFO - [2023-01-13T11:56:23.948+0000] {taskmixin.py:205} WARNING - Dependency <Task(EmailOperator): send_email>, prepare_email already registered for DAG: example_dag_decorator
[2023-01-13T11:56:23.966+0000] {processor.py:753} INFO - DAG(s) dict_keys(['example_dag_decorator']) retrieved from /home/airflow/.local/lib/python3.7/site-packages/airflow/example_dags/example_dag_decorator.py
[2023-01-13T11:56:24.049+0000] {logging_mixin.py:137} INFO - [2023-01-13T11:56:24.048+0000] {dag.py:2676} INFO - Sync 1 DAGs
[2023-01-13T11:56:24.073+0000] {logging_mixin.py:137} INFO - [2023-01-13T11:56:24.073+0000] {dag.py:3427} INFO - Setting next_dagrun for example_dag_decorator to None, run_after=None
[2023-01-13T11:56:24.341+0000] {processor.py:175} INFO - Processing /home/airflow/.local/lib/python3.7/site-packages/airflow/example_dags/example_dag_decorator.py took 0.475 seconds
[2023-01-13T11:56:55.145+0000] {processor.py:153} INFO - Started process (PID=437) to work on /home/airflow/.local/lib/python3.7/site-packages/airflow/example_dags/example_dag_decorator.py
[2023-01-13T11:56:55.146+0000] {processor.py:743} INFO - Processing file /home/airflow/.local/lib/python3.7/site-packages/airflow/example_dags/example_dag_decorator.py for tasks to queue
[2023-01-13T11:56:55.147+0000] {logging_mixin.py:137} INFO - [2023-01-13T11:56:55.147+0000] {dagbag.py:538} INFO - Filling up the DagBag from /home/airflow/.local/lib/python3.7/site-packages/airflow/example_dags/example_dag_decorator.py
[2023-01-13T11:56:55.165+0000] {logging_mixin.py:137} INFO - [2023-01-13T11:56:55.165+0000] {taskmixin.py:205} WARNING - Dependency <Task(_PythonDecoratedOperator): prepare_email>, send_email already registered for DAG: example_dag_decorator
[2023-01-13T11:56:55.165+0000] {logging_mixin.py:137} INFO - [2023-01-13T11:56:55.165+0000] {taskmixin.py:205} WARNING - Dependency <Task(EmailOperator): send_email>, prepare_email already registered for DAG: example_dag_decorator
[2023-01-13T11:56:55.178+0000] {processor.py:753} INFO - DAG(s) dict_keys(['example_dag_decorator']) retrieved from /home/airflow/.local/lib/python3.7/site-packages/airflow/example_dags/example_dag_decorator.py
[2023-01-13T11:56:55.260+0000] {logging_mixin.py:137} INFO - [2023-01-13T11:56:55.259+0000] {dag.py:2676} INFO - Sync 1 DAGs
[2023-01-13T11:56:55.283+0000] {logging_mixin.py:137} INFO - [2023-01-13T11:56:55.283+0000] {dag.py:3427} INFO - Setting next_dagrun for example_dag_decorator to None, run_after=None
[2023-01-13T11:56:55.391+0000] {processor.py:175} INFO - Processing /home/airflow/.local/lib/python3.7/site-packages/airflow/example_dags/example_dag_decorator.py took 0.249 seconds
[2023-01-13T11:57:25.605+0000] {processor.py:153} INFO - Started process (PID=668) to work on /home/airflow/.local/lib/python3.7/site-packages/airflow/example_dags/example_dag_decorator.py
[2023-01-13T11:57:25.606+0000] {processor.py:743} INFO - Processing file /home/airflow/.local/lib/python3.7/site-packages/airflow/example_dags/example_dag_decorator.py for tasks to queue
[2023-01-13T11:57:25.607+0000] {logging_mixin.py:137} INFO - [2023-01-13T11:57:25.607+0000] {dagbag.py:538} INFO - Filling up the DagBag from /home/airflow/.local/lib/python3.7/site-packages/airflow/example_dags/example_dag_decorator.py
[2023-01-13T11:57:25.625+0000] {logging_mixin.py:137} INFO - [2023-01-13T11:57:25.625+0000] {taskmixin.py:205} WARNING - Dependency <Task(_PythonDecoratedOperator): prepare_email>, send_email already registered for DAG: example_dag_decorator
[2023-01-13T11:57:25.626+0000] {logging_mixin.py:137} INFO - [2023-01-13T11:57:25.626+0000] {taskmixin.py:205} WARNING - Dependency <Task(EmailOperator): send_email>, prepare_email already registered for DAG: example_dag_decorator
[2023-01-13T11:57:25.640+0000] {processor.py:753} INFO - DAG(s) dict_keys(['example_dag_decorator']) retrieved from /home/airflow/.local/lib/python3.7/site-packages/airflow/example_dags/example_dag_decorator.py
[2023-01-13T11:57:25.720+0000] {logging_mixin.py:137} INFO - [2023-01-13T11:57:25.720+0000] {dag.py:2676} INFO - Sync 1 DAGs
[2023-01-13T11:57:25.744+0000] {logging_mixin.py:137} INFO - [2023-01-13T11:57:25.744+0000] {dag.py:3427} INFO - Setting next_dagrun for example_dag_decorator to None, run_after=None
[2023-01-13T11:57:25.923+0000] {processor.py:175} INFO - Processing /home/airflow/.local/lib/python3.7/site-packages/airflow/example_dags/example_dag_decorator.py took 0.321 seconds
[2023-01-13T11:57:55.981+0000] {processor.py:153} INFO - Started process (PID=892) to work on /home/airflow/.local/lib/python3.7/site-packages/airflow/example_dags/example_dag_decorator.py
[2023-01-13T11:57:55.982+0000] {processor.py:743} INFO - Processing file /home/airflow/.local/lib/python3.7/site-packages/airflow/example_dags/example_dag_decorator.py for tasks to queue
[2023-01-13T11:57:55.983+0000] {logging_mixin.py:137} INFO - [2023-01-13T11:57:55.983+0000] {dagbag.py:538} INFO - Filling up the DagBag from /home/airflow/.local/lib/python3.7/site-packages/airflow/example_dags/example_dag_decorator.py
[2023-01-13T11:57:55.999+0000] {logging_mixin.py:137} INFO - [2023-01-13T11:57:55.999+0000] {taskmixin.py:205} WARNING - Dependency <Task(_PythonDecoratedOperator): prepare_email>, send_email already registered for DAG: example_dag_decorator
[2023-01-13T11:57:56.000+0000] {logging_mixin.py:137} INFO - [2023-01-13T11:57:56.000+0000] {taskmixin.py:205} WARNING - Dependency <Task(EmailOperator): send_email>, prepare_email already registered for DAG: example_dag_decorator
[2023-01-13T11:57:56.012+0000] {processor.py:753} INFO - DAG(s) dict_keys(['example_dag_decorator']) retrieved from /home/airflow/.local/lib/python3.7/site-packages/airflow/example_dags/example_dag_decorator.py
[2023-01-13T11:57:56.096+0000] {logging_mixin.py:137} INFO - [2023-01-13T11:57:56.096+0000] {dag.py:2676} INFO - Sync 1 DAGs
[2023-01-13T11:57:56.120+0000] {logging_mixin.py:137} INFO - [2023-01-13T11:57:56.120+0000] {dag.py:3427} INFO - Setting next_dagrun for example_dag_decorator to None, run_after=None
[2023-01-13T11:57:56.157+0000] {processor.py:175} INFO - Processing /home/airflow/.local/lib/python3.7/site-packages/airflow/example_dags/example_dag_decorator.py took 0.178 seconds
[2023-01-13T11:58:26.778+0000] {processor.py:153} INFO - Started process (PID=1130) to work on /home/airflow/.local/lib/python3.7/site-packages/airflow/example_dags/example_dag_decorator.py
[2023-01-13T11:58:26.779+0000] {processor.py:743} INFO - Processing file /home/airflow/.local/lib/python3.7/site-packages/airflow/example_dags/example_dag_decorator.py for tasks to queue
[2023-01-13T11:58:26.780+0000] {logging_mixin.py:137} INFO - [2023-01-13T11:58:26.780+0000] {dagbag.py:538} INFO - Filling up the DagBag from /home/airflow/.local/lib/python3.7/site-packages/airflow/example_dags/example_dag_decorator.py
[2023-01-13T11:58:26.798+0000] {logging_mixin.py:137} INFO - [2023-01-13T11:58:26.798+0000] {taskmixin.py:205} WARNING - Dependency <Task(_PythonDecoratedOperator): prepare_email>, send_email already registered for DAG: example_dag_decorator
[2023-01-13T11:58:26.799+0000] {logging_mixin.py:137} INFO - [2023-01-13T11:58:26.798+0000] {taskmixin.py:205} WARNING - Dependency <Task(EmailOperator): send_email>, prepare_email already registered for DAG: example_dag_decorator
[2023-01-13T11:58:26.811+0000] {processor.py:753} INFO - DAG(s) dict_keys(['example_dag_decorator']) retrieved from /home/airflow/.local/lib/python3.7/site-packages/airflow/example_dags/example_dag_decorator.py
[2023-01-13T11:58:26.913+0000] {logging_mixin.py:137} INFO - [2023-01-13T11:58:26.913+0000] {dag.py:2676} INFO - Sync 1 DAGs
[2023-01-13T11:58:26.941+0000] {logging_mixin.py:137} INFO - [2023-01-13T11:58:26.941+0000] {dag.py:3427} INFO - Setting next_dagrun for example_dag_decorator to None, run_after=None
[2023-01-13T11:58:27.186+0000] {processor.py:175} INFO - Processing /home/airflow/.local/lib/python3.7/site-packages/airflow/example_dags/example_dag_decorator.py took 0.411 seconds
