[2023-01-13T11:56:26.855+0000] {processor.py:153} INFO - Started process (PID=260) to work on /home/airflow/.local/lib/python3.7/site-packages/airflow/example_dags/tutorial_dag.py
[2023-01-13T11:56:26.856+0000] {processor.py:743} INFO - Processing file /home/airflow/.local/lib/python3.7/site-packages/airflow/example_dags/tutorial_dag.py for tasks to queue
[2023-01-13T11:56:26.857+0000] {logging_mixin.py:137} INFO - [2023-01-13T11:56:26.857+0000] {dagbag.py:538} INFO - Filling up the DagBag from /home/airflow/.local/lib/python3.7/site-packages/airflow/example_dags/tutorial_dag.py
[2023-01-13T11:56:26.874+0000] {processor.py:753} INFO - DAG(s) dict_keys(['tutorial_dag']) retrieved from /home/airflow/.local/lib/python3.7/site-packages/airflow/example_dags/tutorial_dag.py
[2023-01-13T11:56:27.271+0000] {logging_mixin.py:137} INFO - [2023-01-13T11:56:27.271+0000] {dag.py:2676} INFO - Sync 1 DAGs
[2023-01-13T11:56:27.301+0000] {logging_mixin.py:137} INFO - [2023-01-13T11:56:27.301+0000] {dag.py:3427} INFO - Setting next_dagrun for tutorial_dag to None, run_after=None
[2023-01-13T11:56:27.576+0000] {processor.py:175} INFO - Processing /home/airflow/.local/lib/python3.7/site-packages/airflow/example_dags/tutorial_dag.py took 0.724 seconds
[2023-01-13T11:56:58.303+0000] {processor.py:153} INFO - Started process (PID=484) to work on /home/airflow/.local/lib/python3.7/site-packages/airflow/example_dags/tutorial_dag.py
[2023-01-13T11:56:58.304+0000] {processor.py:743} INFO - Processing file /home/airflow/.local/lib/python3.7/site-packages/airflow/example_dags/tutorial_dag.py for tasks to queue
[2023-01-13T11:56:58.305+0000] {logging_mixin.py:137} INFO - [2023-01-13T11:56:58.305+0000] {dagbag.py:538} INFO - Filling up the DagBag from /home/airflow/.local/lib/python3.7/site-packages/airflow/example_dags/tutorial_dag.py
[2023-01-13T11:56:58.324+0000] {processor.py:753} INFO - DAG(s) dict_keys(['tutorial_dag']) retrieved from /home/airflow/.local/lib/python3.7/site-packages/airflow/example_dags/tutorial_dag.py
[2023-01-13T11:56:58.367+0000] {logging_mixin.py:137} INFO - [2023-01-13T11:56:58.367+0000] {dag.py:2676} INFO - Sync 1 DAGs
[2023-01-13T11:56:58.395+0000] {logging_mixin.py:137} INFO - [2023-01-13T11:56:58.394+0000] {dag.py:3427} INFO - Setting next_dagrun for tutorial_dag to None, run_after=None
[2023-01-13T11:56:58.502+0000] {processor.py:175} INFO - Processing /home/airflow/.local/lib/python3.7/site-packages/airflow/example_dags/tutorial_dag.py took 0.202 seconds
[2023-01-13T11:57:28.539+0000] {processor.py:153} INFO - Started process (PID=708) to work on /home/airflow/.local/lib/python3.7/site-packages/airflow/example_dags/tutorial_dag.py
[2023-01-13T11:57:28.540+0000] {processor.py:743} INFO - Processing file /home/airflow/.local/lib/python3.7/site-packages/airflow/example_dags/tutorial_dag.py for tasks to queue
[2023-01-13T11:57:28.541+0000] {logging_mixin.py:137} INFO - [2023-01-13T11:57:28.541+0000] {dagbag.py:538} INFO - Filling up the DagBag from /home/airflow/.local/lib/python3.7/site-packages/airflow/example_dags/tutorial_dag.py
[2023-01-13T11:57:28.553+0000] {processor.py:753} INFO - DAG(s) dict_keys(['tutorial_dag']) retrieved from /home/airflow/.local/lib/python3.7/site-packages/airflow/example_dags/tutorial_dag.py
[2023-01-13T11:57:28.592+0000] {logging_mixin.py:137} INFO - [2023-01-13T11:57:28.592+0000] {dag.py:2676} INFO - Sync 1 DAGs
[2023-01-13T11:57:28.615+0000] {logging_mixin.py:137} INFO - [2023-01-13T11:57:28.614+0000] {dag.py:3427} INFO - Setting next_dagrun for tutorial_dag to None, run_after=None
[2023-01-13T11:57:28.862+0000] {processor.py:175} INFO - Processing /home/airflow/.local/lib/python3.7/site-packages/airflow/example_dags/tutorial_dag.py took 0.327 seconds
[2023-01-13T11:57:59.835+0000] {processor.py:153} INFO - Started process (PID=949) to work on /home/airflow/.local/lib/python3.7/site-packages/airflow/example_dags/tutorial_dag.py
[2023-01-13T11:57:59.836+0000] {processor.py:743} INFO - Processing file /home/airflow/.local/lib/python3.7/site-packages/airflow/example_dags/tutorial_dag.py for tasks to queue
[2023-01-13T11:57:59.837+0000] {logging_mixin.py:137} INFO - [2023-01-13T11:57:59.837+0000] {dagbag.py:538} INFO - Filling up the DagBag from /home/airflow/.local/lib/python3.7/site-packages/airflow/example_dags/tutorial_dag.py
[2023-01-13T11:57:59.850+0000] {processor.py:753} INFO - DAG(s) dict_keys(['tutorial_dag']) retrieved from /home/airflow/.local/lib/python3.7/site-packages/airflow/example_dags/tutorial_dag.py
[2023-01-13T11:57:59.890+0000] {logging_mixin.py:137} INFO - [2023-01-13T11:57:59.890+0000] {dag.py:2676} INFO - Sync 1 DAGs
[2023-01-13T11:57:59.922+0000] {logging_mixin.py:137} INFO - [2023-01-13T11:57:59.922+0000] {dag.py:3427} INFO - Setting next_dagrun for tutorial_dag to None, run_after=None
[2023-01-13T11:58:00.061+0000] {processor.py:175} INFO - Processing /home/airflow/.local/lib/python3.7/site-packages/airflow/example_dags/tutorial_dag.py took 0.230 seconds
[2023-01-13T11:58:30.728+0000] {processor.py:153} INFO - Started process (PID=1172) to work on /home/airflow/.local/lib/python3.7/site-packages/airflow/example_dags/tutorial_dag.py
[2023-01-13T11:58:30.729+0000] {processor.py:743} INFO - Processing file /home/airflow/.local/lib/python3.7/site-packages/airflow/example_dags/tutorial_dag.py for tasks to queue
[2023-01-13T11:58:30.730+0000] {logging_mixin.py:137} INFO - [2023-01-13T11:58:30.729+0000] {dagbag.py:538} INFO - Filling up the DagBag from /home/airflow/.local/lib/python3.7/site-packages/airflow/example_dags/tutorial_dag.py
[2023-01-13T11:58:30.742+0000] {processor.py:753} INFO - DAG(s) dict_keys(['tutorial_dag']) retrieved from /home/airflow/.local/lib/python3.7/site-packages/airflow/example_dags/tutorial_dag.py
[2023-01-13T11:58:30.783+0000] {logging_mixin.py:137} INFO - [2023-01-13T11:58:30.783+0000] {dag.py:2676} INFO - Sync 1 DAGs
[2023-01-13T11:58:30.808+0000] {logging_mixin.py:137} INFO - [2023-01-13T11:58:30.808+0000] {dag.py:3427} INFO - Setting next_dagrun for tutorial_dag to None, run_after=None
[2023-01-13T11:58:30.884+0000] {processor.py:175} INFO - Processing /home/airflow/.local/lib/python3.7/site-packages/airflow/example_dags/tutorial_dag.py took 0.159 seconds
