[2023-01-13T11:56:28.488+0000] {processor.py:153} INFO - Started process (PID=277) to work on /home/airflow/.local/lib/python3.7/site-packages/airflow/example_dags/tutorial_taskflow_api.py
[2023-01-13T11:56:28.489+0000] {processor.py:743} INFO - Processing file /home/airflow/.local/lib/python3.7/site-packages/airflow/example_dags/tutorial_taskflow_api.py for tasks to queue
[2023-01-13T11:56:28.490+0000] {logging_mixin.py:137} INFO - [2023-01-13T11:56:28.490+0000] {dagbag.py:538} INFO - Filling up the DagBag from /home/airflow/.local/lib/python3.7/site-packages/airflow/example_dags/tutorial_taskflow_api.py
[2023-01-13T11:56:28.676+0000] {processor.py:753} INFO - DAG(s) dict_keys(['tutorial_taskflow_api']) retrieved from /home/airflow/.local/lib/python3.7/site-packages/airflow/example_dags/tutorial_taskflow_api.py
[2023-01-13T11:56:28.716+0000] {logging_mixin.py:137} INFO - [2023-01-13T11:56:28.716+0000] {dag.py:2676} INFO - Sync 1 DAGs
[2023-01-13T11:56:28.743+0000] {logging_mixin.py:137} INFO - [2023-01-13T11:56:28.743+0000] {dag.py:3427} INFO - Setting next_dagrun for tutorial_taskflow_api to None, run_after=None
[2023-01-13T11:56:28.918+0000] {processor.py:175} INFO - Processing /home/airflow/.local/lib/python3.7/site-packages/airflow/example_dags/tutorial_taskflow_api.py took 0.434 seconds
[2023-01-13T11:56:59.717+0000] {processor.py:153} INFO - Started process (PID=499) to work on /home/airflow/.local/lib/python3.7/site-packages/airflow/example_dags/tutorial_taskflow_api.py
[2023-01-13T11:56:59.718+0000] {processor.py:743} INFO - Processing file /home/airflow/.local/lib/python3.7/site-packages/airflow/example_dags/tutorial_taskflow_api.py for tasks to queue
[2023-01-13T11:56:59.719+0000] {logging_mixin.py:137} INFO - [2023-01-13T11:56:59.719+0000] {dagbag.py:538} INFO - Filling up the DagBag from /home/airflow/.local/lib/python3.7/site-packages/airflow/example_dags/tutorial_taskflow_api.py
[2023-01-13T11:56:59.740+0000] {processor.py:753} INFO - DAG(s) dict_keys(['tutorial_taskflow_api']) retrieved from /home/airflow/.local/lib/python3.7/site-packages/airflow/example_dags/tutorial_taskflow_api.py
[2023-01-13T11:56:59.780+0000] {logging_mixin.py:137} INFO - [2023-01-13T11:56:59.780+0000] {dag.py:2676} INFO - Sync 1 DAGs
[2023-01-13T11:56:59.807+0000] {logging_mixin.py:137} INFO - [2023-01-13T11:56:59.806+0000] {dag.py:3427} INFO - Setting next_dagrun for tutorial_taskflow_api to None, run_after=None
[2023-01-13T11:57:00.005+0000] {processor.py:175} INFO - Processing /home/airflow/.local/lib/python3.7/site-packages/airflow/example_dags/tutorial_taskflow_api.py took 0.291 seconds
[2023-01-13T11:57:30.179+0000] {processor.py:153} INFO - Started process (PID=723) to work on /home/airflow/.local/lib/python3.7/site-packages/airflow/example_dags/tutorial_taskflow_api.py
[2023-01-13T11:57:30.180+0000] {processor.py:743} INFO - Processing file /home/airflow/.local/lib/python3.7/site-packages/airflow/example_dags/tutorial_taskflow_api.py for tasks to queue
[2023-01-13T11:57:30.181+0000] {logging_mixin.py:137} INFO - [2023-01-13T11:57:30.181+0000] {dagbag.py:538} INFO - Filling up the DagBag from /home/airflow/.local/lib/python3.7/site-packages/airflow/example_dags/tutorial_taskflow_api.py
[2023-01-13T11:57:30.201+0000] {processor.py:753} INFO - DAG(s) dict_keys(['tutorial_taskflow_api']) retrieved from /home/airflow/.local/lib/python3.7/site-packages/airflow/example_dags/tutorial_taskflow_api.py
[2023-01-13T11:57:30.238+0000] {logging_mixin.py:137} INFO - [2023-01-13T11:57:30.238+0000] {dag.py:2676} INFO - Sync 1 DAGs
[2023-01-13T11:57:30.262+0000] {logging_mixin.py:137} INFO - [2023-01-13T11:57:30.262+0000] {dag.py:3427} INFO - Setting next_dagrun for tutorial_taskflow_api to None, run_after=None
[2023-01-13T11:57:30.560+0000] {processor.py:175} INFO - Processing /home/airflow/.local/lib/python3.7/site-packages/airflow/example_dags/tutorial_taskflow_api.py took 0.384 seconds
[2023-01-13T11:58:01.132+0000] {processor.py:153} INFO - Started process (PID=964) to work on /home/airflow/.local/lib/python3.7/site-packages/airflow/example_dags/tutorial_taskflow_api.py
[2023-01-13T11:58:01.133+0000] {processor.py:743} INFO - Processing file /home/airflow/.local/lib/python3.7/site-packages/airflow/example_dags/tutorial_taskflow_api.py for tasks to queue
[2023-01-13T11:58:01.134+0000] {logging_mixin.py:137} INFO - [2023-01-13T11:58:01.134+0000] {dagbag.py:538} INFO - Filling up the DagBag from /home/airflow/.local/lib/python3.7/site-packages/airflow/example_dags/tutorial_taskflow_api.py
[2023-01-13T11:58:01.155+0000] {processor.py:753} INFO - DAG(s) dict_keys(['tutorial_taskflow_api']) retrieved from /home/airflow/.local/lib/python3.7/site-packages/airflow/example_dags/tutorial_taskflow_api.py
[2023-01-13T11:58:01.193+0000] {logging_mixin.py:137} INFO - [2023-01-13T11:58:01.193+0000] {dag.py:2676} INFO - Sync 1 DAGs
[2023-01-13T11:58:01.219+0000] {logging_mixin.py:137} INFO - [2023-01-13T11:58:01.219+0000] {dag.py:3427} INFO - Setting next_dagrun for tutorial_taskflow_api to None, run_after=None
[2023-01-13T11:58:01.400+0000] {processor.py:175} INFO - Processing /home/airflow/.local/lib/python3.7/site-packages/airflow/example_dags/tutorial_taskflow_api.py took 0.271 seconds
[2023-01-13T11:58:32.202+0000] {processor.py:153} INFO - Started process (PID=1187) to work on /home/airflow/.local/lib/python3.7/site-packages/airflow/example_dags/tutorial_taskflow_api.py
[2023-01-13T11:58:32.204+0000] {processor.py:743} INFO - Processing file /home/airflow/.local/lib/python3.7/site-packages/airflow/example_dags/tutorial_taskflow_api.py for tasks to queue
[2023-01-13T11:58:32.204+0000] {logging_mixin.py:137} INFO - [2023-01-13T11:58:32.204+0000] {dagbag.py:538} INFO - Filling up the DagBag from /home/airflow/.local/lib/python3.7/site-packages/airflow/example_dags/tutorial_taskflow_api.py
[2023-01-13T11:58:32.227+0000] {processor.py:753} INFO - DAG(s) dict_keys(['tutorial_taskflow_api']) retrieved from /home/airflow/.local/lib/python3.7/site-packages/airflow/example_dags/tutorial_taskflow_api.py
[2023-01-13T11:58:32.535+0000] {logging_mixin.py:137} INFO - [2023-01-13T11:58:32.535+0000] {dag.py:2676} INFO - Sync 1 DAGs
[2023-01-13T11:58:32.584+0000] {logging_mixin.py:137} INFO - [2023-01-13T11:58:32.584+0000] {dag.py:3427} INFO - Setting next_dagrun for tutorial_taskflow_api to None, run_after=None
[2023-01-13T11:58:32.695+0000] {processor.py:175} INFO - Processing /home/airflow/.local/lib/python3.7/site-packages/airflow/example_dags/tutorial_taskflow_api.py took 0.560 seconds
