[2023-01-16T08:50:37.308+0000] {taskinstance.py:1087} INFO - Dependencies all met for <TaskInstance: our_first_dag_v5.first_task scheduled__2021-10-17T00:00:00+00:00 [queued]>
[2023-01-16T08:50:37.318+0000] {taskinstance.py:1087} INFO - Dependencies all met for <TaskInstance: our_first_dag_v5.first_task scheduled__2021-10-17T00:00:00+00:00 [queued]>
[2023-01-16T08:50:37.318+0000] {taskinstance.py:1283} INFO - 
--------------------------------------------------------------------------------
[2023-01-16T08:50:37.319+0000] {taskinstance.py:1284} INFO - Starting attempt 1 of 6
[2023-01-16T08:50:37.319+0000] {taskinstance.py:1285} INFO - 
--------------------------------------------------------------------------------
[2023-01-16T08:50:37.741+0000] {taskinstance.py:1304} INFO - Executing <Task(BashOperator): first_task> on 2021-10-17 00:00:00+00:00
[2023-01-16T08:50:37.745+0000] {standard_task_runner.py:55} INFO - Started process 2895 to run task
[2023-01-16T08:50:37.748+0000] {standard_task_runner.py:82} INFO - Running: ['***', 'tasks', 'run', 'our_first_dag_v5', 'first_task', 'scheduled__2021-10-17T00:00:00+00:00', '--job-id', '238', '--raw', '--subdir', 'DAGS_FOLDER/our_first_dag.py', '--cfg-path', '/tmp/tmpv0r7rjm2']
[2023-01-16T08:50:37.750+0000] {standard_task_runner.py:83} INFO - Job 238: Subtask first_task
[2023-01-16T08:50:38.150+0000] {task_command.py:389} INFO - Running <TaskInstance: our_first_dag_v5.first_task scheduled__2021-10-17T00:00:00+00:00 [running]> on host c7f1bfaaf748
[2023-01-16T08:50:38.811+0000] {taskinstance.py:1513} INFO - Exporting the following env vars:
AIRFLOW_CTX_DAG_OWNER=coder2j
AIRFLOW_CTX_DAG_ID=our_first_dag_v5
AIRFLOW_CTX_TASK_ID=first_task
AIRFLOW_CTX_EXECUTION_DATE=2021-10-17T00:00:00+00:00
AIRFLOW_CTX_TRY_NUMBER=1
AIRFLOW_CTX_DAG_RUN_ID=scheduled__2021-10-17T00:00:00+00:00
[2023-01-16T08:50:38.812+0000] {subprocess.py:63} INFO - Tmp dir root location: 
 /tmp
[2023-01-16T08:50:38.813+0000] {subprocess.py:75} INFO - Running command: ['/bin/bash', '-c', 'echo hello world, this is the first task!']
[2023-01-16T08:50:38.820+0000] {subprocess.py:86} INFO - Output:
[2023-01-16T08:50:38.822+0000] {subprocess.py:93} INFO - hello world, this is the first task!
[2023-01-16T08:50:38.822+0000] {subprocess.py:97} INFO - Command exited with return code 0
[2023-01-16T08:50:39.031+0000] {taskinstance.py:1327} INFO - Marking task as SUCCESS. dag_id=our_first_dag_v5, task_id=first_task, execution_date=20211017T000000, start_date=20230116T085037, end_date=20230116T085039
[2023-01-16T08:50:39.246+0000] {local_task_job.py:159} INFO - Task exited with return code 0
[2023-01-16T08:50:39.267+0000] {taskinstance.py:2582} INFO - 2 downstream tasks scheduled from follow-on schedule check
