[2023-01-16T08:48:38.552+0000] {taskinstance.py:1087} INFO - Dependencies all met for <TaskInstance: our_first_dag_v5.second_task scheduled__2021-09-16T00:00:00+00:00 [queued]>
[2023-01-16T08:48:38.563+0000] {taskinstance.py:1087} INFO - Dependencies all met for <TaskInstance: our_first_dag_v5.second_task scheduled__2021-09-16T00:00:00+00:00 [queued]>
[2023-01-16T08:48:38.564+0000] {taskinstance.py:1283} INFO - 
--------------------------------------------------------------------------------
[2023-01-16T08:48:38.564+0000] {taskinstance.py:1284} INFO - Starting attempt 1 of 6
[2023-01-16T08:48:38.564+0000] {taskinstance.py:1285} INFO - 
--------------------------------------------------------------------------------
[2023-01-16T08:48:39.805+0000] {taskinstance.py:1304} INFO - Executing <Task(BashOperator): second_task> on 2021-09-16 00:00:00+00:00
[2023-01-16T08:48:39.814+0000] {standard_task_runner.py:55} INFO - Started process 2475 to run task
[2023-01-16T08:48:39.820+0000] {standard_task_runner.py:82} INFO - Running: ['***', 'tasks', 'run', 'our_first_dag_v5', 'second_task', 'scheduled__2021-09-16T00:00:00+00:00', '--job-id', '147', '--raw', '--subdir', 'DAGS_FOLDER/our_first_dag.py', '--cfg-path', '/tmp/tmpnsjjbbkf']
[2023-01-16T08:48:39.825+0000] {standard_task_runner.py:83} INFO - Job 147: Subtask second_task
[2023-01-16T08:48:40.328+0000] {task_command.py:389} INFO - Running <TaskInstance: our_first_dag_v5.second_task scheduled__2021-09-16T00:00:00+00:00 [running]> on host c7f1bfaaf748
[2023-01-16T08:48:41.547+0000] {taskinstance.py:1513} INFO - Exporting the following env vars:
AIRFLOW_CTX_DAG_OWNER=coder2j
AIRFLOW_CTX_DAG_ID=our_first_dag_v5
AIRFLOW_CTX_TASK_ID=second_task
AIRFLOW_CTX_EXECUTION_DATE=2021-09-16T00:00:00+00:00
AIRFLOW_CTX_TRY_NUMBER=1
AIRFLOW_CTX_DAG_RUN_ID=scheduled__2021-09-16T00:00:00+00:00
[2023-01-16T08:48:41.550+0000] {subprocess.py:63} INFO - Tmp dir root location: 
 /tmp
[2023-01-16T08:48:41.551+0000] {subprocess.py:75} INFO - Running command: ['/bin/bash', '-c', 'echo hey, I am task2 and will be running after task1!']
[2023-01-16T08:48:41.563+0000] {subprocess.py:86} INFO - Output:
[2023-01-16T08:48:41.566+0000] {subprocess.py:93} INFO - hey, I am task2 and will be running after task1!
[2023-01-16T08:48:41.567+0000] {subprocess.py:97} INFO - Command exited with return code 0
[2023-01-16T08:48:42.330+0000] {taskinstance.py:1327} INFO - Marking task as SUCCESS. dag_id=our_first_dag_v5, task_id=second_task, execution_date=20210916T000000, start_date=20230116T084838, end_date=20230116T084842
[2023-01-16T08:48:43.211+0000] {local_task_job.py:159} INFO - Task exited with return code 0
[2023-01-16T08:48:44.421+0000] {taskinstance.py:2582} INFO - 0 downstream tasks scheduled from follow-on schedule check
