[2023-01-16T08:46:37.251+0000] {taskinstance.py:1087} INFO - Dependencies all met for <TaskInstance: our_first_dag_v5.thrid_task scheduled__2021-08-17T00:00:00+00:00 [queued]>
[2023-01-16T08:46:37.261+0000] {taskinstance.py:1087} INFO - Dependencies all met for <TaskInstance: our_first_dag_v5.thrid_task scheduled__2021-08-17T00:00:00+00:00 [queued]>
[2023-01-16T08:46:37.262+0000] {taskinstance.py:1283} INFO - 
--------------------------------------------------------------------------------
[2023-01-16T08:46:37.263+0000] {taskinstance.py:1284} INFO - Starting attempt 1 of 6
[2023-01-16T08:46:37.263+0000] {taskinstance.py:1285} INFO - 
--------------------------------------------------------------------------------
[2023-01-16T08:46:37.521+0000] {taskinstance.py:1304} INFO - Executing <Task(BashOperator): thrid_task> on 2021-08-17 00:00:00+00:00
[2023-01-16T08:46:37.526+0000] {standard_task_runner.py:55} INFO - Started process 2075 to run task
[2023-01-16T08:46:37.529+0000] {standard_task_runner.py:82} INFO - Running: ['***', 'tasks', 'run', 'our_first_dag_v5', 'thrid_task', 'scheduled__2021-08-17T00:00:00+00:00', '--job-id', '59', '--raw', '--subdir', 'DAGS_FOLDER/our_first_dag.py', '--cfg-path', '/tmp/tmpygobjmqp']
[2023-01-16T08:46:37.531+0000] {standard_task_runner.py:83} INFO - Job 59: Subtask thrid_task
[2023-01-16T08:46:37.754+0000] {task_command.py:389} INFO - Running <TaskInstance: our_first_dag_v5.thrid_task scheduled__2021-08-17T00:00:00+00:00 [running]> on host c7f1bfaaf748
[2023-01-16T08:46:41.427+0000] {taskinstance.py:1513} INFO - Exporting the following env vars:
AIRFLOW_CTX_DAG_OWNER=coder2j
AIRFLOW_CTX_DAG_ID=our_first_dag_v5
AIRFLOW_CTX_TASK_ID=thrid_task
AIRFLOW_CTX_EXECUTION_DATE=2021-08-17T00:00:00+00:00
AIRFLOW_CTX_TRY_NUMBER=1
AIRFLOW_CTX_DAG_RUN_ID=scheduled__2021-08-17T00:00:00+00:00
[2023-01-16T08:46:41.428+0000] {subprocess.py:63} INFO - Tmp dir root location: 
 /tmp
[2023-01-16T08:46:41.429+0000] {subprocess.py:75} INFO - Running command: ['/bin/bash', '-c', 'echo hey, I am task3 and will be running after task1 at the same time as task2!']
[2023-01-16T08:46:41.898+0000] {subprocess.py:86} INFO - Output:
[2023-01-16T08:46:41.901+0000] {subprocess.py:93} INFO - hey, I am task3 and will be running after task1 at the same time as task2!
[2023-01-16T08:46:41.909+0000] {subprocess.py:97} INFO - Command exited with return code 0
[2023-01-16T08:46:44.936+0000] {taskinstance.py:1327} INFO - Marking task as SUCCESS. dag_id=our_first_dag_v5, task_id=thrid_task, execution_date=20210817T000000, start_date=20230116T084637, end_date=20230116T084644
[2023-01-16T08:46:45.934+0000] {local_task_job.py:159} INFO - Task exited with return code 0
[2023-01-16T08:46:46.873+0000] {taskinstance.py:2582} INFO - 0 downstream tasks scheduled from follow-on schedule check
