[2023-01-16T08:51:28.682+0000] {taskinstance.py:1087} INFO - Dependencies all met for <TaskInstance: our_first_dag_v5.first_task scheduled__2021-11-03T00:00:00+00:00 [queued]>
[2023-01-16T08:51:28.696+0000] {taskinstance.py:1087} INFO - Dependencies all met for <TaskInstance: our_first_dag_v5.first_task scheduled__2021-11-03T00:00:00+00:00 [queued]>
[2023-01-16T08:51:28.696+0000] {taskinstance.py:1283} INFO - 
--------------------------------------------------------------------------------
[2023-01-16T08:51:28.697+0000] {taskinstance.py:1284} INFO - Starting attempt 1 of 6
[2023-01-16T08:51:28.697+0000] {taskinstance.py:1285} INFO - 
--------------------------------------------------------------------------------
[2023-01-16T08:51:29.068+0000] {taskinstance.py:1304} INFO - Executing <Task(BashOperator): first_task> on 2021-11-03 00:00:00+00:00
[2023-01-16T08:51:29.072+0000] {standard_task_runner.py:55} INFO - Started process 3109 to run task
[2023-01-16T08:51:29.076+0000] {standard_task_runner.py:82} INFO - Running: ['***', 'tasks', 'run', 'our_first_dag_v5', 'first_task', 'scheduled__2021-11-03T00:00:00+00:00', '--job-id', '287', '--raw', '--subdir', 'DAGS_FOLDER/our_first_dag.py', '--cfg-path', '/tmp/tmpqi3war4s']
[2023-01-16T08:51:29.079+0000] {standard_task_runner.py:83} INFO - Job 287: Subtask first_task
[2023-01-16T08:51:29.365+0000] {task_command.py:389} INFO - Running <TaskInstance: our_first_dag_v5.first_task scheduled__2021-11-03T00:00:00+00:00 [running]> on host c7f1bfaaf748
[2023-01-16T08:51:29.941+0000] {taskinstance.py:1513} INFO - Exporting the following env vars:
AIRFLOW_CTX_DAG_OWNER=coder2j
AIRFLOW_CTX_DAG_ID=our_first_dag_v5
AIRFLOW_CTX_TASK_ID=first_task
AIRFLOW_CTX_EXECUTION_DATE=2021-11-03T00:00:00+00:00
AIRFLOW_CTX_TRY_NUMBER=1
AIRFLOW_CTX_DAG_RUN_ID=scheduled__2021-11-03T00:00:00+00:00
[2023-01-16T08:51:29.942+0000] {subprocess.py:63} INFO - Tmp dir root location: 
 /tmp
[2023-01-16T08:51:29.943+0000] {subprocess.py:75} INFO - Running command: ['/bin/bash', '-c', 'echo hello world, this is the first task!']
[2023-01-16T08:51:29.952+0000] {subprocess.py:86} INFO - Output:
[2023-01-16T08:51:29.953+0000] {subprocess.py:93} INFO - hello world, this is the first task!
[2023-01-16T08:51:29.954+0000] {subprocess.py:97} INFO - Command exited with return code 0
[2023-01-16T08:51:30.186+0000] {taskinstance.py:1327} INFO - Marking task as SUCCESS. dag_id=our_first_dag_v5, task_id=first_task, execution_date=20211103T000000, start_date=20230116T085128, end_date=20230116T085130
[2023-01-16T08:51:30.814+0000] {local_task_job.py:159} INFO - Task exited with return code 0
[2023-01-16T08:51:30.838+0000] {taskinstance.py:2582} INFO - 2 downstream tasks scheduled from follow-on schedule check
