[2023-01-16T08:50:26.620+0000] {taskinstance.py:1087} INFO - Dependencies all met for <TaskInstance: our_first_dag_v5.second_task scheduled__2021-10-14T00:00:00+00:00 [queued]>
[2023-01-16T08:50:26.689+0000] {taskinstance.py:1087} INFO - Dependencies all met for <TaskInstance: our_first_dag_v5.second_task scheduled__2021-10-14T00:00:00+00:00 [queued]>
[2023-01-16T08:50:26.690+0000] {taskinstance.py:1283} INFO - 
--------------------------------------------------------------------------------
[2023-01-16T08:50:26.691+0000] {taskinstance.py:1284} INFO - Starting attempt 1 of 6
[2023-01-16T08:50:26.691+0000] {taskinstance.py:1285} INFO - 
--------------------------------------------------------------------------------
[2023-01-16T08:50:27.087+0000] {taskinstance.py:1304} INFO - Executing <Task(BashOperator): second_task> on 2021-10-14 00:00:00+00:00
[2023-01-16T08:50:27.092+0000] {standard_task_runner.py:55} INFO - Started process 2876 to run task
[2023-01-16T08:50:27.104+0000] {standard_task_runner.py:82} INFO - Running: ['***', 'tasks', 'run', 'our_first_dag_v5', 'second_task', 'scheduled__2021-10-14T00:00:00+00:00', '--job-id', '234', '--raw', '--subdir', 'DAGS_FOLDER/our_first_dag.py', '--cfg-path', '/tmp/tmpzktgiz_w']
[2023-01-16T08:50:27.108+0000] {standard_task_runner.py:83} INFO - Job 234: Subtask second_task
[2023-01-16T08:50:27.377+0000] {task_command.py:389} INFO - Running <TaskInstance: our_first_dag_v5.second_task scheduled__2021-10-14T00:00:00+00:00 [running]> on host c7f1bfaaf748
[2023-01-16T08:50:28.282+0000] {taskinstance.py:1513} INFO - Exporting the following env vars:
AIRFLOW_CTX_DAG_OWNER=coder2j
AIRFLOW_CTX_DAG_ID=our_first_dag_v5
AIRFLOW_CTX_TASK_ID=second_task
AIRFLOW_CTX_EXECUTION_DATE=2021-10-14T00:00:00+00:00
AIRFLOW_CTX_TRY_NUMBER=1
AIRFLOW_CTX_DAG_RUN_ID=scheduled__2021-10-14T00:00:00+00:00
[2023-01-16T08:50:28.283+0000] {subprocess.py:63} INFO - Tmp dir root location: 
 /tmp
[2023-01-16T08:50:28.284+0000] {subprocess.py:75} INFO - Running command: ['/bin/bash', '-c', 'echo hey, I am task2 and will be running after task1!']
[2023-01-16T08:50:28.293+0000] {subprocess.py:86} INFO - Output:
[2023-01-16T08:50:28.294+0000] {subprocess.py:93} INFO - hey, I am task2 and will be running after task1!
[2023-01-16T08:50:28.295+0000] {subprocess.py:97} INFO - Command exited with return code 0
[2023-01-16T08:50:28.775+0000] {taskinstance.py:1327} INFO - Marking task as SUCCESS. dag_id=our_first_dag_v5, task_id=second_task, execution_date=20211014T000000, start_date=20230116T085026, end_date=20230116T085028
[2023-01-16T08:50:29.397+0000] {local_task_job.py:159} INFO - Task exited with return code 0
[2023-01-16T08:50:29.415+0000] {taskinstance.py:2582} INFO - 0 downstream tasks scheduled from follow-on schedule check
