[2023-01-16T08:52:47.996+0000] {taskinstance.py:1087} INFO - Dependencies all met for <TaskInstance: our_first_dag_v5.second_task scheduled__2021-11-26T00:00:00+00:00 [queued]>
[2023-01-16T08:52:48.011+0000] {taskinstance.py:1087} INFO - Dependencies all met for <TaskInstance: our_first_dag_v5.second_task scheduled__2021-11-26T00:00:00+00:00 [queued]>
[2023-01-16T08:52:48.011+0000] {taskinstance.py:1283} INFO - 
--------------------------------------------------------------------------------
[2023-01-16T08:52:48.012+0000] {taskinstance.py:1284} INFO - Starting attempt 1 of 6
[2023-01-16T08:52:48.012+0000] {taskinstance.py:1285} INFO - 
--------------------------------------------------------------------------------
[2023-01-16T08:52:48.174+0000] {taskinstance.py:1304} INFO - Executing <Task(BashOperator): second_task> on 2021-11-26 00:00:00+00:00
[2023-01-16T08:52:48.184+0000] {standard_task_runner.py:55} INFO - Started process 3435 to run task
[2023-01-16T08:52:48.193+0000] {standard_task_runner.py:82} INFO - Running: ['***', 'tasks', 'run', 'our_first_dag_v5', 'second_task', 'scheduled__2021-11-26T00:00:00+00:00', '--job-id', '362', '--raw', '--subdir', 'DAGS_FOLDER/our_first_dag.py', '--cfg-path', '/tmp/tmp68t97q8y']
[2023-01-16T08:52:48.197+0000] {standard_task_runner.py:83} INFO - Job 362: Subtask second_task
[2023-01-16T08:52:48.676+0000] {task_command.py:389} INFO - Running <TaskInstance: our_first_dag_v5.second_task scheduled__2021-11-26T00:00:00+00:00 [running]> on host c7f1bfaaf748
[2023-01-16T08:52:49.461+0000] {taskinstance.py:1513} INFO - Exporting the following env vars:
AIRFLOW_CTX_DAG_OWNER=coder2j
AIRFLOW_CTX_DAG_ID=our_first_dag_v5
AIRFLOW_CTX_TASK_ID=second_task
AIRFLOW_CTX_EXECUTION_DATE=2021-11-26T00:00:00+00:00
AIRFLOW_CTX_TRY_NUMBER=1
AIRFLOW_CTX_DAG_RUN_ID=scheduled__2021-11-26T00:00:00+00:00
[2023-01-16T08:52:49.464+0000] {subprocess.py:63} INFO - Tmp dir root location: 
 /tmp
[2023-01-16T08:52:49.465+0000] {subprocess.py:75} INFO - Running command: ['/bin/bash', '-c', 'echo hey, I am task2 and will be running after task1!']
[2023-01-16T08:52:49.475+0000] {subprocess.py:86} INFO - Output:
[2023-01-16T08:52:49.477+0000] {subprocess.py:93} INFO - hey, I am task2 and will be running after task1!
[2023-01-16T08:52:49.477+0000] {subprocess.py:97} INFO - Command exited with return code 0
[2023-01-16T08:52:49.651+0000] {taskinstance.py:1327} INFO - Marking task as SUCCESS. dag_id=our_first_dag_v5, task_id=second_task, execution_date=20211126T000000, start_date=20230116T085247, end_date=20230116T085249
[2023-01-16T08:52:49.891+0000] {local_task_job.py:159} INFO - Task exited with return code 0
[2023-01-16T08:52:49.909+0000] {taskinstance.py:2582} INFO - 0 downstream tasks scheduled from follow-on schedule check
