[2023-01-16T08:52:21.354+0000] {taskinstance.py:1087} INFO - Dependencies all met for <TaskInstance: our_first_dag_v5.first_task scheduled__2021-11-22T00:00:00+00:00 [queued]>
[2023-01-16T08:52:21.425+0000] {taskinstance.py:1087} INFO - Dependencies all met for <TaskInstance: our_first_dag_v5.first_task scheduled__2021-11-22T00:00:00+00:00 [queued]>
[2023-01-16T08:52:21.426+0000] {taskinstance.py:1283} INFO - 
--------------------------------------------------------------------------------
[2023-01-16T08:52:21.426+0000] {taskinstance.py:1284} INFO - Starting attempt 1 of 6
[2023-01-16T08:52:21.426+0000] {taskinstance.py:1285} INFO - 
--------------------------------------------------------------------------------
[2023-01-16T08:52:21.820+0000] {taskinstance.py:1304} INFO - Executing <Task(BashOperator): first_task> on 2021-11-22 00:00:00+00:00
[2023-01-16T08:52:21.834+0000] {standard_task_runner.py:55} INFO - Started process 3364 to run task
[2023-01-16T08:52:21.844+0000] {standard_task_runner.py:82} INFO - Running: ['***', 'tasks', 'run', 'our_first_dag_v5', 'first_task', 'scheduled__2021-11-22T00:00:00+00:00', '--job-id', '342', '--raw', '--subdir', 'DAGS_FOLDER/our_first_dag.py', '--cfg-path', '/tmp/tmp3slaxqaa']
[2023-01-16T08:52:21.848+0000] {standard_task_runner.py:83} INFO - Job 342: Subtask first_task
[2023-01-16T08:52:23.074+0000] {task_command.py:389} INFO - Running <TaskInstance: our_first_dag_v5.first_task scheduled__2021-11-22T00:00:00+00:00 [running]> on host c7f1bfaaf748
[2023-01-16T08:52:23.397+0000] {taskinstance.py:1513} INFO - Exporting the following env vars:
AIRFLOW_CTX_DAG_OWNER=coder2j
AIRFLOW_CTX_DAG_ID=our_first_dag_v5
AIRFLOW_CTX_TASK_ID=first_task
AIRFLOW_CTX_EXECUTION_DATE=2021-11-22T00:00:00+00:00
AIRFLOW_CTX_TRY_NUMBER=1
AIRFLOW_CTX_DAG_RUN_ID=scheduled__2021-11-22T00:00:00+00:00
[2023-01-16T08:52:23.399+0000] {subprocess.py:63} INFO - Tmp dir root location: 
 /tmp
[2023-01-16T08:52:23.400+0000] {subprocess.py:75} INFO - Running command: ['/bin/bash', '-c', 'echo hello world, this is the first task!']
[2023-01-16T08:52:23.406+0000] {subprocess.py:86} INFO - Output:
[2023-01-16T08:52:23.408+0000] {subprocess.py:93} INFO - hello world, this is the first task!
[2023-01-16T08:52:23.408+0000] {subprocess.py:97} INFO - Command exited with return code 0
[2023-01-16T08:52:23.503+0000] {taskinstance.py:1327} INFO - Marking task as SUCCESS. dag_id=our_first_dag_v5, task_id=first_task, execution_date=20211122T000000, start_date=20230116T085221, end_date=20230116T085223
[2023-01-16T08:52:23.667+0000] {local_task_job.py:159} INFO - Task exited with return code 0
[2023-01-16T08:52:23.792+0000] {taskinstance.py:2582} INFO - 2 downstream tasks scheduled from follow-on schedule check
