[2023-01-16T08:48:58.108+0000] {taskinstance.py:1087} INFO - Dependencies all met for <TaskInstance: our_first_dag_v5.second_task scheduled__2021-09-20T00:00:00+00:00 [queued]>
[2023-01-16T08:48:58.124+0000] {taskinstance.py:1087} INFO - Dependencies all met for <TaskInstance: our_first_dag_v5.second_task scheduled__2021-09-20T00:00:00+00:00 [queued]>
[2023-01-16T08:48:58.125+0000] {taskinstance.py:1283} INFO - 
--------------------------------------------------------------------------------
[2023-01-16T08:48:58.125+0000] {taskinstance.py:1284} INFO - Starting attempt 1 of 6
[2023-01-16T08:48:58.125+0000] {taskinstance.py:1285} INFO - 
--------------------------------------------------------------------------------
[2023-01-16T08:49:00.093+0000] {taskinstance.py:1304} INFO - Executing <Task(BashOperator): second_task> on 2021-09-20 00:00:00+00:00
[2023-01-16T08:49:00.097+0000] {standard_task_runner.py:55} INFO - Started process 2554 to run task
[2023-01-16T08:49:00.102+0000] {standard_task_runner.py:82} INFO - Running: ['***', 'tasks', 'run', 'our_first_dag_v5', 'second_task', 'scheduled__2021-09-20T00:00:00+00:00', '--job-id', '164', '--raw', '--subdir', 'DAGS_FOLDER/our_first_dag.py', '--cfg-path', '/tmp/tmpzuk55aa9']
[2023-01-16T08:49:00.104+0000] {standard_task_runner.py:83} INFO - Job 164: Subtask second_task
[2023-01-16T08:49:01.034+0000] {task_command.py:389} INFO - Running <TaskInstance: our_first_dag_v5.second_task scheduled__2021-09-20T00:00:00+00:00 [running]> on host c7f1bfaaf748
[2023-01-16T08:49:02.540+0000] {taskinstance.py:1513} INFO - Exporting the following env vars:
AIRFLOW_CTX_DAG_OWNER=coder2j
AIRFLOW_CTX_DAG_ID=our_first_dag_v5
AIRFLOW_CTX_TASK_ID=second_task
AIRFLOW_CTX_EXECUTION_DATE=2021-09-20T00:00:00+00:00
AIRFLOW_CTX_TRY_NUMBER=1
AIRFLOW_CTX_DAG_RUN_ID=scheduled__2021-09-20T00:00:00+00:00
[2023-01-16T08:49:02.541+0000] {subprocess.py:63} INFO - Tmp dir root location: 
 /tmp
[2023-01-16T08:49:02.543+0000] {subprocess.py:75} INFO - Running command: ['/bin/bash', '-c', 'echo hey, I am task2 and will be running after task1!']
[2023-01-16T08:49:02.550+0000] {subprocess.py:86} INFO - Output:
[2023-01-16T08:49:02.552+0000] {subprocess.py:93} INFO - hey, I am task2 and will be running after task1!
[2023-01-16T08:49:02.552+0000] {subprocess.py:97} INFO - Command exited with return code 0
[2023-01-16T08:49:02.887+0000] {taskinstance.py:1327} INFO - Marking task as SUCCESS. dag_id=our_first_dag_v5, task_id=second_task, execution_date=20210920T000000, start_date=20230116T084858, end_date=20230116T084902
[2023-01-16T08:49:04.219+0000] {local_task_job.py:159} INFO - Task exited with return code 0
[2023-01-16T08:49:04.236+0000] {taskinstance.py:2582} INFO - 0 downstream tasks scheduled from follow-on schedule check
