[2023-01-16T08:48:58.112+0000] {taskinstance.py:1087} INFO - Dependencies all met for <TaskInstance: our_first_dag_v5.first_task scheduled__2021-09-24T00:00:00+00:00 [queued]>
[2023-01-16T08:48:58.127+0000] {taskinstance.py:1087} INFO - Dependencies all met for <TaskInstance: our_first_dag_v5.first_task scheduled__2021-09-24T00:00:00+00:00 [queued]>
[2023-01-16T08:48:58.127+0000] {taskinstance.py:1283} INFO - 
--------------------------------------------------------------------------------
[2023-01-16T08:48:58.128+0000] {taskinstance.py:1284} INFO - Starting attempt 1 of 6
[2023-01-16T08:48:58.128+0000] {taskinstance.py:1285} INFO - 
--------------------------------------------------------------------------------
[2023-01-16T08:49:00.093+0000] {taskinstance.py:1304} INFO - Executing <Task(BashOperator): first_task> on 2021-09-24 00:00:00+00:00
[2023-01-16T08:49:00.097+0000] {standard_task_runner.py:55} INFO - Started process 2553 to run task
[2023-01-16T08:49:00.100+0000] {standard_task_runner.py:82} INFO - Running: ['***', 'tasks', 'run', 'our_first_dag_v5', 'first_task', 'scheduled__2021-09-24T00:00:00+00:00', '--job-id', '165', '--raw', '--subdir', 'DAGS_FOLDER/our_first_dag.py', '--cfg-path', '/tmp/tmp8494v158']
[2023-01-16T08:49:00.102+0000] {standard_task_runner.py:83} INFO - Job 165: Subtask first_task
[2023-01-16T08:49:01.034+0000] {task_command.py:389} INFO - Running <TaskInstance: our_first_dag_v5.first_task scheduled__2021-09-24T00:00:00+00:00 [running]> on host c7f1bfaaf748
[2023-01-16T08:49:02.540+0000] {taskinstance.py:1513} INFO - Exporting the following env vars:
AIRFLOW_CTX_DAG_OWNER=coder2j
AIRFLOW_CTX_DAG_ID=our_first_dag_v5
AIRFLOW_CTX_TASK_ID=first_task
AIRFLOW_CTX_EXECUTION_DATE=2021-09-24T00:00:00+00:00
AIRFLOW_CTX_TRY_NUMBER=1
AIRFLOW_CTX_DAG_RUN_ID=scheduled__2021-09-24T00:00:00+00:00
[2023-01-16T08:49:02.542+0000] {subprocess.py:63} INFO - Tmp dir root location: 
 /tmp
[2023-01-16T08:49:02.543+0000] {subprocess.py:75} INFO - Running command: ['/bin/bash', '-c', 'echo hello world, this is the first task!']
[2023-01-16T08:49:02.550+0000] {subprocess.py:86} INFO - Output:
[2023-01-16T08:49:02.552+0000] {subprocess.py:93} INFO - hello world, this is the first task!
[2023-01-16T08:49:02.552+0000] {subprocess.py:97} INFO - Command exited with return code 0
[2023-01-16T08:49:02.886+0000] {taskinstance.py:1327} INFO - Marking task as SUCCESS. dag_id=our_first_dag_v5, task_id=first_task, execution_date=20210924T000000, start_date=20230116T084858, end_date=20230116T084902
[2023-01-16T08:49:05.545+0000] {local_task_job.py:159} INFO - Task exited with return code 0
[2023-01-16T08:49:05.563+0000] {taskinstance.py:2582} INFO - 0 downstream tasks scheduled from follow-on schedule check
