[2023-01-16T08:49:27.185+0000] {taskinstance.py:1087} INFO - Dependencies all met for <TaskInstance: our_first_dag_v5.first_task scheduled__2021-10-01T00:00:00+00:00 [queued]>
[2023-01-16T08:49:27.195+0000] {taskinstance.py:1087} INFO - Dependencies all met for <TaskInstance: our_first_dag_v5.first_task scheduled__2021-10-01T00:00:00+00:00 [queued]>
[2023-01-16T08:49:27.195+0000] {taskinstance.py:1283} INFO - 
--------------------------------------------------------------------------------
[2023-01-16T08:49:27.196+0000] {taskinstance.py:1284} INFO - Starting attempt 1 of 6
[2023-01-16T08:49:27.196+0000] {taskinstance.py:1285} INFO - 
--------------------------------------------------------------------------------
[2023-01-16T08:49:27.630+0000] {taskinstance.py:1304} INFO - Executing <Task(BashOperator): first_task> on 2021-10-01 00:00:00+00:00
[2023-01-16T08:49:27.635+0000] {standard_task_runner.py:55} INFO - Started process 2664 to run task
[2023-01-16T08:49:27.649+0000] {standard_task_runner.py:82} INFO - Running: ['***', 'tasks', 'run', 'our_first_dag_v5', 'first_task', 'scheduled__2021-10-01T00:00:00+00:00', '--job-id', '188', '--raw', '--subdir', 'DAGS_FOLDER/our_first_dag.py', '--cfg-path', '/tmp/tmp_73vuzcj']
[2023-01-16T08:49:27.650+0000] {standard_task_runner.py:83} INFO - Job 188: Subtask first_task
[2023-01-16T08:49:28.086+0000] {task_command.py:389} INFO - Running <TaskInstance: our_first_dag_v5.first_task scheduled__2021-10-01T00:00:00+00:00 [running]> on host c7f1bfaaf748
[2023-01-16T08:49:29.501+0000] {taskinstance.py:1513} INFO - Exporting the following env vars:
AIRFLOW_CTX_DAG_OWNER=coder2j
AIRFLOW_CTX_DAG_ID=our_first_dag_v5
AIRFLOW_CTX_TASK_ID=first_task
AIRFLOW_CTX_EXECUTION_DATE=2021-10-01T00:00:00+00:00
AIRFLOW_CTX_TRY_NUMBER=1
AIRFLOW_CTX_DAG_RUN_ID=scheduled__2021-10-01T00:00:00+00:00
[2023-01-16T08:49:29.503+0000] {subprocess.py:63} INFO - Tmp dir root location: 
 /tmp
[2023-01-16T08:49:30.219+0000] {subprocess.py:75} INFO - Running command: ['/bin/bash', '-c', 'echo hello world, this is the first task!']
[2023-01-16T08:49:30.229+0000] {subprocess.py:86} INFO - Output:
[2023-01-16T08:49:30.232+0000] {subprocess.py:93} INFO - hello world, this is the first task!
[2023-01-16T08:49:30.234+0000] {subprocess.py:97} INFO - Command exited with return code 0
[2023-01-16T08:49:30.813+0000] {taskinstance.py:1327} INFO - Marking task as SUCCESS. dag_id=our_first_dag_v5, task_id=first_task, execution_date=20211001T000000, start_date=20230116T084927, end_date=20230116T084930
[2023-01-16T08:49:31.318+0000] {local_task_job.py:159} INFO - Task exited with return code 0
[2023-01-16T08:49:31.343+0000] {taskinstance.py:2582} INFO - 2 downstream tasks scheduled from follow-on schedule check
