[2023-01-16T07:38:27.714+0000] {taskinstance.py:1087} INFO - Dependencies all met for <TaskInstance: example_bash_operator.runme_1 scheduled__2023-01-15T00:00:00+00:00 [queued]>
[2023-01-16T07:38:28.410+0000] {taskinstance.py:1087} INFO - Dependencies all met for <TaskInstance: example_bash_operator.runme_1 scheduled__2023-01-15T00:00:00+00:00 [queued]>
[2023-01-16T07:38:28.412+0000] {taskinstance.py:1283} INFO - 
--------------------------------------------------------------------------------
[2023-01-16T07:38:28.414+0000] {taskinstance.py:1284} INFO - Starting attempt 1 of 1
[2023-01-16T07:38:28.415+0000] {taskinstance.py:1285} INFO - 
--------------------------------------------------------------------------------
[2023-01-16T07:38:29.300+0000] {taskinstance.py:1304} INFO - Executing <Task(BashOperator): runme_1> on 2023-01-15 00:00:00+00:00
[2023-01-16T07:38:29.960+0000] {standard_task_runner.py:55} INFO - Started process 2919 to run task
[2023-01-16T07:38:29.633+0000] {standard_task_runner.py:82} INFO - Running: ['***', 'tasks', 'run', 'example_bash_operator', 'runme_1', 'scheduled__2023-01-15T00:00:00+00:00', '--job-id', '37', '--raw', '--subdir', '/home/***/.local/lib/python3.7/site-packages/***/example_dags/example_bash_operator.py', '--cfg-path', '/tmp/tmpf0mbxoi7']
[2023-01-16T07:38:30.056+0000] {standard_task_runner.py:83} INFO - Job 37: Subtask runme_1
[2023-01-16T07:38:36.581+0000] {task_command.py:389} INFO - Running <TaskInstance: example_bash_operator.runme_1 scheduled__2023-01-15T00:00:00+00:00 [running]> on host 900ee67ddf25
[2023-01-16T07:38:37.283+0000] {taskinstance.py:1513} INFO - Exporting the following env vars:
AIRFLOW_CTX_DAG_OWNER=***
AIRFLOW_CTX_DAG_ID=example_bash_operator
AIRFLOW_CTX_TASK_ID=runme_1
AIRFLOW_CTX_EXECUTION_DATE=2023-01-15T00:00:00+00:00
AIRFLOW_CTX_TRY_NUMBER=1
AIRFLOW_CTX_DAG_RUN_ID=scheduled__2023-01-15T00:00:00+00:00
[2023-01-16T07:38:37.400+0000] {subprocess.py:63} INFO - Tmp dir root location: 
 /tmp
[2023-01-16T07:38:37.404+0000] {subprocess.py:75} INFO - Running command: ['/bin/bash', '-c', 'echo "example_bash_operator__runme_1__20230115" && sleep 1']
[2023-01-16T07:38:37.469+0000] {subprocess.py:86} INFO - Output:
[2023-01-16T07:38:37.476+0000] {subprocess.py:93} INFO - example_bash_operator__runme_1__20230115
[2023-01-16T07:38:38.475+0000] {subprocess.py:97} INFO - Command exited with return code 0
[2023-01-16T07:38:38.886+0000] {taskinstance.py:1327} INFO - Marking task as SUCCESS. dag_id=example_bash_operator, task_id=runme_1, execution_date=20230115T000000, start_date=20230116T073828, end_date=20230116T073838
[2023-01-16T07:38:39.278+0000] {local_task_job.py:159} INFO - Task exited with return code 0
[2023-01-16T07:38:40.325+0000] {taskinstance.py:2582} INFO - 0 downstream tasks scheduled from follow-on schedule check
