[2023-01-16T08:47:06.726+0000] {taskinstance.py:1087} INFO - Dependencies all met for <TaskInstance: our_first_dag_v5.thrid_task scheduled__2021-08-24T00:00:00+00:00 [queued]>
[2023-01-16T08:47:06.735+0000] {taskinstance.py:1087} INFO - Dependencies all met for <TaskInstance: our_first_dag_v5.thrid_task scheduled__2021-08-24T00:00:00+00:00 [queued]>
[2023-01-16T08:47:06.736+0000] {taskinstance.py:1283} INFO - 
--------------------------------------------------------------------------------
[2023-01-16T08:47:06.736+0000] {taskinstance.py:1284} INFO - Starting attempt 1 of 6
[2023-01-16T08:47:06.737+0000] {taskinstance.py:1285} INFO - 
--------------------------------------------------------------------------------
[2023-01-16T08:47:06.916+0000] {taskinstance.py:1304} INFO - Executing <Task(BashOperator): thrid_task> on 2021-08-24 00:00:00+00:00
[2023-01-16T08:47:06.941+0000] {standard_task_runner.py:55} INFO - Started process 2172 to run task
[2023-01-16T08:47:06.944+0000] {standard_task_runner.py:82} INFO - Running: ['***', 'tasks', 'run', 'our_first_dag_v5', 'thrid_task', 'scheduled__2021-08-24T00:00:00+00:00', '--job-id', '82', '--raw', '--subdir', 'DAGS_FOLDER/our_first_dag.py', '--cfg-path', '/tmp/tmp1ilt1x0l']
[2023-01-16T08:47:06.947+0000] {standard_task_runner.py:83} INFO - Job 82: Subtask thrid_task
[2023-01-16T08:47:07.272+0000] {task_command.py:389} INFO - Running <TaskInstance: our_first_dag_v5.thrid_task scheduled__2021-08-24T00:00:00+00:00 [running]> on host c7f1bfaaf748
[2023-01-16T08:47:08.105+0000] {taskinstance.py:1513} INFO - Exporting the following env vars:
AIRFLOW_CTX_DAG_OWNER=coder2j
AIRFLOW_CTX_DAG_ID=our_first_dag_v5
AIRFLOW_CTX_TASK_ID=thrid_task
AIRFLOW_CTX_EXECUTION_DATE=2021-08-24T00:00:00+00:00
AIRFLOW_CTX_TRY_NUMBER=1
AIRFLOW_CTX_DAG_RUN_ID=scheduled__2021-08-24T00:00:00+00:00
[2023-01-16T08:47:08.106+0000] {subprocess.py:63} INFO - Tmp dir root location: 
 /tmp
[2023-01-16T08:47:08.107+0000] {subprocess.py:75} INFO - Running command: ['/bin/bash', '-c', 'echo hey, I am task3 and will be running after task1 at the same time as task2!']
[2023-01-16T08:47:08.115+0000] {subprocess.py:86} INFO - Output:
[2023-01-16T08:47:08.116+0000] {subprocess.py:93} INFO - hey, I am task3 and will be running after task1 at the same time as task2!
[2023-01-16T08:47:08.117+0000] {subprocess.py:97} INFO - Command exited with return code 0
[2023-01-16T08:47:08.571+0000] {taskinstance.py:1327} INFO - Marking task as SUCCESS. dag_id=our_first_dag_v5, task_id=thrid_task, execution_date=20210824T000000, start_date=20230116T084706, end_date=20230116T084708
[2023-01-16T08:47:08.925+0000] {local_task_job.py:159} INFO - Task exited with return code 0
[2023-01-16T08:47:08.943+0000] {taskinstance.py:2582} INFO - 0 downstream tasks scheduled from follow-on schedule check
