[2023-01-16T08:46:37.335+0000] {taskinstance.py:1087} INFO - Dependencies all met for <TaskInstance: our_first_dag_v5.second_task scheduled__2021-08-17T00:00:00+00:00 [queued]>
[2023-01-16T08:46:37.345+0000] {taskinstance.py:1087} INFO - Dependencies all met for <TaskInstance: our_first_dag_v5.second_task scheduled__2021-08-17T00:00:00+00:00 [queued]>
[2023-01-16T08:46:37.346+0000] {taskinstance.py:1283} INFO - 
--------------------------------------------------------------------------------
[2023-01-16T08:46:37.346+0000] {taskinstance.py:1284} INFO - Starting attempt 1 of 6
[2023-01-16T08:46:37.347+0000] {taskinstance.py:1285} INFO - 
--------------------------------------------------------------------------------
[2023-01-16T08:46:37.596+0000] {taskinstance.py:1304} INFO - Executing <Task(BashOperator): second_task> on 2021-08-17 00:00:00+00:00
[2023-01-16T08:46:37.601+0000] {standard_task_runner.py:55} INFO - Started process 2078 to run task
[2023-01-16T08:46:37.605+0000] {standard_task_runner.py:82} INFO - Running: ['***', 'tasks', 'run', 'our_first_dag_v5', 'second_task', 'scheduled__2021-08-17T00:00:00+00:00', '--job-id', '60', '--raw', '--subdir', 'DAGS_FOLDER/our_first_dag.py', '--cfg-path', '/tmp/tmp4l6sl57d']
[2023-01-16T08:46:37.608+0000] {standard_task_runner.py:83} INFO - Job 60: Subtask second_task
[2023-01-16T08:46:37.880+0000] {task_command.py:389} INFO - Running <TaskInstance: our_first_dag_v5.second_task scheduled__2021-08-17T00:00:00+00:00 [running]> on host c7f1bfaaf748
[2023-01-16T08:46:41.425+0000] {taskinstance.py:1513} INFO - Exporting the following env vars:
AIRFLOW_CTX_DAG_OWNER=coder2j
AIRFLOW_CTX_DAG_ID=our_first_dag_v5
AIRFLOW_CTX_TASK_ID=second_task
AIRFLOW_CTX_EXECUTION_DATE=2021-08-17T00:00:00+00:00
AIRFLOW_CTX_TRY_NUMBER=1
AIRFLOW_CTX_DAG_RUN_ID=scheduled__2021-08-17T00:00:00+00:00
[2023-01-16T08:46:41.426+0000] {subprocess.py:63} INFO - Tmp dir root location: 
 /tmp
[2023-01-16T08:46:41.427+0000] {subprocess.py:75} INFO - Running command: ['/bin/bash', '-c', 'echo hey, I am task2 and will be running after task1!']
[2023-01-16T08:46:41.900+0000] {subprocess.py:86} INFO - Output:
[2023-01-16T08:46:41.901+0000] {subprocess.py:93} INFO - hey, I am task2 and will be running after task1!
[2023-01-16T08:46:41.902+0000] {subprocess.py:97} INFO - Command exited with return code 0
[2023-01-16T08:46:44.710+0000] {taskinstance.py:1327} INFO - Marking task as SUCCESS. dag_id=our_first_dag_v5, task_id=second_task, execution_date=20210817T000000, start_date=20230116T084637, end_date=20230116T084644
[2023-01-16T08:46:45.541+0000] {local_task_job.py:159} INFO - Task exited with return code 0
[2023-01-16T08:46:45.923+0000] {taskinstance.py:2582} INFO - 0 downstream tasks scheduled from follow-on schedule check
