[2023-01-16T08:45:44.924+0000] {taskinstance.py:1087} INFO - Dependencies all met for <TaskInstance: our_first_dag_v5.first_task scheduled__2021-08-04T00:00:00+00:00 [queued]>
[2023-01-16T08:45:44.960+0000] {taskinstance.py:1087} INFO - Dependencies all met for <TaskInstance: our_first_dag_v5.first_task scheduled__2021-08-04T00:00:00+00:00 [queued]>
[2023-01-16T08:45:44.961+0000] {taskinstance.py:1283} INFO - 
--------------------------------------------------------------------------------
[2023-01-16T08:45:44.961+0000] {taskinstance.py:1284} INFO - Starting attempt 1 of 6
[2023-01-16T08:45:44.962+0000] {taskinstance.py:1285} INFO - 
--------------------------------------------------------------------------------
[2023-01-16T08:45:45.678+0000] {taskinstance.py:1304} INFO - Executing <Task(BashOperator): first_task> on 2021-08-04 00:00:00+00:00
[2023-01-16T08:45:45.692+0000] {standard_task_runner.py:55} INFO - Started process 1899 to run task
[2023-01-16T08:45:45.713+0000] {standard_task_runner.py:82} INFO - Running: ['***', 'tasks', 'run', 'our_first_dag_v5', 'first_task', 'scheduled__2021-08-04T00:00:00+00:00', '--job-id', '14', '--raw', '--subdir', 'DAGS_FOLDER/our_first_dag.py', '--cfg-path', '/tmp/tmpbodc6ni4']
[2023-01-16T08:45:45.717+0000] {standard_task_runner.py:83} INFO - Job 14: Subtask first_task
[2023-01-16T08:45:45.980+0000] {task_command.py:389} INFO - Running <TaskInstance: our_first_dag_v5.first_task scheduled__2021-08-04T00:00:00+00:00 [running]> on host c7f1bfaaf748
[2023-01-16T08:46:07.237+0000] {taskinstance.py:1513} INFO - Exporting the following env vars:
AIRFLOW_CTX_DAG_OWNER=coder2j
AIRFLOW_CTX_DAG_ID=our_first_dag_v5
AIRFLOW_CTX_TASK_ID=first_task
AIRFLOW_CTX_EXECUTION_DATE=2021-08-04T00:00:00+00:00
AIRFLOW_CTX_TRY_NUMBER=1
AIRFLOW_CTX_DAG_RUN_ID=scheduled__2021-08-04T00:00:00+00:00
[2023-01-16T08:46:07.369+0000] {subprocess.py:63} INFO - Tmp dir root location: 
 /tmp
[2023-01-16T08:46:07.377+0000] {subprocess.py:75} INFO - Running command: ['/bin/bash', '-c', 'echo hello world, this is the first task!']
[2023-01-16T08:46:07.386+0000] {subprocess.py:86} INFO - Output:
[2023-01-16T08:46:07.397+0000] {subprocess.py:93} INFO - hello world, this is the first task!
[2023-01-16T08:46:07.401+0000] {subprocess.py:97} INFO - Command exited with return code 0
[2023-01-16T08:46:08.525+0000] {taskinstance.py:1327} INFO - Marking task as SUCCESS. dag_id=our_first_dag_v5, task_id=first_task, execution_date=20210804T000000, start_date=20230116T084544, end_date=20230116T084608
[2023-01-16T08:46:12.654+0000] {local_task_job.py:159} INFO - Task exited with return code 0
[2023-01-16T08:46:13.761+0000] {taskinstance.py:2582} INFO - 2 downstream tasks scheduled from follow-on schedule check
