[2023-01-16T08:46:27.047+0000] {taskinstance.py:1087} INFO - Dependencies all met for <TaskInstance: our_first_dag_v5.first_task scheduled__2021-08-13T00:00:00+00:00 [queued]>
[2023-01-16T08:46:27.060+0000] {taskinstance.py:1087} INFO - Dependencies all met for <TaskInstance: our_first_dag_v5.first_task scheduled__2021-08-13T00:00:00+00:00 [queued]>
[2023-01-16T08:46:27.060+0000] {taskinstance.py:1283} INFO - 
--------------------------------------------------------------------------------
[2023-01-16T08:46:27.061+0000] {taskinstance.py:1284} INFO - Starting attempt 1 of 6
[2023-01-16T08:46:27.061+0000] {taskinstance.py:1285} INFO - 
--------------------------------------------------------------------------------
[2023-01-16T08:46:27.324+0000] {taskinstance.py:1304} INFO - Executing <Task(BashOperator): first_task> on 2021-08-13 00:00:00+00:00
[2023-01-16T08:46:27.330+0000] {standard_task_runner.py:55} INFO - Started process 2010 to run task
[2023-01-16T08:46:27.333+0000] {standard_task_runner.py:82} INFO - Running: ['***', 'tasks', 'run', 'our_first_dag_v5', 'first_task', 'scheduled__2021-08-13T00:00:00+00:00', '--job-id', '39', '--raw', '--subdir', 'DAGS_FOLDER/our_first_dag.py', '--cfg-path', '/tmp/tmprj9c2mr8']
[2023-01-16T08:46:27.336+0000] {standard_task_runner.py:83} INFO - Job 39: Subtask first_task
[2023-01-16T08:46:27.537+0000] {task_command.py:389} INFO - Running <TaskInstance: our_first_dag_v5.first_task scheduled__2021-08-13T00:00:00+00:00 [running]> on host c7f1bfaaf748
[2023-01-16T08:46:27.889+0000] {taskinstance.py:1513} INFO - Exporting the following env vars:
AIRFLOW_CTX_DAG_OWNER=coder2j
AIRFLOW_CTX_DAG_ID=our_first_dag_v5
AIRFLOW_CTX_TASK_ID=first_task
AIRFLOW_CTX_EXECUTION_DATE=2021-08-13T00:00:00+00:00
AIRFLOW_CTX_TRY_NUMBER=1
AIRFLOW_CTX_DAG_RUN_ID=scheduled__2021-08-13T00:00:00+00:00
[2023-01-16T08:46:27.890+0000] {subprocess.py:63} INFO - Tmp dir root location: 
 /tmp
[2023-01-16T08:46:27.891+0000] {subprocess.py:75} INFO - Running command: ['/bin/bash', '-c', 'echo hello world, this is the first task!']
[2023-01-16T08:46:27.899+0000] {subprocess.py:86} INFO - Output:
[2023-01-16T08:46:27.901+0000] {subprocess.py:93} INFO - hello world, this is the first task!
[2023-01-16T08:46:27.901+0000] {subprocess.py:97} INFO - Command exited with return code 0
[2023-01-16T08:46:28.011+0000] {taskinstance.py:1327} INFO - Marking task as SUCCESS. dag_id=our_first_dag_v5, task_id=first_task, execution_date=20210813T000000, start_date=20230116T084627, end_date=20230116T084628
[2023-01-16T08:46:28.188+0000] {local_task_job.py:159} INFO - Task exited with return code 0
[2023-01-16T08:46:28.209+0000] {taskinstance.py:2582} INFO - 2 downstream tasks scheduled from follow-on schedule check
